running with Ivan deep learning work
num_workers: 4
Using device: cuda
Using version: 2.2.1

Device name: Tesla P100-PCIE-16GB
Total memory: 15.8992919921875 GB
Allocated memory: 0.0 GB
Cached memory: 0.0 GB
Task name: unet
Epoch 1/1
----------
[0, 76, 220] (166500,)
[0, 52, 220] (187500,)
[0, 75, 220] (166500,)
[0, 57, 133, 147, 220] (166500,)
[0, 38, 57, 113, 147, 220] (249500,)
[0, 128, 220] (166500,)
[0, 57, 128, 147, 220] (187500,)
[0, 15, 220] (187500,)
[0, 57, 220] (187500,)
[0, 38, 220] (166500,)
[0, 151, 220] (168000,)
[0, 38, 147, 220] (169000,)
[0, 19, 220] (166500,)
[0, 38, 147, 220] (140500,)
[0, 57, 133, 220] (187500,)
[0, 76, 220] (166500,)
[0, 38, 151, 220] (166500,)
[0, 34, 52, 220] (187500,)
[0, 90, 220] (187500,)
[0, 15, 220] (166500,)
[0, 72, 220] (187500,)
[0, 15, 220] (187500,)
[0, 34, 220] (206500,)
[0, 72, 220] (187500,)
[0, 19, 38, 220] (185500,)
[0, 113, 220] (188000,)
[0, 109, 147, 220] (166500,)
[0, 109, 220] (187500,)
[0, 75, 220] (187500,)
[0, 72, 220] (143000,)
[0, 38, 109, 147, 220] (187500,)
[0, 19, 128, 220] (166500,)
[0, 76, 220] (166500,)
[0, 75, 220] (166500,)
[0, 94, 220] (154500,)
[0, 128, 147, 220] (187500,)
[0, 109, 147, 220] (187500,)
[0, 72, 220] (169500,)
[0, 109, 220] (177500,)
[0, 128, 147, 220] (166500,)
[0, 38, 220] (187500,)
[0, 147, 220] (187500,)
[0, 72, 147, 220] (246500,)
[0, 76, 220] (166500,)
[0, 76, 147, 220] (187500,)
[0, 113, 220] (141000,)
[0, 15, 220] (187500,)
[0, 90, 147, 220] (170000,)
[0, 113, 220] (187500,)
[0, 147, 151, 220] (173500,)
[0, 75, 220] (187500,)
[0, 57, 147, 220] (192000,)
[0, 147, 220] (166500,)
[0, 52, 75, 220] (166500,)
[0, 113, 220] (167000,)
[0, 53, 147, 220] (188500,)
[0, 38, 220] (187500,)
[0, 38, 220] (166500,)
[0, 38, 220] (134000,)
[0, 57, 147, 220] (166000,)
[0, 38, 220] (159000,)
[0, 113, 220] (166500,)
[0, 38, 220] (243000,)
[0, 128, 220] (187500,)
[0, 109, 220] (166500,)
[0, 38, 57, 147, 220] (187000,)
[0, 113, 220] (187500,)
[0, 90, 147, 220] (221500,)
[0, 52, 220] (187500,)
[0, 34, 220] (189000,)
[0, 151, 220] (187500,)
[0, 38, 220] (187500,)
[0, 52, 220] (187500,)
[0, 15, 220] (187500,)
[0, 76, 220] (187500,)
[0, 151, 220] (146000,)
[0, 147, 220] (161000,)
[0, 57, 113, 220] (166500,)
[0, 113, 220] (187500,)
[0, 57, 113, 147, 220] (187500,)
[0, 52, 113, 147, 220] (187500,)
[0, 128, 220] (166000,)
[0, 72, 147, 220] (177500,)
[0, 19, 38, 220] (166500,)
[0, 57, 113, 133, 220] (187500,)
[0, 38, 220] (187500,)
[0, 38, 147, 220] (187500,)
[0, 72, 147, 220] (187500,)
[0, 94, 220] (187500,)
[0, 38, 220] (187500,)
[0, 19, 57, 220] (176500,)
[0, 76, 220] (167500,)
[0, 19, 220] (187500,)
[0, 94, 220] (166000,)
[0, 57, 220] (184512,)
[0, 15, 147, 220] (166000,)
[0, 109, 147, 220] (134500,)
[0, 15, 220] (187500,)
[0, 75, 147, 220] (167000,)
[0, 34, 220] (164500,)
[0, 147, 220] (187500,)
[0, 19, 220] (187500,)
[0, 57, 147, 220] (187500,)
[0, 19, 147, 220] (200000,)
[0, 128, 220] (187500,)
[0, 53, 72, 220] (166500,)
[0, 90, 128, 147, 220] (187500,)
[0, 90, 147, 220] (187500,)
[0, 38, 220] (166500,)
[0, 34, 220] (187500,)
[0, 38, 57, 113, 220] (187500,)
[0, 38, 57, 133, 220] (187500,)
[0, 128, 147, 220] (187500,)
[0, 94, 220] (198500,)
[0, 72, 220] (202000,)
[0, 19, 220] (158000,)
[0, 113, 220] (166000,)
[0, 113, 220] (158500,)
[0, 57, 133, 220] (250000,)
[0, 38, 220] (187500,)
[0, 76, 220] (187500,)
[0, 34, 113, 220] (187500,)
[0, 15, 220] (166500,)
[0, 76, 220] (248000,)
[0, 128, 220] (133056,)
[0, 147, 151, 220] (187500,)
[0, 34, 220] (130560,)
[0, 151, 220] (166500,)
[0, 109, 147, 220] (187500,)
[0, 52, 75, 147, 220] (187500,)
[0, 113, 220] (200500,)
[0, 38, 57, 133, 220] (166500,)
[0, 52, 220] (187500,)
[0, 147, 220] (76800,)
[0, 19, 52, 57, 220] (189000,)
[0, 52, 147, 220] (187500,)
[0, 90, 128, 220] (137000,)
[0, 72, 220] (187500,)
[0, 19, 220] (187500,)
[0, 90, 128, 220] (187500,)
[0, 57, 147, 220] (187500,)
[0, 109, 220] (187500,)
[0, 38, 220] (187500,)
[0, 76, 220] (206500,)
[0, 38, 220] (166000,)
[0, 53, 220] (200000,)
[0, 109, 147, 220] (167000,)
[0, 75, 220] (166500,)
[0, 15, 220] (167000,)
[0, 38, 220] (187500,)
[0, 34, 147, 220] (166500,)
[0, 151, 220] (166500,)
[0, 52, 57, 220] (187500,)
[0, 90, 220] (167000,)
[0, 19, 220] (184000,)
[0, 109, 128, 220] (200000,)
[0, 113, 147, 220] (188000,)
[0, 38, 57, 113, 133, 220] (187500,)
[0, 53, 57, 133, 147, 220] (166500,)
[0, 113, 220] (209500,)
[0, 15, 220] (187500,)
[0, 75, 90, 147, 220] (187500,)
[0, 72, 220] (163000,)
[0, 19, 220] (166500,)
[0, 113, 220] (187500,)
[0, 53, 133, 147, 220] (187500,)
[0, 76, 220] (177000,)
[0, 113, 220] (187500,)
[0, 38, 220] (166500,)
[0, 52, 220] (187500,)
[0, 76, 220] (148500,)
[0, 133, 147, 220] (200000,)
[0, 15, 128, 220] (200000,)
[0, 19, 38, 220] (250000,)
[0, 52, 147, 220] (187500,)
[0, 57, 147, 220] (166500,)
[0, 19, 220] (210000,)
[0, 128, 220] (187500,)
[0, 94, 220] (167000,)
[0, 113, 220] (166500,)
[0, 53, 147, 220] (187500,)
[0, 128, 220] (187500,)
[0, 94, 220] (166500,)
[0, 113, 220] (166500,)
[0, 19, 220] (187500,)
[0, 53, 147, 220] (187500,)
[0, 94, 220] (166500,)
[0, 34, 220] (192500,)
[0, 94, 220] (187500,)
[0, 72, 128, 147, 220] (167000,)
[0, 34, 113, 147, 220] (187500,)
[0, 38, 53, 57, 133, 147, 220] (187500,)
[0, 76, 220] (167500,)
[0, 52, 53, 220] (230000,)
[0, 113, 220] (166000,)
[0, 19, 113, 220] (166500,)
[0, 19, 220] (166500,)
[0, 76, 220] (187500,)
[0, 19, 220] (194000,)
[0, 52, 57, 147, 220] (187500,)
[0, 128, 220] (187500,)
[0, 113, 147, 220] (185500,)
[0, 34, 220] (207000,)
[0, 113, 220] (166500,)
[0, 34, 220] (166500,)
[0, 53, 220] (198000,)
[0, 52, 75, 113, 147, 220] (187500,)
[0, 133, 147, 220] (187500,)
[0, 113, 220] (166500,)
[0, 109, 220] (187500,)
[0, 147, 220] (199000,)
[0, 72, 220] (166500,)
[0, 128, 147, 220] (80640,)
[0, 109, 147, 220] (171000,)
[0, 53, 220] (166500,)
[0, 151, 220] (166000,)
[0, 53, 76, 147, 220] (187500,)
[0, 15, 220] (187500,)
[0, 53, 147, 220] (187500,)
[0, 38, 57, 147, 220] (126650,)
[0, 38, 72, 147, 220] (166000,)
[0, 52, 220] (143000,)
[0, 72, 147, 220] (212640,)
[0, 38, 220] (187500,)
[0, 128, 220] (192500,)
[0, 128, 220] (187500,)
[0, 147, 220] (187500,)
[0, 52, 220] (187500,)
[0, 34, 52, 57, 113, 133, 220] (166000,)
[0, 90, 128, 220] (187500,)
[0, 113, 220] (166000,)
[0, 76, 220] (187500,)
[19, 220] (187500,)
[0, 90, 147, 220] (187500,)
[0, 38, 220] (166500,)
[0, 72, 220] (187500,)
[0, 53, 220] (166500,)
[0, 113, 220] (154000,)
[0, 76, 128, 147, 220] (187500,)
[0, 19, 220] (234500,)
[0, 72, 220] (187500,)
[0, 15, 220] (166500,)
[0, 151, 220] (187500,)
[0, 19, 220] (166500,)
[0, 38, 220] (168500,)
[0, 147, 220] (166500,)
[0, 52, 57, 113, 133, 147, 220] (166500,)
[0, 19, 220] (187500,)
[0, 34, 220] (166500,)
[0, 19, 220] (173000,)
[0, 52, 220] (187500,)
[0, 113, 220] (187500,)
[0, 94, 220] (187500,)
[0, 38, 220] (139000,)
[0, 38, 52, 147, 220] (141500,)
[0, 151, 220] (187500,)
[0, 109, 220] (187500,)
[0, 151, 220] (177000,)
[0, 52, 75, 220] (150528,)
[0, 52, 75, 220] (187500,)
[0, 147, 220] (187500,)
[0, 151, 220] (187500,)
[0, 128, 220] (166500,)
[0, 52, 57, 220] (187500,)
[0, 15, 113, 220] (151500,)
[0, 34, 220] (166500,)
[0, 90, 147, 220] (156000,)
[0, 109, 220] (187500,)
[0, 113, 220] (187500,)
[0, 113, 220] (166500,)
[0, 109, 147, 220] (166500,)
[0, 38, 220] (187500,)
[0, 38, 147, 220] (187500,)
[0, 113, 220] (200000,)
[0, 72, 147, 220] (71680,)
[0, 147, 220] (166500,)
[0, 52, 53, 57, 220] (187500,)
[0, 113, 220] (187500,)
[0, 34, 38, 220] (166500,)
[0, 94, 113, 220] (192000,)
[0, 151, 220] (167000,)
[0, 94, 128, 147, 220] (157000,)
[0, 113, 147, 220] (187500,)
[0, 34, 220] (187500,)
[0, 75, 147, 220] (187500,)
[0, 128, 220] (166500,)
[0, 75, 128, 220] (166500,)
[0, 53, 147, 220] (187500,)
[0, 38, 220] (166000,)
[0, 94, 147, 220] (187500,)
[0, 133, 147, 220] (187500,)
[0, 151, 220] (187500,)
[0, 19, 220] (187500,)
[0, 147, 220] (187500,)
[0, 38, 57, 113, 220] (187500,)
[0, 113, 220] (163500,)
[0, 53, 220] (187500,)
[0, 94, 220] (187500,)
[0, 76, 220] (163500,)
[0, 57, 133, 220] (187500,)
[0, 90, 220] (187500,)
[0, 57, 220] (188000,)
[0, 151, 220] (244000,)
[0, 147, 220] (167000,)
[0, 94, 220] (187500,)
[0, 52, 53, 220] (166500,)
[0, 38, 220] (187500,)
[0, 38, 220] (200000,)
[0, 94, 220] (163000,)
[0, 147, 220] (163000,)
[0, 72, 220] (86625,)
[0, 113, 220] (167000,)
[0, 94, 220] (187500,)
[0, 109, 220] (167500,)
[0, 19, 220] (185000,)
[0, 128, 147, 220] (187500,)
[0, 75, 147, 220] (164000,)
[0, 109, 147, 220] (187500,)
[0, 151, 220] (154000,)
[0, 57, 113, 133, 220] (187500,)
[0, 34, 147, 220] (166500,)
[0, 19, 220] (187500,)
[0, 151, 220] (187500,)
[0, 128, 220] (166500,)
[0, 34, 220] (187500,)
[0, 19, 220] (166500,)
[0, 38, 220] (166500,)
[0, 151, 220] (187500,)
[0, 38, 220] (166500,)
[0, 133, 147, 220] (166500,)
[0, 57, 113, 220] (187500,)
[0, 53, 133, 147, 220] (187500,)
[0, 151, 220] (187500,)
[0, 147, 151, 220] (172500,)
[0, 151, 220] (188000,)
[0, 94, 220] (187500,)
[0, 147, 220] (166500,)
[0, 109, 147, 220] (166500,)
[0, 147, 220] (187500,)
[0, 52, 220] (187500,)
[0, 57, 220] (166500,)
[0, 34, 220] (165000,)
[0, 38, 220] (167500,)
[0, 90, 220] (187500,)
[0, 128, 220] (187500,)
[0, 15, 220] (187500,)
[0, 19, 57, 220] (92050,)
[0, 76, 220] (187500,)
[0, 53, 57, 133, 220] (188000,)
[0, 113, 220] (187500,)
[0, 38, 220] (187500,)
[0, 76, 113, 147, 220] (187500,)
[0, 53, 220] (187500,)
[0, 52, 220] (166500,)
[19, 220] (166000,)
[0, 53, 133, 147, 220] (187500,)
[0, 128, 220] (187500,)
[0, 19, 220] (167000,)
[0, 113, 220] (187500,)
[0, 15, 220] (167500,)
[0, 38, 109, 220] (187500,)
[0, 15, 147, 220] (187500,)
[0, 94, 147, 220] (187500,)
[0, 53, 147, 220] (187500,)
[0, 34, 128, 147, 220] (187500,)
[0, 53, 147, 220] (187500,)
[0, 72, 220] (187500,)
[0, 57, 133, 220] (187500,)
[0, 19, 220] (166500,)
[0, 57, 133, 220] (187500,)
[0, 147, 220] (67500,)
[0, 151, 220] (166500,)
[0, 38, 147, 220] (187500,)
[0, 76, 220] (166500,)
[0, 53, 220] (187500,)
[0, 113, 220] (169000,)
[0, 19, 220] (165500,)
[0, 72, 220] (187500,)
[0, 151, 220] (188000,)
[0, 15, 220] (188500,)
[0, 151, 220] (187500,)
[0, 147, 220] (187500,)
[0, 53, 109, 147, 220] (187500,)
[0, 109, 220] (187500,)
[0, 19, 38, 220] (166500,)
[0, 113, 220] (166500,)
[0, 113, 147, 220] (80196,)
[0, 76, 220] (234500,)
[0, 151, 220] (169500,)
[0, 57, 113, 133, 220] (166500,)
[0, 34, 76, 147, 220] (187500,)
[0, 38, 220] (187500,)
[0, 34, 147, 220] (188000,)
[0, 53, 57, 113, 220] (187500,)
[0, 34, 220] (57568,)
[0, 151, 220] (166500,)
[0, 19, 220] (167000,)
[0, 15, 220] (170500,)
[0, 113, 220] (187500,)
[0, 147, 151, 220] (170500,)
[0, 52, 147, 220] (187500,)
[0, 34, 220] (166500,)
[0, 151, 220] (166500,)
[0, 53, 57, 133, 147, 220] (187500,)
[0, 90, 220] (166500,)
[0, 133, 147, 220] (187500,)
[0, 38, 220] (187500,)
[0, 57, 133, 220] (187000,)
[0, 94, 220] (178500,)
[0, 34, 147, 220] (97200,)
[0, 75, 220] (187000,)
[0, 34, 57, 220] (193000,)
[0, 15, 128, 147, 220] (187500,)
[0, 52, 147, 220] (187500,)
[0, 90, 220] (187500,)
[0, 72, 147, 220] (187500,)
[0, 76, 220] (187500,)
[0, 38, 147, 220] (167000,)
[0, 128, 220] (150000,)
[0, 109, 147, 220] (166000,)
[0, 76, 220] (187500,)
[0, 57, 147, 220] (187500,)
[0, 15, 220] (187500,)
[0, 94, 220] (187500,)
[0, 90, 220] (187500,)
[0, 128, 147, 220] (166500,)
[0, 72, 220] (166500,)
[0, 75, 147, 151, 220] (187500,)
[0, 19, 52, 220] (187500,)
[0, 76, 220] (187500,)
[0, 113, 220] (187500,)
[0, 38, 220] (166500,)
[0, 128, 147, 220] (187500,)
[0, 57, 147, 220] (166500,)
[0, 128, 220] (187500,)
[0, 34, 220] (166500,)
[0, 19, 38, 53, 220] (187500,)
[0, 128, 220] (187500,)
[0, 113, 220] (234500,)
[0, 90, 220] (194500,)
[0, 15, 220] (187500,)
[0, 72, 220] (187500,)
[0, 38, 147, 220] (187500,)
[0, 72, 220] (166500,)
[0, 113, 220] (166500,)
[0, 57, 133, 220] (187500,)
[0, 113, 220] (187500,)
[0, 34, 220] (101376,)
[0, 113, 220] (175500,)
[0, 15, 220] (187500,)
[0, 151, 220] (187500,)
[0, 72, 147, 220] (187500,)
[0, 128, 147, 220] (166500,)
[0, 113, 220] (187500,)
[0, 38, 220] (187500,)
[0, 19, 220] (187500,)
[0, 94, 147, 220] (187500,)
[0, 128, 220] (187500,)
[0, 113, 220] (166500,)
[0, 113, 220] (173000,)
[0, 113, 220] (187500,)
[0, 34, 220] (187500,)
[0, 53, 220] (166500,)
[0, 57, 220] (187500,)
[0, 34, 220] (209500,)
[0, 109, 220] (166000,)
[0, 109, 128, 147, 220] (205500,)
[0, 113, 220] (187500,)
[0, 113, 147, 220] (101376,)
[0, 113, 220] (165500,)
[0, 19, 220] (166500,)
[0, 151, 220] (187500,)
[0, 38, 220] (166500,)
[0, 38, 220] (86400,)
[0, 34, 220] (193500,)
[0, 90, 220] (187500,)
[0, 147, 220] (187500,)
[0, 147, 151, 220] (187500,)
[0, 38, 220] (187500,)
[0, 15, 220] (187500,)
[0, 128, 220] (187500,)
[0, 90, 220] (187500,)
[0, 113, 147, 220] (187500,)
[0, 15, 220] (167000,)
[0, 113, 220] (162500,)
[0, 34, 220] (187500,)
[0, 19, 220] (166500,)
[0, 15, 220] (166500,)
[0, 19, 57, 220] (187500,)
[0, 72, 220] (166500,)
[0, 90, 220] (187500,)
[0, 38, 220] (187500,)
[0, 72, 220] (178500,)
[0, 90, 128, 147, 220] (163000,)
[0, 128, 220] (187500,)
[0, 57, 147, 220] (187500,)
[0, 147, 220] (166500,)
[0, 38, 113, 220] (187500,)
[0, 76, 220] (200000,)
[0, 72, 147, 220] (166000,)
[0, 151, 220] (166000,)
[0, 147, 220] (187500,)
[0, 19, 220] (189500,)
[0, 128, 220] (112000,)
[0, 90, 220] (187500,)
[0, 38, 220] (167000,)
[0, 147, 220] (165000,)
[0, 57, 133, 220] (187500,)
[0, 34, 220] (187500,)
[0, 94, 147, 220] (187500,)
[0, 15, 147, 220] (166500,)
[0, 76, 220] (187500,)
[0, 75, 220] (187500,)
[0, 151, 220] (166500,)
[0, 128, 220] (187500,)
[0, 19, 53, 133, 147, 220] (187500,)
[0, 94, 220] (187500,)
[0, 38, 220] (187500,)
[0, 38, 220] (228484,)
[0, 15, 220] (187500,)
[0, 76, 220] (187500,)
[0, 15, 220] (168000,)
[0, 109, 220] (189500,)
[0, 34, 220] (187500,)
[0, 19, 220] (180000,)
[0, 94, 220] (166000,)
[0, 38, 220] (166500,)
[0, 34, 220] (187500,)
[0, 90, 128, 220] (187500,)
[0, 128, 147, 220] (187500,)
[0, 57, 133, 147, 220] (186500,)
[0, 15, 220] (159000,)
[0, 38, 220] (191000,)
[0, 113, 147, 220] (166500,)
[0, 151, 220] (187000,)
[0, 151, 220] (166500,)
[0, 109, 220] (187500,)
[0, 38, 220] (166500,)
[0, 151, 220] (221000,)
[0, 53, 147, 220] (187000,)
[0, 38, 147, 220] (175000,)
[0, 147, 220] (187500,)
[0, 109, 147, 220] (195750,)
[0, 34, 220] (187500,)
[0, 19, 34, 220] (187500,)
[0, 53, 220] (187500,)
[0, 109, 220] (236500,)
[0, 34, 220] (187500,)
[0, 53, 220] (187500,)
[0, 38, 57, 113, 220] (187500,)
[0, 128, 147, 220] (187500,)
[0, 52, 53, 57, 133, 220] (187500,)
[0, 151, 220] (163500,)
[0, 34, 57, 147, 220] (187500,)
[0, 38, 75, 220] (182000,)
[0, 38, 220] (167000,)
[0, 38, 147, 220] (84096,)
[0, 15, 220] (187500,)
[0, 57, 133, 147, 220] (187500,)
[0, 15, 113, 147, 220] (96302,)
[0, 151, 220] (187500,)
[0, 75, 220] (187500,)
[0, 90, 220] (187500,)
[0, 109, 220] (187500,)
[0, 38, 220] (160500,)
[0, 53, 220] (166500,)
[0, 76, 220] (187500,)
[0, 90, 147, 151, 220] (168500,)
[0, 109, 220] (187500,)
[0, 53, 57, 133, 147, 220] (166500,)
[0, 38, 57, 220] (167000,)
[0, 34, 57, 220] (187500,)
[0, 128, 220] (206000,)
[0, 113, 220] (169000,)
[0, 133, 220] (166500,)
[0, 57, 133, 220] (187500,)
[0, 109, 220] (187500,)
[0, 52, 220] (187500,)
[0, 52, 220] (187500,)
[0, 75, 128, 147, 220] (187500,)
[0, 94, 220] (187500,)
[0, 15, 220] (199500,)
[0, 109, 220] (166500,)
[0, 151, 220] (166500,)
[0, 15, 220] (187500,)
[0, 75, 147, 220] (166500,)
[0, 113, 147, 220] (140500,)
[0, 75, 147, 220] (187500,)
[0, 19, 220] (187500,)
[0, 76, 220] (187500,)
[0, 19, 220] (187500,)
[0, 52, 147, 220] (187500,)
[0, 147, 151, 220] (187500,)
[0, 19, 220] (187500,)
[0, 72, 147, 220] (166000,)
[0, 76, 220] (166500,)
[0, 38, 220] (166500,)
[0, 128, 220] (106800,)
[0, 90, 147, 220] (187500,)
[0, 19, 52, 133, 220] (187500,)
[0, 128, 220] (175000,)
[0, 113, 147, 220] (166000,)
[0, 34, 220] (187500,)
[0, 57, 220] (187500,)
[0, 90, 220] (169000,)
[0, 109, 147, 220] (166500,)
[0, 113, 220] (166000,)
[0, 113, 220] (167000,)
[0, 53, 75, 147, 220] (158500,)
[0, 38, 147, 220] (167000,)
[0, 147, 220] (166500,)
[0, 109, 220] (187500,)
[0, 113, 220] (187500,)
[0, 15, 220] (220000,)
[0, 38, 57, 113, 220] (187500,)
[0, 75, 147, 220] (166500,)
[0, 90, 147, 220] (187500,)
[0, 113, 220] (187500,)
[0, 19, 220] (166500,)
[0, 94, 147, 220] (187500,)
[0, 113, 220] (188000,)
[0, 151, 220] (187500,)
[0, 19, 220] (120000,)
[0, 19, 220] (213000,)
[0, 15, 147, 220] (187500,)
[0, 38, 220] (166500,)
[0, 75, 220] (187500,)
[0, 38, 57, 220] (187500,)
[0, 109, 220] (187500,)
[0, 57, 220] (187500,)
[0, 147, 220] (187500,)
[0, 38, 220] (187500,)
[0, 19, 220] (166500,)
[0, 133, 147, 220] (187500,)
[0, 53, 220] (163500,)
[0, 15, 113, 147, 220] (187500,)
[0, 15, 147, 220] (187500,)
[0, 75, 220] (187500,)
[0, 147, 151, 220] (187500,)
[0, 72, 76, 220] (166500,)
[0, 109, 220] (167000,)
[0, 76, 220] (165000,)
[0, 34, 147, 220] (187500,)
[0, 128, 220] (185000,)
[0, 38, 220] (178000,)
[0, 19, 220] (219000,)
[0, 19, 220] (230000,)
[0, 15, 220] (187500,)
[0, 76, 220] (215000,)
[0, 90, 147, 220] (187500,)
[0, 90, 220] (187500,)
[0, 151, 220] (187500,)
[0, 76, 220] (164000,)
[0, 38, 220] (167000,)
[0, 151, 220] (187500,)
[0, 19, 220] (187500,)
[0, 38, 57, 113, 133, 220] (187500,)
[0, 52, 57, 220] (187500,)
[0, 57, 133, 220] (193500,)
[0, 109, 128, 147, 220] (166000,)
[0, 113, 220] (169000,)
[0, 19, 220] (166500,)
[0, 128, 220] (166500,)
[0, 147, 220] (187500,)
[0, 34, 220] (187500,)
[0, 76, 220] (187500,)
[0, 34, 147, 220] (187500,)
[0, 90, 128, 220] (187500,)
[0, 52, 57, 220] (187500,)
[0, 109, 220] (187500,)
[0, 38, 220] (167500,)
[0, 38, 220] (172000,)
[0, 15, 220] (166500,)
[0, 90, 147, 220] (112000,)
[0, 52, 57, 220] (187500,)
[0, 113, 220] (249500,)
[0, 113, 220] (164500,)
[0, 113, 220] (160500,)
[0, 52, 57, 147, 220] (187500,)
[0, 76, 220] (187500,)
[0, 19, 220] (187500,)
[0, 75, 128, 147, 220] (187500,)
[0, 38, 147, 220] (187500,)
[0, 34, 220] (187500,)
[0, 19, 113, 220] (148500,)
[0, 15, 220] (166500,)
[0, 90, 128, 147, 220] (166000,)
[0, 34, 147, 220] (166000,)
[0, 147, 220] (167000,)
[0, 109, 147, 220] (166500,)
[0, 147, 151, 220] (166000,)
[0, 57, 220] (187500,)
[0, 52, 220] (187500,)
[0, 72, 220] (159840,)
[0, 76, 220] (166500,)
[0, 34, 220] (167000,)
[0, 94, 220] (181000,)
[0, 52, 220] (187500,)
[0, 19, 220] (120000,)
[0, 151, 220] (187500,)
[0, 109, 147, 220] (187500,)
[0, 34, 57, 147, 220] (201500,)
[0, 147, 220] (166500,)
[0, 151, 220] (187500,)
[0, 90, 220] (187500,)
[0, 109, 128, 220] (187500,)
[0, 113, 220] (118500,)
[0, 128, 220] (187500,)
[0, 94, 220] (166500,)
[0, 19, 220] (130000,)
[0, 90, 147, 220] (160500,)
[0, 57, 113, 147, 220] (166000,)
[0, 113, 220] (179500,)
[0, 19, 220] (155500,)
[0, 72, 147, 220] (167000,)
[0, 113, 220] (187000,)
[0, 94, 220] (167000,)
[0, 38, 72, 147, 220] (229000,)
[0, 113, 220] (187500,)
[0, 38, 220] (166500,)
[0, 128, 147, 220] (166500,)
[0, 38, 220] (127000,)
[0, 34, 220] (167000,)
[0, 90, 220] (187500,)
[0, 34, 220] (187500,)
[0, 19, 220] (137000,)
[0, 113, 220] (166500,)
[0, 57, 220] (187500,)
[0, 38, 220] (187500,)
[0, 38, 220] (167000,)
[0, 57, 147, 220] (163000,)
[0, 147, 220] (166500,)
[0, 90, 220] (163500,)
[0, 90, 128, 220] (176000,)
[0, 34, 113, 220] (166500,)
[0, 34, 220] (250000,)
[0, 53, 220] (166500,)
[0, 52, 147, 220] (187500,)
[0, 109, 147, 220] (187500,)
[0, 94, 220] (154500,)
[0, 151, 220] (187500,)
[0, 94, 147, 220] (166500,)
[0, 113, 220] (204000,)
[0, 52, 220] (187500,)
[0, 38, 53, 57, 147, 220] (187500,)
[0, 109, 220] (187500,)
[0, 133, 147, 220] (187500,)
[0, 34, 128, 220] (187500,)
[0, 34, 220] (187500,)
[0, 57, 133, 220] (167500,)
[0, 57, 220] (152100,)
[0, 147, 220] (187500,)
[0, 147, 151, 220] (187500,)
[0, 109, 147, 220] (166500,)
[0, 15, 128, 147, 220] (187500,)
[0, 19, 220] (187500,)
[0, 90, 147, 220] (166500,)
[0, 53, 220] (187500,)
[0, 94, 220] (172800,)
[0, 19, 220] (187500,)
[0, 113, 220] (166500,)
[0, 147, 220] (166500,)
[0, 38, 52, 113, 220] (187500,)
[0, 109, 147, 220] (166500,)
[0, 34, 147, 220] (163000,)
[0, 57, 147, 220] (187500,)
[0, 94, 220] (187500,)
[0, 19, 220] (187500,)
[0, 34, 220] (187500,)
[0, 75, 147, 220] (166500,)
[0, 34, 38, 220] (187500,)
[0, 57, 113, 147, 220] (187500,)
[0, 57, 113, 147, 220] (187500,)
[0, 75, 147, 220] (187500,)
[0, 34, 220] (187500,)
[0, 34, 220] (187500,)
[0, 38, 220] (186000,)
[0, 113, 220] (200000,)
[0, 19, 220] (166500,)
[0, 38, 220] (170000,)
[0, 113, 220] (210500,)
[0, 113, 220] (157000,)
[0, 52, 220] (199500,)
[0, 52, 220] (188500,)
[0, 38, 220] (187500,)
[0, 19, 220] (166000,)
[0, 94, 220] (187500,)
[0, 34, 220] (187500,)
[0, 128, 220] (166000,)
[0, 90, 147, 220] (152500,)
[0, 15, 128, 147, 220] (187500,)
[0, 38, 220] (166500,)
[0, 72, 220] (166500,)
[0, 34, 38, 113, 220] (166500,)
[0, 76, 147, 220] (187500,)
[0, 34, 220] (166000,)
[0, 133, 147, 220] (187500,)
[0, 57, 133, 147, 220] (187500,)
[0, 76, 220] (187500,)
[0, 38, 220] (112000,)
[0, 72, 220] (166500,)
[0, 94, 220] (186500,)
[0, 90, 128, 147, 220] (187500,)
[0, 113, 220] (194000,)
[0, 34, 220] (187500,)
[0, 19, 57, 220] (140500,)
[0, 38, 220] (168500,)
[0, 57, 147, 220] (187500,)
[0, 38, 220] (167000,)
[0, 75, 147, 220] (187500,)
[0, 113, 220] (217500,)
[0, 75, 147, 220] (166500,)
[0, 109, 147, 220] (187500,)
[0, 76, 220] (187500,)
[0, 151, 220] (166500,)
[0, 151, 220] (187500,)
[0, 53, 133, 220] (187500,)
[0, 75, 220] (187500,)
[0, 57, 133, 220] (187500,)
[0, 113, 220] (187500,)
[0, 113, 147, 220] (166500,)
[0, 90, 220] (166500,)
[0, 38, 220] (184500,)
[0, 57, 220] (187500,)
[0, 15, 220] (172000,)
[0, 128, 220] (120000,)
[0, 34, 220] (187500,)
[0, 113, 220] (250000,)
[0, 52, 57, 75, 113, 220] (187500,)
[0, 38, 220] (187500,)
[0, 57, 133, 220] (187500,)
[0, 147, 220] (153600,)
[0, 128, 220] (187500,)
[0, 57, 133, 147, 220] (187500,)
[0, 34, 147, 220] (229000,)
[0, 90, 128, 147, 220] (187500,)
[0, 53, 133, 147, 220] (187500,)
[0, 34, 220] (167000,)
[0, 34, 220] (187500,)
[0, 147, 220] (187500,)
[0, 90, 128, 220] (187500,)
[0, 147, 220] (221500,)
[0, 75, 128, 147, 220] (187500,)
[0, 128, 220] (169500,)
[0, 57, 128, 147, 220] (166500,)
[0, 75, 128, 220] (187000,)
[0, 113, 220] (112000,)
[0, 128, 147, 220] (119000,)
[0, 38, 220] (169000,)
[0, 34, 220] (187500,)
[0, 52, 53, 113, 147, 220] (167500,)
[0, 34, 57, 220] (187500,)
[0, 19, 220] (166500,)
[0, 52, 53, 57, 113, 220] (166500,)
[0, 94, 220] (169500,)
[0, 38, 220] (187500,)
[0, 53, 147, 220] (187500,)
[0, 75, 147, 220] (187500,)
[0, 34, 220] (231500,)
[0, 57, 113, 133, 220] (187500,)
[0, 34, 220] (139968,)
[0, 52, 220] (248500,)
[0, 34, 128, 220] (187500,)
[0, 19, 34, 220] (187500,)
[0, 57, 147, 220] (145000,)
[0, 128, 220] (164268,)
[0, 57, 147, 220] (187500,)
[0, 15, 220] (187500,)
[0, 34, 220] (166500,)
[0, 57, 133, 147, 220] (146250,)
[0, 109, 147, 220] (187500,)
[0, 90, 220] (187500,)
[0, 38, 220] (166500,)
[0, 38, 220] (187500,)
[0, 72, 220] (187500,)
[0, 147, 220] (187500,)
[0, 15, 147, 220] (164000,)
[0, 57, 220] (187500,)
[0, 38, 220] (187500,)
[0, 38, 220] (187500,)
[0, 19, 220] (249500,)
[0, 90, 220] (119500,)
[0, 151, 220] (200000,)
[0, 72, 94, 147, 220] (187500,)
[0, 19, 220] (166500,)
[0, 34, 113, 220] (166500,)
[0, 94, 147, 220] (187500,)
[0, 113, 220] (187500,)
[0, 15, 38, 57, 113, 220] (200000,)
[0, 109, 147, 220] (183500,)
[0, 57, 75, 113, 220] (202500,)
[0, 94, 220] (202500,)
[0, 147, 220] (187500,)
[0, 72, 220] (242500,)
[0, 53, 133, 147, 220] (187000,)
[0, 147, 220] (187500,)
[0, 19, 220] (187500,)
[0, 113, 220] (187500,)
[0, 90, 220] (187500,)
[0, 57, 133, 220] (205500,)
[0, 38, 220] (165000,)
[0, 113, 220] (187500,)
[0, 34, 113, 147, 220] (151000,)
[0, 38, 220] (120500,)
[0, 57, 72, 147, 220] (152640,)
[0, 75, 128, 147, 220] (178500,)
[0, 34, 220] (187500,)
[0, 38, 113, 220] (192000,)
[0, 94, 147, 220] (162000,)
[0, 19, 220] (194000,)
[0, 52, 53, 220] (187500,)
[0, 128, 147, 220] (187500,)
[0, 151, 220] (187500,)
[0, 113, 220] (187500,)
[0, 113, 220] (191500,)
[0, 34, 147, 220] (187500,)
[0, 151, 220] (167500,)
[0, 113, 220] (166500,)
[0, 90, 147, 220] (187500,)
[0, 53, 113, 220] (187500,)
[0, 133, 147, 220] (187500,)
[0, 109, 220] (187500,)
[0, 19, 52, 220] (166500,)
[0, 15, 220] (187500,)
[0, 113, 220] (195000,)
[0, 38, 220] (187500,)
[0, 15, 147, 220] (187500,)
[0, 113, 220] (187500,)
[0, 75, 147, 220] (166000,)
[0, 128, 220] (187500,)
[0, 76, 220] (166500,)
[0, 109, 147, 220] (187500,)
[0, 113, 220] (206500,)
[0, 76, 147, 220] (187500,)
[0, 52, 113, 220] (166500,)
[0, 151, 220] (187500,)
[0, 38, 147, 220] (187500,)
[0, 19, 220] (187500,)
[0, 53, 220] (151500,)
[0, 19, 220] (166500,)
[0, 94, 220] (185500,)
[0, 38, 220] (183000,)
[0, 147, 220] (187500,)
[0, 19, 220] (187500,)
[0, 38, 220] (186500,)
[0, 34, 220] (166500,)
[0, 52, 147, 220] (167000,)
[0, 113, 147, 220] (187500,)
[0, 34, 113, 220] (205440,)
[0, 94, 220] (166500,)
[0, 53, 220] (182500,)
[0, 38, 220] (166500,)
[0, 113, 220] (187500,)
[0, 34, 220] (166500,)
[0, 90, 128, 147, 220] (187500,)
[0, 113, 220] (178500,)
[0, 113, 220] (200000,)
[0, 57, 220] (187500,)
[0, 94, 220] (187500,)
[0, 147, 220] (166500,)
[0, 75, 147, 220] (166500,)
[0, 147, 220] (167000,)
[0, 34, 220] (187500,)
[0, 109, 220] (187500,)
[0, 19, 220] (110592,)
[0, 94, 220] (187500,)
[0, 128, 220] (187500,)
[0, 109, 220] (187500,)
[0, 151, 220] (187500,)
[0, 151, 220] (187500,)
[0, 19, 220] (187500,)
[0, 147, 220] (166500,)
[0, 15, 220] (187500,)
[0, 72, 147, 220] (187500,)
[0, 151, 220] (187500,)
[0, 113, 220] (166500,)
[0, 75, 128, 147, 220] (166500,)
[0, 75, 90, 147, 220] (187500,)
[0, 19, 220] (185000,)
[0, 53, 147, 220] (187500,)
[0, 34, 220] (167000,)
[0, 38, 147, 220] (187500,)
[0, 19, 220] (212000,)
[0, 53, 113, 147, 220] (187500,)
[0, 38, 220] (187500,)
[0, 34, 147, 220] (190500,)
[0, 113, 220] (187500,)
[0, 57, 133, 220] (166500,)
[0, 109, 147, 220] (166500,)
[0, 53, 220] (166500,)
[0, 57, 147, 220] (187500,)
[0, 147, 151, 220] (187500,)
[0, 38, 147, 220] (187500,)
[0, 128, 220] (187500,)
[0, 72, 220] (166500,)
[0, 113, 220] (187500,)
[0, 109, 147, 220] (187500,)
[0, 34, 57, 220] (187500,)
[0, 90, 128, 147, 220] (187500,)
[0, 53, 220] (187500,)
[0, 109, 220] (166000,)
[0, 34, 220] (187500,)
[0, 15, 220] (187500,)
[0, 19, 113, 220] (145500,)
[0, 19, 220] (187500,)
[0, 34, 220] (166000,)
[0, 52, 147, 220] (187500,)
[0, 109, 147, 220] (166500,)
[0, 128, 220] (187500,)
[0, 128, 220] (166500,)
[0, 128, 147, 220] (205500,)
[0, 128, 151, 220] (169000,)
[0, 34, 220] (187500,)
[0, 90, 128, 220] (165000,)
[0, 52, 57, 147, 220] (187500,)
[0, 113, 220] (190000,)
[0, 72, 220] (166500,)
[0, 113, 147, 220] (187500,)
[0, 52, 53, 57, 220] (187500,)
[0, 90, 128, 220] (166500,)
[0, 57, 220] (187500,)
[0, 57, 113, 220] (187500,)
[0, 76, 220] (166500,)
[0, 109, 147, 220] (187500,)
[0, 109, 220] (166500,)
[0, 109, 220] (194500,)
[0, 151, 220] (187500,)
[0, 34, 220] (187500,)
[0, 19, 220] (233000,)
[0, 113, 220] (192500,)
[0, 128, 147, 220] (166500,)
[0, 34, 113, 220] (187500,)
[0, 38, 220] (241000,)
[0, 19, 57, 220] (187500,)
[0, 113, 220] (250000,)
[0, 113, 220] (202500,)
[0, 128, 220] (166500,)
[0, 34, 220] (166000,)
[0, 109, 220] (187500,)
[0, 76, 220] (187500,)
[0, 15, 220] (187500,)
[0, 57, 113, 220] (250000,)
[0, 75, 220] (187500,)
[0, 76, 147, 220] (187500,)
[0, 38, 220] (187500,)
[0, 15, 220] (187500,)
[0, 90, 220] (165500,)
[0, 34, 57, 220] (187500,)
[0, 57, 220] (187500,)
[0, 57, 75, 220] (187500,)
[0, 133, 147, 220] (187500,)
[0, 34, 220] (247000,)
[0, 72, 220] (166500,)
[0, 38, 220] (166500,)
[0, 90, 128, 147, 220] (154500,)
[0, 38, 220] (166500,)
[0, 15, 94, 147, 220] (187500,)
[0, 34, 220] (187500,)
[0, 109, 147, 220] (167000,)
[0, 128, 220] (143424,)
[0, 15, 34, 220] (190000,)
[0, 38, 220] (187500,)
[0, 53, 75, 147, 220] (187500,)
[0, 72, 220] (154500,)
[0, 94, 220] (187500,)
[0, 57, 133, 220] (187500,)
[0, 147, 220] (149745,)
[0, 147, 220] (187500,)
[0, 94, 147, 220] (166500,)
[0, 90, 220] (214000,)
[0, 38, 220] (187000,)
[0, 76, 220] (166500,)
[0, 34, 220] (166500,)
[0, 34, 147, 220] (167000,)
[0, 19, 220] (189500,)
[0, 147, 151, 220] (169000,)
[0, 52, 220] (217500,)
[0, 128, 147, 220] (187500,)
[0, 52, 220] (187000,)
[0, 72, 220] (187000,)
[0, 76, 220] (166500,)
[0, 34, 220] (166500,)
[0, 53, 147, 220] (169000,)
[0, 72, 220] (194000,)
[0, 75, 147, 220] (187500,)
[0, 15, 147, 220] (184000,)
[0, 38, 220] (187500,)
[0, 38, 220] (187500,)
[0, 15, 220] (187500,)
[0, 94, 220] (187500,)
[0, 133, 147, 220] (97200,)
[0, 52, 220] (150528,)
[0, 53, 75, 147, 220] (187500,)
[0, 76, 220] (187500,)
[0, 147, 220] (187500,)
[0, 38, 220] (187500,)
[0, 34, 220] (187500,)
[0, 19, 220] (187500,)
[0, 147, 220] (187500,)
[0, 52, 113, 147, 220] (185000,)
[0, 38, 57, 220] (187500,)
[0, 34, 128, 147, 220] (187500,)
[0, 113, 220] (149366,)
[0, 53, 220] (187500,)
[0, 147, 220] (166000,)
[0, 113, 220] (194000,)
[0, 133, 220] (167000,)
[0, 53, 133, 147, 220] (185500,)
[0, 19, 220] (166500,)
[0, 38, 220] (188000,)
[0, 57, 133, 220] (163000,)
[0, 38, 220] (165000,)
[0, 53, 220] (175500,)
[0, 128, 147, 220] (187500,)
[0, 147, 220] (155500,)
[0, 34, 53, 147, 220] (187500,)
[0, 90, 220] (167500,)
[0, 19, 220] (187500,)
[0, 38, 53, 113, 147, 220] (187500,)
[0, 38, 220] (189000,)
[0, 113, 220] (166500,)
[0, 53, 133, 220] (187500,)
[0, 94, 220] (167000,)
[0, 90, 147, 220] (187500,)
[0, 72, 220] (187500,)
[0, 109, 220] (187500,)
[0, 57, 133, 147, 220] (187500,)
[0, 15, 220] (187500,)
[0, 147, 220] (136320,)
[0, 52, 57, 113, 220] (187500,)
[0, 52, 220] (200000,)
[0, 147, 220] (140500,)
[0, 19, 220] (134900,)
[0, 52, 53, 57, 220] (187500,)
[0, 94, 220] (166500,)
[0, 128, 220] (112000,)
[0, 90, 220] (187500,)
[0, 57, 113, 220] (187500,)
[0, 151, 220] (211500,)
[0, 109, 220] (207000,)
[0, 38, 220] (187500,)
[0, 90, 220] (204000,)
[0, 151, 220] (166500,)
[0, 38, 220] (191000,)
[0, 19, 147, 220] (187500,)
[0, 133, 220] (187500,)
[0, 147, 151, 220] (187500,)
[0, 52, 113, 220] (187500,)
[0, 109, 147, 220] (166500,)
[0, 94, 147, 220] (187500,)
[0, 90, 220] (178500,)
[0, 90, 220] (187500,)
[0, 128, 220] (187500,)
[0, 151, 220] (187500,)
[0, 75, 220] (187500,)
[0, 34, 147, 220] (166500,)
[0, 19, 220] (151000,)
[0, 19, 57, 113, 133, 220] (166500,)
[0, 76, 220] (154500,)
[0, 19, 220] (167000,)
[0, 76, 220] (187500,)
[0, 147, 220] (187500,)
[0, 53, 75, 128, 147, 220] (233000,)
[0, 38, 220] (166500,)
[0, 113, 220] (187500,)
[0, 109, 147, 220] (168500,)
[0, 76, 220] (187500,)
[0, 147, 220] (164000,)
[0, 113, 220] (235500,)
[0, 57, 220] (187500,)
[0, 34, 220] (187500,)
[0, 53, 75, 147, 220] (187500,)
[0, 76, 220] (187500,)
[0, 72, 220] (167000,)
[0, 94, 220] (187500,)
[0, 147, 220] (187500,)
[0, 151, 220] (187500,)
[0, 109, 128, 147, 220] (166500,)
[0, 128, 147, 220] (187500,)
[0, 151, 220] (187500,)
[0, 19, 220] (187500,)
[0, 57, 133, 220] (187500,)
[0, 34, 220] (187500,)
[0, 19, 220] (187500,)
[0, 133, 220] (188500,)
[0, 52, 57, 220] (156500,)
[0, 109, 147, 220] (187500,)
[0, 52, 220] (140500,)
[0, 147, 220] (187500,)
[0, 15, 147, 220] (187500,)
[0, 72, 147, 220] (187500,)
[34, 220] (187500,)
[0, 72, 147, 220] (152640,)
[0, 147, 220] (187500,)
[0, 38, 128, 147, 220] (166500,)
[0, 75, 147, 220] (167000,)
[0, 34, 220] (166500,)
[0, 109, 220] (250000,)
[0, 147, 220] (187500,)
[0, 76, 220] (166500,)
[0, 113, 220] (195500,)
[0, 90, 220] (187500,)
[0, 128, 220] (187500,)
[0, 113, 220] (245000,)
[0, 94, 147, 220] (187500,)
[0, 90, 128, 220] (196500,)
[0, 34, 220] (187500,)
[0, 72, 94, 147, 220] (194000,)
[0, 72, 147, 220] (189500,)
[0, 147, 151, 220] (200000,)
[0, 128, 147, 220] (187500,)
[0, 53, 76, 147, 220] (166000,)
[0, 128, 147, 220] (187500,)
[0, 19, 220] (187500,)
[0, 72, 147, 220] (166000,)
[0, 128, 220] (152500,)
[0, 38, 220] (187500,)
[0, 147, 220] (187500,)
[0, 109, 147, 220] (165500,)
[0, 15, 147, 220] (187500,)
[0, 19, 220] (166500,)
[0, 94, 147, 220] (166000,)
[0, 52, 220] (187500,)
[0, 19, 220] (187500,)
[0, 15, 220] (187500,)
[0, 151, 220] (166500,)
[0, 147, 220] (189500,)
[0, 151, 220] (166500,)
[0, 19, 220] (187500,)
[0, 72, 220] (187500,)
[0, 38, 220] (156500,)
[0, 147, 220] (166500,)
[0, 19, 34, 220] (188500,)
[0, 19, 147, 220] (187500,)
[0, 38, 133, 147, 220] (187500,)
[0, 57, 133, 220] (187500,)
[0, 128, 220] (187500,)
[0, 38, 113, 147, 220] (166500,)
[0, 72, 220] (164500,)
[0, 52, 113, 220] (167500,)
[0, 15, 147, 220] (187500,)
[0, 151, 220] (166500,)
[0, 19, 220] (187500,)
[0, 90, 220] (187500,)
[0, 19, 220] (189500,)
[0, 90, 128, 147, 220] (187500,)
[0, 38, 220] (166500,)
[0, 147, 220] (187500,)
[0, 19, 113, 220] (187500,)
[0, 133, 147, 220] (187500,)
[0, 113, 220] (187500,)
[0, 113, 220] (140500,)
[0, 19, 220] (187500,)
[0, 19, 220] (187500,)
[0, 128, 147, 220] (166500,)
[0, 19, 220] (244000,)
[0, 38, 220] (161500,)
[0, 52, 57, 220] (187500,)
[0, 75, 128, 147, 220] (187500,)
[0, 72, 220] (167500,)
[0, 75, 147, 220] (187500,)
[0, 19, 147, 220] (187500,)
[0, 151, 220] (167500,)
[0, 151, 220] (165000,)
[0, 53, 75, 128, 147, 220] (166500,)
[0, 113, 220] (200000,)
[0, 147, 220] (187500,)
[0, 147, 220] (187500,)
[0, 113, 147, 220] (187500,)
[0, 57, 113, 133, 220] (187500,)
[0, 72, 147, 220] (191500,)
[0, 75, 220] (187500,)
[0, 57, 133, 220] (187500,)
[0, 15, 220] (76800,)
[0, 53, 220] (187500,)
[0, 133, 147, 220] (166500,)
[0, 53, 147, 220] (187500,)
[0, 113, 220] (187500,)
[0, 57, 133, 220] (187500,)
[0, 53, 220] (187500,)
[0, 19, 220] (187500,)
[0, 15, 220] (167000,)
[0, 15, 220] (166500,)
[0, 19, 220] (249500,)
[0, 147, 220] (168500,)
[0, 15, 220] (166500,)
[0, 113, 220] (167000,)
[0, 15, 220] (166500,)
[0, 19, 220] (200500,)
[0, 38, 53, 75, 147, 220] (187500,)
[0, 94, 147, 220] (206000,)
[0, 57, 72, 220] (135200,)
[0, 34, 220] (241500,)
[0, 113, 220] (166500,)
[0, 94, 220] (166500,)
[0, 94, 220] (166500,)
[0, 75, 128, 147, 220] (187500,)
[0, 113, 220] (167000,)
[0, 133, 147, 220] (187500,)
[0, 147, 220] (187500,)
[0, 38, 220] (166500,)
[0, 34, 220] (166500,)
[0, 76, 220] (166000,)
[0, 147, 220] (166500,)
[0, 34, 72, 220] (166500,)
[0, 76, 220] (187500,)
[0, 94, 220] (187500,)
[0, 52, 220] (187500,)
[0, 72, 147, 220] (187500,)
[0, 113, 147, 220] (187500,)
[0, 19, 52, 57, 220] (167000,)
[0, 109, 147, 220] (228500,)
[0, 151, 220] (185500,)
[0, 90, 220] (187500,)
[0, 38, 220] (167500,)
[0, 38, 220] (168000,)
[0, 151, 220] (166500,)
[0, 15, 220] (178500,)
[0, 53, 57, 133, 220] (186500,)
[0, 72, 220] (196000,)
[0, 75, 147, 220] (187500,)
[0, 90, 147, 220] (141500,)
[0, 34, 220] (187500,)
[0, 90, 128, 220] (187500,)
[0, 52, 57, 147, 220] (187500,)
[0, 147, 220] (187500,)
[0, 113, 147, 220] (167500,)
[0, 34, 220] (187500,)
[0, 52, 113, 220] (187500,)
[0, 147, 220] (187500,)
[0, 57, 220] (187500,)
[0, 147, 220] (160500,)
[0, 147, 220] (166000,)
[0, 34, 220] (187500,)
[0, 19, 38, 220] (197000,)
[0, 19, 220] (167000,)
[0, 38, 220] (136500,)
[0, 57, 113, 220] (187500,)
[0, 15, 147, 220] (187500,)
[0, 90, 220] (178500,)
[0, 57, 133, 147, 220] (187500,)
[0, 19, 220] (187500,)
[0, 38, 220] (187500,)
[0, 72, 147, 220] (166000,)
[0, 19, 220] (167000,)
[0, 19, 220] (166000,)
[0, 75, 147, 220] (187500,)
[0, 113, 220] (166500,)
[0, 113, 220] (187500,)
[0, 147, 220] (187500,)
[0, 52, 220] (187500,)
[0, 113, 220] (162500,)
[0, 109, 220] (187000,)
[0, 94, 220] (167000,)
[0, 90, 220] (178500,)
[0, 151, 220] (187500,)
[0, 38, 220] (187500,)
[0, 75, 113, 220] (187500,)
[0, 38, 220] (115000,)
[0, 57, 220] (167500,)
[0, 90, 220] (170000,)
[0, 147, 220] (187500,)
[0, 72, 220] (166500,)
[0, 53, 220] (166500,)
[0, 52, 220] (186500,)
[0, 94, 220] (167500,)
[0, 38, 220] (171500,)
[0, 38, 57, 133, 220] (187500,)
[0, 128, 220] (165000,)
[0, 109, 147, 220] (187500,)
[0, 19, 53, 147, 220] (187500,)
[0, 76, 220] (187500,)
[0, 151, 220] (166500,)
[0, 15, 220] (187500,)
[0, 15, 220] (187500,)
[0, 113, 220] (187500,)
[0, 53, 133, 147, 220] (187500,)
[0, 38, 90, 128, 147, 220] (166500,)
[0, 113, 220] (187500,)
[0, 15, 220] (166000,)
[0, 128, 220] (187500,)
[0, 15, 147, 220] (187500,)
[0, 75, 220] (187500,)
[0, 34, 220] (185500,)
[0, 75, 147, 220] (166000,)
[0, 19, 220] (166500,)
[0, 34, 220] (187500,)
[19, 113, 220] (187500,)
[0, 15, 109, 220] (187500,)
[0, 109, 147, 220] (165500,)
[0, 147, 220] (166000,)
[0, 53, 128, 147, 220] (187500,)
[0, 90, 220] (187500,)
[0, 52, 53, 147, 220] (187500,)
[0, 52, 53, 220] (185000,)
[0, 109, 220] (187500,)
[0, 19, 147, 220] (187500,)
[0, 34, 147, 220] (166500,)
[0, 90, 220] (140760,)
[0, 38, 147, 220] (187500,)
[0, 38, 220] (166500,)
[0, 38, 220] (166500,)
[0, 15, 220] (187500,)
[0, 113, 220] (187500,)
[0, 75, 128, 147, 220] (187500,)
[0, 133, 147, 220] (166500,)
[0, 15, 220] (187500,)
[0, 90, 109, 128, 147, 220] (166500,)
[0, 38, 220] (167500,)
[0, 147, 220] (188500,)
[0, 15, 147, 220] (187500,)
[0, 75, 147, 220] (187500,)
[0, 113, 147, 220] (187500,)
[0, 147, 220] (187500,)
[0, 72, 147, 220] (176160,)
[0, 19, 57, 133, 220] (187500,)
[0, 53, 220] (187500,)
[0, 57, 133, 220] (187500,)
[0, 72, 147, 220] (161000,)
[0, 52, 220] (167000,)
[0, 34, 113, 220] (187500,)
[0, 52, 220] (187500,)
[0, 147, 220] (166500,)
[0, 19, 220] (187500,)
[0, 109, 220] (187500,)
[0, 52, 57, 113, 220] (166500,)
[0, 72, 147, 220] (178500,)
[0, 151, 220] (181000,)
[0, 76, 220] (200000,)
[0, 19, 220] (166000,)
[0, 53, 220] (166000,)
[0, 38, 94, 220] (187500,)
[0, 38, 57, 113, 220] (76800,)
[0, 109, 147, 220] (187500,)
[0, 34, 113, 220] (187500,)
[0, 94, 220] (166500,)
[0, 90, 220] (167000,)
[0, 57, 109, 113, 220] (166500,)
[0, 147, 220] (187500,)
[0, 53, 128, 220] (187500,)
[0, 147, 220] (188500,)
[0, 76, 128, 220] (166000,)
[0, 53, 220] (166500,)
[0, 72, 147, 220] (200000,)
[0, 19, 220] (187500,)
[0, 94, 220] (133952,)
[0, 109, 147, 220] (155500,)
[0, 19, 220] (187500,)
[0, 113, 220] (187500,)
[0, 113, 220] (187500,)
[0, 38, 220] (166500,)
[0, 53, 57, 147, 220] (187500,)
[0, 57, 147, 220] (187500,)
[0, 128, 220] (166000,)
[0, 76, 220] (159500,)
[0, 76, 113, 220] (187500,)
[0, 151, 220] (187500,)
[0, 113, 220] (187500,)
[0, 38, 220] (187500,)
[0, 38, 220] (171000,)
[0, 15, 220] (187500,)
[0, 19, 220] (187500,)
[0, 34, 220] (200000,)
[0, 19, 220] (173000,)
  0%|          | 0/46 [00:00<?, ?it/s]  2%|▏         | 1/46 [00:06<05:07,  6.83s/it] 15%|█▌        | 7/46 [00:12<00:58,  1.49s/it] 26%|██▌       | 12/46 [00:17<00:44,  1.32s/it] 37%|███▋      | 17/46 [00:24<00:39,  1.36s/it] 48%|████▊     | 22/46 [00:30<00:30,  1.26s/it] 59%|█████▊    | 27/46 [00:35<00:22,  1.20s/it] 70%|██████▉   | 32/46 [00:41<00:16,  1.17s/it] 80%|████████  | 37/46 [00:47<00:10,  1.21s/it] 91%|█████████▏| 42/46 [00:54<00:04,  1.24s/it]100%|██████████| 46/46 [00:57<00:00,  1.25s/it]
train Loss: 2.2219 Acc: 56.0970, Memory allocated: 0.41 GB, Max memory allocated: 10.39 GB
train_color_map: dict_keys([0, 76, 220, 34, 147, 128, 38, 19, 15, 90, 151, 57, 113, 133, 52, 109, 75, 72, 94, 53])
Learning Rate: 0.001
[0, 128, 220] (187500,)
[0, 72, 220] (67200,)
[0, 151, 220] (188500,)
[0, 151, 220] (169500,)
[0, 38, 57, 220] (187500,)
[0, 15, 147, 220] (187500,)
[0, 72, 147, 220] (166500,)
[0, 94, 220] (166500,)
[0, 19, 57, 220] (187500,)
[0, 128, 220] (167500,)
[0, 128, 220] (187500,)
[0, 72, 220] (187500,)
[0, 34, 147, 220] (153000,)
[0, 53, 220] (167000,)
[0, 90, 128, 220] (166500,)
[0, 76, 220] (166000,)
[0, 34, 147, 220] (166500,)
[0, 52, 220] (187500,)
[0, 94, 220] (187500,)
[0, 128, 220] (172500,)
[0, 34, 57, 113, 147, 220] (187500,)
[0, 19, 220] (187500,)
[0, 57, 147, 220] (187500,)
[0, 72, 220] (187500,)
[0, 34, 147, 220] (166000,)
[0, 109, 147, 220] (167000,)
[0, 34, 57, 133, 147, 220] (149500,)
[0, 34, 72, 147, 220] (187500,)
[0, 19, 220] (166500,)
[0, 147, 220] (187500,)
[0, 15, 147, 220] (166500,)
[0, 113, 220] (187500,)
[0, 113, 220] (167000,)
[0, 38, 220] (166000,)
[0, 90, 220] (140500,)
[0, 53, 147, 220] (187500,)
[0, 147, 220] (166500,)
[0, 128, 220] (142500,)
[0, 57, 220] (166500,)
[0, 75, 128, 220] (167000,)
[0, 113, 147, 220] (193500,)
[0, 57, 220] (139000,)
[0, 53, 220] (140500,)
[0, 19, 220] (187500,)
[0, 75, 220] (187500,)
[0, 38, 220] (166500,)
[0, 15, 220] (130500,)
[0, 19, 220] (208500,)
[0, 113, 147, 220] (187500,)
[0, 113, 220] (182500,)
[0, 38, 220] (187500,)
[0, 75, 220] (187500,)
[0, 19, 220] (238000,)
[0, 52, 53, 147, 220] (187500,)
[0, 75, 220] (165500,)
[0, 57, 133, 147, 220] (187500,)
[0, 53, 147, 220] (200000,)
[0, 151, 220] (187500,)
[0, 75, 220] (187500,)
[0, 53, 147, 220] (166500,)
[0, 128, 220] (170000,)
[0, 90, 128, 147, 220] (166500,)
[0, 34, 147, 220] (166500,)
[0, 94, 220] (187500,)
[0, 53, 220] (187500,)
[0, 38, 52, 220] (156000,)
[0, 113, 220] (137500,)
[0, 19, 34, 220] (187500,)
[0, 94, 128, 147, 220] (187500,)
[0, 52, 128, 220] (187500,)
[0, 151, 220] (170000,)
[0, 113, 220] (178500,)
[0, 34, 57, 133, 220] (187500,)
[0, 113, 220] (166500,)
[0, 19, 220] (167500,)
[0, 38, 113, 147, 220] (214500,)
[0, 94, 220] (187500,)
[0, 34, 220] (187500,)
[0, 38, 220] (187500,)
[0, 128, 220] (187500,)
[0, 38, 90, 147, 220] (187500,)
[0, 15, 220] (167500,)
[0, 15, 220] (168000,)
[0, 34, 220] (202000,)
[0, 38, 57, 220] (187500,)
[0, 109, 147, 220] (187500,)
[19, 220] (187500,)
[0, 90, 220] (160500,)
[0, 109, 220] (165000,)
[0, 151, 220] (166500,)
[0, 19, 220] (180500,)
[0, 38, 147, 220] (187500,)
[0, 151, 220] (187500,)
[0, 34, 220] (197000,)
[0, 151, 220] (143500,)
[0, 38, 220] (187500,)
[0, 19, 220] (187500,)
[0, 38, 220] (187500,)
[0, 151, 220] (166500,)
[0, 38, 220] (152100,)
[0, 75, 147, 220] (166500,)
[0, 151, 220] (167500,)
[0, 72, 147, 220] (187500,)
[0, 19, 220] (187500,)
[0, 57, 113, 220] (187500,)
[0, 52, 113, 220] (187500,)
[0, 38, 220] (166500,)
[0, 76, 220] (166500,)
[0, 76, 220] (187500,)
[0, 75, 220] (187500,)
[0, 147, 151, 220] (187500,)
[0, 75, 90, 128, 147, 220] (166500,)
[0, 53, 220] (187500,)
[0, 94, 220] (166500,)
[0, 113, 147, 220] (187500,)
[0, 34, 220] (187500,)
[0, 19, 220] (187500,)
[0, 147, 151, 220] (187500,)
[0, 34, 220] (187500,)
[0, 113, 147, 220] (250000,)
[0, 38, 90, 220] (187500,)
[0, 19, 220] (187500,)
[0, 38, 52, 220] (187500,)
[0, 90, 220] (124416,)
[0, 53, 75, 220] (200000,)
[0, 52, 53, 147, 220] (187000,)
[0, 109, 147, 220] (187500,)
[0, 38, 147, 220] (187500,)
[0, 147, 220] (166500,)
[0, 38, 113, 220] (187500,)
[0, 76, 220] (250000,)
[0, 94, 220] (167000,)
[0, 109, 147, 220] (187500,)
[0, 94, 220] (153000,)
[0, 128, 220] (187500,)
[0, 19, 220] (187500,)
[0, 147, 220] (166500,)
[0, 128, 220] (166500,)
[0, 133, 147, 220] (187500,)
[0, 34, 220] (187500,)
[0, 15, 147, 220] (187500,)
[0, 34, 147, 220] (166500,)
[0, 15, 220] (166500,)
[0, 113, 220] (187500,)
[0, 147, 220] (200000,)
[0, 72, 147, 220] (211000,)
[0, 113, 220] (187500,)
[0, 38, 147, 220] (187500,)
[0, 38, 57, 147, 220] (187500,)
[0, 15, 147, 220] (187500,)
[0, 113, 220] (187500,)
[0, 53, 147, 220] (187500,)
[0, 128, 220] (187500,)
[0, 38, 57, 147, 220] (187500,)
[0, 75, 147, 220] (112000,)
[0, 109, 147, 220] (166000,)
[0, 133, 147, 220] (187500,)
[0, 90, 220] (187500,)
[0, 52, 220] (187500,)
[0, 147, 220] (233500,)
[0, 90, 147, 220] (192500,)
[0, 15, 220] (166500,)
[0, 52, 220] (187500,)
[0, 34, 220] (172800,)
[0, 147, 220] (187500,)
[0, 113, 220] (169000,)
[0, 113, 220] (187500,)
[34, 220] (187500,)
[0, 19, 57, 220] (166500,)
[0, 151, 220] (187500,)
[0, 34, 220] (200000,)
[0, 75, 128, 147, 220] (187500,)
[0, 38, 147, 220] (166500,)
[0, 75, 128, 147, 220] (187500,)
[0, 94, 113, 220] (136500,)
[0, 19, 113, 147, 220] (187500,)
[0, 34, 220] (166500,)
[0, 34, 57, 109, 147, 220] (187500,)
[0, 19, 220] (158000,)
[0, 151, 220] (167000,)
[0, 128, 151, 220] (180500,)
[0, 109, 147, 220] (187500,)
[0, 53, 220] (187500,)
[0, 113, 220] (166500,)
[0, 151, 220] (187500,)
[0, 75, 147, 220] (200000,)
[0, 94, 147, 220] (188500,)
[0, 53, 133, 147, 220] (187000,)
[0, 113, 220] (187500,)
[0, 72, 220] (162500,)
[0, 90, 220] (187500,)
[0, 151, 220] (187500,)
[0, 133, 147, 220] (150500,)
[0, 38, 75, 220] (187500,)
[0, 133, 220] (140500,)
[0, 76, 220] (120000,)
[0, 34, 128, 147, 220] (187500,)
[0, 90, 147, 220] (187500,)
[0, 147, 220] (246000,)
[0, 128, 220] (181500,)
[0, 53, 220] (187500,)
[0, 38, 220] (187500,)
[0, 38, 220] (166500,)
[0, 34, 220] (187500,)
[0, 34, 220] (67200,)
[0, 128, 220] (187500,)
[0, 72, 220] (187500,)
[0, 19, 94, 147, 220] (176500,)
[0, 113, 220] (178000,)
[0, 19, 220] (187500,)
[0, 38, 220] (159000,)
[0, 109, 147, 220] (166500,)
[0, 38, 147, 220] (187500,)
[0, 94, 147, 220] (250000,)
[0, 151, 220] (166000,)
[0, 133, 220] (187500,)
[0, 72, 220] (125600,)
[0, 57, 220] (166500,)
[0, 34, 220] (187500,)
[0, 90, 147, 220] (203000,)
[0, 147, 151, 220] (187500,)
[0, 38, 220] (166500,)
[0, 128, 220] (187500,)
[0, 19, 220] (200000,)
[0, 34, 220] (166500,)
[0, 15, 147, 220] (166500,)
[0, 53, 220] (187500,)
[0, 15, 220] (187500,)
[0, 15, 220] (166500,)
[0, 19, 220] (180000,)
[0, 113, 220] (172000,)
[0, 38, 220] (127500,)
[0, 52, 220] (167000,)
[0, 76, 220] (187500,)
[0, 34, 113, 147, 220] (187500,)
[0, 19, 220] (166500,)
[0, 15, 220] (166500,)
[0, 38, 220] (166500,)
[0, 94, 220] (167000,)
[0, 90, 128, 220] (165500,)
[0, 34, 147, 220] (191500,)
[0, 133, 147, 220] (188500,)
[0, 19, 220] (205500,)
[0, 90, 128, 220] (166500,)
[0, 52, 220] (187500,)
[0, 19, 147, 220] (174500,)
[0, 147, 220] (183000,)
[0, 15, 220] (179500,)
[0, 75, 220] (187500,)
[0, 94, 220] (187500,)
[0, 15, 220] (187500,)
[0, 34, 220] (178500,)
[0, 52, 57, 113, 147, 220] (166500,)
[0, 34, 220] (187500,)
[0, 15, 220] (187500,)
[0, 72, 147, 220] (153120,)
[0, 113, 220] (187500,)
[0, 75, 220] (187500,)
[0, 90, 220] (187500,)
[0, 128, 220] (187500,)
[0, 109, 147, 220] (199500,)
[0, 53, 147, 220] (101376,)
[0, 75, 147, 220] (159500,)
[0, 151, 220] (187500,)
[0, 19, 220] (187500,)
[0, 57, 133, 220] (166500,)
[0, 133, 147, 220] (187500,)
[0, 109, 220] (187500,)
[0, 94, 220] (157500,)
[0, 151, 220] (166500,)
[0, 75, 220] (187500,)
[0, 38, 57, 133, 220] (167000,)
[0, 113, 220] (92928,)
[0, 52, 220] (187500,)
[0, 109, 220] (187500,)
[0, 75, 147, 220] (187500,)
[0, 151, 220] (187500,)
[0, 113, 128, 147, 220] (187500,)
[0, 90, 128, 220] (172000,)
[0, 15, 113, 147, 220] (187500,)
[0, 15, 220] (163500,)
[0, 147, 220] (166500,)
[0, 133, 147, 220] (187500,)
[0, 53, 220] (250000,)
[0, 52, 220] (187500,)
[0, 38, 220] (166500,)
[0, 53, 57, 147, 220] (187500,)
[0, 53, 220] (250000,)
[0, 38, 220] (187500,)
[0, 72, 147, 220] (191040,)
[0, 19, 220] (166500,)
[0, 34, 220] (167000,)
[0, 94, 220] (223000,)
[0, 90, 147, 220] (176000,)
[0, 128, 220] (185500,)
[0, 90, 220] (165000,)
[0, 94, 109, 128, 147, 220] (187500,)
[0, 72, 147, 220] (166000,)
[0, 147, 220] (187500,)
[0, 38, 220] (166000,)
[0, 57, 133, 147, 220] (187500,)
[0, 113, 220] (187500,)
[0, 34, 220] (166500,)
[0, 57, 113, 220] (187500,)
[0, 72, 147, 220] (187500,)
[0, 53, 220] (112000,)
[0, 72, 220] (187500,)
[0, 34, 220] (166500,)
[0, 90, 220] (187500,)
[0, 34, 38, 57, 220] (187500,)
[0, 147, 220] (187500,)
[0, 34, 220] (187500,)
[0, 76, 220] (187500,)
[0, 53, 128, 147, 220] (187500,)
[0, 128, 147, 220] (172800,)
[0, 52, 57, 147, 220] (166500,)
[0, 90, 220] (159360,)
[0, 72, 147, 220] (187500,)
[0, 94, 220] (166000,)
[0, 57, 133, 147, 220] (187500,)
[0, 53, 147, 220] (187500,)
[0, 94, 220] (166500,)
[0, 38, 113, 220] (187500,)
[0, 151, 220] (187500,)
[0, 94, 220] (187500,)
[0, 113, 220] (166500,)
[0, 15, 147, 220] (188000,)
[0, 90, 128, 220] (187500,)
[0, 52, 57, 147, 220] (168000,)
[0, 72, 147, 220] (176160,)
[0, 133, 147, 220] (177500,)
[0, 76, 220] (187500,)
[0, 53, 128, 220] (187500,)
[0, 94, 220] (187500,)
[0, 90, 128, 147, 220] (166000,)
[0, 52, 220] (187500,)
[0, 19, 220] (166500,)
[0, 109, 147, 220] (187500,)
[0, 53, 220] (187500,)
[0, 76, 220] (176500,)
[0, 147, 220] (187500,)
[0, 34, 53, 220] (187500,)
[0, 75, 147, 220] (187500,)
[0, 113, 220] (178500,)
[0, 52, 147, 220] (187500,)
[0, 75, 147, 220] (166500,)
[0, 72, 147, 220] (187500,)
[0, 94, 220] (166000,)
[0, 128, 220] (187500,)
[0, 19, 52, 147, 220] (187500,)
[0, 53, 133, 147, 220] (187500,)
[0, 109, 220] (187500,)
[0, 53, 220] (187500,)
[0, 147, 220] (187500,)
[0, 53, 220] (187000,)
[0, 52, 220] (187500,)
[0, 52, 147, 220] (187500,)
[0, 109, 128, 147, 220] (250000,)
[0, 113, 220] (212500,)
[0, 94, 220] (187500,)
[0, 15, 220] (166500,)
[0, 57, 113, 133, 220] (187500,)
[0, 38, 128, 220] (90000,)
[0, 53, 113, 147, 220] (166500,)
[0, 34, 38, 57, 113, 133, 220] (187500,)
[0, 19, 220] (187500,)
[0, 34, 220] (166500,)
[0, 15, 220] (140500,)
[0, 15, 220] (166000,)
[0, 38, 128, 147, 220] (167500,)
[0, 113, 220] (227500,)
[0, 113, 220] (245000,)
[0, 94, 220] (187500,)
[0, 109, 147, 220] (166500,)
[0, 113, 220] (187000,)
[0, 113, 220] (200000,)
[0, 72, 220] (178500,)
[0, 147, 151, 220] (167000,)
[0, 53, 220] (187500,)
[0, 19, 220] (187500,)
[0, 52, 220] (233000,)
[0, 147, 220] (187500,)
[0, 34, 220] (159000,)
[0, 19, 220] (167000,)
[0, 109, 147, 220] (167000,)
[0, 75, 220] (187500,)
[0, 15, 220] (188500,)
[0, 34, 147, 220] (187500,)
[0, 34, 220] (166500,)
[0, 38, 220] (178500,)
[0, 113, 220] (165500,)
[0, 113, 220] (213500,)
[0, 151, 220] (166500,)
[0, 19, 220] (166500,)
[19, 113, 220] (187500,)
[0, 90, 128, 220] (187500,)
[0, 128, 220] (187500,)
[0, 57, 133, 220] (187500,)
[0, 109, 147, 220] (166500,)
[0, 53, 57, 147, 220] (171000,)
[0, 109, 220] (187500,)
[0, 72, 147, 220] (187500,)
[0, 75, 220] (217000,)
[0, 147, 151, 220] (187500,)
[0, 128, 147, 220] (163000,)
[0, 151, 220] (187500,)
[0, 75, 90, 147, 220] (164432,)
[0, 72, 147, 220] (209760,)
[0, 147, 220] (166500,)
[0, 151, 220] (187500,)
[0, 128, 220] (166500,)
[0, 147, 220] (187500,)
[0, 109, 220] (187500,)
[0, 57, 220] (187500,)
[0, 38, 220] (183000,)
[0, 57, 220] (183000,)
[0, 113, 147, 220] (187500,)
[0, 113, 220] (186500,)
[0, 38, 220] (159500,)
[0, 94, 220] (187500,)
[0, 75, 220] (165500,)
[0, 133, 147, 220] (187500,)
[0, 38, 220] (166500,)
[0, 19, 220] (187500,)
[0, 113, 220] (202500,)
[0, 38, 220] (187500,)
[0, 128, 220] (161500,)
[0, 75, 220] (187500,)
[0, 34, 220] (187500,)
[0, 19, 220] (187500,)
[0, 151, 220] (187500,)
[0, 19, 220] (166000,)
[0, 19, 220] (201000,)
[0, 57, 133, 220] (187500,)
[0, 113, 220] (166500,)
[0, 15, 220] (187500,)
[0, 113, 220] (187500,)
[0, 151, 220] (181500,)
[0, 76, 220] (187000,)
[0, 76, 220] (187500,)
[0, 34, 220] (166500,)
[0, 128, 220] (187500,)
[0, 34, 220] (166500,)
[0, 38, 113, 220] (187500,)
[0, 90, 220] (187500,)
[0, 38, 113, 220] (187500,)
[0, 38, 57, 133, 220] (166500,)
[0, 19, 220] (166500,)
[0, 94, 220] (187500,)
[0, 38, 220] (187500,)
[0, 15, 147, 220] (187500,)
[0, 34, 220] (187500,)
[0, 52, 147, 220] (140500,)
[0, 38, 53, 57, 133, 220] (187500,)
[0, 19, 220] (166500,)
[0, 75, 220] (149500,)
[0, 94, 220] (187500,)
[0, 38, 220] (106400,)
[0, 147, 151, 220] (166500,)
[0, 52, 57, 113, 220] (187500,)
[0, 72, 220] (166500,)
[0, 53, 147, 220] (166000,)
[0, 109, 147, 220] (188500,)
[0, 109, 128, 147, 220] (188000,)
[0, 75, 147, 220] (166000,)
[0, 72, 220] (187500,)
[0, 19, 147, 220] (187500,)
[0, 72, 220] (166500,)
[0, 109, 147, 220] (187500,)
[0, 52, 57, 113, 147, 220] (187500,)
[0, 15, 220] (187500,)
[0, 75, 128, 220] (182000,)
[0, 38, 147, 220] (187500,)
[0, 75, 220] (187500,)
[0, 57, 147, 220] (187500,)
[0, 147, 220] (187500,)
[0, 34, 52, 220] (187500,)
[0, 15, 220] (166500,)
[0, 128, 220] (250000,)
[0, 34, 220] (187500,)
[0, 38, 147, 220] (187500,)
[0, 133, 147, 220] (187500,)
[0, 75, 220] (187500,)
[0, 53, 220] (163500,)
[0, 76, 220] (187500,)
[0, 90, 220] (187500,)
[0, 34, 113, 147, 220] (167000,)
[0, 94, 220] (187500,)
[0, 76, 220] (166000,)
[0, 57, 220] (166500,)
[0, 52, 220] (187500,)
[0, 147, 220] (187500,)
[0, 109, 128, 147, 220] (187500,)
[0, 75, 147, 220] (187000,)
[0, 72, 147, 220] (187500,)
[0, 52, 220] (187500,)
[0, 72, 220] (187000,)
[0, 38, 52, 133, 147, 220] (187500,)
[0, 72, 220] (183500,)
[0, 34, 220] (187500,)
[0, 52, 57, 147, 220] (187500,)
[0, 19, 220] (187500,)
[0, 90, 220] (187500,)
[0, 94, 220] (189000,)
[0, 52, 57, 220] (187500,)
[0, 151, 220] (166000,)
[0, 151, 220] (165500,)
[0, 109, 147, 220] (171000,)
[0, 38, 220] (166500,)
[0, 113, 220] (187500,)
[0, 34, 220] (73500,)
[0, 72, 147, 220] (220500,)
[0, 72, 220] (187500,)
[0, 151, 220] (164000,)
[0, 76, 90, 109, 220] (187500,)
[0, 52, 220] (187500,)
[0, 128, 220] (146000,)
[0, 113, 220] (182000,)
[0, 57, 113, 220] (166500,)
[0, 76, 220] (160000,)
[0, 90, 220] (167000,)
[0, 19, 220] (166000,)
[0, 76, 220] (187500,)
[0, 15, 220] (167000,)
[0, 19, 113, 220] (187500,)
[0, 113, 220] (194500,)
[0, 15, 220] (187500,)
[0, 75, 128, 147, 220] (166500,)
[0, 57, 113, 133, 220] (187500,)
[0, 109, 128, 220] (187500,)
[0, 76, 220] (187500,)
[0, 38, 220] (187500,)
[0, 90, 220] (148500,)
[0, 75, 128, 147, 220] (187000,)
[0, 147, 220] (187500,)
[0, 52, 220] (187500,)
[0, 113, 220] (224000,)
[0, 113, 220] (166500,)
[0, 38, 220] (166500,)
[0, 38, 109, 147, 220] (187500,)
[0, 72, 220] (177000,)
[0, 34, 220] (187500,)
[0, 90, 220] (187500,)
[0, 57, 147, 220] (187500,)
[0, 113, 220] (167000,)
[0, 38, 220] (176000,)
[0, 90, 220] (135500,)
[0, 109, 147, 220] (163000,)
[0, 113, 220] (174500,)
[0, 72, 220] (187500,)
[0, 94, 220] (187500,)
[0, 38, 57, 147, 220] (187500,)
[0, 38, 52, 220] (187500,)
[0, 15, 220] (187500,)
[0, 113, 220] (166500,)
[0, 133, 147, 220] (187500,)
[0, 147, 220] (187500,)
[0, 76, 220] (187500,)
[0, 133, 147, 220] (187500,)
[0, 90, 220] (173500,)
[0, 133, 220] (187500,)
[0, 38, 220] (156500,)
[0, 19, 220] (187500,)
[0, 90, 128, 147, 220] (187500,)
[0, 90, 128, 220] (166500,)
[0, 72, 147, 220] (172000,)
[0, 151, 220] (178000,)
[0, 38, 220] (166500,)
[0, 34, 220] (187500,)
[0, 52, 220] (187500,)
[0, 53, 57, 147, 220] (187500,)
[0, 38, 220] (187500,)
[0, 57, 220] (187500,)
[0, 147, 220] (198000,)
[0, 52, 220] (187500,)
[0, 147, 220] (187500,)
[0, 52, 57, 113, 133, 220] (187500,)
[0, 38, 220] (183000,)
[0, 53, 128, 133, 147, 220] (187500,)
[0, 109, 220] (166500,)
[0, 90, 220] (187500,)
[0, 147, 220] (187500,)
[0, 38, 147, 220] (187500,)
[0, 94, 220] (166500,)
[0, 94, 147, 220] (187500,)
[0, 90, 220] (187500,)
[0, 34, 147, 220] (183500,)
[0, 38, 220] (166500,)
[0, 113, 220] (187500,)
[0, 109, 128, 220] (187500,)
[0, 76, 220] (187500,)
[0, 19, 57, 75, 220] (187500,)
[0, 113, 220] (187500,)
[0, 147, 220] (136320,)
[0, 128, 147, 220] (187500,)
[0, 15, 220] (166000,)
[0, 34, 147, 220] (187500,)
[0, 38, 220] (166500,)
[0, 38, 220] (140500,)
[0, 72, 220] (187500,)
[0, 151, 220] (187500,)
[0, 113, 220] (187500,)
[0, 76, 220] (180500,)
[0, 53, 147, 220] (187500,)
[0, 75, 147, 220] (166500,)
[0, 53, 147, 220] (187500,)
[0, 113, 147, 220] (187500,)
[0, 147, 151, 220] (163000,)
[0, 113, 220] (177500,)
[0, 75, 220] (187500,)
[0, 19, 220] (106400,)
[0, 72, 220] (177000,)
[0, 38, 53, 113, 133, 147, 220] (187500,)
[0, 19, 220] (187500,)
[0, 38, 113, 147, 220] (187500,)
[0, 57, 220] (187000,)
[0, 128, 220] (166500,)
[0, 34, 220] (179500,)
[0, 38, 109, 147, 220] (187500,)
[0, 15, 147, 220] (167000,)
[0, 34, 220] (166500,)
[0, 151, 220] (187500,)
[0, 94, 220] (167000,)
[0, 75, 147, 220] (187500,)
[0, 72, 220] (187500,)
[0, 19, 220] (167000,)
[0, 19, 220] (187500,)
[0, 15, 220] (137500,)
[0, 151, 220] (76800,)
[0, 128, 220] (187500,)
[0, 15, 220] (187500,)
[0, 94, 147, 220] (152100,)
[0, 34, 220] (244500,)
[0, 34, 220] (187500,)
[0, 109, 147, 220] (166500,)
[0, 53, 133, 147, 220] (187500,)
[0, 52, 53, 220] (185000,)
[0, 38, 147, 220] (167500,)[0, 53, 220] (166500,)
[0, 147, 220] (141527,)
[0, 151, 220] (187500,)
[0, 76, 220] (187500,)
[0, 147, 220] (97200,)
[0, 38, 220] (112000,)
[0, 57, 113, 220] (187500,)
[0, 109, 147, 220] (187500,)
[0, 34, 147, 220] (166000,)
[0, 34, 220] (166500,)
[0, 113, 220] (186500,)
[0, 53, 57, 133, 147, 220] (187500,)
[0, 19, 57, 220] (187500,)
[0, 19, 220] (167500,)
[0, 76, 147, 220] (209000,)
[0, 34, 220] (212000,)
[0, 19, 220] (201000,)
[0, 94, 220] (166500,)
[0, 75, 147, 220] (167000,)
[53, 220] (166500,)
[0, 90, 220] (166500,)
[0, 34, 220] (166500,)
[0, 34, 220] (187500,)
[0, 57, 147, 220] (112896,)
[0, 94, 220] (187500,)
[0, 38, 220] (167500,)
[0, 113, 220] (152000,)
[0, 90, 128, 147, 220] (187500,)
[0, 113, 220] (159000,)
[0, 19, 220] (166500,)
[0, 76, 220] (187500,)
[0, 53, 147, 220] (163500,)
[0, 113, 220] (167000,)
[0, 94, 220] (187500,)
[0, 128, 220] (187500,)
[0, 109, 128, 147, 220] (187500,)
[0, 90, 220] (240000,)
[0, 38, 220] (145500,)
[0, 15, 38, 220] (187500,)
[0, 19, 220] (187500,)
[0, 15, 147, 220] (187500,)
[0, 113, 220] (187500,)
[0, 19, 34, 52, 113, 220] (187500,)
[0, 38, 147, 220] (166500,)
[0, 151, 220] (167500,)
[0, 147, 220] (187500,)
[0, 90, 128, 147, 220] (204500,)
[0, 90, 147, 220] (166500,)
[0, 72, 147, 220] (188160,)
[0, 53, 133, 147, 220] (187500,)
[0, 113, 220] (187500,)
[0, 128, 220] (142000,)
[0, 94, 220] (187500,)
[0, 38, 220] (187500,)
[0, 109, 220] (187500,)
[0, 75, 147, 220] (187500,)
[0, 57, 147, 220] (187500,)
[0, 128, 147, 220] (188000,)
[0, 38, 220] (166500,)
[0, 90, 128, 220] (211000,)
[0, 76, 220] (166000,)
[0, 19, 113, 220] (187500,)
[0, 151, 220] (183500,)
[0, 90, 220] (187500,)
[0, 52, 220] (156636,)
[0, 90, 128, 147, 220] (167000,)
[0, 76, 220] (187500,)
[0, 57, 113, 220] (187500,)
[0, 113, 220] (187500,)
[0, 109, 128, 147, 220] (166500,)
[0, 15, 220] (187500,)
[0, 34, 220] (166500,)
[0, 94, 147, 220] (187500,)
[0, 147, 220] (187500,)
[0, 19, 147, 220] (187500,)
[0, 113, 220] (166500,)
[0, 53, 220] (187500,)
[0, 72, 147, 220] (187500,)
[0, 72, 220] (162000,)
[0, 57, 133, 147, 220] (187500,)
[0, 38, 220] (187500,)
[0, 72, 147, 220] (160500,)
[0, 38, 220] (164500,)
[0, 38, 220] (166500,)
[0, 113, 220] (187500,)
[0, 128, 147, 220] (187500,)
[0, 94, 220] (187500,)
[0, 38, 113, 220] (76800,)
[0, 151, 220] (167000,)
[0, 38, 113, 220] (187500,)
[0, 52, 113, 220] (187500,)
[0, 113, 220] (166500,)
[0, 75, 147, 220] (187500,)
[0, 128, 220] (187500,)
[0, 19, 53, 220] (187500,)
[0, 147, 220] (166500,)
[0, 53, 133, 147, 220] (187500,)
[0, 38, 220] (172000,)
[0, 38, 220] (166500,)
[0, 38, 220] (187500,)
[0, 76, 220] (166500,)
[0, 128, 220] (166500,)
[0, 109, 147, 220] (187500,)
[0, 38, 220] (167000,)
[0, 113, 220] (187500,)
[0, 15, 220] (187500,)
[0, 109, 147, 220] (167500,)
[0, 19, 220] (184500,)
[0, 34, 147, 220] (187500,)
[0, 128, 147, 220] (187000,)
[0, 34, 220] (187500,)
[0, 38, 57, 133, 220] (187500,)
[0, 94, 220] (166500,)
[0, 19, 220] (250000,)
[0, 128, 147, 220] (187500,)
[0, 19, 220] (166500,)
[0, 76, 220] (187500,)
[0, 76, 220] (187500,)
[0, 147, 220] (187500,)
[0, 113, 220] (166500,)
[0, 113, 220] (187500,)
[0, 72, 147, 220] (187500,)
[0, 57, 113, 220] (187500,)
[0, 113, 220] (166500,)
[0, 38, 128, 220] (166500,)
[0, 38, 52, 220] (187500,)
[0, 38, 220] (216500,)
[0, 151, 220] (166000,)
[0, 53, 220] (170500,)
[0, 113, 220] (187500,)
[0, 113, 220] (133952,)
[0, 38, 147, 220] (166500,)
[0, 53, 147, 220] (187500,)
[0, 72, 220] (187500,)
[0, 34, 220] (187500,)
[0, 90, 128, 220] (165500,)
[0, 151, 220] (166500,)
[0, 72, 220] (221500,)
[0, 128, 220] (187500,)
[0, 53, 147, 220] (187500,)
[0, 72, 147, 220] (203040,)
[0, 113, 220] (187500,)
[0, 38, 220] (160000,)
[0, 19, 147, 220] (187500,)
[0, 53, 220] (167000,)
[0, 53, 147, 220] (175000,)
[0, 113, 220] (166500,)
[0, 57, 220] (207000,)
[0, 75, 220] (187500,)
[0, 75, 90, 147, 220] (171500,)
[0, 15, 147, 220] (187500,)
[0, 52, 220] (187500,)
[0, 75, 220] (187500,)
[0, 38, 220] (167500,)
[0, 19, 220] (187500,)
[0, 34, 147, 220] (187500,)
[0, 53, 57, 133, 147, 220] (187500,)
[0, 19, 220] (187500,)
[0, 133, 147, 220] (187500,)
[0, 38, 57, 133, 220] (187500,)
[0, 113, 220] (183500,)
[0, 38, 113, 220] (187500,)
[0, 147, 220] (166500,)
[0, 109, 128, 220] (166000,)
[0, 15, 220] (215500,)
[0, 53, 75, 220] (187500,)
[0, 113, 220] (187500,)
[0, 133, 220] (187500,)
[0, 38, 220] (200000,)
[0, 76, 220] (187000,)
[0, 15, 220] (166666,)
[0, 151, 220] (166500,)
[0, 15, 147, 220] (119892,)
[0, 34, 220] (187500,)
[0, 72, 147, 220] (166500,)
[0, 53, 147, 220] (187500,)
[0, 72, 220] (180500,)
[0, 72, 220] (187500,)
[0, 53, 57, 133, 220] (238000,)
[0, 57, 133, 147, 220] (250000,)
[0, 19, 220] (187500,)
[0, 113, 220] (187500,)
[0, 15, 147, 220] (187500,)
[0, 19, 220] (206000,)
[0, 151, 220] (162000,)
[0, 75, 147, 220] (187500,)
[0, 76, 220] (170500,)
[0, 147, 220] (149000,)
[0, 38, 220] (166500,)
[0, 109, 220] (187000,)
[0, 90, 147, 220] (166500,)
[0, 113, 220] (187500,)
[0, 38, 220] (169500,)
[0, 76, 220] (192000,)
[0, 113, 220] (187500,)
[0, 128, 220] (166500,)
[0, 53, 147, 220] (166500,)
[0, 15, 220] (167000,)
[0, 113, 220] (166500,)
[0, 151, 220] (187500,)
[0, 15, 220] (187500,)
[0, 113, 220] (187500,)
[0, 72, 94, 147, 220] (161000,)
[0, 57, 220] (187500,)
[0, 75, 220] (187500,)
[0, 19, 220] (170000,)
[0, 52, 113, 220] (187500,)
[0, 38, 75, 128, 220] (187500,)
[0, 147, 220] (187500,)
[0, 38, 220] (148500,)
[0, 34, 57, 220] (187500,)
[0, 52, 147, 220] (187500,)
[0, 109, 128, 147, 220] (120000,)
[0, 15, 220] (200000,)
[0, 151, 220] (187500,)
[0, 133, 147, 220] (76800,)
[0, 109, 147, 220] (187500,)
[0, 151, 220] (112000,)
[0, 72, 220] (187500,)
[0, 15, 220] (187500,)
[0, 57, 133, 147, 220] (187500,)
[0, 34, 220] (198500,)
[0, 52, 220] (187500,)
[0, 94, 220] (187500,)
[0, 72, 220] (187000,)
[0, 147, 220] (187500,)
[0, 147, 151, 220] (187500,)
[0, 57, 147, 220] (71680,)
[0, 52, 220] (187500,)
[0, 52, 57, 147, 220] (187500,)
[0, 34, 147, 220] (187500,)
[0, 94, 220] (187500,)
[0, 128, 220] (187500,)
[0, 15, 113, 128, 220] (167000,)
[0, 34, 113, 220] (187500,)
[0, 38, 147, 220] (187500,)
[0, 113, 220] (187500,)
[0, 53, 220] (190000,)
[0, 19, 220] (173500,)
[0, 52, 57, 147, 220] (202000,)
[0, 57, 133, 147, 220] (187500,)
[0, 90, 220] (187500,)
[0, 34, 220] (187500,)
[0, 147, 151, 220] (167500,)
[0, 90, 128, 147, 220] (126000,)
[0, 57, 220] (166500,)
[0, 109, 220] (174500,)
[0, 19, 220] (184000,)
[0, 90, 220] (187500,)
[0, 90, 220] (165000,)
[0, 34, 220] (187500,)
[0, 52, 220] (166500,)
[0, 113, 220] (187000,)
[0, 76, 220] (187500,)
[0, 113, 220] (154500,)
[0, 53, 220] (112000,)
[0, 90, 220] (187500,)
[0, 147, 220] (177000,)
[0, 52, 53, 57, 220] (187500,)
[0, 38, 128, 147, 220] (187500,)
[0, 109, 128, 147, 220] (166500,)
[0, 38, 220] (162000,)
[0, 19, 220] (221500,)
[0, 34, 147, 220] (166500,)
[0, 75, 220] (192500,)
[0, 151, 220] (165000,)
[0, 94, 220] (188000,)
[0, 34, 220] (187500,)
[0, 19, 34, 113, 220] (134500,)
[0, 75, 147, 220] (187500,)
[0, 57, 147, 220] (166500,)
[0, 128, 220] (166500,)
[0, 109, 128, 147, 220] (187500,)
[0, 147, 220] (222000,)
[0, 90, 220] (187500,)
[0, 113, 147, 220] (187500,)
[0, 113, 147, 220] (186500,)
[0, 53, 57, 128, 147, 220] (187500,)
[0, 151, 220] (177500,)
[0, 34, 113, 220] (97200,)
[0, 34, 220] (166500,)
[0, 76, 220] (165000,)
[0, 38, 220] (167500,)
[0, 75, 147, 220] (184500,)
[0, 94, 220] (187500,)
[0, 109, 220] (187500,)
[0, 53, 220] (187500,)
[0, 151, 220] (160500,)
[0, 113, 147, 220] (166500,)
[0, 34, 220] (187500,)
[0, 34, 220] (187500,)
[0, 19, 220] (187500,)
[0, 147, 220] (187500,)
[0, 52, 53, 220] (167000,)
[0, 34, 220] (177500,)
[0, 76, 220] (187500,)
[0, 133, 147, 220] (191520,)
[0, 38, 220] (187500,)
[0, 109, 147, 220] (166500,)
[0, 19, 220] (187500,)
[0, 128, 220] (187500,)
[0, 19, 220] (186000,)
[0, 52, 53, 147, 220] (187000,)
[0, 75, 220] (187500,)
[0, 72, 220] (187500,)
[0, 76, 220] (187500,)
[0, 34, 220] (187500,)
[0, 38, 220] (137000,)
[0, 151, 220] (199000,)
[0, 15, 220] (187500,)
[0, 109, 220] (187500,)
[0, 38, 220] (186500,)
[0, 19, 220] (187000,)
[0, 133, 147, 220] (188000,)
[0, 19, 220] (187500,)
[0, 53, 147, 220] (187500,)
[0, 19, 220] (187500,)
[0, 38, 220] (166500,)
[0, 57, 133, 220] (187500,)
[0, 90, 128, 147, 220] (198000,)
[0, 90, 147, 220] (187500,)
[0, 147, 220] (166500,)
[0, 72, 220] (187500,)
[0, 128, 220] (166500,)
[0, 90, 220] (173500,)
[0, 113, 220] (166500,)
[0, 19, 38, 113, 147, 220] (187500,)
[0, 76, 220] (187500,)
[0, 34, 147, 220] (166500,)
[0, 109, 220] (187000,)
[0, 128, 147, 220] (167000,)
[0, 19, 220] (187500,)
[0, 76, 220] (170500,)
[0, 34, 220] (166500,)
[0, 53, 220] (140500,)
[0, 38, 220] (166500,)
[0, 52, 220] (166500,)
[0, 57, 133, 147, 220] (166500,)
[0, 38, 220] (166500,)
[0, 38, 220] (187500,)
[0, 76, 220] (187000,)
[0, 109, 147, 220] (187500,)
[0, 34, 147, 220] (187500,)
[0, 94, 220] (190500,)
[0, 94, 220] (187500,)
[0, 38, 220] (187500,)
[0, 76, 220] (250000,)
[0, 113, 220] (192000,)
[0, 53, 90, 147, 220] (188500,)
[0, 15, 220] (187500,)
[0, 53, 220] (201000,)
[0, 57, 133, 220] (187500,)
[0, 147, 220] (172800,)
[0, 53, 220] (166500,)
[0, 113, 220] (187500,)
[0, 76, 220] (187500,)
[0, 38, 52, 220] (187500,)
[0, 128, 147, 220] (166500,)
[0, 19, 220] (194500,)
[0, 15, 90, 128, 147, 220] (168500,)
[0, 34, 220] (250000,)
[0, 52, 53, 75, 147, 220] (205500,)
[0, 34, 220] (174500,)
[0, 38, 220] (166500,)
[0, 34, 220] (166500,)
[0, 38, 75, 128, 220] (169500,)
[0, 57, 133, 220] (187500,)
[0, 76, 220] (187500,)
[0, 94, 147, 220] (158000,)
[0, 128, 147, 220] (187500,)
[147, 220] (167000,)
[0, 90, 220] (187500,)
[0, 52, 57, 113, 133, 220] (187500,)
[0, 57, 133, 220] (187500,)
[0, 151, 220] (187500,)
[0, 52, 220] (187500,)
[0, 53, 113, 147, 220] (150000,)
[0, 151, 220] (170000,)
[0, 151, 220] (166500,)
[0, 151, 220] (174000,)
[0, 109, 147, 220] (166500,)
[0, 72, 147, 220] (150528,)
[0, 19, 220] (187500,)
[0, 75, 220] (166500,)
[0, 147, 220] (187500,)
[0, 19, 220] (187500,)
[0, 34, 220] (187500,)
[0, 53, 147, 220] (187500,)
[0, 128, 147, 220] (166500,)
[0, 53, 220] (166500,)
[0, 147, 151, 220] (187500,)
[0, 147, 151, 220] (187500,)
[0, 133, 147, 220] (187500,)
[0, 38, 113, 220] (166500,)
[0, 90, 128, 220] (166500,)
[0, 38, 57, 133, 220] (187500,)
[0, 113, 220] (169500,)
[0, 53, 75, 147, 220] (167000,)
[0, 128, 220] (187500,)
[0, 128, 220] (187500,)
[0, 38, 220] (187500,)
[0, 109, 128, 220] (179000,)
[0, 113, 220] (204500,)
[0, 113, 220] (150528,)
[0, 34, 220] (229500,)
[0, 147, 220] (187500,)
[0, 34, 220] (166500,)
[0, 75, 147, 220] (169000,)
[0, 34, 220] (166500,)
[0, 38, 57, 113, 220] (187500,)
[0, 34, 220] (166500,)
[0, 19, 220] (200000,)
[0, 53, 220] (166500,)
[0, 38, 220] (112000,)
[0, 147, 220] (187500,)
[0, 151, 220] (187500,)
[0, 147, 220] (187500,)
[0, 113, 220] (166500,)
[0, 151, 220] (187500,)
[0, 52, 57, 220] (187500,)
[0, 128, 220] (77056,)
[0, 34, 147, 220] (187500,)
[0, 94, 220] (194500,)
[0, 109, 147, 220] (187500,)
[0, 109, 220] (139968,)
[0, 151, 220] (166500,)
[0, 151, 220] (166500,)
[0, 109, 220] (187500,)
[0, 38, 52, 113, 220] (187500,)
[0, 90, 147, 220] (187500,)
[0, 147, 220] (136500,)
[0, 19, 220] (187500,)
[0, 113, 220] (187500,)
[0, 151, 220] (166000,)
[0, 94, 220] (187500,)
[0, 38, 57, 113, 220] (207500,)
[0, 113, 220] (178500,)
[0, 128, 220] (147500,)
[0, 19, 220] (187500,)
[0, 38, 220] (161000,)
[0, 75, 220] (187500,)
[0, 19, 220] (166500,)
[0, 76, 220] (166500,)
[0, 57, 133, 147, 220] (187500,)
[0, 53, 147, 220] (187500,)
[0, 72, 220] (122056,)
[0, 113, 220] (228500,)
[0, 113, 220] (175000,)
[0, 147, 220] (159500,)
[0, 38, 220] (187500,)
[0, 34, 220] (187500,)
[0, 34, 220] (187500,)
[0, 72, 147, 220] (166000,)
[0, 76, 220] (187500,)
[0, 147, 151, 220] (150528,)
[0, 76, 220] (187500,)
[0, 38, 220] (166000,)
[0, 38, 220] (171000,)
[0, 15, 220] (189000,)
[0, 75, 147, 220] (187500,)
[0, 72, 220] (187500,)
[0, 34, 220] (187500,)
[0, 34, 220] (167000,)
[0, 113, 220] (166000,)
[0, 38, 220] (172500,)
[0, 38, 220] (167500,)
[0, 75, 147, 220] (167000,)
[0, 15, 220] (187500,)
[0, 128, 147, 220] (184000,)
[0, 19, 220] (187500,)
[0, 76, 220] (187500,)
[0, 34, 220] (187500,)
[0, 128, 147, 220] (171000,)
[0, 34, 220] (166500,)
[0, 34, 220] (179000,)
[0, 109, 220] (162000,)
[0, 34, 128, 220] (187500,)
[0, 94, 220] (175500,)
[0, 128, 147, 151, 220] (187500,)
[0, 75, 147, 220] (166500,)
[0, 147, 220] (167000,)
[0, 52, 57, 220] (187500,)
[0, 75, 220] (187500,)
[0, 15, 220] (165000,)
[0, 19, 220] (162500,)
[0, 52, 220] (187500,)
[0, 76, 220] (187500,)
[0, 57, 147, 220] (187500,)
[0, 72, 220] (187500,)
[0, 113, 220] (184000,)
[0, 113, 147, 220] (187500,)
[0, 72, 220] (166500,)
[0, 109, 147, 220] (166500,)
[0, 15, 147, 220] (187500,)
[0, 19, 220] (187500,)
[0, 38, 220] (187500,)
[0, 94, 220] (187500,)
[0, 19, 220] (187500,)
[0, 151, 220] (165000,)
[0, 113, 147, 220] (187500,)
[0, 19, 113, 220] (166500,)
[0, 75, 147, 220] (166500,)
[0, 113, 220] (178500,)
[0, 147, 220] (166500,)
[0, 75, 147, 220] (187500,)
[0, 113, 220] (166500,)
[0, 75, 147, 220] (166500,)
[0, 34, 220] (187500,)
[0, 38, 220] (166500,)
[0, 53, 220] (187500,)
[0, 34, 147, 220] (187500,)
[0, 128, 147, 220] (168000,)
[0, 94, 220] (166500,)
[0, 72, 147, 220] (208500,)
[0, 15, 220] (187500,)
[0, 57, 220] (166500,)
[0, 52, 220] (187500,)
[0, 15, 220] (187500,)
[0, 90, 220] (187500,)
[0, 113, 220] (166500,)
[0, 109, 147, 220] (187500,)
[0, 72, 220] (187500,)
[0, 15, 220] (169500,)
[0, 72, 128, 147, 220] (152640,)
[0, 19, 147, 220] (187500,)
[0, 52, 57, 147, 220] (187500,)
[0, 76, 220] (187500,)
[0, 72, 220] (172800,)
[0, 38, 53, 220] (187500,)
[0, 94, 220] (187500,)
[0, 57, 113, 147, 220] (166500,)
[0, 151, 220] (167500,)
[0, 94, 220] (187500,)
[0, 94, 220] (171000,)
[0, 38, 220] (166500,)
[0, 72, 147, 220] (170880,)
[0, 38, 90, 128, 220] (187500,)
[0, 19, 220] (187500,)
[0, 57, 133, 220] (166500,)
[0, 15, 147, 220] (187500,)
[0, 94, 220] (166500,)
[0, 113, 220] (181500,)
[0, 151, 220] (187500,)
[0, 75, 147, 220] (166500,)
[0, 109, 220] (166500,)
[0, 15, 220] (187500,)
[0, 52, 57, 220] (166500,)
[0, 147, 151, 220] (175000,)
[0, 52, 57, 147, 220] (188500,)
[0, 53, 220] (187500,)
[0, 38, 220] (183000,)
[0, 113, 220] (234000,)
[0, 113, 220] (187500,)
[0, 15, 220] (166500,)
[0, 38, 53, 147, 220] (166500,)
[0, 57, 133, 147, 220] (188000,)
[0, 147, 220] (167000,)
[0, 75, 147, 220] (165000,)
[0, 151, 220] (187500,)
[0, 72, 147, 220] (166500,)
[0, 19, 220] (187500,)
[0, 38, 220] (187500,)
[0, 147, 220] (187500,)
[0, 34, 113, 220] (187500,)
[0, 76, 220] (187500,)
[0, 113, 220] (166500,)
[0, 113, 220] (128800,)
[0, 38, 147, 220] (187500,)
[0, 57, 220] (182500,)
[0, 147, 220] (187500,)
[0, 113, 220] (187500,)
[0, 90, 220] (187500,)
[0, 128, 220] (181500,)
[0, 57, 133, 220] (187500,)
[0, 151, 220] (121500,)
[0, 38, 57, 113, 133, 220] (167000,)
[0, 75, 220] (187000,)
[0, 72, 220] (187500,)
[0, 19, 220] (166500,)
[0, 113, 220] (187500,)
[0, 34, 147, 220] (187500,)
[0, 147, 220] (187500,)
[0, 151, 220] (187500,)
[0, 72, 147, 220] (238000,)
[0, 151, 220] (187500,)
[0, 113, 220] (187500,)
[0, 151, 220] (187500,)
[0, 34, 220] (187500,)
[0, 38, 57, 113, 147, 220] (187500,)
[0, 75, 128, 147, 220] (187500,)
[0, 72, 220] (187500,)
[0, 90, 128, 147, 220] (166500,)
[0, 53, 113, 147, 220] (217000,)
[0, 19, 57, 220] (187500,)
[0, 19, 220] (187500,)
[0, 76, 220] (187500,)
[0, 38, 220] (166500,)
[0, 113, 220] (187500,)
[0, 38, 220] (187500,)
[0, 90, 147, 220] (187500,)
[0, 15, 220] (199000,)
[0, 53, 220] (166500,)
[0, 38, 147, 220] (187500,)
[0, 34, 220] (187500,)
[0, 38, 220] (187500,)
[0, 113, 220] (187500,)
[0, 147, 220] (166500,)
[0, 94, 147, 220] (177500,)
[0, 72, 220] (166500,)
[0, 75, 220] (187500,)
[0, 53, 220] (190500,)
[0, 34, 220] (166500,)
[0, 113, 220] (187500,)
[0, 57, 220] (216500,)
[0, 53, 147, 220] (187500,)
[0, 113, 220] (64512,)
[0, 94, 220] (187500,)
[0, 113, 220] (187500,)
[0, 53, 220] (214500,)
[0, 15, 128, 220] (187500,)
[0, 76, 220] (166000,)
[0, 109, 220] (187500,)
[0, 76, 220] (187500,)
[0, 128, 220] (187500,)
[0, 75, 220] (166500,)
[0, 147, 220] (187500,)
[0, 38, 220] (167500,)
[0, 38, 53, 57, 133, 147, 220] (187500,)
[0, 19, 220] (166500,)
[0, 19, 220] (171500,)
[0, 109, 220] (187500,)
[0, 90, 128, 220] (187500,)
[0, 57, 113, 220] (187500,)
[0, 113, 220] (166500,)
[0, 113, 220] (187500,)
[0, 109, 147, 220] (166500,)
[0, 109, 220] (187500,)
[0, 72, 147, 220] (166500,)
[0, 52, 57, 220] (187500,)
[0, 19, 220] (187500,)
[0, 34, 113, 147, 220] (195500,)
[0, 72, 220] (157500,)
[0, 109, 220] (166500,)
[0, 38, 220] (187500,)
[0, 133, 220] (187500,)
[0, 147, 151, 220] (115000,)
[0, 147, 220] (187500,)
[0, 72, 220] (166500,)
[0, 52, 57, 220] (187500,)
[0, 38, 220] (190000,)
[0, 94, 147, 220] (137000,)
[19, 113, 220] (187500,)
[0, 113, 220] (166500,)
[0, 94, 220] (187500,)
[0, 147, 220] (215500,)
[0, 38, 220] (166500,)
[0, 72, 147, 220] (187500,)
[0, 72, 147, 220] (166500,)
[0, 76, 147, 220] (187500,)
[0, 15, 147, 220] (187000,)
[0, 34, 220] (187500,)
[0, 15, 220] (188000,)
[0, 38, 220] (187500,)
[0, 38, 220] (166500,)
[0, 90, 128, 220] (181000,)
[0, 19, 220] (187500,)
[0, 90, 220] (169500,)
[0, 53, 57, 147, 220] (187500,)
[0, 19, 38, 53, 220] (187500,)
[0, 151, 220] (200000,)
[0, 109, 147, 220] (167000,)
[0, 15, 109, 147, 220] (190500,)
[0, 133, 147, 220] (187500,)
[0, 94, 220] (187500,)
[0, 38, 57, 113, 220] (184500,)
[0, 19, 34, 113, 220] (187500,)
[0, 15, 220] (167000,)
[0, 94, 220] (187500,)
[0, 57, 133, 147, 220] (166500,)
[0, 72, 147, 220] (71680,)
[0, 38, 220] (167000,)
[0, 94, 220] (167000,)
[0, 19, 220] (166000,)
[0, 75, 220] (187500,)
[0, 52, 220] (187500,)
[0, 72, 220] (112000,)
[0, 128, 220] (173500,)
[0, 147, 220] (71680,)
[0, 113, 147, 220] (187500,)
[0, 76, 220] (169000,)
[0, 113, 220] (187500,)
[0, 72, 220] (227000,)
[0, 38, 220] (166000,)
[0, 90, 220] (187500,)
[0, 57, 133, 220] (187500,)
[0, 34, 57, 220] (168000,)
[0, 151, 220] (187500,)
[0, 113, 220] (178500,)
[0, 75, 147, 220] (176500,)
[0, 38, 147, 220] (187500,)
[0, 38, 220] (120000,)
[0, 19, 57, 147, 220] (187500,)
[0, 109, 220] (187500,)
[0, 52, 147, 220] (158000,)
[0, 34, 147, 220] (187500,)
[0, 109, 147, 220] (144500,)
[0, 128, 220] (140500,)
[0, 34, 76, 220] (159500,)
[0, 38, 220] (146500,)
[0, 19, 147, 220] (187500,)
[0, 52, 220] (250000,)
[0, 128, 220] (187500,)
[0, 38, 220] (187500,)
[0, 19, 220] (187500,)
[0, 34, 220] (187500,)
[0, 53, 220] (166500,)
[0, 90, 220] (187500,)
[0, 109, 147, 220] (179000,)
[0, 34, 57, 220] (187500,)
[0, 38, 57, 113, 220] (187500,)
[0, 94, 147, 220] (173500,)
[0, 19, 220] (187500,)
[0, 38, 53, 133, 147, 220] (187500,)
[0, 38, 220] (187500,)
[0, 15, 220] (133000,)
[0, 113, 220] (162000,)
[0, 19, 220] (187500,)
[0, 113, 220] (195500,)
[0, 76, 220] (207000,)
[0, 133, 147, 220] (166500,)
[0, 76, 220] (187500,)
[0, 15, 220] (184000,)
[0, 147, 220] (169000,)
[0, 15, 147, 220] (140500,)
[0, 72, 220] (166000,)
[0, 147, 220] (116256,)
[0, 113, 220] (169000,)
[0, 109, 220] (187500,)
[0, 151, 220] (167000,)
[0, 109, 147, 220] (169000,)
[0, 113, 147, 220] (164500,)
[0, 151, 220] (166000,)
[0, 53, 220] (236500,)
[0, 113, 220] (187500,)
[0, 72, 220] (181000,)
[0, 94, 220] (187500,)
[0, 19, 220] (187500,)
[0, 94, 220] (187500,)
[0, 94, 220] (187500,)
[0, 38, 147, 220] (166000,)
[0, 34, 220] (166500,)
[0, 75, 147, 220] (166500,)
[0, 53, 57, 147, 220] (91700,)
[0, 128, 220] (187500,)
[0, 19, 220] (187500,)
[0, 38, 147, 220] (166000,)
[0, 113, 220] (187500,)
[0, 75, 220] (187500,)
[0, 34, 76, 147, 220] (166500,)
[0, 128, 147, 220] (136500,)
[0, 19, 38, 52, 220] (187500,)
[0, 38, 147, 220] (156500,)
[0, 15, 220] (187500,)
[0, 34, 220] (166500,)
[0, 57, 113, 147, 220] (187500,)
[0, 19, 220] (187500,)
[0, 72, 147, 220] (209500,)
[0, 53, 147, 220] (156500,)
[0, 19, 220] (166500,)
[0, 38, 220] (166500,)
[0, 75, 147, 220] (187500,)
[0, 109, 147, 220] (187500,)
[0, 109, 128, 147, 220] (143717,)
[0, 75, 147, 220] (166500,)
[0, 113, 220] (168500,)
[0, 38, 75, 128, 147, 220] (187500,)
[0, 151, 220] (187500,)
[0, 151, 220] (187500,)

[0, 75, 128, 220] (187500,)
[0, 57, 133, 220] (187500,)
[0, 52, 147, 220] (187500,)
[0, 113, 220] (187500,)
[0, 34, 147, 220] (167000,)
[0, 38, 220] (212500,)
[0, 34, 220] (187500,)
[0, 38, 220] (167000,)
[0, 57, 147, 220] (187500,)
[0, 147, 220] (166500,)
[0, 52, 220] (187500,)
[0, 109, 147, 220] (187500,)
[0, 19, 57, 133, 220] (205500,)
[0, 34, 220] (206500,)
[0, 19, 220] (187500,)
[0, 57, 133, 220] (187500,)
[0, 38, 220] (166500,)
[0, 38, 57, 113, 220] (187500,)
[0, 72, 220] (166500,)
[0, 128, 220] (139968,)
[0, 53, 57, 133, 220] (187500,)
[0, 94, 147, 220] (202000,)
[0, 113, 220] (250000,)
[0, 57, 220] (187500,)
[0, 94, 220] (214500,)
[0, 113, 220] (159000,)
[0, 90, 113, 220] (145000,)
[0, 113, 220] (194000,)
[0, 15, 220] (166500,)
[0, 57, 113, 220] (178500,)
[0, 19, 38, 220] (187500,)
[0, 34, 220] (187500,)
[0, 34, 220] (187500,)
  0%|          | 0/46 [00:00<?, ?it/s]  4%|▍         | 2/46 [00:05<01:50,  2.52s/it] 17%|█▋        | 8/46 [00:10<00:45,  1.20s/it] 28%|██▊       | 13/46 [00:18<00:45,  1.36s/it] 41%|████▏     | 19/46 [00:23<00:30,  1.14s/it] 54%|█████▍    | 25/46 [00:31<00:25,  1.23s/it] 67%|██████▋   | 31/46 [00:36<00:16,  1.09s/it] 80%|████████  | 37/46 [00:44<00:10,  1.20s/it] 98%|█████████▊| 45/46 [00:52<00:01,  1.10s/it]100%|██████████| 46/46 [00:52<00:00,  1.15s/it]
val Loss: 1.9377 Acc: 62.6362, Memory allocated: 1.40 GB, Max memory allocated: 3.93 GB
val_color_map: dict_keys([0, 128, 220, 72, 151, 38, 57, 15, 147, 94, 19, 34, 53, 90, 76, 52, 113, 109, 133, 75])
Iou per Class: [tensor(0.6314), tensor(0.0025), tensor(0.), tensor(0.0217), tensor(0.), tensor(0.0002), tensor(0.0001), tensor(0.), tensor(1.2195e-05), tensor(0.), tensor(0.), tensor(0.), tensor(0.), tensor(3.7517e-06), tensor(0.), tensor(0.), tensor(0.), tensor(0.), tensor(0.), nan], Mean IoU: 0.0345
Saved new best model at epoch 1 with Mean IoU: 0.0345
Best epoch 0, Best Loss 1.9376913564134417
任务成功结束
