running with Ivan deep learning work
SLURM job ID: 119357
dataset: ../../data/VOCdevkit/VOC2012/
预训练模型已经存在，无需下载。
预训练模型已经存在，无需下载。
missing_keys:  ['classifier.4.weight', 'classifier.4.bias']
unexpected_keys:  ['aux_classifier.0.weight', 'aux_classifier.1.weight', 'aux_classifier.1.bias', 'aux_classifier.1.running_mean', 'aux_classifier.1.running_var', 'aux_classifier.1.num_batches_tracked']
num_workers: 4
Using device: cuda
Using version: 2.2.1

Device name: Tesla P100-PCIE-16GB
Total memory: 15.8992919921875 GB
Allocated memory: 0.0 GB
Cached memory: 0.0 GB
Task name: fcn
Epoch 1/50
----------

  0%|          | 0/31 [00:00<?, ?it/s]
  3%|▎         | 1/31 [00:09<04:36,  9.22s/it]
 16%|█▌        | 5/31 [00:15<01:09,  2.67s/it]
 29%|██▉       | 9/31 [00:23<00:49,  2.26s/it]
 42%|████▏     | 13/31 [00:30<00:36,  2.04s/it]
 55%|█████▍    | 17/31 [00:37<00:27,  1.97s/it]
 68%|██████▊   | 21/31 [00:44<00:19,  1.93s/it]
 81%|████████  | 25/31 [00:52<00:11,  1.89s/it]
 94%|█████████▎| 29/31 [00:57<00:03,  1.75s/it]
100%|██████████| 31/31 [00:59<00:00,  1.92s/it]
train Loss: 1.8080 Acc: 69.1828, Memory allocated: 0.62 GB, Max memory allocated: 10.47 GB
train_color_map: dict_keys([0, 38, 147, 220, 52, 34, 57, 113, 53, 15, 133, 151, 109, 72, 94, 75, 128, 19, 90, 76])

  0%|          | 0/31 [00:00<?, ?it/s]
  3%|▎         | 1/31 [00:06<03:27,  6.92s/it]
 16%|█▌        | 5/31 [00:13<01:01,  2.35s/it]
 29%|██▉       | 9/31 [00:19<00:41,  1.90s/it]
 42%|████▏     | 13/31 [00:25<00:31,  1.74s/it]
 55%|█████▍    | 17/31 [00:31<00:23,  1.68s/it]
 68%|██████▊   | 21/31 [00:38<00:16,  1.68s/it]
 81%|████████  | 25/31 [00:44<00:09,  1.66s/it]
 94%|█████████▎| 29/31 [00:50<00:03,  1.59s/it]
100%|██████████| 31/31 [00:52<00:00,  1.69s/it]
val Loss: 1.3999 Acc: 75.1298, Memory allocated: 2.43 GB, Max memory allocated: 3.86 GB
val_color_map: dict_keys([0, 38, 147, 220, 52, 34, 57, 113, 53, 15, 133, 151, 109, 72, 94, 75, 128, 19, 90, 76])
Iou per Class: [tensor(0.7906), tensor(0.4921), tensor(0.7075), tensor(0.1734), tensor(0.4096), tensor(0.3843), tensor(0.), tensor(0.3168), tensor(0.0401), tensor(0.3523), tensor(0.3079), tensor(0.6805), tensor(0.5506), tensor(0.4660), tensor(0.2793), tensor(0.), tensor(0.6796), tensor(0.6169), tensor(0.7051), tensor(0.5239)], Mean IoU: 0.4238
Saved new best model at epoch 1 with Mean IoU: 0.4238
Learning rate: 0.0001
Epoch 2/50
----------

  0%|          | 0/31 [00:00<?, ?it/s]
  3%|▎         | 1/31 [00:07<03:50,  7.68s/it]
 16%|█▌        | 5/31 [00:15<01:10,  2.72s/it]
 29%|██▉       | 9/31 [00:22<00:48,  2.22s/it]
 42%|████▏     | 13/31 [00:29<00:36,  2.04s/it]
 55%|█████▍    | 17/31 [00:37<00:27,  1.97s/it]
 68%|██████▊   | 21/31 [00:44<00:19,  1.95s/it]
 81%|████████  | 25/31 [00:52<00:11,  1.94s/it]
 94%|█████████▎| 29/31 [00:58<00:03,  1.78s/it]
100%|██████████| 31/31 [00:59<00:00,  1.93s/it]
train Loss: 1.1503 Acc: 80.2404, Memory allocated: 2.52 GB, Max memory allocated: 12.36 GB
train_color_map: dict_keys([0, 38, 147, 220, 52, 34, 57, 113, 53, 15, 133, 151, 109, 72, 94, 75, 128, 19, 90, 76])

  0%|          | 0/31 [00:00<?, ?it/s]
  3%|▎         | 1/31 [00:07<03:44,  7.49s/it]
 16%|█▌        | 5/31 [00:14<01:05,  2.50s/it]
 29%|██▉       | 9/31 [00:20<00:45,  2.06s/it]
 42%|████▏     | 13/31 [00:27<00:33,  1.86s/it]
 55%|█████▍    | 17/31 [00:33<00:25,  1.80s/it]
 68%|██████▊   | 21/31 [00:40<00:17,  1.74s/it]
 81%|████████  | 25/31 [00:46<00:10,  1.69s/it]
 94%|█████████▎| 29/31 [00:53<00:03,  1.66s/it]
100%|██████████| 31/31 [00:53<00:00,  1.73s/it]
val Loss: 1.1550 Acc: 79.5406, Memory allocated: 2.43 GB, Max memory allocated: 3.86 GB
val_color_map: dict_keys([0, 38, 147, 220, 52, 34, 57, 113, 53, 15, 133, 151, 109, 72, 94, 75, 128, 19, 90, 76])
Iou per Class: [tensor(0.8214), tensor(0.5462), tensor(0.7324), tensor(0.1924), tensor(0.5361), tensor(0.4481), tensor(0.0100), tensor(0.4592), tensor(0.5235), tensor(0.4423), tensor(0.5231), tensor(0.6437), tensor(0.6071), tensor(0.5061), tensor(0.4486), tensor(0.), tensor(0.6420), tensor(0.5979), tensor(0.7492), tensor(0.5389)], Mean IoU: 0.4984
Saved new best model at epoch 2 with Mean IoU: 0.4984
Learning rate: 0.0001
Epoch 3/50
----------

  0%|          | 0/31 [00:00<?, ?it/s]
  3%|▎         | 1/31 [00:08<04:06,  8.22s/it]
 16%|█▌        | 5/31 [00:14<01:08,  2.65s/it]
 29%|██▉       | 9/31 [00:21<00:46,  2.13s/it]
 42%|████▏     | 13/31 [00:29<00:36,  2.01s/it]
 55%|█████▍    | 17/31 [00:36<00:27,  1.95s/it]
 68%|██████▊   | 21/31 [00:44<00:19,  1.92s/it]
 81%|████████  | 25/31 [00:51<00:11,  1.92s/it]
 94%|█████████▎| 29/31 [00:58<00:03,  1.83s/it]
100%|██████████| 31/31 [01:00<00:00,  1.94s/it]
train Loss: 0.9404 Acc: 82.2548, Memory allocated: 2.52 GB, Max memory allocated: 12.36 GB
train_color_map: dict_keys([0, 38, 147, 220, 52, 34, 57, 113, 53, 15, 133, 151, 109, 72, 94, 75, 128, 19, 90, 76])

  0%|          | 0/31 [00:00<?, ?it/s]
  3%|▎         | 1/31 [00:06<03:22,  6.76s/it]
 16%|█▌        | 5/31 [00:13<01:00,  2.34s/it]
 29%|██▉       | 9/31 [00:19<00:42,  1.92s/it]
 42%|████▏     | 13/31 [00:26<00:33,  1.85s/it]
 55%|█████▍    | 17/31 [00:33<00:25,  1.80s/it]
 68%|██████▊   | 21/31 [00:39<00:17,  1.70s/it]
 81%|████████  | 25/31 [00:46<00:10,  1.71s/it]
 94%|█████████▎| 29/31 [00:52<00:03,  1.69s/it]
100%|██████████| 31/31 [00:54<00:00,  1.77s/it]
val Loss: 0.9586 Acc: 80.7139, Memory allocated: 2.43 GB, Max memory allocated: 3.86 GB
val_color_map: dict_keys([0, 38, 147, 220, 52, 34, 57, 113, 53, 15, 133, 151, 109, 72, 94, 75, 128, 19, 90, 76])
Iou per Class: [tensor(0.8272), tensor(0.5511), tensor(0.7329), tensor(0.2079), tensor(0.5880), tensor(0.5795), tensor(0.1647), tensor(0.5046), tensor(0.5444), tensor(0.5352), tensor(0.5258), tensor(0.5840), tensor(0.5400), tensor(0.5704), tensor(0.4900), tensor(0.), tensor(0.6687), tensor(0.6751), tensor(0.6442), tensor(0.4979)], Mean IoU: 0.5216
Saved new best model at epoch 3 with Mean IoU: 0.5216
Learning rate: 0.0001
Epoch 4/50
----------

  0%|          | 0/31 [00:00<?, ?it/s]
  3%|▎         | 1/31 [00:08<04:05,  8.17s/it]
 16%|█▌        | 5/31 [00:14<01:07,  2.61s/it]
 29%|██▉       | 9/31 [00:22<00:48,  2.22s/it]
 42%|████▏     | 13/31 [00:29<00:36,  2.01s/it]
 55%|█████▍    | 17/31 [00:36<00:26,  1.92s/it]
 68%|██████▊   | 21/31 [00:44<00:19,  1.92s/it]
 81%|████████  | 25/31 [00:51<00:11,  1.88s/it]
 94%|█████████▎| 29/31 [00:57<00:03,  1.77s/it]
100%|██████████| 31/31 [00:59<00:00,  1.91s/it]
train Loss: 0.7695 Acc: 84.5087, Memory allocated: 2.52 GB, Max memory allocated: 12.36 GB
train_color_map: dict_keys([0, 38, 147, 220, 52, 34, 57, 113, 53, 15, 133, 151, 109, 72, 94, 75, 128, 19, 90, 76])

  0%|          | 0/31 [00:00<?, ?it/s]
  3%|▎         | 1/31 [00:09<04:40,  9.34s/it]
 16%|█▌        | 5/31 [00:16<01:16,  2.93s/it]
 29%|██▉       | 9/31 [00:23<00:49,  2.27s/it]
 42%|████▏     | 13/31 [00:30<00:36,  2.01s/it]
 55%|█████▍    | 17/31 [00:36<00:26,  1.89s/it]
 68%|██████▊   | 21/31 [00:43<00:18,  1.84s/it]
 81%|████████  | 25/31 [00:51<00:10,  1.82s/it]
 94%|█████████▎| 29/31 [00:56<00:03,  1.71s/it]
100%|██████████| 31/31 [00:57<00:00,  1.85s/it]
val Loss: 0.8442 Acc: 81.1660, Memory allocated: 2.43 GB, Max memory allocated: 3.86 GB
val_color_map: dict_keys([0, 38, 147, 220, 52, 34, 57, 113, 53, 15, 133, 151, 109, 72, 94, 75, 128, 19, 90, 76])
Iou per Class: [tensor(0.8343), tensor(0.5651), tensor(0.7569), tensor(0.2287), tensor(0.4328), tensor(0.5406), tensor(0.1499), tensor(0.4540), tensor(0.5017), tensor(0.5318), tensor(0.4633), tensor(0.6038), tensor(0.6035), tensor(0.5351), tensor(0.4828), tensor(0.0004), tensor(0.6891), tensor(0.7128), tensor(0.7711), tensor(0.5735)], Mean IoU: 0.5216
Learning rate: 0.0001
Epoch 5/50
----------

  0%|          | 0/31 [00:00<?, ?it/s]
  3%|▎         | 1/31 [00:07<03:56,  7.87s/it]
 16%|█▌        | 5/31 [00:15<01:11,  2.74s/it]
 29%|██▉       | 9/31 [00:21<00:47,  2.14s/it]
 42%|████▏     | 13/31 [00:29<00:36,  2.02s/it]
 55%|█████▍    | 17/31 [00:36<00:27,  1.94s/it]
 68%|██████▊   | 21/31 [00:43<00:18,  1.86s/it]
 81%|████████  | 25/31 [00:50<00:10,  1.82s/it]
 94%|█████████▎| 29/31 [00:56<00:03,  1.73s/it]
100%|██████████| 31/31 [00:58<00:00,  1.90s/it]
train Loss: 0.6620 Acc: 85.6463, Memory allocated: 2.52 GB, Max memory allocated: 12.35 GB
train_color_map: dict_keys([0, 38, 147, 220, 52, 34, 57, 113, 53, 15, 133, 151, 109, 72, 94, 75, 128, 19, 90, 76])

  0%|          | 0/31 [00:00<?, ?it/s]
  3%|▎         | 1/31 [00:07<03:38,  7.29s/it]
 16%|█▌        | 5/31 [00:13<01:04,  2.47s/it]
 29%|██▉       | 9/31 [00:20<00:43,  1.99s/it]
 42%|████▏     | 13/31 [00:27<00:33,  1.88s/it]
 55%|█████▍    | 17/31 [00:33<00:24,  1.78s/it]
 68%|██████▊   | 21/31 [00:40<00:17,  1.72s/it]
 81%|████████  | 25/31 [00:46<00:10,  1.71s/it]
 94%|█████████▎| 29/31 [00:52<00:03,  1.64s/it]
100%|██████████| 31/31 [00:53<00:00,  1.72s/it]
val Loss: 0.7916 Acc: 80.9303, Memory allocated: 2.43 GB, Max memory allocated: 3.86 GB
val_color_map: dict_keys([0, 38, 147, 220, 52, 34, 57, 113, 53, 15, 133, 151, 109, 72, 94, 75, 128, 19, 90, 76])
Iou per Class: [tensor(0.8329), tensor(0.5973), tensor(0.7145), tensor(0.2023), tensor(0.5478), tensor(0.4408), tensor(0.1799), tensor(0.5210), tensor(0.5358), tensor(0.4849), tensor(0.4500), tensor(0.6835), tensor(0.5004), tensor(0.6087), tensor(0.5487), tensor(0.1328), tensor(0.6913), tensor(0.5484), tensor(0.7724), tensor(0.6065)], Mean IoU: 0.5300
Saved new best model at epoch 5 with Mean IoU: 0.5300
Learning rate: 0.0001
Epoch 6/50
----------

  0%|          | 0/31 [00:00<?, ?it/s]
  3%|▎         | 1/31 [00:08<04:05,  8.18s/it]
 16%|█▌        | 5/31 [00:15<01:10,  2.72s/it]
 29%|██▉       | 9/31 [00:22<00:48,  2.22s/it]
 42%|████▏     | 13/31 [00:29<00:35,  1.99s/it]
 55%|█████▍    | 17/31 [00:36<00:27,  1.95s/it]
 68%|██████▊   | 21/31 [00:44<00:18,  1.90s/it]
 81%|████████  | 25/31 [00:51<00:11,  1.88s/it]
 94%|█████████▎| 29/31 [00:57<00:03,  1.77s/it]
100%|██████████| 31/31 [00:59<00:00,  1.91s/it]
train Loss: 0.5838 Acc: 86.6791, Memory allocated: 2.52 GB, Max memory allocated: 12.36 GB
train_color_map: dict_keys([0, 38, 147, 220, 52, 34, 57, 113, 53, 15, 133, 151, 109, 72, 94, 75, 128, 19, 90, 76])

  0%|          | 0/31 [00:00<?, ?it/s]
  3%|▎         | 1/31 [00:06<03:25,  6.86s/it]
 16%|█▌        | 5/31 [00:13<01:02,  2.40s/it]
 29%|██▉       | 9/31 [00:19<00:43,  1.96s/it]
 42%|████▏     | 13/31 [00:26<00:32,  1.79s/it]
 55%|█████▍    | 17/31 [00:32<00:24,  1.76s/it]
 68%|██████▊   | 21/31 [00:39<00:17,  1.76s/it]
 81%|████████  | 25/31 [00:46<00:10,  1.68s/it]
 94%|█████████▎| 29/31 [00:51<00:03,  1.61s/it]
100%|██████████| 31/31 [00:52<00:00,  1.69s/it]
val Loss: 0.7152 Acc: 82.1770, Memory allocated: 2.43 GB, Max memory allocated: 3.86 GB
val_color_map: dict_keys([0, 38, 147, 220, 52, 34, 57, 113, 53, 15, 133, 151, 109, 72, 94, 75, 128, 19, 90, 76])
Iou per Class: [tensor(0.8392), tensor(0.5992), tensor(0.7735), tensor(0.2366), tensor(0.5572), tensor(0.5670), tensor(0.1075), tensor(0.4864), tensor(0.4974), tensor(0.5311), tensor(0.3499), tensor(0.7283), tensor(0.6635), tensor(0.5340), tensor(0.4837), tensor(0.0417), tensor(0.7127), tensor(0.6806), tensor(0.7515), tensor(0.5887)], Mean IoU: 0.5365
Saved new best model at epoch 6 with Mean IoU: 0.5365
Learning rate: 0.0001
Epoch 7/50
----------

  0%|          | 0/31 [00:00<?, ?it/s]
  3%|▎         | 1/31 [00:07<03:55,  7.86s/it]
 16%|█▌        | 5/31 [00:14<01:08,  2.65s/it]
 29%|██▉       | 9/31 [00:22<00:48,  2.20s/it]
 42%|████▏     | 13/31 [00:29<00:37,  2.06s/it]
 55%|█████▍    | 17/31 [00:37<00:27,  2.00s/it]
 68%|██████▊   | 21/31 [00:44<00:19,  1.92s/it]
 81%|████████  | 25/31 [00:51<00:11,  1.86s/it]
 94%|█████████▎| 29/31 [00:57<00:03,  1.75s/it]
100%|██████████| 31/31 [00:59<00:00,  1.91s/it]
train Loss: 0.5268 Acc: 87.4097, Memory allocated: 2.52 GB, Max memory allocated: 12.35 GB
train_color_map: dict_keys([0, 38, 147, 220, 52, 34, 57, 113, 53, 15, 133, 151, 109, 72, 94, 75, 128, 19, 90, 76])

  0%|          | 0/31 [00:00<?, ?it/s]
  3%|▎         | 1/31 [00:07<03:31,  7.04s/it]
 16%|█▌        | 5/31 [00:13<01:02,  2.42s/it]
 29%|██▉       | 9/31 [00:20<00:44,  2.01s/it]
 42%|████▏     | 13/31 [00:26<00:32,  1.83s/it]
 55%|█████▍    | 17/31 [00:33<00:24,  1.77s/it]
 68%|██████▊   | 21/31 [00:40<00:17,  1.74s/it]
 81%|████████  | 25/31 [00:46<00:10,  1.70s/it]
 94%|█████████▎| 29/31 [00:52<00:03,  1.65s/it]
100%|██████████| 31/31 [00:53<00:00,  1.74s/it]
val Loss: 0.6688 Acc: 82.4844, Memory allocated: 2.43 GB, Max memory allocated: 3.86 GB
val_color_map: dict_keys([0, 38, 147, 220, 52, 34, 57, 113, 53, 15, 133, 151, 109, 72, 94, 75, 128, 19, 90, 76])
Iou per Class: [tensor(0.8338), tensor(0.5647), tensor(0.7532), tensor(0.2261), tensor(0.6093), tensor(0.5767), tensor(0.2016), tensor(0.5119), tensor(0.4250), tensor(0.4592), tensor(0.4284), tensor(0.6994), tensor(0.6650), tensor(0.5474), tensor(0.5734), tensor(0.1097), tensor(0.7167), tensor(0.6908), tensor(0.7122), tensor(0.6238)], Mean IoU: 0.5464
Saved new best model at epoch 7 with Mean IoU: 0.5464
Learning rate: 0.0001
Epoch 8/50
----------

  0%|          | 0/31 [00:00<?, ?it/s]
  3%|▎         | 1/31 [00:07<03:57,  7.93s/it]
 16%|█▌        | 5/31 [00:15<01:12,  2.79s/it]
 29%|██▉       | 9/31 [00:23<00:51,  2.35s/it]
 42%|████▏     | 13/31 [00:30<00:37,  2.10s/it]
 55%|█████▍    | 17/31 [00:38<00:28,  2.03s/it]
 68%|██████▊   | 21/31 [00:46<00:19,  2.00s/it]
 81%|████████  | 25/31 [00:52<00:11,  1.90s/it]
 94%|█████████▎| 29/31 [00:59<00:03,  1.79s/it]
100%|██████████| 31/31 [01:00<00:00,  1.96s/it]
train Loss: 0.4863 Acc: 87.9664, Memory allocated: 2.52 GB, Max memory allocated: 12.35 GB
train_color_map: dict_keys([0, 38, 147, 220, 52, 34, 57, 113, 53, 15, 133, 151, 109, 72, 94, 75, 128, 19, 90, 76])

  0%|          | 0/31 [00:00<?, ?it/s]
  3%|▎         | 1/31 [00:07<03:38,  7.29s/it]
 16%|█▌        | 5/31 [00:13<01:04,  2.49s/it]
 29%|██▉       | 9/31 [00:20<00:45,  2.06s/it]
 42%|████▏     | 13/31 [00:27<00:34,  1.89s/it]
 55%|█████▍    | 17/31 [00:34<00:25,  1.85s/it]
 68%|██████▊   | 21/31 [00:41<00:18,  1.81s/it]
 81%|████████  | 25/31 [00:48<00:10,  1.79s/it]
 94%|█████████▎| 29/31 [00:54<00:03,  1.71s/it]
100%|██████████| 31/31 [00:55<00:00,  1.78s/it]
val Loss: 0.6655 Acc: 82.2532, Memory allocated: 2.43 GB, Max memory allocated: 3.86 GB
val_color_map: dict_keys([0, 38, 147, 220, 52, 34, 57, 113, 53, 15, 133, 151, 109, 72, 94, 75, 128, 19, 90, 76])
Iou per Class: [tensor(0.8361), tensor(0.6116), tensor(0.7324), tensor(0.2013), tensor(0.5656), tensor(0.5119), tensor(0.2532), tensor(0.4966), tensor(0.5420), tensor(0.5399), tensor(0.4935), tensor(0.6660), tensor(0.5956), tensor(0.5350), tensor(0.5504), tensor(0.2607), tensor(0.7234), tensor(0.6362), tensor(0.7547), tensor(0.5719)], Mean IoU: 0.5539
Saved new best model at epoch 8 with Mean IoU: 0.5539
Learning rate: 0.0001
Epoch 9/50
----------

  0%|          | 0/31 [00:00<?, ?it/s]
  3%|▎         | 1/31 [00:07<03:56,  7.89s/it]
 16%|█▌        | 5/31 [00:15<01:11,  2.76s/it]
 29%|██▉       | 9/31 [00:22<00:49,  2.26s/it]
 42%|████▏     | 13/31 [00:29<00:36,  2.05s/it]
 55%|█████▍    | 17/31 [00:37<00:27,  1.97s/it]
 68%|██████▊   | 21/31 [00:44<00:19,  1.93s/it]
 81%|████████  | 25/31 [00:51<00:11,  1.87s/it]
 94%|█████████▎| 29/31 [00:57<00:03,  1.77s/it]
100%|██████████| 31/31 [01:00<00:00,  1.95s/it]
train Loss: 0.4573 Acc: 88.0854, Memory allocated: 2.52 GB, Max memory allocated: 12.35 GB
train_color_map: dict_keys([0, 38, 147, 220, 52, 34, 57, 113, 53, 15, 133, 151, 109, 72, 94, 75, 128, 19, 90, 76])

  0%|          | 0/31 [00:00<?, ?it/s]
  3%|▎         | 1/31 [00:07<03:38,  7.27s/it]
 16%|█▌        | 5/31 [00:13<01:03,  2.44s/it]
 29%|██▉       | 9/31 [00:20<00:44,  2.04s/it]
 42%|████▏     | 13/31 [00:27<00:34,  1.90s/it]
 55%|█████▍    | 17/31 [00:33<00:25,  1.79s/it]
 68%|██████▊   | 21/31 [00:40<00:17,  1.78s/it]
 81%|████████  | 25/31 [00:47<00:10,  1.71s/it]
 94%|█████████▎| 29/31 [00:53<00:03,  1.65s/it]
100%|██████████| 31/31 [00:53<00:00,  1.74s/it]
val Loss: 0.6655 Acc: 81.7326, Memory allocated: 2.43 GB, Max memory allocated: 3.86 GB
val_color_map: dict_keys([0, 38, 147, 220, 52, 34, 57, 113, 53, 15, 133, 151, 109, 72, 94, 75, 128, 19, 90, 76])
Iou per Class: [tensor(0.8339), tensor(0.5836), tensor(0.7455), tensor(0.2102), tensor(0.5310), tensor(0.5106), tensor(0.1954), tensor(0.4237), tensor(0.5142), tensor(0.4712), tensor(0.5016), tensor(0.7096), tensor(0.6476), tensor(0.5458), tensor(0.5643), tensor(0.2443), tensor(0.6843), tensor(0.6230), tensor(0.7478), tensor(0.5587)], Mean IoU: 0.5423
Learning rate: 0.0001
Epoch 10/50
----------

  0%|          | 0/31 [00:00<?, ?it/s]
  3%|▎         | 1/31 [00:07<03:52,  7.74s/it]
 16%|█▌        | 5/31 [00:14<01:08,  2.63s/it]
 29%|██▉       | 9/31 [00:21<00:47,  2.15s/it]
 42%|████▏     | 13/31 [00:28<00:34,  1.91s/it]
 52%|█████▏    | 16/31 [00:33<00:27,  1.84s/it]
 61%|██████▏   | 19/31 [00:39<00:23,  1.92s/it]
 71%|███████   | 22/31 [00:46<00:18,  2.02s/it]
 84%|████████▍ | 26/31 [00:53<00:09,  1.93s/it]
 97%|█████████▋| 30/31 [00:59<00:01,  1.78s/it]
100%|██████████| 31/31 [01:00<00:00,  1.94s/it]
train Loss: 0.4284 Acc: 88.4130, Memory allocated: 2.52 GB, Max memory allocated: 12.35 GB
train_color_map: dict_keys([0, 38, 147, 220, 52, 34, 57, 113, 53, 15, 133, 151, 109, 72, 94, 75, 128, 19, 90, 76])

  0%|          | 0/31 [00:00<?, ?it/s]
  3%|▎         | 1/31 [00:07<03:37,  7.26s/it]
 16%|█▌        | 5/31 [00:13<01:03,  2.44s/it]
 29%|██▉       | 9/31 [00:20<00:43,  2.00s/it]
 42%|████▏     | 13/31 [00:26<00:33,  1.84s/it]
 55%|█████▍    | 17/31 [00:32<00:24,  1.72s/it]
 68%|██████▊   | 21/31 [00:39<00:17,  1.72s/it]
 81%|████████  | 25/31 [00:46<00:10,  1.70s/it]
 94%|█████████▎| 29/31 [00:52<00:03,  1.65s/it]
100%|██████████| 31/31 [00:53<00:00,  1.72s/it]
val Loss: 0.6144 Acc: 82.9820, Memory allocated: 2.43 GB, Max memory allocated: 3.86 GB
val_color_map: dict_keys([0, 38, 147, 220, 52, 34, 57, 113, 53, 15, 133, 151, 109, 72, 94, 75, 128, 19, 90, 76])
Iou per Class: [tensor(0.8387), tensor(0.5799), tensor(0.7617), tensor(0.2348), tensor(0.5596), tensor(0.5938), tensor(0.1638), tensor(0.5047), tensor(0.4764), tensor(0.4848), tensor(0.4988), tensor(0.6968), tensor(0.6374), tensor(0.5888), tensor(0.5471), tensor(0.2912), tensor(0.6952), tensor(0.7033), tensor(0.7737), tensor(0.6733)], Mean IoU: 0.5652
Saved new best model at epoch 10 with Mean IoU: 0.5652
Learning rate: 0.0001
Epoch 11/50
----------

  0%|          | 0/31 [00:00<?, ?it/s]
  3%|▎         | 1/31 [00:07<03:52,  7.75s/it]
 16%|█▌        | 5/31 [00:15<01:12,  2.79s/it]
 29%|██▉       | 9/31 [00:22<00:49,  2.24s/it]
 42%|████▏     | 13/31 [00:28<00:35,  1.95s/it]
 55%|█████▍    | 17/31 [00:36<00:26,  1.92s/it]
 68%|██████▊   | 21/31 [00:43<00:18,  1.84s/it]
 81%|████████  | 25/31 [00:50<00:11,  1.87s/it]
 94%|█████████▎| 29/31 [00:56<00:03,  1.76s/it]
100%|██████████| 31/31 [00:58<00:00,  1.89s/it]
train Loss: 0.4092 Acc: 88.8706, Memory allocated: 2.52 GB, Max memory allocated: 12.35 GB
train_color_map: dict_keys([0, 38, 147, 220, 52, 34, 57, 113, 53, 15, 133, 151, 109, 72, 94, 75, 128, 19, 90, 76])

  0%|          | 0/31 [00:00<?, ?it/s]
  3%|▎         | 1/31 [00:07<03:38,  7.28s/it]
 16%|█▌        | 5/31 [00:14<01:05,  2.52s/it]
 29%|██▉       | 9/31 [00:20<00:44,  2.04s/it]
 42%|████▏     | 13/31 [00:26<00:32,  1.82s/it]
 55%|█████▍    | 17/31 [00:33<00:24,  1.75s/it]
 68%|██████▊   | 21/31 [00:39<00:16,  1.69s/it]
 81%|████████  | 25/31 [00:46<00:09,  1.66s/it]
 94%|█████████▎| 29/31 [00:52<00:03,  1.66s/it]
100%|██████████| 31/31 [00:53<00:00,  1.72s/it]
val Loss: 0.6408 Acc: 82.0186, Memory allocated: 2.43 GB, Max memory allocated: 3.86 GB
val_color_map: dict_keys([0, 38, 147, 220, 52, 34, 57, 113, 53, 15, 133, 151, 109, 72, 94, 75, 128, 19, 90, 76])
Iou per Class: [tensor(0.8387), tensor(0.5630), tensor(0.7428), tensor(0.2087), tensor(0.5080), tensor(0.5952), tensor(0.2142), tensor(0.4375), tensor(0.5352), tensor(0.5750), tensor(0.4719), tensor(0.6970), tensor(0.6372), tensor(0.5057), tensor(0.3767), tensor(0.3291), tensor(0.7351), tensor(0.6566), tensor(0.7477), tensor(0.5526)], Mean IoU: 0.5464
Learning rate: 9.5e-05
Epoch 12/50
----------

  0%|          | 0/31 [00:00<?, ?it/s]
  3%|▎         | 1/31 [00:08<04:05,  8.17s/it]
 16%|█▌        | 5/31 [00:15<01:12,  2.79s/it]
 29%|██▉       | 9/31 [00:22<00:49,  2.24s/it]
 42%|████▏     | 13/31 [00:29<00:36,  2.04s/it]
 55%|█████▍    | 17/31 [00:37<00:27,  1.97s/it]
 68%|██████▊   | 21/31 [00:44<00:19,  1.90s/it]
 81%|████████  | 25/31 [00:52<00:11,  1.93s/it]
 94%|█████████▎| 29/31 [00:58<00:03,  1.83s/it]
100%|██████████| 31/31 [01:00<00:00,  1.95s/it]
train Loss: 0.3784 Acc: 89.3569, Memory allocated: 2.52 GB, Max memory allocated: 12.35 GB
train_color_map: dict_keys([0, 38, 147, 220, 52, 34, 57, 113, 53, 15, 133, 151, 109, 72, 94, 75, 128, 19, 90, 76])

  0%|          | 0/31 [00:00<?, ?it/s]
  3%|▎         | 1/31 [00:07<03:41,  7.38s/it]
 16%|█▌        | 5/31 [00:14<01:07,  2.58s/it]
 29%|██▉       | 9/31 [00:20<00:45,  2.05s/it]
 42%|████▏     | 13/31 [00:27<00:34,  1.90s/it]
 55%|█████▍    | 17/31 [00:34<00:25,  1.81s/it]
 68%|██████▊   | 21/31 [00:40<00:17,  1.76s/it]
 81%|████████  | 25/31 [00:47<00:10,  1.75s/it]
 94%|█████████▎| 29/31 [00:54<00:03,  1.68s/it]
100%|██████████| 31/31 [00:54<00:00,  1.76s/it]
val Loss: 0.6021 Acc: 82.6127, Memory allocated: 2.43 GB, Max memory allocated: 3.86 GB
val_color_map: dict_keys([0, 38, 147, 220, 52, 34, 57, 113, 53, 15, 133, 151, 109, 72, 94, 75, 128, 19, 90, 76])
Iou per Class: [tensor(0.8456), tensor(0.5881), tensor(0.7442), tensor(0.2239), tensor(0.5547), tensor(0.5179), tensor(0.2233), tensor(0.5122), tensor(0.5427), tensor(0.4735), tensor(0.4454), tensor(0.7200), tensor(0.6351), tensor(0.5852), tensor(0.5358), tensor(0.3283), tensor(0.7000), tensor(0.6947), tensor(0.7621), tensor(0.5639)], Mean IoU: 0.5598
Learning rate: 9.5e-05
Epoch 13/50
----------

  0%|          | 0/31 [00:00<?, ?it/s]
  3%|▎         | 1/31 [00:07<03:49,  7.66s/it]
 16%|█▌        | 5/31 [00:15<01:11,  2.76s/it]
 29%|██▉       | 9/31 [00:22<00:48,  2.19s/it]
 42%|████▏     | 13/31 [00:29<00:36,  2.04s/it]
 55%|█████▍    | 17/31 [00:36<00:26,  1.93s/it]
 68%|██████▊   | 21/31 [00:43<00:18,  1.88s/it]
 81%|████████  | 25/31 [00:51<00:11,  1.87s/it]
 94%|█████████▎| 29/31 [00:57<00:03,  1.75s/it]
100%|██████████| 31/31 [00:58<00:00,  1.90s/it]
train Loss: 0.3500 Acc: 90.1816, Memory allocated: 2.52 GB, Max memory allocated: 12.35 GB
train_color_map: dict_keys([0, 38, 147, 220, 52, 34, 57, 113, 53, 15, 133, 151, 109, 72, 94, 75, 128, 19, 90, 76])

  0%|          | 0/31 [00:00<?, ?it/s]
  3%|▎         | 1/31 [00:07<03:40,  7.36s/it]
 16%|█▌        | 5/31 [00:13<01:03,  2.46s/it]
 29%|██▉       | 9/31 [00:20<00:43,  1.97s/it]
 42%|████▏     | 13/31 [00:26<00:33,  1.85s/it]
 55%|█████▍    | 17/31 [00:33<00:24,  1.78s/it]
 68%|██████▊   | 21/31 [00:40<00:17,  1.73s/it]
 81%|████████  | 25/31 [00:46<00:10,  1.71s/it]
 94%|█████████▎| 29/31 [00:52<00:03,  1.66s/it]
100%|██████████| 31/31 [00:53<00:00,  1.73s/it]
val Loss: 0.6025 Acc: 82.9966, Memory allocated: 2.43 GB, Max memory allocated: 3.86 GB
val_color_map: dict_keys([0, 38, 147, 220, 52, 34, 57, 113, 53, 15, 133, 151, 109, 72, 94, 75, 128, 19, 90, 76])
Iou per Class: [tensor(0.8444), tensor(0.6045), tensor(0.7717), tensor(0.2320), tensor(0.5605), tensor(0.5342), tensor(0.2115), tensor(0.4522), tensor(0.4807), tensor(0.5226), tensor(0.5460), tensor(0.7059), tensor(0.6517), tensor(0.5506), tensor(0.5344), tensor(0.1747), tensor(0.7362), tensor(0.6909), tensor(0.7967), tensor(0.5943)], Mean IoU: 0.5598
Learning rate: 9.5e-05
Epoch 14/50
----------

  0%|          | 0/31 [00:00<?, ?it/s]
  3%|▎         | 1/31 [00:07<03:59,  7.97s/it]
 16%|█▌        | 5/31 [00:15<01:10,  2.70s/it]
 29%|██▉       | 9/31 [00:22<00:49,  2.24s/it]
 42%|████▏     | 13/31 [00:29<00:36,  2.03s/it]
 55%|█████▍    | 17/31 [00:36<00:26,  1.90s/it]
 68%|██████▊   | 21/31 [00:43<00:18,  1.89s/it]
 81%|████████  | 25/31 [00:51<00:11,  1.89s/it]
 94%|█████████▎| 29/31 [00:57<00:03,  1.80s/it]
100%|██████████| 31/31 [00:59<00:00,  1.92s/it]
train Loss: 0.3491 Acc: 89.9939, Memory allocated: 2.52 GB, Max memory allocated: 12.35 GB
train_color_map: dict_keys([0, 38, 147, 220, 52, 34, 57, 113, 53, 15, 133, 151, 109, 72, 94, 75, 128, 19, 90, 76])

  0%|          | 0/31 [00:00<?, ?it/s]
  3%|▎         | 1/31 [00:07<03:37,  7.24s/it]
 16%|█▌        | 5/31 [00:14<01:06,  2.55s/it]
 29%|██▉       | 9/31 [00:20<00:45,  2.07s/it]
 42%|████▏     | 13/31 [00:27<00:34,  1.92s/it]
 55%|█████▍    | 17/31 [00:34<00:25,  1.82s/it]
 68%|██████▊   | 21/31 [00:40<00:17,  1.75s/it]
 81%|████████  | 25/31 [00:47<00:10,  1.71s/it]
 94%|█████████▎| 29/31 [00:53<00:03,  1.67s/it]
100%|██████████| 31/31 [00:54<00:00,  1.75s/it]
val Loss: 0.5854 Acc: 82.9356, Memory allocated: 2.43 GB, Max memory allocated: 3.86 GB
val_color_map: dict_keys([0, 38, 147, 220, 52, 34, 57, 113, 53, 15, 133, 151, 109, 72, 94, 75, 128, 19, 90, 76])
Iou per Class: [tensor(0.8452), tensor(0.5846), tensor(0.7478), tensor(0.2467), tensor(0.5926), tensor(0.5741), tensor(0.2751), tensor(0.4470), tensor(0.4963), tensor(0.5132), tensor(0.4834), tensor(0.6949), tensor(0.6635), tensor(0.6355), tensor(0.6015), tensor(0.2876), tensor(0.7668), tensor(0.6759), tensor(0.7733), tensor(0.5469)], Mean IoU: 0.5726
Saved new best model at epoch 14 with Mean IoU: 0.5726
Learning rate: 9.5e-05
Epoch 15/50
----------

  0%|          | 0/31 [00:00<?, ?it/s]
  3%|▎         | 1/31 [00:07<03:48,  7.62s/it]
 16%|█▌        | 5/31 [00:14<01:09,  2.68s/it]
 29%|██▉       | 9/31 [00:21<00:47,  2.15s/it]
 42%|████▏     | 13/31 [00:28<00:35,  2.00s/it]
 55%|█████▍    | 17/31 [00:36<00:27,  1.93s/it]
 68%|██████▊   | 21/31 [00:43<00:19,  1.93s/it]
 81%|████████  | 25/31 [00:51<00:11,  1.87s/it]
 94%|█████████▎| 29/31 [00:57<00:03,  1.76s/it]
100%|██████████| 31/31 [00:59<00:00,  1.92s/it]
train Loss: 0.3281 Acc: 90.3721, Memory allocated: 2.52 GB, Max memory allocated: 12.35 GB
train_color_map: dict_keys([0, 38, 147, 220, 52, 34, 57, 113, 53, 15, 133, 151, 109, 72, 94, 75, 128, 19, 90, 76])

  0%|          | 0/31 [00:00<?, ?it/s]
  3%|▎         | 1/31 [00:07<03:48,  7.60s/it]
 16%|█▌        | 5/31 [00:14<01:06,  2.56s/it]
 29%|██▉       | 9/31 [00:21<00:45,  2.08s/it]
 42%|████▏     | 13/31 [00:28<00:35,  1.97s/it]
 55%|█████▍    | 17/31 [00:34<00:25,  1.85s/it]
 68%|██████▊   | 21/31 [00:42<00:18,  1.82s/it]
 81%|████████  | 25/31 [00:48<00:10,  1.78s/it]
 94%|█████████▎| 29/31 [00:55<00:03,  1.71s/it]
100%|██████████| 31/31 [00:55<00:00,  1.79s/it]
val Loss: 0.6179 Acc: 81.7588, Memory allocated: 2.43 GB, Max memory allocated: 3.86 GB
val_color_map: dict_keys([0, 38, 147, 220, 52, 34, 57, 113, 53, 15, 133, 151, 109, 72, 94, 75, 128, 19, 90, 76])
Iou per Class: [tensor(0.8348), tensor(0.6031), tensor(0.7344), tensor(0.2613), tensor(0.5430), tensor(0.5766), tensor(0.1988), tensor(0.4967), tensor(0.5047), tensor(0.5447), tensor(0.4724), tensor(0.6477), tensor(0.6271), tensor(0.5924), tensor(0.5605), tensor(0.2702), tensor(0.6817), tensor(0.6748), tensor(0.7447), tensor(0.6707)], Mean IoU: 0.5620
Learning rate: 9.5e-05
Epoch 16/50
----------

  0%|          | 0/31 [00:00<?, ?it/s]
  3%|▎         | 1/31 [00:08<04:17,  8.59s/it]
 16%|█▌        | 5/31 [00:15<01:11,  2.76s/it]
 29%|██▉       | 9/31 [00:22<00:48,  2.19s/it]
 42%|████▏     | 13/31 [00:29<00:35,  1.98s/it]
 55%|█████▍    | 17/31 [00:36<00:27,  1.95s/it]
 68%|██████▊   | 21/31 [00:44<00:19,  1.93s/it]
 81%|████████  | 25/31 [00:51<00:11,  1.87s/it]
 94%|█████████▎| 29/31 [00:58<00:03,  1.81s/it]
100%|██████████| 31/31 [01:00<00:00,  1.94s/it]
train Loss: 0.3166 Acc: 90.5990, Memory allocated: 2.52 GB, Max memory allocated: 12.35 GB
train_color_map: dict_keys([0, 38, 147, 220, 52, 34, 57, 113, 53, 15, 133, 151, 109, 72, 94, 75, 128, 19, 90, 76])

  0%|          | 0/31 [00:00<?, ?it/s]
  3%|▎         | 1/31 [00:07<03:45,  7.52s/it]
 16%|█▌        | 5/31 [00:13<01:02,  2.41s/it]
 29%|██▉       | 9/31 [00:20<00:43,  1.98s/it]
 42%|████▏     | 13/31 [00:26<00:33,  1.85s/it]
 55%|█████▍    | 17/31 [00:33<00:24,  1.73s/it]
 68%|██████▊   | 21/31 [00:39<00:16,  1.70s/it]
 81%|████████  | 25/31 [00:46<00:10,  1.70s/it]
 94%|█████████▎| 29/31 [00:52<00:03,  1.67s/it]
100%|██████████| 31/31 [00:53<00:00,  1.73s/it]
val Loss: 0.6012 Acc: 82.5754, Memory allocated: 2.43 GB, Max memory allocated: 3.86 GB
val_color_map: dict_keys([0, 38, 147, 220, 52, 34, 57, 113, 53, 15, 133, 151, 109, 72, 94, 75, 128, 19, 90, 76])
Iou per Class: [tensor(0.8425), tensor(0.6200), tensor(0.7418), tensor(0.2325), tensor(0.6417), tensor(0.5398), tensor(0.1993), tensor(0.4800), tensor(0.5226), tensor(0.4645), tensor(0.4928), tensor(0.7087), tensor(0.5835), tensor(0.5255), tensor(0.4685), tensor(0.1926), tensor(0.7209), tensor(0.6522), tensor(0.7700), tensor(0.6001)], Mean IoU: 0.5500
Learning rate: 9.5e-05
Epoch 17/50
----------

  0%|          | 0/31 [00:00<?, ?it/s]
  3%|▎         | 1/31 [00:07<03:51,  7.73s/it]
 16%|█▌        | 5/31 [00:15<01:11,  2.74s/it]
 29%|██▉       | 9/31 [00:22<00:48,  2.19s/it]
 42%|████▏     | 13/31 [00:29<00:36,  2.03s/it]
 55%|█████▍    | 17/31 [00:36<00:27,  1.94s/it]
 68%|██████▊   | 21/31 [00:43<00:18,  1.84s/it]
 81%|████████  | 25/31 [00:50<00:11,  1.83s/it]
 94%|█████████▎| 29/31 [00:56<00:03,  1.73s/it]
100%|██████████| 31/31 [00:58<00:00,  1.88s/it]
train Loss: 0.3062 Acc: 90.8886, Memory allocated: 2.52 GB, Max memory allocated: 12.35 GB
train_color_map: dict_keys([0, 38, 147, 220, 52, 34, 57, 113, 53, 15, 133, 151, 109, 72, 94, 75, 128, 19, 90, 76])

  0%|          | 0/31 [00:00<?, ?it/s]
  3%|▎         | 1/31 [00:07<03:47,  7.59s/it]
 16%|█▌        | 5/31 [00:13<01:03,  2.43s/it]
 29%|██▉       | 9/31 [00:19<00:43,  1.96s/it]
 42%|████▏     | 13/31 [00:26<00:32,  1.79s/it]
 55%|█████▍    | 17/31 [00:32<00:24,  1.74s/it]
 68%|██████▊   | 21/31 [00:39<00:17,  1.72s/it]
 81%|████████  | 25/31 [00:45<00:09,  1.65s/it]
 94%|█████████▎| 29/31 [00:52<00:03,  1.65s/it]
100%|██████████| 31/31 [00:53<00:00,  1.72s/it]
val Loss: 0.5877 Acc: 82.5741, Memory allocated: 2.43 GB, Max memory allocated: 3.86 GB
val_color_map: dict_keys([0, 38, 147, 220, 52, 34, 57, 113, 53, 15, 133, 151, 109, 72, 94, 75, 128, 19, 90, 76])
Iou per Class: [tensor(0.8442), tensor(0.5919), tensor(0.7622), tensor(0.2667), tensor(0.5436), tensor(0.5385), tensor(0.2238), tensor(0.3736), tensor(0.5316), tensor(0.4885), tensor(0.4993), tensor(0.6748), tensor(0.6719), tensor(0.5955), tensor(0.5691), tensor(0.3227), tensor(0.7885), tensor(0.6697), tensor(0.7796), tensor(0.6393)], Mean IoU: 0.5688
Learning rate: 9.5e-05
Epoch 18/50
----------

  0%|          | 0/31 [00:00<?, ?it/s]
  3%|▎         | 1/31 [00:07<03:57,  7.92s/it]
 16%|█▌        | 5/31 [00:14<01:07,  2.59s/it]
 29%|██▉       | 9/31 [00:21<00:47,  2.17s/it]
 42%|████▏     | 13/31 [00:28<00:35,  1.95s/it]
 55%|█████▍    | 17/31 [00:35<00:25,  1.84s/it]
 68%|██████▊   | 21/31 [00:42<00:17,  1.79s/it]
 81%|████████  | 25/31 [00:48<00:10,  1.74s/it]
 94%|█████████▎| 29/31 [00:55<00:03,  1.74s/it]
100%|██████████| 31/31 [00:57<00:00,  1.85s/it]
train Loss: 0.2911 Acc: 91.3241, Memory allocated: 2.52 GB, Max memory allocated: 12.35 GB
train_color_map: dict_keys([0, 38, 147, 220, 52, 34, 57, 113, 53, 15, 133, 151, 109, 72, 94, 75, 128, 19, 90, 76])

  0%|          | 0/31 [00:00<?, ?it/s]
  3%|▎         | 1/31 [00:07<03:44,  7.48s/it]
 16%|█▌        | 5/31 [00:14<01:07,  2.61s/it]
 29%|██▉       | 9/31 [00:21<00:45,  2.07s/it]
 42%|████▏     | 13/31 [00:28<00:34,  1.94s/it]
 55%|█████▍    | 17/31 [00:34<00:25,  1.83s/it]
 68%|██████▊   | 21/31 [00:41<00:17,  1.80s/it]
 81%|████████  | 25/31 [00:48<00:10,  1.75s/it]
 94%|█████████▎| 29/31 [00:54<00:03,  1.67s/it]
100%|██████████| 31/31 [00:54<00:00,  1.77s/it]
val Loss: 0.5909 Acc: 83.1275, Memory allocated: 2.43 GB, Max memory allocated: 3.86 GB
val_color_map: dict_keys([0, 38, 147, 220, 52, 34, 57, 113, 53, 15, 133, 151, 109, 72, 94, 75, 128, 19, 90, 76])
Iou per Class: [tensor(0.8427), tensor(0.6189), tensor(0.7585), tensor(0.2305), tensor(0.6231), tensor(0.5510), tensor(0.2105), tensor(0.4979), tensor(0.5312), tensor(0.5355), tensor(0.4452), tensor(0.6957), tensor(0.6594), tensor(0.6021), tensor(0.5181), tensor(0.2587), tensor(0.6935), tensor(0.6606), tensor(0.7979), tensor(0.6093)], Mean IoU: 0.5670
Learning rate: 9.5e-05
Epoch 19/50
----------

  0%|          | 0/31 [00:00<?, ?it/s]
  3%|▎         | 1/31 [00:07<03:48,  7.63s/it]
 16%|█▌        | 5/31 [00:15<01:13,  2.84s/it]
 29%|██▉       | 9/31 [00:22<00:49,  2.23s/it]
 42%|████▏     | 13/31 [00:30<00:37,  2.09s/it]
 55%|█████▍    | 17/31 [00:37<00:27,  1.98s/it]
 68%|██████▊   | 21/31 [00:44<00:19,  1.93s/it]
 81%|████████  | 25/31 [00:52<00:11,  1.90s/it]
 94%|█████████▎| 29/31 [00:58<00:03,  1.79s/it]
100%|██████████| 31/31 [01:00<00:00,  1.94s/it]
train Loss: 0.2870 Acc: 91.1629, Memory allocated: 2.52 GB, Max memory allocated: 12.35 GB
train_color_map: dict_keys([0, 38, 147, 220, 52, 34, 57, 113, 53, 15, 133, 151, 109, 72, 94, 75, 128, 19, 90, 76])

  0%|          | 0/31 [00:00<?, ?it/s]
  3%|▎         | 1/31 [00:07<03:35,  7.17s/it]
 16%|█▌        | 5/31 [00:13<01:02,  2.39s/it]
 29%|██▉       | 9/31 [00:19<00:43,  1.97s/it]
 42%|████▏     | 13/31 [00:26<00:33,  1.86s/it]
 55%|█████▍    | 17/31 [00:33<00:24,  1.77s/it]
 68%|██████▊   | 21/31 [00:39<00:17,  1.70s/it]
 81%|████████  | 25/31 [00:45<00:09,  1.64s/it]
 94%|█████████▎| 29/31 [00:52<00:03,  1.63s/it]
100%|██████████| 31/31 [00:52<00:00,  1.70s/it]
val Loss: 0.6006 Acc: 82.6691, Memory allocated: 2.43 GB, Max memory allocated: 3.86 GB
val_color_map: dict_keys([0, 38, 147, 220, 52, 34, 57, 113, 53, 15, 133, 151, 109, 72, 94, 75, 128, 19, 90, 76])
Iou per Class: [tensor(0.8436), tensor(0.5819), tensor(0.7752), tensor(0.2215), tensor(0.6008), tensor(0.4798), tensor(0.2226), tensor(0.4932), tensor(0.5582), tensor(0.4494), tensor(0.4837), tensor(0.6820), tensor(0.6176), tensor(0.5646), tensor(0.5358), tensor(0.3526), tensor(0.7451), tensor(0.6209), tensor(0.7913), tensor(0.5787)], Mean IoU: 0.5599
Learning rate: 9.5e-05
Epoch 20/50
----------

  0%|          | 0/31 [00:00<?, ?it/s]
  3%|▎         | 1/31 [00:07<03:47,  7.60s/it]
 16%|█▌        | 5/31 [00:14<01:08,  2.64s/it]
 29%|██▉       | 9/31 [00:22<00:48,  2.21s/it]
 42%|████▏     | 13/31 [00:29<00:36,  2.05s/it]
 55%|█████▍    | 17/31 [00:36<00:26,  1.93s/it]
 68%|██████▊   | 21/31 [00:43<00:19,  1.90s/it]
 81%|████████  | 25/31 [00:50<00:10,  1.82s/it]
 94%|█████████▎| 29/31 [00:57<00:03,  1.77s/it]
100%|██████████| 31/31 [00:58<00:00,  1.90s/it]
train Loss: 0.2836 Acc: 91.2666, Memory allocated: 2.52 GB, Max memory allocated: 12.35 GB
train_color_map: dict_keys([0, 38, 147, 220, 52, 34, 57, 113, 53, 15, 133, 151, 109, 72, 94, 75, 128, 19, 90, 76])

  0%|          | 0/31 [00:00<?, ?it/s]
  3%|▎         | 1/31 [00:07<03:46,  7.55s/it]
 16%|█▌        | 5/31 [00:14<01:05,  2.52s/it]
 29%|██▉       | 9/31 [00:20<00:44,  2.02s/it]
 42%|████▏     | 13/31 [00:27<00:33,  1.86s/it]
 55%|█████▍    | 17/31 [00:33<00:25,  1.79s/it]
 68%|██████▊   | 21/31 [00:40<00:17,  1.78s/it]
 81%|████████  | 25/31 [00:47<00:10,  1.70s/it]
 94%|█████████▎| 29/31 [00:53<00:03,  1.67s/it]
100%|██████████| 31/31 [00:54<00:00,  1.74s/it]
val Loss: 0.6022 Acc: 82.4536, Memory allocated: 2.43 GB, Max memory allocated: 3.86 GB
val_color_map: dict_keys([0, 38, 147, 220, 52, 34, 57, 113, 53, 15, 133, 151, 109, 72, 94, 75, 128, 19, 90, 76])
Iou per Class: [tensor(0.8431), tensor(0.6129), tensor(0.7447), tensor(0.2436), tensor(0.6036), tensor(0.5580), tensor(0.1988), tensor(0.4425), tensor(0.5706), tensor(0.5373), tensor(0.5423), tensor(0.6975), tensor(0.6184), tensor(0.6072), tensor(0.5494), tensor(0.3279), tensor(0.6752), tensor(0.6269), tensor(0.7343), tensor(0.5368)], Mean IoU: 0.5636
Learning rate: 9.5e-05
Epoch 21/50
----------

  0%|          | 0/31 [00:00<?, ?it/s]
  3%|▎         | 1/31 [00:07<03:48,  7.61s/it]
 16%|█▌        | 5/31 [00:15<01:11,  2.73s/it]
 29%|██▉       | 9/31 [00:21<00:47,  2.15s/it]
 42%|████▏     | 13/31 [00:29<00:36,  2.04s/it]
 55%|█████▍    | 17/31 [00:37<00:27,  1.99s/it]
 68%|██████▊   | 21/31 [00:44<00:19,  1.95s/it]
 81%|████████  | 25/31 [00:52<00:11,  1.94s/it]
 94%|█████████▎| 29/31 [00:58<00:03,  1.81s/it]
100%|██████████| 31/31 [01:00<00:00,  1.94s/it]
train Loss: 0.2876 Acc: 91.1195, Memory allocated: 2.52 GB, Max memory allocated: 12.35 GB
train_color_map: dict_keys([0, 38, 147, 220, 52, 34, 57, 113, 53, 15, 133, 151, 109, 72, 94, 75, 128, 19, 90, 76])

  0%|          | 0/31 [00:00<?, ?it/s]
  3%|▎         | 1/31 [00:07<03:33,  7.10s/it]
 16%|█▌        | 5/31 [00:13<01:03,  2.45s/it]
 29%|██▉       | 9/31 [00:20<00:44,  2.02s/it]
 42%|████▏     | 13/31 [00:27<00:33,  1.87s/it]
 55%|█████▍    | 17/31 [00:33<00:24,  1.77s/it]
 68%|██████▊   | 21/31 [00:40<00:17,  1.75s/it]
 81%|████████  | 25/31 [00:46<00:10,  1.72s/it]
 94%|█████████▎| 29/31 [00:53<00:03,  1.67s/it]
100%|██████████| 31/31 [00:53<00:00,  1.73s/it]
val Loss: 0.6150 Acc: 81.9521, Memory allocated: 2.43 GB, Max memory allocated: 3.86 GB
val_color_map: dict_keys([0, 38, 147, 220, 52, 34, 57, 113, 53, 15, 133, 151, 109, 72, 94, 75, 128, 19, 90, 76])
Iou per Class: [tensor(0.8383), tensor(0.6109), tensor(0.7569), tensor(0.2402), tensor(0.6248), tensor(0.4785), tensor(0.1983), tensor(0.4861), tensor(0.4244), tensor(0.4588), tensor(0.5000), tensor(0.7146), tensor(0.6168), tensor(0.5391), tensor(0.5824), tensor(0.2260), tensor(0.6853), tensor(0.6347), tensor(0.7545), tensor(0.4869)], Mean IoU: 0.5429
Learning rate: 9.025e-05
Epoch 22/50
----------

  0%|          | 0/31 [00:00<?, ?it/s]
  3%|▎         | 1/31 [00:07<03:50,  7.68s/it]
 16%|█▌        | 5/31 [00:14<01:08,  2.64s/it]
 29%|██▉       | 9/31 [00:21<00:48,  2.19s/it]
 42%|████▏     | 13/31 [00:29<00:36,  2.03s/it]
 55%|█████▍    | 17/31 [00:36<00:27,  1.93s/it]
 68%|██████▊   | 21/31 [00:43<00:18,  1.89s/it]
 81%|████████  | 25/31 [00:51<00:11,  1.88s/it]
 94%|█████████▎| 29/31 [00:57<00:03,  1.78s/it]
100%|██████████| 31/31 [00:59<00:00,  1.91s/it]
train Loss: 0.2712 Acc: 91.5398, Memory allocated: 2.52 GB, Max memory allocated: 12.35 GB
train_color_map: dict_keys([0, 38, 147, 220, 52, 34, 57, 113, 53, 15, 133, 151, 109, 72, 94, 75, 128, 19, 90, 76])

  0%|          | 0/31 [00:00<?, ?it/s]
  3%|▎         | 1/31 [00:06<03:22,  6.74s/it]
 16%|█▌        | 5/31 [00:13<01:02,  2.41s/it]
 29%|██▉       | 9/31 [00:19<00:43,  1.99s/it]
 42%|████▏     | 13/31 [00:27<00:34,  1.91s/it]
 55%|█████▍    | 17/31 [00:33<00:25,  1.81s/it]
 68%|██████▊   | 21/31 [00:40<00:17,  1.76s/it]
 81%|████████  | 25/31 [00:46<00:10,  1.70s/it]
 94%|█████████▎| 29/31 [00:52<00:03,  1.64s/it]
100%|██████████| 31/31 [00:53<00:00,  1.73s/it]
val Loss: 0.6093 Acc: 82.4341, Memory allocated: 2.43 GB, Max memory allocated: 3.86 GB
val_color_map: dict_keys([0, 38, 147, 220, 52, 34, 57, 113, 53, 15, 133, 151, 109, 72, 94, 75, 128, 19, 90, 76])
Iou per Class: [tensor(0.8440), tensor(0.6265), tensor(0.7483), tensor(0.2397), tensor(0.6004), tensor(0.5747), tensor(0.2191), tensor(0.4454), tensor(0.4715), tensor(0.5125), tensor(0.5625), tensor(0.5362), tensor(0.6136), tensor(0.5376), tensor(0.5615), tensor(0.3481), tensor(0.7644), tensor(0.6519), tensor(0.7136), tensor(0.5311)], Mean IoU: 0.5551
Learning rate: 9.025e-05
Epoch 23/50
----------

  0%|          | 0/31 [00:00<?, ?it/s]
  3%|▎         | 1/31 [00:07<03:52,  7.74s/it]
 16%|█▌        | 5/31 [00:14<01:08,  2.64s/it]
 29%|██▉       | 9/31 [00:21<00:46,  2.12s/it]
 42%|████▏     | 13/31 [00:29<00:36,  2.03s/it]
 55%|█████▍    | 17/31 [00:36<00:26,  1.91s/it]
 68%|██████▊   | 21/31 [00:42<00:18,  1.85s/it]
 81%|████████  | 25/31 [00:50<00:11,  1.87s/it]
 94%|█████████▎| 29/31 [00:57<00:03,  1.79s/it]
100%|██████████| 31/31 [00:58<00:00,  1.90s/it]
train Loss: 0.2578 Acc: 91.9133, Memory allocated: 2.52 GB, Max memory allocated: 12.35 GB
train_color_map: dict_keys([0, 38, 147, 220, 52, 34, 57, 113, 53, 15, 133, 151, 109, 72, 94, 75, 128, 19, 90, 76])

  0%|          | 0/31 [00:00<?, ?it/s]
  3%|▎         | 1/31 [00:07<03:38,  7.27s/it]
 16%|█▌        | 5/31 [00:13<01:01,  2.37s/it]
 29%|██▉       | 9/31 [00:20<00:43,  2.00s/it]
 42%|████▏     | 13/31 [00:26<00:32,  1.83s/it]
 55%|█████▍    | 17/31 [00:33<00:24,  1.76s/it]
 68%|██████▊   | 21/31 [00:39<00:17,  1.71s/it]
 81%|████████  | 25/31 [00:46<00:10,  1.71s/it]
 94%|█████████▎| 29/31 [00:52<00:03,  1.67s/it]
100%|██████████| 31/31 [00:53<00:00,  1.72s/it]
val Loss: 0.6093 Acc: 82.2513, Memory allocated: 2.43 GB, Max memory allocated: 3.86 GB
val_color_map: dict_keys([0, 38, 147, 220, 52, 34, 57, 113, 53, 15, 133, 151, 109, 72, 94, 75, 128, 19, 90, 76])
Iou per Class: [tensor(0.8439), tensor(0.6085), tensor(0.7464), tensor(0.2569), tensor(0.5716), tensor(0.5257), tensor(0.1280), tensor(0.4971), tensor(0.4755), tensor(0.5443), tensor(0.4518), tensor(0.6744), tensor(0.6480), tensor(0.5538), tensor(0.5420), tensor(0.3305), tensor(0.6564), tensor(0.6248), tensor(0.7027), tensor(0.5398)], Mean IoU: 0.5461
Learning rate: 9.025e-05
Epoch 24/50
----------

  0%|          | 0/31 [00:00<?, ?it/s]
  3%|▎         | 1/31 [00:07<03:50,  7.68s/it]
 16%|█▌        | 5/31 [00:14<01:10,  2.70s/it]
 29%|██▉       | 9/31 [00:22<00:48,  2.20s/it]
 42%|████▏     | 13/31 [00:29<00:36,  2.03s/it]
 55%|█████▍    | 17/31 [00:36<00:27,  1.93s/it]
 68%|██████▊   | 21/31 [00:43<00:18,  1.89s/it]
 81%|████████  | 25/31 [00:50<00:11,  1.85s/it]
 94%|█████████▎| 29/31 [00:57<00:03,  1.79s/it]
100%|██████████| 31/31 [00:59<00:00,  1.91s/it]
train Loss: 0.2578 Acc: 91.8405, Memory allocated: 2.52 GB, Max memory allocated: 12.35 GB
train_color_map: dict_keys([0, 38, 147, 220, 52, 34, 57, 113, 53, 15, 133, 151, 109, 72, 94, 75, 128, 19, 90, 76])

  0%|          | 0/31 [00:00<?, ?it/s]
  3%|▎         | 1/31 [00:07<03:32,  7.08s/it]
 16%|█▌        | 5/31 [00:13<01:03,  2.44s/it]
 29%|██▉       | 9/31 [00:20<00:44,  2.02s/it]
 42%|████▏     | 13/31 [00:26<00:33,  1.84s/it]
 55%|█████▍    | 17/31 [00:33<00:24,  1.78s/it]
 68%|██████▊   | 21/31 [00:40<00:17,  1.73s/it]
 81%|████████  | 25/31 [00:46<00:10,  1.70s/it]
 94%|█████████▎| 29/31 [00:52<00:03,  1.65s/it]
100%|██████████| 31/31 [00:53<00:00,  1.74s/it]
val Loss: 0.6358 Acc: 81.5306, Memory allocated: 2.43 GB, Max memory allocated: 3.86 GB
val_color_map: dict_keys([0, 38, 147, 220, 52, 34, 57, 113, 53, 15, 133, 151, 109, 72, 94, 75, 128, 19, 90, 76])
Iou per Class: [tensor(0.8300), tensor(0.5876), tensor(0.7325), tensor(0.2287), tensor(0.5396), tensor(0.5519), tensor(0.2043), tensor(0.4722), tensor(0.5019), tensor(0.4991), tensor(0.4434), tensor(0.6377), tensor(0.6794), tensor(0.4988), tensor(0.4829), tensor(0.3488), tensor(0.6493), tensor(0.6508), tensor(0.7254), tensor(0.5587)], Mean IoU: 0.5411
Learning rate: 9.025e-05
Epoch 25/50
----------
train Loss: 0.2489 Acc: 91.9678, Memory allocated: 2.52 GB, Max memory allocated: 12.35 GB
train_color_map: dict_keys([0, 38, 147, 220, 52, 34, 57, 113, 53, 15, 133, 151, 109, 72, 94, 75, 128, 19, 90, 76])

  0%|          | 0/31 [00:00<?, ?it/s]
  3%|▎         | 1/31 [00:07<03:53,  7.79s/it]
 16%|█▌        | 5/31 [00:14<01:05,  2.53s/it]
 29%|██▉       | 9/31 [00:21<00:46,  2.10s/it]
 42%|████▏     | 13/31 [00:28<00:35,  1.96s/it]
 55%|█████▍    | 17/31 [00:35<00:26,  1.91s/it]
 68%|██████▊   | 21/31 [00:43<00:19,  1.92s/it]
 81%|████████  | 25/31 [00:50<00:11,  1.86s/it]
 94%|█████████▎| 29/31 [00:57<00:03,  1.82s/it]
100%|██████████| 31/31 [00:58<00:00,  1.90s/it]

  0%|          | 0/31 [00:00<?, ?it/s]
  3%|▎         | 1/31 [00:06<03:29,  6.97s/it]
 16%|█▌        | 5/31 [00:13<01:04,  2.49s/it]
 29%|██▉       | 9/31 [00:20<00:43,  1.99s/it]
 42%|████▏     | 13/31 [00:26<00:33,  1.85s/it]
 55%|█████▍    | 17/31 [00:33<00:24,  1.76s/it]
 68%|██████▊   | 21/31 [00:39<00:17,  1.71s/it]
 81%|████████  | 25/31 [00:46<00:10,  1.68s/it]
 94%|█████████▎| 29/31 [00:52<00:03,  1.61s/it]
100%|██████████| 31/31 [00:53<00:00,  1.73s/it]
val Loss: 0.5976 Acc: 82.7931, Memory allocated: 2.43 GB, Max memory allocated: 3.86 GB
val_color_map: dict_keys([0, 38, 147, 220, 52, 34, 57, 113, 53, 15, 133, 151, 109, 72, 94, 75, 128, 19, 90, 76])
Iou per Class: [tensor(0.8313), tensor(0.6079), tensor(0.7619), tensor(0.2322), tensor(0.5973), tensor(0.5783), tensor(0.2557), tensor(0.4864), tensor(0.4301), tensor(0.5745), tensor(0.4563), tensor(0.6554), tensor(0.6424), tensor(0.6229), tensor(0.5631), tensor(0.3090), tensor(0.7339), tensor(0.6722), tensor(0.7593), tensor(0.6203)], Mean IoU: 0.5695
Learning rate: 9.025e-05
Epoch 26/50
----------

  0%|          | 0/31 [00:00<?, ?it/s]
  3%|▎         | 1/31 [00:08<04:10,  8.36s/it]
 16%|█▌        | 5/31 [00:15<01:13,  2.81s/it]
 29%|██▉       | 9/31 [00:23<00:50,  2.28s/it]
 42%|████▏     | 13/31 [00:31<00:38,  2.15s/it]
 55%|█████▍    | 17/31 [00:38<00:27,  2.00s/it]
 68%|██████▊   | 21/31 [00:45<00:19,  1.98s/it]
 81%|████████  | 25/31 [00:53<00:11,  1.99s/it]
 94%|█████████▎| 29/31 [01:00<00:03,  1.85s/it]
100%|██████████| 31/31 [01:01<00:00,  2.00s/it]
train Loss: 0.2338 Acc: 92.4283, Memory allocated: 2.52 GB, Max memory allocated: 12.35 GB
train_color_map: dict_keys([0, 38, 147, 220, 52, 34, 57, 113, 53, 15, 133, 151, 109, 72, 94, 75, 128, 19, 90, 76])

  0%|          | 0/31 [00:00<?, ?it/s]
  3%|▎         | 1/31 [00:07<03:45,  7.51s/it]
 16%|█▌        | 5/31 [00:14<01:05,  2.52s/it]
 29%|██▉       | 9/31 [00:20<00:44,  2.04s/it]
 42%|████▏     | 13/31 [00:27<00:34,  1.90s/it]
 55%|█████▍    | 17/31 [00:34<00:25,  1.84s/it]
 68%|██████▊   | 21/31 [00:41<00:17,  1.79s/it]
 81%|████████  | 25/31 [00:48<00:10,  1.76s/it]
 94%|█████████▎| 29/31 [00:54<00:03,  1.68s/it]
100%|██████████| 31/31 [00:55<00:00,  1.78s/it]
val Loss: 0.5939 Acc: 83.0647, Memory allocated: 2.43 GB, Max memory allocated: 3.86 GB
val_color_map: dict_keys([0, 38, 147, 220, 52, 34, 57, 113, 53, 15, 133, 151, 109, 72, 94, 75, 128, 19, 90, 76])
Iou per Class: [tensor(0.8416), tensor(0.6414), tensor(0.7528), tensor(0.2542), tensor(0.6637), tensor(0.5587), tensor(0.1978), tensor(0.4430), tensor(0.5007), tensor(0.5614), tensor(0.4680), tensor(0.7481), tensor(0.6337), tensor(0.6163), tensor(0.5817), tensor(0.3635), tensor(0.7314), tensor(0.6635), tensor(0.7727), tensor(0.5671)], Mean IoU: 0.5781
Saved new best model at epoch 26 with Mean IoU: 0.5781
Learning rate: 9.025e-05
Epoch 27/50
----------

  0%|          | 0/31 [00:00<?, ?it/s]
  3%|▎         | 1/31 [00:07<03:55,  7.84s/it]
 16%|█▌        | 5/31 [00:14<01:09,  2.66s/it]
 29%|██▉       | 9/31 [00:21<00:47,  2.16s/it]
 42%|████▏     | 13/31 [00:29<00:36,  2.03s/it]
 55%|█████▍    | 17/31 [00:36<00:26,  1.90s/it]
 68%|██████▊   | 21/31 [00:43<00:18,  1.89s/it]
 81%|████████  | 25/31 [00:50<00:11,  1.86s/it]
 94%|█████████▎| 29/31 [00:57<00:03,  1.79s/it]
100%|██████████| 31/31 [00:59<00:00,  1.90s/it]
train Loss: 0.2406 Acc: 92.2069, Memory allocated: 2.52 GB, Max memory allocated: 12.35 GB
train_color_map: dict_keys([0, 38, 147, 220, 52, 34, 57, 113, 53, 15, 133, 151, 109, 72, 94, 75, 128, 19, 90, 76])

  0%|          | 0/31 [00:00<?, ?it/s]
  3%|▎         | 1/31 [00:07<03:30,  7.01s/it]
 16%|█▌        | 5/31 [00:13<01:03,  2.46s/it]
 29%|██▉       | 9/31 [00:20<00:44,  2.03s/it]
 42%|████▏     | 13/31 [00:27<00:34,  1.89s/it]
 55%|█████▍    | 17/31 [00:34<00:25,  1.82s/it]
 68%|██████▊   | 21/31 [00:40<00:17,  1.77s/it]
 81%|████████  | 25/31 [00:47<00:10,  1.72s/it]
 94%|█████████▎| 29/31 [00:53<00:03,  1.66s/it]
100%|██████████| 31/31 [00:53<00:00,  1.74s/it]
val Loss: 0.6383 Acc: 81.9710, Memory allocated: 2.43 GB, Max memory allocated: 3.86 GB
val_color_map: dict_keys([0, 38, 147, 220, 52, 34, 57, 113, 53, 15, 133, 151, 109, 72, 94, 75, 128, 19, 90, 76])
Iou per Class: [tensor(0.8345), tensor(0.5687), tensor(0.7495), tensor(0.2520), tensor(0.5095), tensor(0.5144), tensor(0.1811), tensor(0.4838), tensor(0.5266), tensor(0.4995), tensor(0.4547), tensor(0.6069), tensor(0.6673), tensor(0.6553), tensor(0.5263), tensor(0.3327), tensor(0.6985), tensor(0.6052), tensor(0.7241), tensor(0.5578)], Mean IoU: 0.5474
Learning rate: 9.025e-05
Epoch 28/50
----------

  0%|          | 0/31 [00:00<?, ?it/s]
  3%|▎         | 1/31 [00:07<03:55,  7.85s/it]
 16%|█▌        | 5/31 [00:15<01:10,  2.70s/it]
 29%|██▉       | 9/31 [00:22<00:48,  2.21s/it]
 42%|████▏     | 13/31 [00:29<00:35,  1.99s/it]
 55%|█████▍    | 17/31 [00:37<00:28,  2.00s/it]
 68%|██████▊   | 21/31 [00:44<00:19,  1.94s/it]
 81%|████████  | 25/31 [00:51<00:11,  1.89s/it]
 94%|█████████▎| 29/31 [00:58<00:03,  1.79s/it]
100%|██████████| 31/31 [00:59<00:00,  1.93s/it]
train Loss: 0.2374 Acc: 92.2758, Memory allocated: 2.52 GB, Max memory allocated: 12.35 GB
train_color_map: dict_keys([0, 38, 147, 220, 52, 34, 57, 113, 53, 15, 133, 151, 109, 72, 94, 75, 128, 19, 90, 76])

  0%|          | 0/31 [00:00<?, ?it/s]
  3%|▎         | 1/31 [00:07<03:44,  7.50s/it]
 16%|█▌        | 5/31 [00:13<01:04,  2.48s/it]
 29%|██▉       | 9/31 [00:20<00:44,  2.04s/it]
 42%|████▏     | 13/31 [00:27<00:33,  1.85s/it]
 55%|█████▍    | 17/31 [00:34<00:25,  1.81s/it]
 68%|██████▊   | 21/31 [00:40<00:17,  1.76s/it]
 81%|████████  | 25/31 [00:47<00:10,  1.72s/it]
 94%|█████████▎| 29/31 [00:53<00:03,  1.66s/it]
100%|██████████| 31/31 [00:53<00:00,  1.74s/it]
val Loss: 0.6532 Acc: 81.5191, Memory allocated: 2.43 GB, Max memory allocated: 3.86 GB
val_color_map: dict_keys([0, 38, 147, 220, 52, 34, 57, 113, 53, 15, 133, 151, 109, 72, 94, 75, 128, 19, 90, 76])
Iou per Class: [tensor(0.8354), tensor(0.6173), tensor(0.7682), tensor(0.2491), tensor(0.5101), tensor(0.5117), tensor(0.1662), tensor(0.4739), tensor(0.3886), tensor(0.2901), tensor(0.3786), tensor(0.5891), tensor(0.6370), tensor(0.4833), tensor(0.4145), tensor(0.3000), tensor(0.6753), tensor(0.6711), tensor(0.7528), tensor(0.5699)], Mean IoU: 0.5141
Learning rate: 9.025e-05
Epoch 29/50
----------

  0%|          | 0/31 [00:00<?, ?it/s]
  3%|▎         | 1/31 [00:08<04:01,  8.05s/it]
 16%|█▌        | 5/31 [00:15<01:11,  2.74s/it]
 29%|██▉       | 9/31 [00:22<00:48,  2.21s/it]
 42%|████▏     | 13/31 [00:29<00:37,  2.07s/it]
 55%|█████▍    | 17/31 [00:36<00:27,  1.94s/it]
 68%|██████▊   | 21/31 [00:44<00:18,  1.89s/it]
 81%|████████  | 25/31 [00:51<00:11,  1.87s/it]
 94%|█████████▎| 29/31 [00:57<00:03,  1.76s/it]
100%|██████████| 31/31 [00:59<00:00,  1.91s/it]
train Loss: 0.2305 Acc: 92.4927, Memory allocated: 2.52 GB, Max memory allocated: 12.35 GB
train_color_map: dict_keys([0, 38, 147, 220, 52, 34, 57, 113, 53, 15, 133, 151, 109, 72, 94, 75, 128, 19, 90, 76])

  0%|          | 0/31 [00:00<?, ?it/s]
  3%|▎         | 1/31 [00:07<03:44,  7.48s/it]
 16%|█▌        | 5/31 [00:13<01:02,  2.39s/it]
 29%|██▉       | 9/31 [00:19<00:42,  1.92s/it]
 42%|████▏     | 13/31 [00:25<00:31,  1.77s/it]
 55%|█████▍    | 17/31 [00:32<00:24,  1.74s/it]
 68%|██████▊   | 21/31 [00:39<00:17,  1.71s/it]
 81%|████████  | 25/31 [00:45<00:09,  1.65s/it]
 94%|█████████▎| 29/31 [00:51<00:03,  1.62s/it]
100%|██████████| 31/31 [00:53<00:00,  1.72s/it]
val Loss: 0.6081 Acc: 82.4503, Memory allocated: 2.43 GB, Max memory allocated: 3.86 GB
val_color_map: dict_keys([0, 38, 147, 220, 52, 34, 57, 113, 53, 15, 133, 151, 109, 72, 94, 75, 128, 19, 90, 76])
Iou per Class: [tensor(0.8390), tensor(0.5918), tensor(0.7504), tensor(0.2611), tensor(0.5538), tensor(0.4953), tensor(0.2121), tensor(0.4950), tensor(0.4614), tensor(0.5381), tensor(0.4449), tensor(0.6657), tensor(0.6562), tensor(0.6129), tensor(0.5587), tensor(0.3518), tensor(0.7156), tensor(0.6178), tensor(0.7839), tensor(0.5571)], Mean IoU: 0.5581
Learning rate: 9.025e-05
Epoch 30/50
----------

  0%|          | 0/31 [00:00<?, ?it/s]
  3%|▎         | 1/31 [00:07<03:58,  7.93s/it]
 16%|█▌        | 5/31 [00:14<01:09,  2.68s/it]
 29%|██▉       | 9/31 [00:21<00:47,  2.15s/it]
 42%|████▏     | 13/31 [00:29<00:36,  2.03s/it]
 55%|█████▍    | 17/31 [00:36<00:27,  1.96s/it]
 68%|██████▊   | 21/31 [00:44<00:19,  1.94s/it]
 81%|████████  | 25/31 [00:51<00:11,  1.90s/it]
 94%|█████████▎| 29/31 [00:57<00:03,  1.80s/it]
100%|██████████| 31/31 [00:59<00:00,  1.93s/it]
train Loss: 0.2137 Acc: 92.8997, Memory allocated: 2.52 GB, Max memory allocated: 12.35 GB
train_color_map: dict_keys([0, 38, 147, 220, 52, 34, 57, 113, 53, 15, 133, 151, 109, 72, 94, 75, 128, 19, 90, 76])

  0%|          | 0/31 [00:00<?, ?it/s]
  3%|▎         | 1/31 [00:07<03:36,  7.20s/it]
 16%|█▌        | 5/31 [00:13<01:04,  2.48s/it]
 29%|██▉       | 9/31 [00:20<00:43,  1.98s/it]
 42%|████▏     | 13/31 [00:26<00:33,  1.85s/it]
 55%|█████▍    | 17/31 [00:33<00:25,  1.81s/it]
 68%|██████▊   | 21/31 [00:40<00:17,  1.74s/it]
 81%|████████  | 25/31 [00:46<00:10,  1.69s/it]
 94%|█████████▎| 29/31 [00:52<00:03,  1.63s/it]
100%|██████████| 31/31 [00:53<00:00,  1.73s/it]
val Loss: 0.5885 Acc: 82.9203, Memory allocated: 2.43 GB, Max memory allocated: 3.86 GB
val_color_map: dict_keys([0, 38, 147, 220, 52, 34, 57, 113, 53, 15, 133, 151, 109, 72, 94, 75, 128, 19, 90, 76])
Iou per Class: [tensor(0.8483), tensor(0.6390), tensor(0.7524), tensor(0.2600), tensor(0.5994), tensor(0.5544), tensor(0.2092), tensor(0.4808), tensor(0.4737), tensor(0.5127), tensor(0.4180), tensor(0.6675), tensor(0.6318), tensor(0.6100), tensor(0.5201), tensor(0.3524), tensor(0.7180), tensor(0.6252), tensor(0.7963), tensor(0.5815)], Mean IoU: 0.5625
Learning rate: 9.025e-05
Epoch 31/50
----------

  0%|          | 0/31 [00:00<?, ?it/s]
  3%|▎         | 1/31 [00:08<04:05,  8.18s/it]
 16%|█▌        | 5/31 [00:15<01:14,  2.85s/it]
 29%|██▉       | 9/31 [00:23<00:49,  2.27s/it]
 42%|████▏     | 13/31 [00:30<00:38,  2.11s/it]
 55%|█████▍    | 17/31 [00:38<00:28,  2.03s/it]
 68%|██████▊   | 21/31 [00:46<00:20,  2.01s/it]
 81%|████████  | 25/31 [00:53<00:11,  1.92s/it]
 94%|█████████▎| 29/31 [00:59<00:03,  1.78s/it]
100%|██████████| 31/31 [01:00<00:00,  1.96s/it]
train Loss: 0.2225 Acc: 92.5644, Memory allocated: 2.52 GB, Max memory allocated: 12.35 GB
train_color_map: dict_keys([0, 38, 147, 220, 52, 34, 57, 113, 53, 15, 133, 151, 109, 72, 94, 75, 128, 19, 90, 76])

  0%|          | 0/31 [00:00<?, ?it/s]
  3%|▎         | 1/31 [00:07<03:34,  7.14s/it]
 16%|█▌        | 5/31 [00:13<01:03,  2.43s/it]
 29%|██▉       | 9/31 [00:20<00:44,  2.01s/it]
 42%|████▏     | 13/31 [00:26<00:33,  1.84s/it]
 55%|█████▍    | 17/31 [00:33<00:24,  1.74s/it]
 68%|██████▊   | 21/31 [00:39<00:16,  1.67s/it]
 81%|████████  | 25/31 [00:46<00:10,  1.68s/it]
 94%|█████████▎| 29/31 [00:51<00:03,  1.61s/it]
100%|██████████| 31/31 [00:52<00:00,  1.69s/it]
val Loss: 0.6195 Acc: 82.4256, Memory allocated: 2.43 GB, Max memory allocated: 3.86 GB
val_color_map: dict_keys([0, 38, 147, 220, 52, 34, 57, 113, 53, 15, 133, 151, 109, 72, 94, 75, 128, 19, 90, 76])
Iou per Class: [tensor(0.8359), tensor(0.5773), tensor(0.7515), tensor(0.2746), tensor(0.4891), tensor(0.5599), tensor(0.1847), tensor(0.4686), tensor(0.4232), tensor(0.5237), tensor(0.4203), tensor(0.6848), tensor(0.6567), tensor(0.5681), tensor(0.5686), tensor(0.2383), tensor(0.6828), tensor(0.6582), tensor(0.7636), tensor(0.5918)], Mean IoU: 0.5461
Learning rate: 8.573749999999999e-05
Epoch 32/50
----------

  0%|          | 0/31 [00:00<?, ?it/s]
  3%|▎         | 1/31 [00:08<04:02,  8.10s/it]
 16%|█▌        | 5/31 [00:15<01:10,  2.70s/it]
 29%|██▉       | 9/31 [00:22<00:48,  2.20s/it]
 42%|████▏     | 13/31 [00:30<00:37,  2.11s/it]
 55%|█████▍    | 17/31 [00:37<00:28,  2.02s/it]
 68%|██████▊   | 21/31 [00:45<00:19,  1.97s/it]
 81%|████████  | 25/31 [00:53<00:11,  1.96s/it]
 94%|█████████▎| 29/31 [00:59<00:03,  1.83s/it]
100%|██████████| 31/31 [01:00<00:00,  1.97s/it]
train Loss: 0.2305 Acc: 92.4305, Memory allocated: 2.52 GB, Max memory allocated: 12.35 GB
train_color_map: dict_keys([0, 38, 147, 220, 52, 34, 57, 113, 53, 15, 133, 151, 109, 72, 94, 75, 128, 19, 90, 76])

  0%|          | 0/31 [00:00<?, ?it/s]
  3%|▎         | 1/31 [00:06<03:25,  6.86s/it]
 16%|█▌        | 5/31 [00:13<01:01,  2.38s/it]
 29%|██▉       | 9/31 [00:19<00:42,  1.92s/it]
 42%|████▏     | 13/31 [00:26<00:32,  1.81s/it]
 55%|█████▍    | 17/31 [00:33<00:24,  1.79s/it]
 68%|██████▊   | 21/31 [00:39<00:17,  1.76s/it]
 81%|████████  | 25/31 [00:46<00:10,  1.73s/it]
 94%|█████████▎| 29/31 [00:52<00:03,  1.63s/it]
100%|██████████| 31/31 [00:52<00:00,  1.70s/it]
val Loss: 0.6355 Acc: 82.1027, Memory allocated: 2.43 GB, Max memory allocated: 3.86 GB
val_color_map: dict_keys([0, 38, 147, 220, 52, 34, 57, 113, 53, 15, 133, 151, 109, 72, 94, 75, 128, 19, 90, 76])
Iou per Class: [tensor(0.8407), tensor(0.5964), tensor(0.7390), tensor(0.2528), tensor(0.4870), tensor(0.5013), tensor(0.1558), tensor(0.4954), tensor(0.4395), tensor(0.5614), tensor(0.4494), tensor(0.6261), tensor(0.5807), tensor(0.6072), tensor(0.5520), tensor(0.3532), tensor(0.6990), tensor(0.6253), tensor(0.7951), tensor(0.5436)], Mean IoU: 0.5450
Learning rate: 8.573749999999999e-05
Epoch 33/50
----------

  0%|          | 0/31 [00:00<?, ?it/s]
  3%|▎         | 1/31 [00:08<04:01,  8.06s/it]
 16%|█▌        | 5/31 [00:15<01:12,  2.78s/it]
 29%|██▉       | 9/31 [00:23<00:50,  2.30s/it]
 42%|████▏     | 13/31 [00:30<00:37,  2.06s/it]
 55%|█████▍    | 17/31 [00:37<00:27,  1.98s/it]
 68%|██████▊   | 21/31 [00:44<00:19,  1.92s/it]
 81%|████████  | 25/31 [00:52<00:11,  1.89s/it]
 94%|█████████▎| 29/31 [00:58<00:03,  1.80s/it]
100%|██████████| 31/31 [01:00<00:00,  1.95s/it]
train Loss: 0.2201 Acc: 92.6969, Memory allocated: 2.52 GB, Max memory allocated: 12.35 GB
train_color_map: dict_keys([0, 38, 147, 220, 52, 34, 57, 113, 53, 15, 133, 151, 109, 72, 94, 75, 128, 19, 90, 76])

  0%|          | 0/31 [00:00<?, ?it/s]
  3%|▎         | 1/31 [00:07<03:34,  7.14s/it]
 16%|█▌        | 5/31 [00:13<01:02,  2.41s/it]
 29%|██▉       | 9/31 [00:20<00:45,  2.06s/it]
 42%|████▏     | 13/31 [00:27<00:34,  1.92s/it]
 55%|█████▍    | 17/31 [00:34<00:25,  1.80s/it]
 68%|██████▊   | 21/31 [00:40<00:17,  1.76s/it]
 81%|████████  | 25/31 [00:47<00:10,  1.74s/it]
 94%|█████████▎| 29/31 [00:53<00:03,  1.65s/it]
100%|██████████| 31/31 [00:53<00:00,  1.74s/it]
val Loss: 0.6492 Acc: 81.9472, Memory allocated: 2.43 GB, Max memory allocated: 3.86 GB
val_color_map: dict_keys([0, 38, 147, 220, 52, 34, 57, 113, 53, 15, 133, 151, 109, 72, 94, 75, 128, 19, 90, 76])
Iou per Class: [tensor(0.8288), tensor(0.5106), tensor(0.7541), tensor(0.2232), tensor(0.6447), tensor(0.5743), tensor(0.2061), tensor(0.4898), tensor(0.4050), tensor(0.4550), tensor(0.4559), tensor(0.6465), tensor(0.5778), tensor(0.5647), tensor(0.5617), tensor(0.3735), tensor(0.6982), tensor(0.6580), tensor(0.7454), tensor(0.5815)], Mean IoU: 0.5477
Learning rate: 8.573749999999999e-05
Epoch 34/50
----------

  0%|          | 0/31 [00:00<?, ?it/s]
  3%|▎         | 1/31 [00:07<03:57,  7.92s/it]
 16%|█▌        | 5/31 [00:14<01:08,  2.63s/it]
 29%|██▉       | 9/31 [00:22<00:48,  2.19s/it]
 42%|████▏     | 13/31 [00:29<00:36,  2.01s/it]
 55%|█████▍    | 17/31 [00:36<00:27,  1.96s/it]
 68%|██████▊   | 21/31 [00:44<00:19,  1.94s/it]
 81%|████████  | 25/31 [00:51<00:11,  1.89s/it]
 94%|█████████▎| 29/31 [00:57<00:03,  1.80s/it]
100%|██████████| 31/31 [00:59<00:00,  1.93s/it]
train Loss: 0.2183 Acc: 92.6209, Memory allocated: 2.52 GB, Max memory allocated: 12.35 GB
train_color_map: dict_keys([0, 38, 147, 220, 52, 34, 57, 113, 53, 15, 133, 151, 109, 72, 94, 75, 128, 19, 90, 76])

  0%|          | 0/31 [00:00<?, ?it/s]
  3%|▎         | 1/31 [00:06<03:24,  6.82s/it]
 16%|█▌        | 5/31 [00:13<01:01,  2.36s/it]
 29%|██▉       | 9/31 [00:19<00:43,  1.97s/it]
 42%|████▏     | 13/31 [00:26<00:32,  1.82s/it]
 55%|█████▍    | 17/31 [00:32<00:24,  1.74s/it]
 68%|██████▊   | 21/31 [00:39<00:17,  1.72s/it]
 81%|████████  | 25/31 [00:45<00:10,  1.69s/it]
 94%|█████████▎| 29/31 [00:52<00:03,  1.65s/it]
100%|██████████| 31/31 [00:52<00:00,  1.70s/it]
val Loss: 0.6097 Acc: 82.5086, Memory allocated: 2.43 GB, Max memory allocated: 3.86 GB
val_color_map: dict_keys([0, 38, 147, 220, 52, 34, 57, 113, 53, 15, 133, 151, 109, 72, 94, 75, 128, 19, 90, 76])
Iou per Class: [tensor(0.8386), tensor(0.5732), tensor(0.7507), tensor(0.2489), tensor(0.5730), tensor(0.5641), tensor(0.1123), tensor(0.4907), tensor(0.5214), tensor(0.5205), tensor(0.4727), tensor(0.6530), tensor(0.6366), tensor(0.5992), tensor(0.5669), tensor(0.3501), tensor(0.7519), tensor(0.6345), tensor(0.7839), tensor(0.6012)], Mean IoU: 0.5622
Learning rate: 8.573749999999999e-05
Epoch 35/50
----------

  0%|          | 0/31 [00:00<?, ?it/s]
  3%|▎         | 1/31 [00:07<03:55,  7.84s/it]
 16%|█▌        | 5/31 [00:15<01:11,  2.77s/it]
 29%|██▉       | 9/31 [00:22<00:48,  2.21s/it]
 42%|████▏     | 13/31 [00:29<00:37,  2.07s/it]
 55%|█████▍    | 17/31 [00:37<00:27,  1.99s/it]
 68%|██████▊   | 21/31 [00:44<00:19,  1.91s/it]
 81%|████████  | 25/31 [00:51<00:11,  1.88s/it]
 94%|█████████▎| 29/31 [00:58<00:03,  1.78s/it]
100%|██████████| 31/31 [00:59<00:00,  1.93s/it]
train Loss: 0.2098 Acc: 92.9109, Memory allocated: 2.52 GB, Max memory allocated: 12.35 GB
train_color_map: dict_keys([0, 38, 147, 220, 52, 34, 57, 113, 53, 15, 133, 151, 109, 72, 94, 75, 128, 19, 90, 76])

  0%|          | 0/31 [00:00<?, ?it/s]
  3%|▎         | 1/31 [00:07<03:40,  7.34s/it]
 16%|█▌        | 5/31 [00:13<01:04,  2.49s/it]
 29%|██▉       | 9/31 [00:20<00:43,  1.98s/it]
 42%|████▏     | 13/31 [00:26<00:33,  1.85s/it]
 55%|█████▍    | 17/31 [00:33<00:24,  1.75s/it]
 68%|██████▊   | 21/31 [00:40<00:17,  1.74s/it]
 81%|████████  | 25/31 [00:46<00:10,  1.71s/it]
 94%|█████████▎| 29/31 [00:53<00:03,  1.67s/it]
100%|██████████| 31/31 [00:53<00:00,  1.74s/it]
val Loss: 0.5976 Acc: 82.7759, Memory allocated: 2.43 GB, Max memory allocated: 3.86 GB
val_color_map: dict_keys([0, 38, 147, 220, 52, 34, 57, 113, 53, 15, 133, 151, 109, 72, 94, 75, 128, 19, 90, 76])
Iou per Class: [tensor(0.8422), tensor(0.6357), tensor(0.7538), tensor(0.2660), tensor(0.5842), tensor(0.5620), tensor(0.2113), tensor(0.5096), tensor(0.5106), tensor(0.4470), tensor(0.5068), tensor(0.6717), tensor(0.6305), tensor(0.5628), tensor(0.5450), tensor(0.3479), tensor(0.7511), tensor(0.6563), tensor(0.7235), tensor(0.5737)], Mean IoU: 0.5646
Learning rate: 8.573749999999999e-05
Epoch 36/50
----------

  0%|          | 0/31 [00:00<?, ?it/s]
  3%|▎         | 1/31 [00:08<04:05,  8.17s/it]
 16%|█▌        | 5/31 [00:15<01:11,  2.74s/it]
 29%|██▉       | 9/31 [00:22<00:48,  2.19s/it]
 42%|████▏     | 13/31 [00:29<00:36,  2.03s/it]
 55%|█████▍    | 17/31 [00:37<00:27,  1.98s/it]
 68%|██████▊   | 21/31 [00:44<00:18,  1.89s/it]
 81%|████████  | 25/31 [00:51<00:11,  1.85s/it]
 94%|█████████▎| 29/31 [00:57<00:03,  1.76s/it]
100%|██████████| 31/31 [00:59<00:00,  1.91s/it]
train Loss: 0.1998 Acc: 93.2321, Memory allocated: 2.52 GB, Max memory allocated: 12.35 GB
train_color_map: dict_keys([0, 38, 147, 220, 52, 34, 57, 113, 53, 15, 133, 151, 109, 72, 94, 75, 128, 19, 90, 76])

  0%|          | 0/31 [00:00<?, ?it/s]
  3%|▎         | 1/31 [00:06<03:27,  6.93s/it]
 16%|█▌        | 5/31 [00:13<01:04,  2.49s/it]
 29%|██▉       | 9/31 [00:20<00:45,  2.07s/it]
 42%|████▏     | 13/31 [00:27<00:33,  1.86s/it]
 55%|█████▍    | 17/31 [00:33<00:25,  1.80s/it]
 68%|██████▊   | 21/31 [00:40<00:17,  1.75s/it]
 81%|████████  | 25/31 [00:47<00:10,  1.73s/it]
 94%|█████████▎| 29/31 [00:53<00:03,  1.67s/it]
100%|██████████| 31/31 [00:53<00:00,  1.74s/it]
val Loss: 0.6467 Acc: 82.6098, Memory allocated: 2.43 GB, Max memory allocated: 3.86 GB
val_color_map: dict_keys([0, 38, 147, 220, 52, 34, 57, 113, 53, 15, 133, 151, 109, 72, 94, 75, 128, 19, 90, 76])
Iou per Class: [tensor(0.8397), tensor(0.6053), tensor(0.7547), tensor(0.2509), tensor(0.5341), tensor(0.6178), tensor(0.1494), tensor(0.5013), tensor(0.5368), tensor(0.4547), tensor(0.4269), tensor(0.6040), tensor(0.6696), tensor(0.5344), tensor(0.4482), tensor(0.3194), tensor(0.6675), tensor(0.6971), tensor(0.7193), tensor(0.5837)], Mean IoU: 0.5457
Learning rate: 8.573749999999999e-05
Epoch 37/50
----------

  0%|          | 0/31 [00:00<?, ?it/s]
  3%|▎         | 1/31 [00:08<04:01,  8.06s/it]
 16%|█▌        | 5/31 [00:15<01:12,  2.79s/it]
 29%|██▉       | 9/31 [00:22<00:47,  2.17s/it]
 42%|████▏     | 13/31 [00:29<00:36,  2.05s/it]
 55%|█████▍    | 17/31 [00:36<00:27,  1.94s/it]
 68%|██████▊   | 21/31 [00:44<00:19,  1.91s/it]
 81%|████████  | 25/31 [00:51<00:11,  1.89s/it]
 94%|█████████▎| 29/31 [00:57<00:03,  1.79s/it]
100%|██████████| 31/31 [00:59<00:00,  1.92s/it]
train Loss: 0.1997 Acc: 93.2385, Memory allocated: 2.52 GB, Max memory allocated: 12.35 GB
train_color_map: dict_keys([0, 38, 147, 220, 52, 34, 57, 113, 53, 15, 133, 151, 109, 72, 94, 75, 128, 19, 90, 76])

  0%|          | 0/31 [00:00<?, ?it/s]
  3%|▎         | 1/31 [00:06<03:29,  6.97s/it]
 16%|█▌        | 5/31 [00:13<01:04,  2.48s/it]
 29%|██▉       | 9/31 [00:20<00:44,  2.03s/it]
 42%|████▏     | 13/31 [00:27<00:33,  1.88s/it]
 55%|█████▍    | 17/31 [00:33<00:25,  1.79s/it]
 68%|██████▊   | 21/31 [00:40<00:17,  1.76s/it]
 81%|████████  | 25/31 [00:47<00:10,  1.73s/it]
 94%|█████████▎| 29/31 [00:53<00:03,  1.66s/it]
100%|██████████| 31/31 [00:53<00:00,  1.74s/it]
val Loss: 0.6085 Acc: 82.4268, Memory allocated: 2.43 GB, Max memory allocated: 3.86 GB
val_color_map: dict_keys([0, 38, 147, 220, 52, 34, 57, 113, 53, 15, 133, 151, 109, 72, 94, 75, 128, 19, 90, 76])
Iou per Class: [tensor(0.8357), tensor(0.5996), tensor(0.7552), tensor(0.2482), tensor(0.4963), tensor(0.5661), tensor(0.2430), tensor(0.4602), tensor(0.4533), tensor(0.4651), tensor(0.4324), tensor(0.7017), tensor(0.6391), tensor(0.5804), tensor(0.5665), tensor(0.3738), tensor(0.6851), tensor(0.6791), tensor(0.7975), tensor(0.6622)], Mean IoU: 0.5620
Learning rate: 8.573749999999999e-05
Epoch 38/50
----------

  0%|          | 0/31 [00:00<?, ?it/s]
  3%|▎         | 1/31 [00:07<03:54,  7.80s/it]
 16%|█▌        | 5/31 [00:14<01:07,  2.60s/it]
 29%|██▉       | 9/31 [00:22<00:48,  2.22s/it]
 42%|████▏     | 13/31 [00:29<00:36,  2.02s/it]
 55%|█████▍    | 17/31 [00:36<00:26,  1.90s/it]
 68%|██████▊   | 21/31 [00:43<00:18,  1.86s/it]
 81%|████████  | 25/31 [00:50<00:11,  1.85s/it]
 94%|█████████▎| 29/31 [00:56<00:03,  1.77s/it]
100%|██████████| 31/31 [00:58<00:00,  1.89s/it]
train Loss: 0.1962 Acc: 93.3487, Memory allocated: 2.52 GB, Max memory allocated: 12.35 GB
train_color_map: dict_keys([0, 38, 147, 220, 52, 34, 57, 113, 53, 15, 133, 151, 109, 72, 94, 75, 128, 19, 90, 76])

  0%|          | 0/31 [00:00<?, ?it/s]
  3%|▎         | 1/31 [00:07<03:37,  7.26s/it]
 16%|█▌        | 5/31 [00:14<01:06,  2.55s/it]
 29%|██▉       | 9/31 [00:20<00:44,  2.02s/it]
 42%|████▏     | 13/31 [00:27<00:33,  1.88s/it]
 55%|█████▍    | 17/31 [00:34<00:25,  1.83s/it]
 68%|██████▊   | 21/31 [00:41<00:17,  1.78s/it]
 81%|████████  | 25/31 [00:48<00:10,  1.77s/it]
 94%|█████████▎| 29/31 [00:53<00:03,  1.68s/it]
100%|██████████| 31/31 [00:54<00:00,  1.76s/it]
val Loss: 0.6117 Acc: 82.9514, Memory allocated: 2.43 GB, Max memory allocated: 3.86 GB
val_color_map: dict_keys([0, 38, 147, 220, 52, 34, 57, 113, 53, 15, 133, 151, 109, 72, 94, 75, 128, 19, 90, 76])
Iou per Class: [tensor(0.8415), tensor(0.6334), tensor(0.7634), tensor(0.2529), tensor(0.6279), tensor(0.5384), tensor(0.2780), tensor(0.4968), tensor(0.5237), tensor(0.4734), tensor(0.5190), tensor(0.6634), tensor(0.6698), tensor(0.4974), tensor(0.5079), tensor(0.3647), tensor(0.7501), tensor(0.6647), tensor(0.7726), tensor(0.6640)], Mean IoU: 0.5751
Learning rate: 8.573749999999999e-05
Epoch 39/50
----------

  0%|          | 0/31 [00:00<?, ?it/s]
  3%|▎         | 1/31 [00:08<04:10,  8.37s/it]
 16%|█▌        | 5/31 [00:15<01:13,  2.84s/it]
 29%|██▉       | 9/31 [00:23<00:50,  2.29s/it]
 42%|████▏     | 13/31 [00:30<00:37,  2.10s/it]
 55%|█████▍    | 17/31 [00:37<00:27,  1.99s/it]
 68%|██████▊   | 21/31 [00:45<00:19,  1.97s/it]
 81%|████████  | 25/31 [00:53<00:11,  1.94s/it]
 94%|█████████▎| 29/31 [00:59<00:03,  1.80s/it]
100%|██████████| 31/31 [01:00<00:00,  1.96s/it]
train Loss: 0.1930 Acc: 93.4035, Memory allocated: 2.52 GB, Max memory allocated: 12.35 GB
train_color_map: dict_keys([0, 38, 147, 220, 52, 34, 57, 113, 53, 15, 133, 151, 109, 72, 94, 75, 128, 19, 90, 76])

  0%|          | 0/31 [00:00<?, ?it/s]
  3%|▎         | 1/31 [00:07<03:33,  7.12s/it]
 16%|█▌        | 5/31 [00:13<01:04,  2.48s/it]
 29%|██▉       | 9/31 [00:20<00:44,  2.00s/it]
 42%|████▏     | 13/31 [00:26<00:33,  1.85s/it]
 55%|█████▍    | 17/31 [00:33<00:24,  1.78s/it]
 68%|██████▊   | 21/31 [00:39<00:16,  1.70s/it]
 81%|████████  | 25/31 [00:46<00:10,  1.68s/it]
 94%|█████████▎| 29/31 [00:52<00:03,  1.62s/it]
100%|██████████| 31/31 [00:53<00:00,  1.72s/it]
val Loss: 0.5887 Acc: 82.6903, Memory allocated: 2.43 GB, Max memory allocated: 3.86 GB
val_color_map: dict_keys([0, 38, 147, 220, 52, 34, 57, 113, 53, 15, 133, 151, 109, 72, 94, 75, 128, 19, 90, 76])
Iou per Class: [tensor(0.8404), tensor(0.6032), tensor(0.7523), tensor(0.2600), tensor(0.6199), tensor(0.5958), tensor(0.2102), tensor(0.4853), tensor(0.5207), tensor(0.5432), tensor(0.5245), tensor(0.6472), tensor(0.6369), tensor(0.5914), tensor(0.5131), tensor(0.3717), tensor(0.7233), tensor(0.6800), tensor(0.7710), tensor(0.6069)], Mean IoU: 0.5749
Learning rate: 8.573749999999999e-05
Epoch 40/50
----------

  0%|          | 0/31 [00:00<?, ?it/s]
  3%|▎         | 1/31 [00:08<04:10,  8.34s/it]
 16%|█▌        | 5/31 [00:15<01:11,  2.74s/it]
 29%|██▉       | 9/31 [00:22<00:49,  2.25s/it]
 42%|████▏     | 13/31 [00:30<00:38,  2.15s/it]
 55%|█████▍    | 17/31 [00:37<00:28,  2.00s/it]
 68%|██████▊   | 21/31 [00:46<00:20,  2.02s/it]
 81%|████████  | 25/31 [00:53<00:11,  1.96s/it]
 94%|█████████▎| 29/31 [00:59<00:03,  1.81s/it]
100%|██████████| 31/31 [01:01<00:00,  1.97s/it]
train Loss: 0.1899 Acc: 93.4733, Memory allocated: 2.52 GB, Max memory allocated: 12.35 GB
train_color_map: dict_keys([0, 38, 147, 220, 52, 34, 57, 113, 53, 15, 133, 151, 109, 72, 94, 75, 128, 19, 90, 76])

  0%|          | 0/31 [00:00<?, ?it/s]
  3%|▎         | 1/31 [00:07<03:50,  7.70s/it]
 16%|█▌        | 5/31 [00:14<01:07,  2.61s/it]
 29%|██▉       | 9/31 [00:21<00:46,  2.13s/it]
 42%|████▏     | 13/31 [00:28<00:34,  1.93s/it]
 55%|█████▍    | 17/31 [00:35<00:25,  1.84s/it]
 68%|██████▊   | 21/31 [00:41<00:17,  1.78s/it]
 81%|████████  | 25/31 [00:48<00:10,  1.75s/it]
 94%|█████████▎| 29/31 [00:54<00:03,  1.67s/it]
100%|██████████| 31/31 [00:55<00:00,  1.78s/it]
val Loss: 0.6248 Acc: 82.8675, Memory allocated: 2.43 GB, Max memory allocated: 3.86 GB
val_color_map: dict_keys([0, 38, 147, 220, 52, 34, 57, 113, 53, 15, 133, 151, 109, 72, 94, 75, 128, 19, 90, 76])
Iou per Class: [tensor(0.8365), tensor(0.5960), tensor(0.7549), tensor(0.2515), tensor(0.6260), tensor(0.5502), tensor(0.2190), tensor(0.4644), tensor(0.5323), tensor(0.4981), tensor(0.4249), tensor(0.7072), tensor(0.6472), tensor(0.5531), tensor(0.5946), tensor(0.3564), tensor(0.7057), tensor(0.6832), tensor(0.7901), tensor(0.5684)], Mean IoU: 0.5680
Learning rate: 8.573749999999999e-05
Epoch 41/50
----------

  0%|          | 0/31 [00:00<?, ?it/s]
  3%|▎         | 1/31 [00:08<04:07,  8.24s/it]
 16%|█▌        | 5/31 [00:15<01:11,  2.75s/it]
 29%|██▉       | 9/31 [00:22<00:49,  2.25s/it]
 42%|████▏     | 13/31 [00:30<00:37,  2.10s/it]
 55%|█████▍    | 17/31 [00:37<00:28,  2.00s/it]
 68%|██████▊   | 21/31 [00:44<00:19,  1.91s/it]
 81%|████████  | 25/31 [00:51<00:11,  1.84s/it]
 94%|█████████▎| 29/31 [00:57<00:03,  1.73s/it]
100%|██████████| 31/31 [00:59<00:00,  1.92s/it]
train Loss: 0.1847 Acc: 93.5880, Memory allocated: 2.52 GB, Max memory allocated: 12.35 GB
train_color_map: dict_keys([0, 38, 147, 220, 52, 34, 57, 113, 53, 15, 133, 151, 109, 72, 94, 75, 128, 19, 90, 76])

  0%|          | 0/31 [00:00<?, ?it/s]
  3%|▎         | 1/31 [00:06<03:25,  6.86s/it]
 16%|█▌        | 5/31 [00:14<01:06,  2.55s/it]
 29%|██▉       | 9/31 [00:20<00:44,  2.04s/it]
 42%|████▏     | 13/31 [00:27<00:33,  1.88s/it]
 55%|█████▍    | 17/31 [00:34<00:25,  1.83s/it]
 68%|██████▊   | 21/31 [00:40<00:17,  1.78s/it]
 81%|████████  | 25/31 [00:47<00:10,  1.74s/it]
 94%|█████████▎| 29/31 [00:53<00:03,  1.65s/it]
100%|██████████| 31/31 [00:53<00:00,  1.74s/it]
val Loss: 0.6078 Acc: 82.5239, Memory allocated: 2.43 GB, Max memory allocated: 3.86 GB
val_color_map: dict_keys([0, 38, 147, 220, 52, 34, 57, 113, 53, 15, 133, 151, 109, 72, 94, 75, 128, 19, 90, 76])
Iou per Class: [tensor(0.8380), tensor(0.6343), tensor(0.7595), tensor(0.2617), tensor(0.6651), tensor(0.6225), tensor(0.1944), tensor(0.4911), tensor(0.5155), tensor(0.5451), tensor(0.3346), tensor(0.6979), tensor(0.6641), tensor(0.5706), tensor(0.4931), tensor(0.3767), tensor(0.7412), tensor(0.6997), tensor(0.7913), tensor(0.5618)], Mean IoU: 0.5729
Learning rate: 8.1450625e-05
Epoch 42/50
----------

  0%|          | 0/31 [00:00<?, ?it/s]
  3%|▎         | 1/31 [00:07<03:46,  7.56s/it]
 16%|█▌        | 5/31 [00:14<01:08,  2.64s/it]
 29%|██▉       | 9/31 [00:21<00:48,  2.18s/it]
 42%|████▏     | 13/31 [00:28<00:35,  1.98s/it]
 55%|█████▍    | 17/31 [00:35<00:26,  1.89s/it]
 68%|██████▊   | 21/31 [00:42<00:18,  1.83s/it]
 81%|████████  | 25/31 [00:50<00:11,  1.84s/it]
 94%|█████████▎| 29/31 [00:56<00:03,  1.76s/it]
100%|██████████| 31/31 [00:58<00:00,  1.88s/it]
train Loss: 0.1823 Acc: 93.7214, Memory allocated: 2.52 GB, Max memory allocated: 12.35 GB
train_color_map: dict_keys([0, 38, 147, 220, 52, 34, 57, 113, 53, 15, 133, 151, 109, 72, 94, 75, 128, 19, 90, 76])

  0%|          | 0/31 [00:00<?, ?it/s]
  3%|▎         | 1/31 [00:06<03:29,  7.00s/it]
 16%|█▌        | 5/31 [00:13<01:02,  2.39s/it]
 29%|██▉       | 9/31 [00:19<00:43,  1.98s/it]
 42%|████▏     | 13/31 [00:26<00:32,  1.82s/it]
 55%|█████▍    | 17/31 [00:32<00:23,  1.70s/it]
 68%|██████▊   | 21/31 [00:39<00:16,  1.70s/it]
 81%|████████  | 25/31 [00:45<00:10,  1.69s/it]
 94%|█████████▎| 29/31 [00:52<00:03,  1.65s/it]
100%|██████████| 31/31 [00:53<00:00,  1.71s/it]
val Loss: 0.6039 Acc: 83.0499, Memory allocated: 2.43 GB, Max memory allocated: 3.86 GB
val_color_map: dict_keys([0, 38, 147, 220, 52, 34, 57, 113, 53, 15, 133, 151, 109, 72, 94, 75, 128, 19, 90, 76])
Iou per Class: [tensor(0.8478), tensor(0.6402), tensor(0.7730), tensor(0.2484), tensor(0.6353), tensor(0.5342), tensor(0.2353), tensor(0.4888), tensor(0.5404), tensor(0.5567), tensor(0.4184), tensor(0.6657), tensor(0.6814), tensor(0.5311), tensor(0.5329), tensor(0.3471), tensor(0.7341), tensor(0.6657), tensor(0.7458), tensor(0.5442)], Mean IoU: 0.5683
Learning rate: 8.1450625e-05
Epoch 43/50
----------

  0%|          | 0/31 [00:00<?, ?it/s]
  3%|▎         | 1/31 [00:07<03:56,  7.87s/it]
 16%|█▌        | 5/31 [00:15<01:10,  2.71s/it]
 29%|██▉       | 9/31 [00:22<00:49,  2.24s/it]
 42%|████▏     | 13/31 [00:30<00:38,  2.11s/it]
 55%|█████▍    | 17/31 [00:37<00:28,  2.03s/it]
 68%|██████▊   | 21/31 [00:45<00:19,  1.97s/it]
 81%|████████  | 25/31 [00:52<00:11,  1.94s/it]
 94%|█████████▎| 29/31 [00:59<00:03,  1.82s/it]
100%|██████████| 31/31 [01:00<00:00,  1.96s/it]
train Loss: 0.1743 Acc: 93.9136, Memory allocated: 2.52 GB, Max memory allocated: 12.35 GB
train_color_map: dict_keys([0, 38, 147, 220, 52, 34, 57, 113, 53, 15, 133, 151, 109, 72, 94, 75, 128, 19, 90, 76])

  0%|          | 0/31 [00:00<?, ?it/s]
  3%|▎         | 1/31 [00:06<03:27,  6.93s/it]
 16%|█▌        | 5/31 [00:13<01:04,  2.47s/it]
 29%|██▉       | 9/31 [00:20<00:44,  2.03s/it]
 42%|████▏     | 13/31 [00:27<00:34,  1.91s/it]
 55%|█████▍    | 17/31 [00:34<00:25,  1.85s/it]
 68%|██████▊   | 21/31 [00:41<00:17,  1.78s/it]
 81%|████████  | 25/31 [00:47<00:10,  1.75s/it]
 94%|█████████▎| 29/31 [00:53<00:03,  1.67s/it]
100%|██████████| 31/31 [00:54<00:00,  1.75s/it]
val Loss: 0.6155 Acc: 83.1585, Memory allocated: 2.43 GB, Max memory allocated: 3.86 GB
val_color_map: dict_keys([0, 38, 147, 220, 52, 34, 57, 113, 53, 15, 133, 151, 109, 72, 94, 75, 128, 19, 90, 76])
Iou per Class: [tensor(0.8427), tensor(0.6079), tensor(0.7640), tensor(0.2699), tensor(0.6644), tensor(0.5675), tensor(0.2366), tensor(0.5140), tensor(0.5422), tensor(0.5069), tensor(0.4957), tensor(0.6900), tensor(0.6453), tensor(0.5924), tensor(0.5417), tensor(0.3232), tensor(0.7374), tensor(0.6689), tensor(0.7868), tensor(0.5779)], Mean IoU: 0.5788
Saved new best model at epoch 43 with Mean IoU: 0.5788
Learning rate: 8.1450625e-05
Epoch 44/50
----------

  0%|          | 0/31 [00:00<?, ?it/s]
  3%|▎         | 1/31 [00:08<04:02,  8.08s/it]
 16%|█▌        | 5/31 [00:15<01:10,  2.72s/it]
 29%|██▉       | 9/31 [00:22<00:50,  2.27s/it]
 42%|████▏     | 13/31 [00:30<00:37,  2.07s/it]
 55%|█████▍    | 17/31 [00:37<00:27,  1.96s/it]
 68%|██████▊   | 21/31 [00:44<00:18,  1.87s/it]
 81%|████████  | 25/31 [00:51<00:11,  1.88s/it]
 94%|█████████▎| 29/31 [00:57<00:03,  1.78s/it]
100%|██████████| 31/31 [00:59<00:00,  1.92s/it]
train Loss: 0.1812 Acc: 93.7399, Memory allocated: 2.52 GB, Max memory allocated: 12.35 GB
train_color_map: dict_keys([0, 38, 147, 220, 52, 34, 57, 113, 53, 15, 133, 151, 109, 72, 94, 75, 128, 19, 90, 76])

  0%|          | 0/31 [00:00<?, ?it/s]
  3%|▎         | 1/31 [00:07<03:42,  7.41s/it]
 16%|█▌        | 5/31 [00:13<01:04,  2.48s/it]
 29%|██▉       | 9/31 [00:19<00:42,  1.95s/it]
 42%|████▏     | 13/31 [00:27<00:33,  1.87s/it]
 55%|█████▍    | 17/31 [00:33<00:25,  1.80s/it]
 68%|██████▊   | 21/31 [00:40<00:17,  1.76s/it]
 81%|████████  | 25/31 [00:47<00:10,  1.74s/it]
 94%|█████████▎| 29/31 [00:53<00:03,  1.69s/it]
100%|██████████| 31/31 [00:54<00:00,  1.75s/it]
val Loss: 0.6275 Acc: 83.2952, Memory allocated: 2.43 GB, Max memory allocated: 3.86 GB
val_color_map: dict_keys([0, 38, 147, 220, 52, 34, 57, 113, 53, 15, 133, 151, 109, 72, 94, 75, 128, 19, 90, 76])
Iou per Class: [tensor(0.8395), tensor(0.6170), tensor(0.7482), tensor(0.2469), tensor(0.4999), tensor(0.6071), tensor(0.1761), tensor(0.5117), tensor(0.3872), tensor(0.4796), tensor(0.5034), tensor(0.6636), tensor(0.6629), tensor(0.5788), tensor(0.5826), tensor(0.3623), tensor(0.7062), tensor(0.7218), tensor(0.7552), tensor(0.5313)], Mean IoU: 0.5591
Learning rate: 8.1450625e-05
Epoch 45/50
----------

  0%|          | 0/31 [00:00<?, ?it/s]
  3%|▎         | 1/31 [00:07<03:58,  7.96s/it]
 16%|█▌        | 5/31 [00:15<01:10,  2.72s/it]
 29%|██▉       | 9/31 [00:22<00:48,  2.22s/it]
 42%|████▏     | 13/31 [00:29<00:37,  2.07s/it]
 55%|█████▍    | 17/31 [00:36<00:26,  1.91s/it]
 68%|██████▊   | 21/31 [00:43<00:18,  1.87s/it]
 81%|████████  | 25/31 [00:51<00:11,  1.87s/it]
 94%|█████████▎| 29/31 [00:57<00:03,  1.78s/it]
100%|██████████| 31/31 [00:59<00:00,  1.91s/it]
train Loss: 0.1783 Acc: 93.7964, Memory allocated: 2.52 GB, Max memory allocated: 12.35 GB
train_color_map: dict_keys([0, 38, 147, 220, 52, 34, 57, 113, 53, 15, 133, 151, 109, 72, 94, 75, 128, 19, 90, 76])

  0%|          | 0/31 [00:00<?, ?it/s]
  3%|▎         | 1/31 [00:07<03:45,  7.51s/it]
 16%|█▌        | 5/31 [00:14<01:05,  2.52s/it]
 29%|██▉       | 9/31 [00:20<00:45,  2.08s/it]
 42%|████▏     | 13/31 [00:27<00:34,  1.90s/it]
 55%|█████▍    | 17/31 [00:34<00:25,  1.80s/it]
 68%|██████▊   | 21/31 [00:40<00:16,  1.68s/it]
 81%|████████  | 25/31 [00:46<00:09,  1.64s/it]
 94%|█████████▎| 29/31 [00:52<00:03,  1.58s/it]
100%|██████████| 31/31 [00:52<00:00,  1.70s/it]
val Loss: 0.6282 Acc: 82.8137, Memory allocated: 2.43 GB, Max memory allocated: 3.86 GB
val_color_map: dict_keys([0, 38, 147, 220, 52, 34, 57, 113, 53, 15, 133, 151, 109, 72, 94, 75, 128, 19, 90, 76])
Iou per Class: [tensor(0.8459), tensor(0.6313), tensor(0.7691), tensor(0.2698), tensor(0.6517), tensor(0.5552), tensor(0.2167), tensor(0.4550), tensor(0.4761), tensor(0.4882), tensor(0.3698), tensor(0.5767), tensor(0.6904), tensor(0.5226), tensor(0.4933), tensor(0.3061), tensor(0.7540), tensor(0.6663), tensor(0.7526), tensor(0.5714)], Mean IoU: 0.5531
Learning rate: 8.1450625e-05
Epoch 46/50
----------

  0%|          | 0/31 [00:00<?, ?it/s]
  3%|▎         | 1/31 [00:08<04:01,  8.04s/it]
 16%|█▌        | 5/31 [00:15<01:10,  2.71s/it]
 29%|██▉       | 9/31 [00:22<00:48,  2.21s/it]
 42%|████▏     | 13/31 [00:30<00:37,  2.10s/it]
 55%|█████▍    | 17/31 [00:37<00:27,  1.99s/it]
 68%|██████▊   | 21/31 [00:45<00:19,  1.96s/it]
 81%|████████  | 25/31 [00:52<00:11,  1.94s/it]
 94%|█████████▎| 29/31 [00:58<00:03,  1.79s/it]
100%|██████████| 31/31 [01:00<00:00,  1.95s/it]
train Loss: 0.1908 Acc: 93.4064, Memory allocated: 2.52 GB, Max memory allocated: 12.35 GB
train_color_map: dict_keys([0, 38, 147, 220, 52, 34, 57, 113, 53, 15, 133, 151, 109, 72, 94, 75, 128, 19, 90, 76])

  0%|          | 0/31 [00:00<?, ?it/s]
  3%|▎         | 1/31 [00:07<03:32,  7.10s/it]
 16%|█▌        | 5/31 [00:13<01:02,  2.40s/it]
 29%|██▉       | 9/31 [00:19<00:42,  1.94s/it]
 42%|████▏     | 13/31 [00:25<00:31,  1.77s/it]
 55%|█████▍    | 17/31 [00:32<00:24,  1.72s/it]
 68%|██████▊   | 21/31 [00:38<00:16,  1.65s/it]
 81%|████████  | 25/31 [00:45<00:09,  1.65s/it]
 94%|█████████▎| 29/31 [00:51<00:03,  1.61s/it]
100%|██████████| 31/31 [00:51<00:00,  1.67s/it]
val Loss: 0.6408 Acc: 82.5286, Memory allocated: 2.43 GB, Max memory allocated: 3.86 GB
val_color_map: dict_keys([0, 38, 147, 220, 52, 34, 57, 113, 53, 15, 133, 151, 109, 72, 94, 75, 128, 19, 90, 76])
Iou per Class: [tensor(0.8404), tensor(0.6078), tensor(0.7569), tensor(0.2489), tensor(0.5927), tensor(0.5436), tensor(0.2529), tensor(0.4373), tensor(0.5293), tensor(0.5622), tensor(0.4809), tensor(0.6732), tensor(0.6550), tensor(0.5085), tensor(0.4934), tensor(0.3554), tensor(0.7443), tensor(0.6775), tensor(0.7503), tensor(0.5348)], Mean IoU: 0.5623
Learning rate: 8.1450625e-05
Epoch 47/50
----------

  0%|          | 0/31 [00:00<?, ?it/s]
  3%|▎         | 1/31 [00:07<03:57,  7.91s/it]
 16%|█▌        | 5/31 [00:15<01:10,  2.70s/it]
 29%|██▉       | 9/31 [00:22<00:47,  2.17s/it]
 42%|████▏     | 13/31 [00:29<00:36,  2.02s/it]
 55%|█████▍    | 17/31 [00:36<00:27,  1.95s/it]
 68%|██████▊   | 21/31 [00:44<00:19,  1.94s/it]
 81%|████████  | 25/31 [00:51<00:11,  1.92s/it]
 94%|█████████▎| 29/31 [00:58<00:03,  1.79s/it]
100%|██████████| 31/31 [00:59<00:00,  1.93s/it]
train Loss: 0.1760 Acc: 93.8634, Memory allocated: 2.52 GB, Max memory allocated: 12.35 GB
train_color_map: dict_keys([0, 38, 147, 220, 52, 34, 57, 113, 53, 15, 133, 151, 109, 72, 94, 75, 128, 19, 90, 76])

  0%|          | 0/31 [00:00<?, ?it/s]
  3%|▎         | 1/31 [00:07<03:43,  7.44s/it]
 16%|█▌        | 5/31 [00:14<01:05,  2.53s/it]
 29%|██▉       | 9/31 [00:20<00:45,  2.06s/it]
 42%|████▏     | 13/31 [00:27<00:33,  1.88s/it]
 55%|█████▍    | 17/31 [00:34<00:25,  1.81s/it]
 68%|██████▊   | 21/31 [00:40<00:17,  1.75s/it]
 81%|████████  | 25/31 [00:47<00:10,  1.75s/it]
 94%|█████████▎| 29/31 [00:53<00:03,  1.67s/it]
100%|██████████| 31/31 [00:54<00:00,  1.75s/it]
val Loss: 0.6073 Acc: 83.0766, Memory allocated: 2.43 GB, Max memory allocated: 3.86 GB
val_color_map: dict_keys([0, 38, 147, 220, 52, 34, 57, 113, 53, 15, 133, 151, 109, 72, 94, 75, 128, 19, 90, 76])
Iou per Class: [tensor(0.8469), tensor(0.6365), tensor(0.7617), tensor(0.2459), tensor(0.6338), tensor(0.4878), tensor(0.2354), tensor(0.5070), tensor(0.5507), tensor(0.5261), tensor(0.5055), tensor(0.7051), tensor(0.6366), tensor(0.5659), tensor(0.5280), tensor(0.3533), tensor(0.7505), tensor(0.6371), tensor(0.7932), tensor(0.5893)], Mean IoU: 0.5748
Learning rate: 8.1450625e-05
Epoch 48/50
----------

  0%|          | 0/31 [00:00<?, ?it/s]
  3%|▎         | 1/31 [00:08<04:09,  8.31s/it]
 16%|█▌        | 5/31 [00:15<01:12,  2.79s/it]
 29%|██▉       | 9/31 [00:23<00:50,  2.29s/it]
 42%|████▏     | 13/31 [00:30<00:38,  2.11s/it]
 55%|█████▍    | 17/31 [00:38<00:28,  2.01s/it]
 68%|██████▊   | 21/31 [00:45<00:19,  1.96s/it]
 81%|████████  | 25/31 [00:52<00:11,  1.90s/it]
 94%|█████████▎| 29/31 [00:58<00:03,  1.78s/it]
100%|██████████| 31/31 [01:00<00:00,  1.95s/it]
train Loss: 0.1774 Acc: 93.7816, Memory allocated: 2.52 GB, Max memory allocated: 12.35 GB
train_color_map: dict_keys([0, 38, 147, 220, 52, 34, 57, 113, 53, 15, 133, 151, 109, 72, 94, 75, 128, 19, 90, 76])

  0%|          | 0/31 [00:00<?, ?it/s]
  3%|▎         | 1/31 [00:06<03:25,  6.85s/it]
 16%|█▌        | 5/31 [00:13<01:03,  2.43s/it]
 29%|██▉       | 9/31 [00:20<00:44,  2.01s/it]
 42%|████▏     | 13/31 [00:27<00:34,  1.90s/it]
 55%|█████▍    | 17/31 [00:33<00:25,  1.81s/it]
 68%|██████▊   | 21/31 [00:40<00:17,  1.76s/it]
 81%|████████  | 25/31 [00:47<00:10,  1.75s/it]
 94%|█████████▎| 29/31 [00:53<00:03,  1.68s/it]
100%|██████████| 31/31 [00:54<00:00,  1.74s/it]
val Loss: 0.6371 Acc: 82.5755, Memory allocated: 2.43 GB, Max memory allocated: 3.86 GB
val_color_map: dict_keys([0, 38, 147, 220, 52, 34, 57, 113, 53, 15, 133, 151, 109, 72, 94, 75, 128, 19, 90, 76])
Iou per Class: [tensor(0.8386), tensor(0.6478), tensor(0.7505), tensor(0.2611), tensor(0.5677), tensor(0.5647), tensor(0.1933), tensor(0.4094), tensor(0.4939), tensor(0.5706), tensor(0.4618), tensor(0.6655), tensor(0.6656), tensor(0.5504), tensor(0.5047), tensor(0.3001), tensor(0.7422), tensor(0.6791), tensor(0.7849), tensor(0.5941)], Mean IoU: 0.5623
Learning rate: 8.1450625e-05
Epoch 49/50
----------

  0%|          | 0/31 [00:00<?, ?it/s]
  3%|▎         | 1/31 [00:07<03:57,  7.92s/it]
 16%|█▌        | 5/31 [00:14<01:08,  2.64s/it]
 29%|██▉       | 9/31 [00:22<00:48,  2.22s/it]
 42%|████▏     | 13/31 [00:29<00:37,  2.07s/it]
 55%|█████▍    | 17/31 [00:36<00:26,  1.93s/it]
 68%|██████▊   | 21/31 [00:44<00:19,  1.92s/it]
 81%|████████  | 25/31 [00:51<00:11,  1.86s/it]
 94%|█████████▎| 29/31 [00:57<00:03,  1.77s/it]
100%|██████████| 31/31 [00:59<00:00,  1.91s/it]
train Loss: 0.1721 Acc: 93.9334, Memory allocated: 2.52 GB, Max memory allocated: 12.35 GB
train_color_map: dict_keys([0, 38, 147, 220, 52, 34, 57, 113, 53, 15, 133, 151, 109, 72, 94, 75, 128, 19, 90, 76])

  0%|          | 0/31 [00:00<?, ?it/s]
  3%|▎         | 1/31 [00:07<03:32,  7.09s/it]
 16%|█▌        | 5/31 [00:13<01:03,  2.45s/it]
 29%|██▉       | 9/31 [00:20<00:44,  2.02s/it]
 42%|████▏     | 13/31 [00:27<00:33,  1.87s/it]
 55%|█████▍    | 17/31 [00:33<00:25,  1.81s/it]
 68%|██████▊   | 21/31 [00:40<00:17,  1.76s/it]
 81%|████████  | 25/31 [00:47<00:10,  1.76s/it]
 94%|█████████▎| 29/31 [00:53<00:03,  1.67s/it]
100%|██████████| 31/31 [00:54<00:00,  1.74s/it]
val Loss: 0.6257 Acc: 82.4048, Memory allocated: 2.43 GB, Max memory allocated: 3.86 GB
val_color_map: dict_keys([0, 38, 147, 220, 52, 34, 57, 113, 53, 15, 133, 151, 109, 72, 94, 75, 128, 19, 90, 76])
Iou per Class: [tensor(0.8441), tensor(0.6371), tensor(0.7608), tensor(0.2626), tensor(0.5384), tensor(0.5145), tensor(0.2609), tensor(0.4621), tensor(0.4956), tensor(0.5371), tensor(0.4798), tensor(0.6525), tensor(0.6459), tensor(0.5591), tensor(0.5239), tensor(0.3622), tensor(0.7075), tensor(0.5968), tensor(0.7896), tensor(0.6138)], Mean IoU: 0.5622
Learning rate: 8.1450625e-05
Epoch 50/50
----------

  0%|          | 0/31 [00:00<?, ?it/s]
  3%|▎         | 1/31 [00:07<03:53,  7.79s/it]
 16%|█▌        | 5/31 [00:14<01:09,  2.68s/it]
 29%|██▉       | 9/31 [00:22<00:50,  2.31s/it]
 42%|████▏     | 13/31 [00:29<00:37,  2.06s/it]
 55%|█████▍    | 17/31 [00:37<00:27,  2.00s/it]
 68%|██████▊   | 21/31 [00:44<00:19,  1.95s/it]
 81%|████████  | 25/31 [00:51<00:11,  1.86s/it]
 94%|█████████▎| 29/31 [00:57<00:03,  1.76s/it]
100%|██████████| 31/31 [00:59<00:00,  1.92s/it]
train Loss: 0.1620 Acc: 94.2105, Memory allocated: 2.52 GB, Max memory allocated: 12.35 GB
train_color_map: dict_keys([0, 38, 147, 220, 52, 34, 57, 113, 53, 15, 133, 151, 109, 72, 94, 75, 128, 19, 90, 76])

  0%|          | 0/31 [00:00<?, ?it/s]
  3%|▎         | 1/31 [00:07<03:34,  7.16s/it]
 16%|█▌        | 5/31 [00:14<01:06,  2.56s/it]
 29%|██▉       | 9/31 [00:20<00:43,  1.99s/it]
 42%|████▏     | 13/31 [00:26<00:32,  1.82s/it]
 55%|█████▍    | 17/31 [00:33<00:25,  1.80s/it]
 68%|██████▊   | 21/31 [00:40<00:17,  1.76s/it]
 81%|████████  | 25/31 [00:46<00:10,  1.70s/it]
 94%|█████████▎| 29/31 [00:53<00:03,  1.67s/it]
100%|██████████| 31/31 [00:53<00:00,  1.73s/it]
val Loss: 0.6168 Acc: 83.3627, Memory allocated: 2.43 GB, Max memory allocated: 3.86 GB
val_color_map: dict_keys([0, 38, 147, 220, 52, 34, 57, 113, 53, 15, 133, 151, 109, 72, 94, 75, 128, 19, 90, 76])
Iou per Class: [tensor(0.8503), tensor(0.6149), tensor(0.7770), tensor(0.2684), tensor(0.5569), tensor(0.5459), tensor(0.1916), tensor(0.4514), tensor(0.4965), tensor(0.5159), tensor(0.4456), tensor(0.7188), tensor(0.6422), tensor(0.6065), tensor(0.5591), tensor(0.3509), tensor(0.7465), tensor(0.6424), tensor(0.7586), tensor(0.5846)], Mean IoU: 0.5662
Learning rate: 8.1450625e-05
Best epoch 42, Best Loss 0.6155141932623727
任务成功结束
