running with Ivan deep learning work
05/06 18:49:13 - mmengine - INFO - 
------------------------------------------------------------
System environment:
    sys.platform: linux
    Python: 3.11.8 (main, Feb 26 2024, 21:39:34) [GCC 11.2.0]
    CUDA available: True
    MUSA available: False
    numpy_random_seed: 1355112655
    GPU 0: NVIDIA A100-PCIE-40GB
    CUDA_HOME: /usr/local/cuda-11.8
    GCC: gcc (GCC) 8.5.0 20210514 (Red Hat 8.5.0-20)
    PyTorch: 2.2.1
    PyTorch compiling details: PyTorch built with:
  - GCC 9.3
  - C++ Version: 201703
  - Intel(R) oneAPI Math Kernel Library Version 2023.1-Product Build 20230303 for Intel(R) 64 architecture applications
  - Intel(R) MKL-DNN v3.3.2 (Git Hash 2dc95a2ad0841e29db8b22fbccaf3e5da7992b01)
  - OpenMP 201511 (a.k.a. OpenMP 4.5)
  - LAPACK is enabled (usually provided by MKL)
  - NNPACK is enabled
  - CPU capability usage: AVX2
  - CUDA Runtime 11.8
  - NVCC architecture flags: -gencode;arch=compute_50,code=sm_50;-gencode;arch=compute_60,code=sm_60;-gencode;arch=compute_61,code=sm_61;-gencode;arch=compute_70,code=sm_70;-gencode;arch=compute_75,code=sm_75;-gencode;arch=compute_80,code=sm_80;-gencode;arch=compute_86,code=sm_86;-gencode;arch=compute_37,code=sm_37;-gencode;arch=compute_90,code=sm_90;-gencode;arch=compute_37,code=compute_37
  - CuDNN 8.7
  - Magma 2.6.1
  - Build settings: BLAS_INFO=mkl, BUILD_TYPE=Release, CUDA_VERSION=11.8, CUDNN_VERSION=8.7.0, CXX_COMPILER=/opt/rh/devtoolset-9/root/usr/bin/c++, CXX_FLAGS= -D_GLIBCXX_USE_CXX11_ABI=0 -fabi-version=11 -fvisibility-inlines-hidden -DUSE_PTHREADPOOL -DNDEBUG -DUSE_KINETO -DLIBKINETO_NOROCTRACER -DUSE_FBGEMM -DUSE_QNNPACK -DUSE_PYTORCH_QNNPACK -DUSE_XNNPACK -DSYMBOLICATE_MOBILE_DEBUG_HANDLE -O2 -fPIC -Wall -Wextra -Werror=return-type -Werror=non-virtual-dtor -Werror=bool-operation -Wnarrowing -Wno-missing-field-initializers -Wno-type-limits -Wno-array-bounds -Wno-unknown-pragmas -Wno-unused-parameter -Wno-unused-function -Wno-unused-result -Wno-strict-overflow -Wno-strict-aliasing -Wno-stringop-overflow -Wsuggest-override -Wno-psabi -Wno-error=pedantic -Wno-error=old-style-cast -Wno-missing-braces -fdiagnostics-color=always -faligned-new -Wno-unused-but-set-variable -Wno-maybe-uninitialized -fno-math-errno -fno-trapping-math -Werror=format -Wno-stringop-overflow, LAPACK_INFO=mkl, PERF_WITH_AVX=1, PERF_WITH_AVX2=1, PERF_WITH_AVX512=1, TORCH_VERSION=2.2.1, USE_CUDA=ON, USE_CUDNN=ON, USE_EXCEPTION_PTR=1, USE_GFLAGS=OFF, USE_GLOG=OFF, USE_MKL=ON, USE_MKLDNN=ON, USE_MPI=OFF, USE_NCCL=ON, USE_NNPACK=ON, USE_OPENMP=ON, USE_ROCM=OFF, USE_ROCM_KERNEL_ASSERT=OFF, 

    TorchVision: 0.17.1
    OpenCV: 4.9.0
    MMEngine: 0.10.4

Runtime environment:
    cudnn_benchmark: True
    mp_cfg: {'mp_start_method': 'fork', 'opencv_num_threads': 0}
    dist_cfg: {'backend': 'nccl'}
    seed: 1355112655
    Distributed launcher: none
    Distributed training: False
    GPU number: 1
------------------------------------------------------------

05/06 18:49:13 - mmengine - INFO - Config:
backbone_norm_cfg = dict(eps=1e-06, requires_grad=True, type='LN')
crop_size = (
    512,
    512,
)
data_preprocessor = dict(
    bgr_to_rgb=True,
    mean=[
        123.675,
        116.28,
        103.53,
    ],
    pad_val=0,
    seg_pad_val=255,
    size=(
        512,
        512,
    ),
    std=[
        58.395,
        57.12,
        57.375,
    ],
    type='SegDataPreProcessor')
data_root = '/home/Student/s4715365/testfolder/comp7840/data/VOCdevkit/VOC2012'
dataset_type = 'PascalVOCDataset'
default_hooks = dict(
    checkpoint=dict(by_epoch=False, interval=5000, type='CheckpointHook'),
    logger=dict(interval=50, log_metric_by_epoch=False, type='LoggerHook'),
    param_scheduler=dict(type='ParamSchedulerHook'),
    sampler_seed=dict(type='DistSamplerSeedHook'),
    timer=dict(type='IterTimerHook'),
    visualization=dict(type='SegVisualizationHook'))
default_scope = 'mmseg'
env_cfg = dict(
    cudnn_benchmark=True,
    dist_cfg=dict(backend='nccl'),
    mp_cfg=dict(mp_start_method='fork', opencv_num_threads=0))
launcher = 'none'
load_from = None
log_level = 'INFO'
log_processor = dict(by_epoch=False)
model = dict(
    auxiliary_head=[
        dict(
            act_cfg=dict(type='ReLU'),
            align_corners=False,
            channels=256,
            dropout_ratio=0,
            in_channels=1024,
            in_index=0,
            kernel_size=3,
            loss_decode=dict(
                loss_weight=0.4, type='CrossEntropyLoss', use_sigmoid=False),
            norm_cfg=dict(requires_grad=True, type='BN'),
            num_classes=21,
            num_convs=2,
            type='SETRUPHead'),
        dict(
            act_cfg=dict(type='ReLU'),
            align_corners=False,
            channels=256,
            dropout_ratio=0,
            in_channels=1024,
            in_index=1,
            kernel_size=3,
            loss_decode=dict(
                loss_weight=0.4, type='CrossEntropyLoss', use_sigmoid=False),
            norm_cfg=dict(requires_grad=True, type='BN'),
            num_classes=21,
            num_convs=2,
            type='SETRUPHead'),
        dict(
            act_cfg=dict(type='ReLU'),
            align_corners=False,
            channels=256,
            dropout_ratio=0,
            in_channels=1024,
            in_index=2,
            kernel_size=3,
            loss_decode=dict(
                loss_weight=0.4, type='CrossEntropyLoss', use_sigmoid=False),
            norm_cfg=dict(requires_grad=True, type='BN'),
            num_classes=21,
            num_convs=2,
            type='SETRUPHead'),
    ],
    backbone=dict(
        drop_rate=0.0,
        embed_dims=1024,
        img_size=(
            512,
            512,
        ),
        in_channels=3,
        init_cfg=dict(
            checkpoint='./pretrain/vit_large_p16.pth', type='Pretrained'),
        interpolate_mode='bilinear',
        norm_cfg=dict(eps=1e-06, requires_grad=True, type='LN'),
        num_heads=16,
        num_layers=24,
        out_indices=(
            9,
            14,
            19,
            23,
        ),
        patch_size=16,
        type='VisionTransformer',
        with_cls_token=True),
    data_preprocessor=dict(
        bgr_to_rgb=True,
        mean=[
            123.675,
            116.28,
            103.53,
        ],
        pad_val=0,
        seg_pad_val=255,
        size=(
            512,
            512,
        ),
        std=[
            58.395,
            57.12,
            57.375,
        ],
        type='SegDataPreProcessor'),
    decode_head=dict(
        align_corners=False,
        channels=256,
        dropout_ratio=0,
        in_channels=1024,
        in_index=3,
        kernel_size=3,
        loss_decode=dict(
            loss_weight=1.0, type='CrossEntropyLoss', use_sigmoid=False),
        norm_cfg=dict(requires_grad=True, type='BN'),
        num_classes=21,
        num_convs=4,
        type='SETRUPHead',
        up_scale=2),
    pretrained=None,
    test_cfg=dict(crop_size=(
        512,
        512,
    ), mode='slide', stride=(
        341,
        341,
    )),
    train_cfg=dict(),
    type='EncoderDecoder')
norm_cfg = dict(requires_grad=True, type='BN')
optim_wrapper = dict(
    clip_grad=None,
    optimizer=dict(lr=0.001, momentum=0.9, type='SGD', weight_decay=0.0),
    paramwise_cfg=dict(custom_keys=dict(head=dict(lr_mult=10.0))),
    type='OptimWrapper')
optimizer = dict(lr=0.001, momentum=0.9, type='SGD', weight_decay=0.0)
param_scheduler = [
    dict(
        begin=0,
        by_epoch=False,
        end=20000,
        eta_min=0.0001,
        power=0.9,
        type='PolyLR'),
]
resume = False
test_cfg = dict(type='TestLoop')
test_dataloader = dict(
    batch_size=1,
    dataset=dict(
        ann_file='ImageSets/Segmentation/val.txt',
        data_prefix=dict(
            img_path='JPEGImages', seg_map_path='SegmentationClass'),
        data_root=
        '/home/Student/s4715365/testfolder/comp7840/data/VOCdevkit/VOC2012',
        pipeline=[
            dict(type='LoadImageFromFile'),
            dict(keep_ratio=True, scale=(
                2048,
                512,
            ), type='Resize'),
            dict(type='LoadAnnotations'),
            dict(type='PackSegInputs'),
        ],
        type='PascalVOCDataset'),
    num_workers=4,
    persistent_workers=True,
    sampler=dict(shuffle=False, type='DefaultSampler'))
test_evaluator = dict(
    iou_metrics=[
        'mIoU',
        'mFscore',
    ], type='IoUMetric')
test_pipeline = [
    dict(type='LoadImageFromFile'),
    dict(keep_ratio=True, scale=(
        2048,
        512,
    ), type='Resize'),
    dict(type='LoadAnnotations'),
    dict(type='PackSegInputs'),
]
train_cfg = dict(max_iters=20000, type='IterBasedTrainLoop', val_interval=1000)
train_dataloader = dict(
    batch_size=1,
    dataset=dict(
        ann_file='ImageSets/Segmentation/train.txt',
        data_prefix=dict(
            img_path='JPEGImages', seg_map_path='SegmentationClass'),
        data_root=
        '/home/Student/s4715365/testfolder/comp7840/data/VOCdevkit/VOC2012',
        pipeline=[
            dict(type='LoadImageFromFile'),
            dict(type='LoadAnnotations'),
            dict(
                keep_ratio=True,
                ratio_range=(
                    0.5,
                    2.0,
                ),
                scale=(
                    2048,
                    512,
                ),
                type='RandomResize'),
            dict(
                cat_max_ratio=0.75, crop_size=(
                    512,
                    512,
                ), type='RandomCrop'),
            dict(prob=0.5, type='RandomFlip'),
            dict(type='PhotoMetricDistortion'),
            dict(type='PackSegInputs'),
        ],
        type='PascalVOCDataset'),
    num_workers=4,
    persistent_workers=True,
    sampler=dict(shuffle=False, type='InfiniteSampler'))
train_pipeline = [
    dict(type='LoadImageFromFile'),
    dict(type='LoadAnnotations'),
    dict(
        keep_ratio=True,
        ratio_range=(
            0.5,
            2.0,
        ),
        scale=(
            2048,
            512,
        ),
        type='RandomResize'),
    dict(cat_max_ratio=0.75, crop_size=(
        512,
        512,
    ), type='RandomCrop'),
    dict(prob=0.5, type='RandomFlip'),
    dict(type='PhotoMetricDistortion'),
    dict(type='PackSegInputs'),
]
tta_model = dict(type='SegTTAModel')
val_cfg = dict(type='ValLoop')
val_dataloader = dict(
    batch_size=1,
    dataset=dict(
        ann_file='ImageSets/Segmentation/val.txt',
        data_prefix=dict(
            img_path='JPEGImages', seg_map_path='SegmentationClass'),
        data_root=
        '/home/Student/s4715365/testfolder/comp7840/data/VOCdevkit/VOC2012',
        pipeline=[
            dict(type='LoadImageFromFile'),
            dict(keep_ratio=True, scale=(
                2048,
                512,
            ), type='Resize'),
            dict(type='LoadAnnotations'),
            dict(type='PackSegInputs'),
        ],
        type='PascalVOCDataset'),
    num_workers=4,
    persistent_workers=True,
    sampler=dict(shuffle=False, type='DefaultSampler'))
val_evaluator = dict(
    iou_metrics=[
        'mIoU',
        'mFscore',
    ], type='IoUMetric')
vis_backends = [
    dict(type='LocalVisBackend'),
]
visualizer = dict(
    name='visualizer',
    type='SegLocalVisualizer',
    vis_backends=[
        dict(type='LocalVisBackend'),
    ])
work_dir = './result'

/home/Student/s4715365/anaconda3/envs/venv/lib/python3.11/site-packages/mmseg/models/builder.py:36: UserWarning: ``build_loss`` would be deprecated soon, please use ``mmseg.registry.MODELS.build()`` 
  warnings.warn('``build_loss`` would be deprecated soon, please use '
/home/Student/s4715365/anaconda3/envs/venv/lib/python3.11/site-packages/mmseg/models/losses/cross_entropy_loss.py:250: UserWarning: Default ``avg_non_ignore`` is False, if you would like to ignore the certain label and average loss over non-ignore labels, which is the same with PyTorch official cross_entropy, set ``avg_non_ignore=True``.
  warnings.warn(
05/06 18:49:17 - mmengine - INFO - Distributed training is not used, all SyncBatchNorm (SyncBN) layers in the model will be automatically reverted to BatchNormXd layers if they are used.
/home/Student/s4715365/anaconda3/envs/venv/lib/python3.11/site-packages/mmseg/engine/hooks/visualization_hook.py:60: UserWarning: The draw is False, it means that the hook for visualization will not take effect. The results will NOT be visualized or stored.
  warnings.warn('The draw is False, it means that the '
05/06 18:49:17 - mmengine - INFO - Hooks will be executed in the following order:
before_run:
(VERY_HIGH   ) RuntimeInfoHook                    
(BELOW_NORMAL) LoggerHook                         
 -------------------- 
before_train:
(VERY_HIGH   ) RuntimeInfoHook                    
(NORMAL      ) IterTimerHook                      
(VERY_LOW    ) CheckpointHook                     
 -------------------- 
before_train_epoch:
(VERY_HIGH   ) RuntimeInfoHook                    
(NORMAL      ) IterTimerHook                      
(NORMAL      ) DistSamplerSeedHook                
 -------------------- 
before_train_iter:
(VERY_HIGH   ) RuntimeInfoHook                    
(NORMAL      ) IterTimerHook                      
 -------------------- 
after_train_iter:
(VERY_HIGH   ) RuntimeInfoHook                    
(NORMAL      ) IterTimerHook                      
(NORMAL      ) SegVisualizationHook               
(BELOW_NORMAL) LoggerHook                         
(LOW         ) ParamSchedulerHook                 
(VERY_LOW    ) CheckpointHook                     
 -------------------- 
after_train_epoch:
(NORMAL      ) IterTimerHook                      
(LOW         ) ParamSchedulerHook                 
(VERY_LOW    ) CheckpointHook                     
 -------------------- 
before_val:
(VERY_HIGH   ) RuntimeInfoHook                    
 -------------------- 
before_val_epoch:
(NORMAL      ) IterTimerHook                      
 -------------------- 
before_val_iter:
(NORMAL      ) IterTimerHook                      
 -------------------- 
after_val_iter:
(NORMAL      ) IterTimerHook                      
(NORMAL      ) SegVisualizationHook               
(BELOW_NORMAL) LoggerHook                         
 -------------------- 
after_val_epoch:
(VERY_HIGH   ) RuntimeInfoHook                    
(NORMAL      ) IterTimerHook                      
(BELOW_NORMAL) LoggerHook                         
(LOW         ) ParamSchedulerHook                 
(VERY_LOW    ) CheckpointHook                     
 -------------------- 
after_val:
(VERY_HIGH   ) RuntimeInfoHook                    
 -------------------- 
after_train:
(VERY_HIGH   ) RuntimeInfoHook                    
(VERY_LOW    ) CheckpointHook                     
 -------------------- 
before_test:
(VERY_HIGH   ) RuntimeInfoHook                    
 -------------------- 
before_test_epoch:
(NORMAL      ) IterTimerHook                      
 -------------------- 
before_test_iter:
(NORMAL      ) IterTimerHook                      
 -------------------- 
after_test_iter:
(NORMAL      ) IterTimerHook                      
(NORMAL      ) SegVisualizationHook               
(BELOW_NORMAL) LoggerHook                         
 -------------------- 
after_test_epoch:
(VERY_HIGH   ) RuntimeInfoHook                    
(NORMAL      ) IterTimerHook                      
(BELOW_NORMAL) LoggerHook                         
 -------------------- 
after_test:
(VERY_HIGH   ) RuntimeInfoHook                    
 -------------------- 
after_run:
(BELOW_NORMAL) LoggerHook                         
 -------------------- 
05/06 18:49:18 - mmengine - INFO - paramwise_options -- decode_head.conv_seg.weight:lr=0.01
05/06 18:49:18 - mmengine - INFO - paramwise_options -- decode_head.conv_seg.weight:weight_decay=0.0
05/06 18:49:18 - mmengine - INFO - paramwise_options -- decode_head.conv_seg.weight:lr_mult=10.0
05/06 18:49:18 - mmengine - INFO - paramwise_options -- decode_head.conv_seg.bias:lr=0.01
05/06 18:49:18 - mmengine - INFO - paramwise_options -- decode_head.conv_seg.bias:weight_decay=0.0
05/06 18:49:18 - mmengine - INFO - paramwise_options -- decode_head.conv_seg.bias:lr_mult=10.0
05/06 18:49:18 - mmengine - INFO - paramwise_options -- decode_head.norm.weight:lr=0.01
05/06 18:49:18 - mmengine - INFO - paramwise_options -- decode_head.norm.weight:weight_decay=0.0
05/06 18:49:18 - mmengine - INFO - paramwise_options -- decode_head.norm.weight:lr_mult=10.0
05/06 18:49:18 - mmengine - INFO - paramwise_options -- decode_head.norm.bias:lr=0.01
05/06 18:49:18 - mmengine - INFO - paramwise_options -- decode_head.norm.bias:weight_decay=0.0
05/06 18:49:18 - mmengine - INFO - paramwise_options -- decode_head.norm.bias:lr_mult=10.0
05/06 18:49:18 - mmengine - INFO - paramwise_options -- decode_head.up_convs.0.0.conv.weight:lr=0.01
05/06 18:49:18 - mmengine - INFO - paramwise_options -- decode_head.up_convs.0.0.conv.weight:weight_decay=0.0
05/06 18:49:18 - mmengine - INFO - paramwise_options -- decode_head.up_convs.0.0.conv.weight:lr_mult=10.0
05/06 18:49:18 - mmengine - INFO - paramwise_options -- decode_head.up_convs.0.0.bn.weight:lr=0.01
05/06 18:49:18 - mmengine - INFO - paramwise_options -- decode_head.up_convs.0.0.bn.weight:weight_decay=0.0
05/06 18:49:18 - mmengine - INFO - paramwise_options -- decode_head.up_convs.0.0.bn.weight:lr_mult=10.0
05/06 18:49:18 - mmengine - INFO - paramwise_options -- decode_head.up_convs.0.0.bn.bias:lr=0.01
05/06 18:49:18 - mmengine - INFO - paramwise_options -- decode_head.up_convs.0.0.bn.bias:weight_decay=0.0
05/06 18:49:18 - mmengine - INFO - paramwise_options -- decode_head.up_convs.0.0.bn.bias:lr_mult=10.0
05/06 18:49:18 - mmengine - INFO - paramwise_options -- decode_head.up_convs.1.0.conv.weight:lr=0.01
05/06 18:49:18 - mmengine - INFO - paramwise_options -- decode_head.up_convs.1.0.conv.weight:weight_decay=0.0
05/06 18:49:18 - mmengine - INFO - paramwise_options -- decode_head.up_convs.1.0.conv.weight:lr_mult=10.0
05/06 18:49:18 - mmengine - INFO - paramwise_options -- decode_head.up_convs.1.0.bn.weight:lr=0.01
05/06 18:49:18 - mmengine - INFO - paramwise_options -- decode_head.up_convs.1.0.bn.weight:weight_decay=0.0
05/06 18:49:18 - mmengine - INFO - paramwise_options -- decode_head.up_convs.1.0.bn.weight:lr_mult=10.0
05/06 18:49:18 - mmengine - INFO - paramwise_options -- decode_head.up_convs.1.0.bn.bias:lr=0.01
05/06 18:49:18 - mmengine - INFO - paramwise_options -- decode_head.up_convs.1.0.bn.bias:weight_decay=0.0
05/06 18:49:18 - mmengine - INFO - paramwise_options -- decode_head.up_convs.1.0.bn.bias:lr_mult=10.0
05/06 18:49:18 - mmengine - INFO - paramwise_options -- decode_head.up_convs.2.0.conv.weight:lr=0.01
05/06 18:49:18 - mmengine - INFO - paramwise_options -- decode_head.up_convs.2.0.conv.weight:weight_decay=0.0
05/06 18:49:18 - mmengine - INFO - paramwise_options -- decode_head.up_convs.2.0.conv.weight:lr_mult=10.0
05/06 18:49:18 - mmengine - INFO - paramwise_options -- decode_head.up_convs.2.0.bn.weight:lr=0.01
05/06 18:49:18 - mmengine - INFO - paramwise_options -- decode_head.up_convs.2.0.bn.weight:weight_decay=0.0
05/06 18:49:18 - mmengine - INFO - paramwise_options -- decode_head.up_convs.2.0.bn.weight:lr_mult=10.0
05/06 18:49:18 - mmengine - INFO - paramwise_options -- decode_head.up_convs.2.0.bn.bias:lr=0.01
05/06 18:49:18 - mmengine - INFO - paramwise_options -- decode_head.up_convs.2.0.bn.bias:weight_decay=0.0
05/06 18:49:18 - mmengine - INFO - paramwise_options -- decode_head.up_convs.2.0.bn.bias:lr_mult=10.0
05/06 18:49:18 - mmengine - INFO - paramwise_options -- decode_head.up_convs.3.0.conv.weight:lr=0.01
05/06 18:49:18 - mmengine - INFO - paramwise_options -- decode_head.up_convs.3.0.conv.weight:weight_decay=0.0
05/06 18:49:18 - mmengine - INFO - paramwise_options -- decode_head.up_convs.3.0.conv.weight:lr_mult=10.0
05/06 18:49:18 - mmengine - INFO - paramwise_options -- decode_head.up_convs.3.0.bn.weight:lr=0.01
05/06 18:49:18 - mmengine - INFO - paramwise_options -- decode_head.up_convs.3.0.bn.weight:weight_decay=0.0
05/06 18:49:18 - mmengine - INFO - paramwise_options -- decode_head.up_convs.3.0.bn.weight:lr_mult=10.0
05/06 18:49:18 - mmengine - INFO - paramwise_options -- decode_head.up_convs.3.0.bn.bias:lr=0.01
05/06 18:49:18 - mmengine - INFO - paramwise_options -- decode_head.up_convs.3.0.bn.bias:weight_decay=0.0
05/06 18:49:18 - mmengine - INFO - paramwise_options -- decode_head.up_convs.3.0.bn.bias:lr_mult=10.0
05/06 18:49:18 - mmengine - INFO - paramwise_options -- auxiliary_head.0.conv_seg.weight:lr=0.01
05/06 18:49:18 - mmengine - INFO - paramwise_options -- auxiliary_head.0.conv_seg.weight:weight_decay=0.0
05/06 18:49:18 - mmengine - INFO - paramwise_options -- auxiliary_head.0.conv_seg.weight:lr_mult=10.0
05/06 18:49:18 - mmengine - INFO - paramwise_options -- auxiliary_head.0.conv_seg.bias:lr=0.01
05/06 18:49:18 - mmengine - INFO - paramwise_options -- auxiliary_head.0.conv_seg.bias:weight_decay=0.0
05/06 18:49:18 - mmengine - INFO - paramwise_options -- auxiliary_head.0.conv_seg.bias:lr_mult=10.0
05/06 18:49:18 - mmengine - INFO - paramwise_options -- auxiliary_head.0.norm.weight:lr=0.01
05/06 18:49:18 - mmengine - INFO - paramwise_options -- auxiliary_head.0.norm.weight:weight_decay=0.0
05/06 18:49:18 - mmengine - INFO - paramwise_options -- auxiliary_head.0.norm.weight:lr_mult=10.0
05/06 18:49:18 - mmengine - INFO - paramwise_options -- auxiliary_head.0.norm.bias:lr=0.01
05/06 18:49:18 - mmengine - INFO - paramwise_options -- auxiliary_head.0.norm.bias:weight_decay=0.0
05/06 18:49:18 - mmengine - INFO - paramwise_options -- auxiliary_head.0.norm.bias:lr_mult=10.0
05/06 18:49:18 - mmengine - INFO - paramwise_options -- auxiliary_head.0.up_convs.0.0.conv.weight:lr=0.01
05/06 18:49:18 - mmengine - INFO - paramwise_options -- auxiliary_head.0.up_convs.0.0.conv.weight:weight_decay=0.0
05/06 18:49:18 - mmengine - INFO - paramwise_options -- auxiliary_head.0.up_convs.0.0.conv.weight:lr_mult=10.0
05/06 18:49:18 - mmengine - INFO - paramwise_options -- auxiliary_head.0.up_convs.0.0.bn.weight:lr=0.01
05/06 18:49:18 - mmengine - INFO - paramwise_options -- auxiliary_head.0.up_convs.0.0.bn.weight:weight_decay=0.0
05/06 18:49:18 - mmengine - INFO - paramwise_options -- auxiliary_head.0.up_convs.0.0.bn.weight:lr_mult=10.0
05/06 18:49:18 - mmengine - INFO - paramwise_options -- auxiliary_head.0.up_convs.0.0.bn.bias:lr=0.01
05/06 18:49:18 - mmengine - INFO - paramwise_options -- auxiliary_head.0.up_convs.0.0.bn.bias:weight_decay=0.0
05/06 18:49:18 - mmengine - INFO - paramwise_options -- auxiliary_head.0.up_convs.0.0.bn.bias:lr_mult=10.0
05/06 18:49:18 - mmengine - INFO - paramwise_options -- auxiliary_head.0.up_convs.1.0.conv.weight:lr=0.01
05/06 18:49:18 - mmengine - INFO - paramwise_options -- auxiliary_head.0.up_convs.1.0.conv.weight:weight_decay=0.0
05/06 18:49:18 - mmengine - INFO - paramwise_options -- auxiliary_head.0.up_convs.1.0.conv.weight:lr_mult=10.0
05/06 18:49:18 - mmengine - INFO - paramwise_options -- auxiliary_head.0.up_convs.1.0.bn.weight:lr=0.01
05/06 18:49:18 - mmengine - INFO - paramwise_options -- auxiliary_head.0.up_convs.1.0.bn.weight:weight_decay=0.0
05/06 18:49:18 - mmengine - INFO - paramwise_options -- auxiliary_head.0.up_convs.1.0.bn.weight:lr_mult=10.0
05/06 18:49:18 - mmengine - INFO - paramwise_options -- auxiliary_head.0.up_convs.1.0.bn.bias:lr=0.01
05/06 18:49:18 - mmengine - INFO - paramwise_options -- auxiliary_head.0.up_convs.1.0.bn.bias:weight_decay=0.0
05/06 18:49:18 - mmengine - INFO - paramwise_options -- auxiliary_head.0.up_convs.1.0.bn.bias:lr_mult=10.0
05/06 18:49:18 - mmengine - INFO - paramwise_options -- auxiliary_head.1.conv_seg.weight:lr=0.01
05/06 18:49:18 - mmengine - INFO - paramwise_options -- auxiliary_head.1.conv_seg.weight:weight_decay=0.0
05/06 18:49:18 - mmengine - INFO - paramwise_options -- auxiliary_head.1.conv_seg.weight:lr_mult=10.0
05/06 18:49:18 - mmengine - INFO - paramwise_options -- auxiliary_head.1.conv_seg.bias:lr=0.01
05/06 18:49:18 - mmengine - INFO - paramwise_options -- auxiliary_head.1.conv_seg.bias:weight_decay=0.0
05/06 18:49:18 - mmengine - INFO - paramwise_options -- auxiliary_head.1.conv_seg.bias:lr_mult=10.0
05/06 18:49:18 - mmengine - INFO - paramwise_options -- auxiliary_head.1.norm.weight:lr=0.01
05/06 18:49:18 - mmengine - INFO - paramwise_options -- auxiliary_head.1.norm.weight:weight_decay=0.0
05/06 18:49:18 - mmengine - INFO - paramwise_options -- auxiliary_head.1.norm.weight:lr_mult=10.0
05/06 18:49:18 - mmengine - INFO - paramwise_options -- auxiliary_head.1.norm.bias:lr=0.01
05/06 18:49:18 - mmengine - INFO - paramwise_options -- auxiliary_head.1.norm.bias:weight_decay=0.0
05/06 18:49:18 - mmengine - INFO - paramwise_options -- auxiliary_head.1.norm.bias:lr_mult=10.0
05/06 18:49:18 - mmengine - INFO - paramwise_options -- auxiliary_head.1.up_convs.0.0.conv.weight:lr=0.01
05/06 18:49:18 - mmengine - INFO - paramwise_options -- auxiliary_head.1.up_convs.0.0.conv.weight:weight_decay=0.0
05/06 18:49:18 - mmengine - INFO - paramwise_options -- auxiliary_head.1.up_convs.0.0.conv.weight:lr_mult=10.0
05/06 18:49:18 - mmengine - INFO - paramwise_options -- auxiliary_head.1.up_convs.0.0.bn.weight:lr=0.01
05/06 18:49:18 - mmengine - INFO - paramwise_options -- auxiliary_head.1.up_convs.0.0.bn.weight:weight_decay=0.0
05/06 18:49:18 - mmengine - INFO - paramwise_options -- auxiliary_head.1.up_convs.0.0.bn.weight:lr_mult=10.0
05/06 18:49:18 - mmengine - INFO - paramwise_options -- auxiliary_head.1.up_convs.0.0.bn.bias:lr=0.01
05/06 18:49:18 - mmengine - INFO - paramwise_options -- auxiliary_head.1.up_convs.0.0.bn.bias:weight_decay=0.0
05/06 18:49:18 - mmengine - INFO - paramwise_options -- auxiliary_head.1.up_convs.0.0.bn.bias:lr_mult=10.0
05/06 18:49:18 - mmengine - INFO - paramwise_options -- auxiliary_head.1.up_convs.1.0.conv.weight:lr=0.01
05/06 18:49:18 - mmengine - INFO - paramwise_options -- auxiliary_head.1.up_convs.1.0.conv.weight:weight_decay=0.0
05/06 18:49:18 - mmengine - INFO - paramwise_options -- auxiliary_head.1.up_convs.1.0.conv.weight:lr_mult=10.0
05/06 18:49:18 - mmengine - INFO - paramwise_options -- auxiliary_head.1.up_convs.1.0.bn.weight:lr=0.01
05/06 18:49:18 - mmengine - INFO - paramwise_options -- auxiliary_head.1.up_convs.1.0.bn.weight:weight_decay=0.0
05/06 18:49:18 - mmengine - INFO - paramwise_options -- auxiliary_head.1.up_convs.1.0.bn.weight:lr_mult=10.0
05/06 18:49:18 - mmengine - INFO - paramwise_options -- auxiliary_head.1.up_convs.1.0.bn.bias:lr=0.01
05/06 18:49:18 - mmengine - INFO - paramwise_options -- auxiliary_head.1.up_convs.1.0.bn.bias:weight_decay=0.0
05/06 18:49:18 - mmengine - INFO - paramwise_options -- auxiliary_head.1.up_convs.1.0.bn.bias:lr_mult=10.0
05/06 18:49:18 - mmengine - INFO - paramwise_options -- auxiliary_head.2.conv_seg.weight:lr=0.01
05/06 18:49:18 - mmengine - INFO - paramwise_options -- auxiliary_head.2.conv_seg.weight:weight_decay=0.0
05/06 18:49:18 - mmengine - INFO - paramwise_options -- auxiliary_head.2.conv_seg.weight:lr_mult=10.0
05/06 18:49:18 - mmengine - INFO - paramwise_options -- auxiliary_head.2.conv_seg.bias:lr=0.01
05/06 18:49:18 - mmengine - INFO - paramwise_options -- auxiliary_head.2.conv_seg.bias:weight_decay=0.0
05/06 18:49:18 - mmengine - INFO - paramwise_options -- auxiliary_head.2.conv_seg.bias:lr_mult=10.0
05/06 18:49:18 - mmengine - INFO - paramwise_options -- auxiliary_head.2.norm.weight:lr=0.01
05/06 18:49:18 - mmengine - INFO - paramwise_options -- auxiliary_head.2.norm.weight:weight_decay=0.0
05/06 18:49:18 - mmengine - INFO - paramwise_options -- auxiliary_head.2.norm.weight:lr_mult=10.0
05/06 18:49:18 - mmengine - INFO - paramwise_options -- auxiliary_head.2.norm.bias:lr=0.01
05/06 18:49:18 - mmengine - INFO - paramwise_options -- auxiliary_head.2.norm.bias:weight_decay=0.0
05/06 18:49:18 - mmengine - INFO - paramwise_options -- auxiliary_head.2.norm.bias:lr_mult=10.0
05/06 18:49:18 - mmengine - INFO - paramwise_options -- auxiliary_head.2.up_convs.0.0.conv.weight:lr=0.01
05/06 18:49:18 - mmengine - INFO - paramwise_options -- auxiliary_head.2.up_convs.0.0.conv.weight:weight_decay=0.0
05/06 18:49:18 - mmengine - INFO - paramwise_options -- auxiliary_head.2.up_convs.0.0.conv.weight:lr_mult=10.0
05/06 18:49:18 - mmengine - INFO - paramwise_options -- auxiliary_head.2.up_convs.0.0.bn.weight:lr=0.01
05/06 18:49:18 - mmengine - INFO - paramwise_options -- auxiliary_head.2.up_convs.0.0.bn.weight:weight_decay=0.0
05/06 18:49:18 - mmengine - INFO - paramwise_options -- auxiliary_head.2.up_convs.0.0.bn.weight:lr_mult=10.0
05/06 18:49:18 - mmengine - INFO - paramwise_options -- auxiliary_head.2.up_convs.0.0.bn.bias:lr=0.01
05/06 18:49:18 - mmengine - INFO - paramwise_options -- auxiliary_head.2.up_convs.0.0.bn.bias:weight_decay=0.0
05/06 18:49:18 - mmengine - INFO - paramwise_options -- auxiliary_head.2.up_convs.0.0.bn.bias:lr_mult=10.0
05/06 18:49:18 - mmengine - INFO - paramwise_options -- auxiliary_head.2.up_convs.1.0.conv.weight:lr=0.01
05/06 18:49:18 - mmengine - INFO - paramwise_options -- auxiliary_head.2.up_convs.1.0.conv.weight:weight_decay=0.0
05/06 18:49:18 - mmengine - INFO - paramwise_options -- auxiliary_head.2.up_convs.1.0.conv.weight:lr_mult=10.0
05/06 18:49:18 - mmengine - INFO - paramwise_options -- auxiliary_head.2.up_convs.1.0.bn.weight:lr=0.01
05/06 18:49:18 - mmengine - INFO - paramwise_options -- auxiliary_head.2.up_convs.1.0.bn.weight:weight_decay=0.0
05/06 18:49:18 - mmengine - INFO - paramwise_options -- auxiliary_head.2.up_convs.1.0.bn.weight:lr_mult=10.0
05/06 18:49:18 - mmengine - INFO - paramwise_options -- auxiliary_head.2.up_convs.1.0.bn.bias:lr=0.01
05/06 18:49:18 - mmengine - INFO - paramwise_options -- auxiliary_head.2.up_convs.1.0.bn.bias:weight_decay=0.0
05/06 18:49:18 - mmengine - INFO - paramwise_options -- auxiliary_head.2.up_convs.1.0.bn.bias:lr_mult=10.0
05/06 18:49:18 - mmengine - WARNING - The prefix is not set in metric class IoUMetric.
Loads checkpoint by local backend from path: ./pretrain/vit_large_p16.pth
Resize the pos_embed shape from torch.Size([1, 577, 1024]) to torch.Size([1, 1025, 1024])
The model and loaded state dict do not match exactly

unexpected key in source state_dict: ln1.bias, ln1.weight, patch_embed.projection.bias

05/06 18:49:19 - mmengine - WARNING - "FileClient" will be deprecated in future. Please use io functions in https://mmengine.readthedocs.io/en/latest/api/fileio.html#file-io
05/06 18:49:19 - mmengine - WARNING - "HardDiskBackend" is the alias of "LocalBackend" and the former will be deprecated in future.
05/06 18:49:19 - mmengine - INFO - Checkpoints will be saved to /home/Student/s4715365/other_work/mmsegmentation/result.
05/06 18:49:34 - mmengine - INFO - Iter(train) [   50/20000]  base_lr: 9.9802e-04 lr: 9.9802e-04  eta: 1:38:25  time: 0.2387  data_time: 0.0042  memory: 38733  loss: 3.4094  decode.loss_ce: 1.6046  decode.acc_seg: 52.4013  aux_0.loss_ce: 0.6118  aux_0.acc_seg: 52.2911  aux_1.loss_ce: 0.5994  aux_1.acc_seg: 52.1659  aux_2.loss_ce: 0.5935  aux_2.acc_seg: 52.3610
05/06 18:49:46 - mmengine - INFO - Iter(train) [  100/20000]  base_lr: 9.9599e-04 lr: 9.9599e-04  eta: 1:28:48  time: 0.2404  data_time: 0.0046  memory: 7461  loss: 2.9822  decode.loss_ce: 1.4494  decode.acc_seg: 26.1962  aux_0.loss_ce: 0.5172  aux_0.acc_seg: 30.0056  aux_1.loss_ce: 0.5040  aux_1.acc_seg: 28.7749  aux_2.loss_ce: 0.5116  aux_2.acc_seg: 29.9891
05/06 18:49:58 - mmengine - INFO - Iter(train) [  150/20000]  base_lr: 9.9396e-04 lr: 9.9396e-04  eta: 1:25:34  time: 0.2407  data_time: 0.0041  memory: 7462  loss: 2.1086  decode.loss_ce: 0.9636  decode.acc_seg: 81.8583  aux_0.loss_ce: 0.3797  aux_0.acc_seg: 81.8583  aux_1.loss_ce: 0.3826  aux_1.acc_seg: 81.8583  aux_2.loss_ce: 0.3827  aux_2.acc_seg: 81.8583
05/06 18:50:10 - mmengine - INFO - Iter(train) [  200/20000]  base_lr: 9.9194e-04 lr: 9.9194e-04  eta: 1:23:55  time: 0.2413  data_time: 0.0041  memory: 7461  loss: 2.1140  decode.loss_ce: 0.9783  decode.acc_seg: 80.9069  aux_0.loss_ce: 0.3853  aux_0.acc_seg: 80.4233  aux_1.loss_ce: 0.3761  aux_1.acc_seg: 80.9069  aux_2.loss_ce: 0.3743  aux_2.acc_seg: 80.9069
05/06 18:50:22 - mmengine - INFO - Iter(train) [  250/20000]  base_lr: 9.8991e-04 lr: 9.8991e-04  eta: 1:22:53  time: 0.2420  data_time: 0.0045  memory: 7461  loss: 2.5568  decode.loss_ce: 1.2186  decode.acc_seg: 99.0549  aux_0.loss_ce: 0.4646  aux_0.acc_seg: 99.9977  aux_1.loss_ce: 0.4403  aux_1.acc_seg: 99.4722  aux_2.loss_ce: 0.4333  aux_2.acc_seg: 99.8638
05/06 18:50:34 - mmengine - INFO - Iter(train) [  300/20000]  base_lr: 9.8788e-04 lr: 9.8788e-04  eta: 1:22:07  time: 0.2416  data_time: 0.0041  memory: 7461  loss: 2.4747  decode.loss_ce: 1.1906  decode.acc_seg: 23.1328  aux_0.loss_ce: 0.4388  aux_0.acc_seg: 23.1328  aux_1.loss_ce: 0.4242  aux_1.acc_seg: 23.1328  aux_2.loss_ce: 0.4211  aux_2.acc_seg: 23.1328
05/06 18:50:46 - mmengine - INFO - Iter(train) [  350/20000]  base_lr: 9.8585e-04 lr: 9.8585e-04  eta: 1:21:32  time: 0.2423  data_time: 0.0043  memory: 7461  loss: 2.2199  decode.loss_ce: 1.0392  decode.acc_seg: 88.6883  aux_0.loss_ce: 0.3786  aux_0.acc_seg: 77.0588  aux_1.loss_ce: 0.3968  aux_1.acc_seg: 87.5259  aux_2.loss_ce: 0.4053  aux_2.acc_seg: 86.5254
05/06 18:50:58 - mmengine - INFO - Iter(train) [  400/20000]  base_lr: 9.8382e-04 lr: 9.8382e-04  eta: 1:21:04  time: 0.2427  data_time: 0.0043  memory: 7461  loss: 3.1333  decode.loss_ce: 1.5593  decode.acc_seg: 48.7217  aux_0.loss_ce: 0.5153  aux_0.acc_seg: 59.4683  aux_1.loss_ce: 0.5230  aux_1.acc_seg: 64.0270  aux_2.loss_ce: 0.5358  aux_2.acc_seg: 61.7983
05/06 18:51:11 - mmengine - INFO - Iter(train) [  450/20000]  base_lr: 9.8179e-04 lr: 9.8179e-04  eta: 1:20:40  time: 0.2426  data_time: 0.0042  memory: 7461  loss: 1.7353  decode.loss_ce: 0.8294  decode.acc_seg: 95.8179  aux_0.loss_ce: 0.3105  aux_0.acc_seg: 95.2888  aux_1.loss_ce: 0.3018  aux_1.acc_seg: 95.6858  aux_2.loss_ce: 0.2936  aux_2.acc_seg: 97.4330
05/06 18:51:23 - mmengine - INFO - Iter(train) [  500/20000]  base_lr: 9.7976e-04 lr: 9.7976e-04  eta: 1:20:18  time: 0.2427  data_time: 0.0042  memory: 7462  loss: 2.7010  decode.loss_ce: 1.2610  decode.acc_seg: 87.7855  aux_0.loss_ce: 0.4957  aux_0.acc_seg: 87.7559  aux_1.loss_ce: 0.4738  aux_1.acc_seg: 87.7855  aux_2.loss_ce: 0.4705  aux_2.acc_seg: 87.7827
05/06 18:51:35 - mmengine - INFO - Iter(train) [  550/20000]  base_lr: 9.7773e-04 lr: 9.7773e-04  eta: 1:19:58  time: 0.2421  data_time: 0.0042  memory: 7461  loss: 1.7996  decode.loss_ce: 0.8743  decode.acc_seg: 68.0321  aux_0.loss_ce: 0.3250  aux_0.acc_seg: 68.0321  aux_1.loss_ce: 0.3045  aux_1.acc_seg: 68.0321  aux_2.loss_ce: 0.2958  aux_2.acc_seg: 68.0144
05/06 18:51:47 - mmengine - INFO - Iter(train) [  600/20000]  base_lr: 9.7570e-04 lr: 9.7570e-04  eta: 1:19:39  time: 0.2424  data_time: 0.0041  memory: 7461  loss: 3.3618  decode.loss_ce: 1.6063  decode.acc_seg: 97.1702  aux_0.loss_ce: 0.6010  aux_0.acc_seg: 97.6753  aux_1.loss_ce: 0.5797  aux_1.acc_seg: 97.6753  aux_2.loss_ce: 0.5748  aux_2.acc_seg: 97.4867
05/06 18:51:59 - mmengine - INFO - Iter(train) [  650/20000]  base_lr: 9.7367e-04 lr: 9.7367e-04  eta: 1:19:21  time: 0.2428  data_time: 0.0042  memory: 7461  loss: 2.4181  decode.loss_ce: 1.1144  decode.acc_seg: 81.4418  aux_0.loss_ce: 0.4566  aux_0.acc_seg: 81.4418  aux_1.loss_ce: 0.4245  aux_1.acc_seg: 81.4418  aux_2.loss_ce: 0.4226  aux_2.acc_seg: 81.4386
05/06 18:52:11 - mmengine - INFO - Iter(train) [  700/20000]  base_lr: 9.7164e-04 lr: 9.7164e-04  eta: 1:19:04  time: 0.2430  data_time: 0.0042  memory: 7461  loss: 3.6589  decode.loss_ce: 1.7442  decode.acc_seg: 38.9893  aux_0.loss_ce: 0.6488  aux_0.acc_seg: 39.0449  aux_1.loss_ce: 0.6359  aux_1.acc_seg: 39.0469  aux_2.loss_ce: 0.6301  aux_2.acc_seg: 39.4800
05/06 18:52:23 - mmengine - INFO - Iter(train) [  750/20000]  base_lr: 9.6961e-04 lr: 9.6961e-04  eta: 1:18:49  time: 0.2434  data_time: 0.0044  memory: 7461  loss: 2.1044  decode.loss_ce: 1.0328  decode.acc_seg: 26.2211  aux_0.loss_ce: 0.3881  aux_0.acc_seg: 27.5732  aux_1.loss_ce: 0.3524  aux_1.acc_seg: 36.1000  aux_2.loss_ce: 0.3311  aux_2.acc_seg: 35.4210
05/06 18:52:36 - mmengine - INFO - Iter(train) [  800/20000]  base_lr: 9.6757e-04 lr: 9.6757e-04  eta: 1:18:33  time: 0.2425  data_time: 0.0043  memory: 7462  loss: 2.6406  decode.loss_ce: 1.2708  decode.acc_seg: 65.7332  aux_0.loss_ce: 0.4682  aux_0.acc_seg: 65.7332  aux_1.loss_ce: 0.4552  aux_1.acc_seg: 65.9507  aux_2.loss_ce: 0.4464  aux_2.acc_seg: 72.5125
05/06 18:52:48 - mmengine - INFO - Iter(train) [  850/20000]  base_lr: 9.6554e-04 lr: 9.6554e-04  eta: 1:18:19  time: 0.2433  data_time: 0.0042  memory: 7461  loss: 1.9866  decode.loss_ce: 0.9229  decode.acc_seg: 62.3650  aux_0.loss_ce: 0.3844  aux_0.acc_seg: 62.6291  aux_1.loss_ce: 0.3498  aux_1.acc_seg: 68.7808  aux_2.loss_ce: 0.3294  aux_2.acc_seg: 75.3095
05/06 18:53:00 - mmengine - INFO - Iter(train) [  900/20000]  base_lr: 9.6351e-04 lr: 9.6351e-04  eta: 1:18:04  time: 0.2434  data_time: 0.0042  memory: 7461  loss: 1.7967  decode.loss_ce: 0.8616  decode.acc_seg: 71.7864  aux_0.loss_ce: 0.3384  aux_0.acc_seg: 75.1648  aux_1.loss_ce: 0.3176  aux_1.acc_seg: 77.8079  aux_2.loss_ce: 0.2791  aux_2.acc_seg: 92.3252
05/06 18:53:12 - mmengine - INFO - Iter(train) [  950/20000]  base_lr: 9.6147e-04 lr: 9.6147e-04  eta: 1:17:51  time: 0.2438  data_time: 0.0043  memory: 7461  loss: 2.1235  decode.loss_ce: 1.0287  decode.acc_seg: 29.4514  aux_0.loss_ce: 0.4034  aux_0.acc_seg: 33.2159  aux_1.loss_ce: 0.3635  aux_1.acc_seg: 36.1659  aux_2.loss_ce: 0.3279  aux_2.acc_seg: 46.0118
05/06 18:53:24 - mmengine - INFO - Exp name: setr_voc_20240506_184912
05/06 18:53:24 - mmengine - INFO - Iter(train) [ 1000/20000]  base_lr: 9.5944e-04 lr: 9.5944e-04  eta: 1:17:37  time: 0.2445  data_time: 0.0046  memory: 7461  loss: 1.6183  decode.loss_ce: 0.7708  decode.acc_seg: 47.6177  aux_0.loss_ce: 0.3101  aux_0.acc_seg: 69.5851  aux_1.loss_ce: 0.2810  aux_1.acc_seg: 46.0128  aux_2.loss_ce: 0.2565  aux_2.acc_seg: 43.9128
05/06 18:53:32 - mmengine - INFO - Iter(val) [  50/1449]    eta: 0:03:33  time: 0.1450  data_time: 0.0014  memory: 2940  
05/06 18:53:39 - mmengine - INFO - Iter(val) [ 100/1449]    eta: 0:03:19  time: 0.1452  data_time: 0.0015  memory: 2926  
05/06 18:53:47 - mmengine - INFO - Iter(val) [ 150/1449]    eta: 0:03:15  time: 0.1594  data_time: 0.0015  memory: 2958  
05/06 18:53:54 - mmengine - INFO - Iter(val) [ 200/1449]    eta: 0:03:07  time: 0.1595  data_time: 0.0014  memory: 2934  
05/06 18:54:02 - mmengine - INFO - Iter(val) [ 250/1449]    eta: 0:02:59  time: 0.1452  data_time: 0.0013  memory: 2934  
05/06 18:54:09 - mmengine - INFO - Iter(val) [ 300/1449]    eta: 0:02:50  time: 0.1379  data_time: 0.0013  memory: 2932  
05/06 18:54:16 - mmengine - INFO - Iter(val) [ 350/1449]    eta: 0:02:42  time: 0.1450  data_time: 0.0013  memory: 2926  
05/06 18:54:24 - mmengine - INFO - Iter(val) [ 400/1449]    eta: 0:02:35  time: 0.1594  data_time: 0.0014  memory: 2933  
05/06 18:54:31 - mmengine - INFO - Iter(val) [ 450/1449]    eta: 0:02:28  time: 0.1451  data_time: 0.0014  memory: 2933  
05/06 18:54:39 - mmengine - INFO - Iter(val) [ 500/1449]    eta: 0:02:21  time: 0.1666  data_time: 0.0014  memory: 2969  
05/06 18:54:46 - mmengine - INFO - Iter(val) [ 550/1449]    eta: 0:02:13  time: 0.1449  data_time: 0.0014  memory: 2935  
05/06 18:54:53 - mmengine - INFO - Iter(val) [ 600/1449]    eta: 0:02:05  time: 0.1521  data_time: 0.0013  memory: 2933  
05/06 18:55:01 - mmengine - INFO - Iter(val) [ 650/1449]    eta: 0:01:58  time: 0.1449  data_time: 0.0013  memory: 2926  
05/06 18:55:08 - mmengine - INFO - Iter(val) [ 700/1449]    eta: 0:01:50  time: 0.1591  data_time: 0.0013  memory: 2934  
05/06 18:55:15 - mmengine - INFO - Iter(val) [ 750/1449]    eta: 0:01:43  time: 0.1379  data_time: 0.0013  memory: 2932  
05/06 18:55:23 - mmengine - INFO - Iter(val) [ 800/1449]    eta: 0:01:35  time: 0.1595  data_time: 0.0013  memory: 2942  
05/06 18:55:30 - mmengine - INFO - Iter(val) [ 850/1449]    eta: 0:01:28  time: 0.1451  data_time: 0.0013  memory: 2932  
05/06 18:55:37 - mmengine - INFO - Iter(val) [ 900/1449]    eta: 0:01:21  time: 0.1450  data_time: 0.0013  memory: 2925  
05/06 18:55:44 - mmengine - INFO - Iter(val) [ 950/1449]    eta: 0:01:13  time: 0.1449  data_time: 0.0013  memory: 2925  
srun: Job step aborted: Waiting up to 32 seconds for job step to finish.
slurmstepd: error: *** STEP 132167.0 ON a100-4 CANCELLED AT 2024-05-06T18:55:46 ***
slurmstepd: error: *** JOB 132167 ON a100-4 CANCELLED AT 2024-05-06T18:55:46 ***
