running with Ivan deep learning work
Using device: cuda
Using version: 2.2.1

NVIDIA A100-PCIE-40GB
Total memory: 39.39385986328125 GB
Allocated: 0.0 GB
Cached:    0.0 GB
Epoch 1/5
----------

  0%|          | 0/183 [00:00<?, ?it/s]
  1%|          | 1/183 [00:00<01:41,  1.79it/s]
  1%|          | 2/183 [00:00<01:10,  2.58it/s]
  2%|▏         | 3/183 [00:01<00:59,  3.03it/s]
  2%|▏         | 4/183 [00:01<00:54,  3.30it/s]
  3%|▎         | 5/183 [00:01<00:51,  3.47it/s]
  3%|▎         | 6/183 [00:01<00:49,  3.56it/s]
  4%|▍         | 7/183 [00:02<00:48,  3.60it/s]
  4%|▍         | 8/183 [00:02<00:48,  3.64it/s]
  5%|▍         | 9/183 [00:02<00:47,  3.65it/s]
  5%|▌         | 10/183 [00:02<00:47,  3.67it/s]
  6%|▌         | 11/183 [00:03<00:46,  3.66it/s]
  7%|▋         | 12/183 [00:03<00:46,  3.67it/s]
  7%|▋         | 13/183 [00:03<00:46,  3.67it/s]
  8%|▊         | 14/183 [00:04<00:46,  3.67it/s]
  8%|▊         | 15/183 [00:04<00:45,  3.67it/s]
  9%|▊         | 16/183 [00:04<00:45,  3.69it/s]
  9%|▉         | 17/183 [00:04<00:44,  3.69it/s]
 10%|▉         | 18/183 [00:05<00:44,  3.69it/s]
 10%|█         | 19/183 [00:05<00:44,  3.70it/s]
 11%|█         | 20/183 [00:05<00:44,  3.70it/s]
 11%|█▏        | 21/183 [00:05<00:43,  3.72it/s]
 12%|█▏        | 22/183 [00:06<00:43,  3.71it/s]
 13%|█▎        | 23/183 [00:06<00:42,  3.72it/s]
 13%|█▎        | 24/183 [00:06<00:42,  3.73it/s]
 14%|█▎        | 25/183 [00:07<00:42,  3.70it/s]
 14%|█▍        | 26/183 [00:07<00:42,  3.69it/s]
 15%|█▍        | 27/183 [00:07<00:42,  3.71it/s]
 15%|█▌        | 28/183 [00:07<00:41,  3.72it/s]
 16%|█▌        | 29/183 [00:08<00:41,  3.71it/s]
 16%|█▋        | 30/183 [00:08<00:41,  3.72it/s]
 17%|█▋        | 31/183 [00:08<00:40,  3.72it/s]
 17%|█▋        | 32/183 [00:08<00:40,  3.71it/s]
 18%|█▊        | 33/183 [00:09<00:40,  3.71it/s]
 19%|█▊        | 34/183 [00:09<00:39,  3.73it/s]
 19%|█▉        | 35/183 [00:09<00:39,  3.71it/s]
 20%|█▉        | 36/183 [00:09<00:39,  3.72it/s]
 20%|██        | 37/183 [00:10<00:39,  3.72it/s]
 21%|██        | 38/183 [00:10<00:38,  3.73it/s]
 21%|██▏       | 39/183 [00:10<00:38,  3.71it/s]
 22%|██▏       | 40/183 [00:11<00:38,  3.71it/s]
 22%|██▏       | 41/183 [00:11<00:38,  3.70it/s]
 23%|██▎       | 42/183 [00:11<00:37,  3.72it/s]
 23%|██▎       | 43/183 [00:11<00:37,  3.73it/s]
 24%|██▍       | 44/183 [00:12<00:37,  3.71it/s]
 25%|██▍       | 45/183 [00:12<00:37,  3.72it/s]
 25%|██▌       | 46/183 [00:12<00:36,  3.72it/s]
 26%|██▌       | 47/183 [00:12<00:36,  3.73it/s]
 26%|██▌       | 48/183 [00:13<00:36,  3.73it/s]
 27%|██▋       | 49/183 [00:13<00:35,  3.72it/s]
 27%|██▋       | 50/183 [00:13<00:35,  3.75it/s]
 28%|██▊       | 51/183 [00:14<00:35,  3.74it/s]
 28%|██▊       | 52/183 [00:14<00:35,  3.71it/s]
 29%|██▉       | 53/183 [00:14<00:35,  3.69it/s]
 30%|██▉       | 54/183 [00:14<00:34,  3.69it/s]
 30%|███       | 55/183 [00:15<00:34,  3.70it/s]
 31%|███       | 56/183 [00:15<00:34,  3.69it/s]
 31%|███       | 57/183 [00:15<00:34,  3.71it/s]
 32%|███▏      | 58/183 [00:15<00:33,  3.72it/s]
 32%|███▏      | 59/183 [00:16<00:33,  3.69it/s]
 33%|███▎      | 60/183 [00:16<00:33,  3.69it/s]
 33%|███▎      | 61/183 [00:16<00:32,  3.73it/s]
 34%|███▍      | 62/183 [00:16<00:32,  3.71it/s]
 34%|███▍      | 63/183 [00:17<00:32,  3.70it/s]
 35%|███▍      | 64/183 [00:17<00:32,  3.71it/s]
 36%|███▌      | 65/183 [00:17<00:31,  3.72it/s]
 36%|███▌      | 66/183 [00:18<00:31,  3.69it/s]
 37%|███▋      | 67/183 [00:18<00:31,  3.68it/s]
 37%|███▋      | 68/183 [00:18<00:31,  3.68it/s]
 38%|███▊      | 69/183 [00:18<00:30,  3.69it/s]
 38%|███▊      | 70/183 [00:19<00:30,  3.70it/s]
 39%|███▉      | 71/183 [00:19<00:30,  3.69it/s]
 39%|███▉      | 72/183 [00:19<00:30,  3.67it/s]
 40%|███▉      | 73/183 [00:19<00:29,  3.68it/s]
 40%|████      | 74/183 [00:20<00:29,  3.65it/s]
 41%|████      | 75/183 [00:20<00:29,  3.68it/s]
 42%|████▏     | 76/183 [00:20<00:29,  3.69it/s]
 42%|████▏     | 77/183 [00:21<00:28,  3.67it/s]
 43%|████▎     | 78/183 [00:21<00:28,  3.69it/s]
 43%|████▎     | 79/183 [00:21<00:28,  3.69it/s]
 44%|████▎     | 80/183 [00:21<00:27,  3.68it/s]
 44%|████▍     | 81/183 [00:22<00:27,  3.70it/s]
 45%|████▍     | 82/183 [00:22<00:27,  3.70it/s]
 45%|████▌     | 83/183 [00:22<00:26,  3.72it/s]
 46%|████▌     | 84/183 [00:22<00:26,  3.72it/s]
 46%|████▋     | 85/183 [00:23<00:26,  3.72it/s]
 47%|████▋     | 86/183 [00:23<00:26,  3.72it/s]
 48%|████▊     | 87/183 [00:23<00:26,  3.69it/s]
 48%|████▊     | 88/183 [00:24<00:25,  3.71it/s]
 49%|████▊     | 89/183 [00:24<00:25,  3.70it/s]
 49%|████▉     | 90/183 [00:24<00:25,  3.70it/s]
 50%|████▉     | 91/183 [00:24<00:24,  3.70it/s]
 50%|█████     | 92/183 [00:25<00:24,  3.68it/s]
 51%|█████     | 93/183 [00:25<00:24,  3.71it/s]
 51%|█████▏    | 94/183 [00:25<00:24,  3.70it/s]
 52%|█████▏    | 95/183 [00:25<00:23,  3.71it/s]
 52%|█████▏    | 96/183 [00:26<00:23,  3.66it/s]
 53%|█████▎    | 97/183 [00:26<00:23,  3.66it/s]
 54%|█████▎    | 98/183 [00:26<00:23,  3.64it/s]
 54%|█████▍    | 99/183 [00:27<00:22,  3.67it/s]
 55%|█████▍    | 100/183 [00:27<00:22,  3.70it/s]
 55%|█████▌    | 101/183 [00:27<00:22,  3.70it/s]
 56%|█████▌    | 102/183 [00:27<00:21,  3.70it/s]
 56%|█████▋    | 103/183 [00:28<00:21,  3.70it/s]
 57%|█████▋    | 104/183 [00:28<00:21,  3.69it/s]
 57%|█████▋    | 105/183 [00:28<00:21,  3.71it/s]
 58%|█████▊    | 106/183 [00:28<00:20,  3.71it/s]
 58%|█████▊    | 107/183 [00:29<00:20,  3.73it/s]
 59%|█████▉    | 108/183 [00:29<00:20,  3.74it/s]
 60%|█████▉    | 109/183 [00:29<00:19,  3.74it/s]
 60%|██████    | 110/183 [00:29<00:19,  3.71it/s]
 61%|██████    | 111/183 [00:30<00:19,  3.70it/s]
 61%|██████    | 112/183 [00:30<00:19,  3.68it/s]
 62%|██████▏   | 113/183 [00:30<00:18,  3.69it/s]
 62%|██████▏   | 114/183 [00:31<00:18,  3.70it/s]
 63%|██████▎   | 115/183 [00:31<00:18,  3.69it/s]
 63%|██████▎   | 116/183 [00:31<00:18,  3.71it/s]
 64%|██████▍   | 117/183 [00:31<00:17,  3.70it/s]
 64%|██████▍   | 118/183 [00:32<00:17,  3.70it/s]
 65%|██████▌   | 119/183 [00:32<00:17,  3.71it/s]
 66%|██████▌   | 120/183 [00:32<00:16,  3.71it/s]
 66%|██████▌   | 121/183 [00:32<00:16,  3.73it/s]
 67%|██████▋   | 122/183 [00:33<00:16,  3.73it/s]
 67%|██████▋   | 123/183 [00:33<00:16,  3.72it/s]
 68%|██████▊   | 124/183 [00:33<00:15,  3.73it/s]
 68%|██████▊   | 125/183 [00:34<00:15,  3.73it/s]
 69%|██████▉   | 126/183 [00:34<00:15,  3.72it/s]
 69%|██████▉   | 127/183 [00:34<00:14,  3.74it/s]
 70%|██████▉   | 128/183 [00:34<00:14,  3.74it/s]
 70%|███████   | 129/183 [00:35<00:14,  3.73it/s]
 71%|███████   | 130/183 [00:35<00:14,  3.75it/s]
 72%|███████▏  | 131/183 [00:35<00:13,  3.75it/s]
 72%|███████▏  | 132/183 [00:35<00:13,  3.74it/s]
 73%|███████▎  | 133/183 [00:36<00:13,  3.72it/s]
 73%|███████▎  | 134/183 [00:36<00:13,  3.71it/s]
 74%|███████▍  | 135/183 [00:36<00:12,  3.71it/s]
 74%|███████▍  | 136/183 [00:36<00:12,  3.70it/s]
 75%|███████▍  | 137/183 [00:37<00:12,  3.71it/s]
 75%|███████▌  | 138/183 [00:37<00:12,  3.70it/s]
 76%|███████▌  | 139/183 [00:37<00:11,  3.69it/s]
 77%|███████▋  | 140/183 [00:38<00:11,  3.68it/s]
 77%|███████▋  | 141/183 [00:38<00:11,  3.70it/s]
 78%|███████▊  | 142/183 [00:38<00:11,  3.68it/s]
 78%|███████▊  | 143/183 [00:38<00:10,  3.67it/s]
 79%|███████▊  | 144/183 [00:39<00:10,  3.68it/s]
 79%|███████▉  | 145/183 [00:39<00:10,  3.67it/s]
 80%|███████▉  | 146/183 [00:39<00:10,  3.68it/s]
 80%|████████  | 147/183 [00:39<00:09,  3.71it/s]
 81%|████████  | 148/183 [00:40<00:09,  3.72it/s]
 81%|████████▏ | 149/183 [00:40<00:09,  3.72it/s]
 82%|████████▏ | 150/183 [00:40<00:08,  3.73it/s]
 83%|████████▎ | 151/183 [00:41<00:08,  3.73it/s]
 83%|████████▎ | 152/183 [00:41<00:08,  3.74it/s]
 84%|████████▎ | 153/183 [00:41<00:08,  3.73it/s]
 84%|████████▍ | 154/183 [00:41<00:07,  3.70it/s]
 85%|████████▍ | 155/183 [00:42<00:07,  3.69it/s]
 85%|████████▌ | 156/183 [00:42<00:07,  3.69it/s]
 86%|████████▌ | 157/183 [00:42<00:06,  3.72it/s]
 86%|████████▋ | 158/183 [00:42<00:06,  3.72it/s]
 87%|████████▋ | 159/183 [00:43<00:06,  3.72it/s]
 87%|████████▋ | 160/183 [00:43<00:06,  3.72it/s]
 88%|████████▊ | 161/183 [00:43<00:05,  3.71it/s]
 89%|████████▊ | 162/183 [00:43<00:05,  3.71it/s]
 89%|████████▉ | 163/183 [00:44<00:05,  3.71it/s]
 90%|████████▉ | 164/183 [00:44<00:05,  3.71it/s]
 90%|█████████ | 165/183 [00:44<00:04,  3.73it/s]
 91%|█████████ | 166/183 [00:45<00:04,  3.73it/s]
 91%|█████████▏| 167/183 [00:45<00:04,  3.69it/s]
 92%|█████████▏| 168/183 [00:45<00:04,  3.71it/s]
 92%|█████████▏| 169/183 [00:45<00:03,  3.72it/s]
 93%|█████████▎| 170/183 [00:46<00:03,  3.72it/s]
 93%|█████████▎| 171/183 [00:46<00:03,  3.70it/s]
 94%|█████████▍| 172/183 [00:46<00:02,  3.69it/s]
 95%|█████████▍| 173/183 [00:46<00:02,  3.70it/s]
 95%|█████████▌| 174/183 [00:47<00:02,  3.72it/s]
 96%|█████████▌| 175/183 [00:47<00:02,  3.74it/s]
 96%|█████████▌| 176/183 [00:47<00:01,  3.73it/s]
 97%|█████████▋| 177/183 [00:48<00:01,  3.72it/s]
 97%|█████████▋| 178/183 [00:48<00:01,  3.72it/s]
 98%|█████████▊| 179/183 [00:48<00:01,  3.73it/s]
 98%|█████████▊| 180/183 [00:48<00:00,  3.73it/s]
 99%|█████████▉| 181/183 [00:49<00:00,  3.73it/s]
 99%|█████████▉| 182/183 [00:49<00:00,  3.71it/s]
100%|██████████| 183/183 [00:49<00:00,  3.72it/s]
100%|██████████| 183/183 [00:49<00:00,  3.69it/s]

  0%|          | 0/182 [00:00<?, ?it/s]
  1%|          | 1/182 [00:00<00:40,  4.49it/s]
  1%|          | 2/182 [00:00<00:40,  4.45it/s]
  2%|▏         | 3/182 [00:00<00:40,  4.47it/s]
  2%|▏         | 4/182 [00:00<00:40,  4.44it/s]
  3%|▎         | 5/182 [00:01<00:39,  4.47it/s]
  3%|▎         | 6/182 [00:01<00:39,  4.47it/s]
  4%|▍         | 7/182 [00:01<00:39,  4.45it/s]
  4%|▍         | 8/182 [00:01<00:39,  4.44it/s]
  5%|▍         | 9/182 [00:02<00:39,  4.43it/s]
  5%|▌         | 10/182 [00:02<00:38,  4.45it/s]
  6%|▌         | 11/182 [00:02<00:38,  4.44it/s]
  7%|▋         | 12/182 [00:02<00:38,  4.43it/s]
  7%|▋         | 13/182 [00:02<00:38,  4.43it/s]
  8%|▊         | 14/182 [00:03<00:37,  4.44it/s]
  8%|▊         | 15/182 [00:03<00:37,  4.45it/s]
  9%|▉         | 16/182 [00:03<00:37,  4.42it/s]
  9%|▉         | 17/182 [00:03<00:37,  4.45it/s]
 10%|▉         | 18/182 [00:04<00:36,  4.45it/s]
 10%|█         | 19/182 [00:04<00:36,  4.46it/s]
 11%|█         | 20/182 [00:04<00:36,  4.44it/s]
 12%|█▏        | 21/182 [00:04<00:36,  4.43it/s]
 12%|█▏        | 22/182 [00:04<00:35,  4.47it/s]
 13%|█▎        | 23/182 [00:05<00:35,  4.45it/s]
 13%|█▎        | 24/182 [00:05<00:35,  4.47it/s]
 14%|█▎        | 25/182 [00:05<00:35,  4.44it/s]
 14%|█▍        | 26/182 [00:05<00:35,  4.43it/s]
 15%|█▍        | 27/182 [00:06<00:34,  4.44it/s]
 15%|█▌        | 28/182 [00:06<00:34,  4.44it/s]
 16%|█▌        | 29/182 [00:06<00:34,  4.40it/s]
 16%|█▋        | 30/182 [00:06<00:34,  4.41it/s]
 17%|█▋        | 31/182 [00:06<00:34,  4.42it/s]
 18%|█▊        | 32/182 [00:07<00:33,  4.42it/s]
 18%|█▊        | 33/182 [00:07<00:33,  4.43it/s]
 19%|█▊        | 34/182 [00:07<00:33,  4.46it/s]
 19%|█▉        | 35/182 [00:07<00:32,  4.47it/s]
 20%|█▉        | 36/182 [00:08<00:32,  4.45it/s]
 20%|██        | 37/182 [00:08<00:32,  4.46it/s]
 21%|██        | 38/182 [00:08<00:32,  4.43it/s]
 21%|██▏       | 39/182 [00:08<00:32,  4.43it/s]
 22%|██▏       | 40/182 [00:09<00:32,  4.43it/s]
 23%|██▎       | 41/182 [00:09<00:31,  4.45it/s]
 23%|██▎       | 42/182 [00:09<00:31,  4.47it/s]
 24%|██▎       | 43/182 [00:09<00:31,  4.43it/s]
 24%|██▍       | 44/182 [00:09<00:30,  4.45it/s]
 25%|██▍       | 45/182 [00:10<00:30,  4.44it/s]
 25%|██▌       | 46/182 [00:10<00:30,  4.43it/s]
 26%|██▌       | 47/182 [00:10<00:30,  4.43it/s]
 26%|██▋       | 48/182 [00:10<00:30,  4.40it/s]
 27%|██▋       | 49/182 [00:11<00:30,  4.41it/s]
 27%|██▋       | 50/182 [00:11<00:29,  4.43it/s]
 28%|██▊       | 51/182 [00:11<00:29,  4.43it/s]
 29%|██▊       | 52/182 [00:11<00:29,  4.47it/s]
 29%|██▉       | 53/182 [00:11<00:28,  4.47it/s]
 30%|██▉       | 54/182 [00:12<00:28,  4.46it/s]
 30%|███       | 55/182 [00:12<00:28,  4.40it/s]
 31%|███       | 56/182 [00:12<00:28,  4.41it/s]
 31%|███▏      | 57/182 [00:12<00:28,  4.40it/s]
 32%|███▏      | 58/182 [00:13<00:28,  4.39it/s]
 32%|███▏      | 59/182 [00:13<00:27,  4.40it/s]
 33%|███▎      | 60/182 [00:13<00:27,  4.42it/s]
 34%|███▎      | 61/182 [00:13<00:27,  4.43it/s]
 34%|███▍      | 62/182 [00:13<00:27,  4.43it/s]
 35%|███▍      | 63/182 [00:14<00:26,  4.42it/s]
 35%|███▌      | 64/182 [00:14<00:26,  4.42it/s]
 36%|███▌      | 65/182 [00:14<00:26,  4.42it/s]
 36%|███▋      | 66/182 [00:14<00:26,  4.40it/s]
 37%|███▋      | 67/182 [00:15<00:25,  4.44it/s]
 37%|███▋      | 68/182 [00:15<00:25,  4.42it/s]
 38%|███▊      | 69/182 [00:15<00:25,  4.39it/s]
 38%|███▊      | 70/182 [00:15<00:25,  4.42it/s]
 39%|███▉      | 71/182 [00:16<00:25,  4.42it/s]
 40%|███▉      | 72/182 [00:16<00:24,  4.42it/s]
 40%|████      | 73/182 [00:16<00:24,  4.45it/s]
 41%|████      | 74/182 [00:16<00:24,  4.42it/s]
 41%|████      | 75/182 [00:16<00:24,  4.43it/s]
 42%|████▏     | 76/182 [00:17<00:23,  4.42it/s]
 42%|████▏     | 77/182 [00:17<00:23,  4.39it/s]
 43%|████▎     | 78/182 [00:17<00:23,  4.42it/s]
 43%|████▎     | 79/182 [00:17<00:23,  4.43it/s]
 44%|████▍     | 80/182 [00:18<00:23,  4.42it/s]
 45%|████▍     | 81/182 [00:18<00:22,  4.44it/s]
 45%|████▌     | 82/182 [00:18<00:22,  4.44it/s]
 46%|████▌     | 83/182 [00:18<00:22,  4.43it/s]
 46%|████▌     | 84/182 [00:18<00:22,  4.43it/s]
 47%|████▋     | 85/182 [00:19<00:22,  4.40it/s]
 47%|████▋     | 86/182 [00:19<00:21,  4.44it/s]
 48%|████▊     | 87/182 [00:19<00:21,  4.44it/s]
 48%|████▊     | 88/182 [00:19<00:21,  4.45it/s]
 49%|████▉     | 89/182 [00:20<00:20,  4.46it/s]
 49%|████▉     | 90/182 [00:20<00:20,  4.44it/s]
 50%|█████     | 91/182 [00:20<00:20,  4.45it/s]
 51%|█████     | 92/182 [00:20<00:20,  4.43it/s]
 51%|█████     | 93/182 [00:20<00:20,  4.43it/s]
 52%|█████▏    | 94/182 [00:21<00:19,  4.44it/s]
 52%|█████▏    | 95/182 [00:21<00:19,  4.43it/s]
 53%|█████▎    | 96/182 [00:21<00:19,  4.40it/s]
 53%|█████▎    | 97/182 [00:21<00:19,  4.41it/s]
 54%|█████▍    | 98/182 [00:22<00:18,  4.42it/s]
 54%|█████▍    | 99/182 [00:22<00:18,  4.41it/s]
 55%|█████▍    | 100/182 [00:22<00:18,  4.40it/s]
 55%|█████▌    | 101/182 [00:22<00:18,  4.39it/s]
 56%|█████▌    | 102/182 [00:23<00:18,  4.43it/s]
 57%|█████▋    | 103/182 [00:23<00:17,  4.43it/s]
 57%|█████▋    | 104/182 [00:23<00:17,  4.40it/s]
 58%|█████▊    | 105/182 [00:23<00:17,  4.41it/s]
 58%|█████▊    | 106/182 [00:23<00:17,  4.38it/s]
 59%|█████▉    | 107/182 [00:24<00:17,  4.41it/s]
 59%|█████▉    | 108/182 [00:24<00:16,  4.42it/s]
 60%|█████▉    | 109/182 [00:24<00:16,  4.41it/s]
 60%|██████    | 110/182 [00:24<00:16,  4.40it/s]
 61%|██████    | 111/182 [00:25<00:16,  4.40it/s]
 62%|██████▏   | 112/182 [00:25<00:15,  4.42it/s]
 62%|██████▏   | 113/182 [00:25<00:15,  4.44it/s]
 63%|██████▎   | 114/182 [00:25<00:15,  4.42it/s]
 63%|██████▎   | 115/182 [00:25<00:15,  4.45it/s]
 64%|██████▎   | 116/182 [00:26<00:14,  4.44it/s]
 64%|██████▍   | 117/182 [00:26<00:14,  4.43it/s]
 65%|██████▍   | 118/182 [00:26<00:14,  4.31it/s]
 65%|██████▌   | 119/182 [00:26<00:14,  4.35it/s]
 66%|██████▌   | 120/182 [00:27<00:14,  4.39it/s]
 66%|██████▋   | 121/182 [00:27<00:13,  4.40it/s]
 67%|██████▋   | 122/182 [00:27<00:13,  4.39it/s]
 68%|██████▊   | 123/182 [00:27<00:13,  4.30it/s]
 68%|██████▊   | 124/182 [00:28<00:13,  4.34it/s]
 69%|██████▊   | 125/182 [00:28<00:13,  4.38it/s]
 69%|██████▉   | 126/182 [00:28<00:12,  4.40it/s]
 70%|██████▉   | 127/182 [00:28<00:12,  4.40it/s]
 70%|███████   | 128/182 [00:28<00:12,  4.41it/s]
 71%|███████   | 129/182 [00:29<00:12,  4.41it/s]
 71%|███████▏  | 130/182 [00:29<00:11,  4.41it/s]
 72%|███████▏  | 131/182 [00:29<00:11,  4.44it/s]
 73%|███████▎  | 132/182 [00:29<00:11,  4.46it/s]
 73%|███████▎  | 133/182 [00:30<00:11,  4.42it/s]
 74%|███████▎  | 134/182 [00:30<00:10,  4.42it/s]
 74%|███████▍  | 135/182 [00:30<00:10,  4.43it/s]
 75%|███████▍  | 136/182 [00:30<00:10,  4.44it/s]
 75%|███████▌  | 137/182 [00:30<00:10,  4.46it/s]
 76%|███████▌  | 138/182 [00:31<00:09,  4.44it/s]
 76%|███████▋  | 139/182 [00:31<00:09,  4.42it/s]
 77%|███████▋  | 140/182 [00:31<00:09,  4.44it/s]
 77%|███████▋  | 141/182 [00:31<00:09,  4.43it/s]
 78%|███████▊  | 142/182 [00:32<00:09,  4.39it/s]
 79%|███████▊  | 143/182 [00:32<00:08,  4.41it/s]
 79%|███████▉  | 144/182 [00:32<00:08,  4.40it/s]
 80%|███████▉  | 145/182 [00:32<00:08,  4.41it/s]
 80%|████████  | 146/182 [00:32<00:08,  4.43it/s]
 81%|████████  | 147/182 [00:33<00:07,  4.41it/s]
 81%|████████▏ | 148/182 [00:33<00:07,  4.40it/s]
 82%|████████▏ | 149/182 [00:33<00:07,  4.41it/s]
 82%|████████▏ | 150/182 [00:33<00:07,  4.44it/s]
 83%|████████▎ | 151/182 [00:34<00:06,  4.46it/s]
 84%|████████▎ | 152/182 [00:34<00:06,  4.46it/s]
 84%|████████▍ | 153/182 [00:34<00:06,  4.43it/s]
 85%|████████▍ | 154/182 [00:34<00:06,  4.40it/s]
 85%|████████▌ | 155/182 [00:35<00:06,  4.42it/s]
 86%|████████▌ | 156/182 [00:35<00:05,  4.44it/s]
 86%|████████▋ | 157/182 [00:35<00:05,  4.43it/s]
 87%|████████▋ | 158/182 [00:35<00:05,  4.44it/s]
 87%|████████▋ | 159/182 [00:35<00:05,  4.44it/s]
 88%|████████▊ | 160/182 [00:36<00:04,  4.44it/s]
 88%|████████▊ | 161/182 [00:36<00:04,  4.44it/s]
 89%|████████▉ | 162/182 [00:36<00:04,  4.42it/s]
 90%|████████▉ | 163/182 [00:36<00:04,  4.43it/s]
 90%|█████████ | 164/182 [00:37<00:04,  4.42it/s]
 91%|█████████ | 165/182 [00:37<00:03,  4.41it/s]
 91%|█████████ | 166/182 [00:37<00:03,  4.40it/s]
 92%|█████████▏| 167/182 [00:37<00:03,  4.38it/s]
 92%|█████████▏| 168/182 [00:37<00:03,  4.39it/s]
 93%|█████████▎| 169/182 [00:38<00:02,  4.38it/s]
 93%|█████████▎| 170/182 [00:38<00:02,  4.38it/s]
 94%|█████████▍| 171/182 [00:38<00:02,  4.39it/s]
 95%|█████████▍| 172/182 [00:38<00:02,  4.42it/s]
 95%|█████████▌| 173/182 [00:39<00:02,  4.42it/s]
 96%|█████████▌| 174/182 [00:39<00:01,  4.41it/s]
 96%|█████████▌| 175/182 [00:39<00:01,  4.39it/s]
 97%|█████████▋| 176/182 [00:39<00:01,  4.37it/s]
 97%|█████████▋| 177/182 [00:40<00:01,  4.41it/s]
 98%|█████████▊| 178/182 [00:40<00:00,  4.41it/s]
 98%|█████████▊| 179/182 [00:40<00:00,  4.43it/s]
 99%|█████████▉| 180/182 [00:40<00:00,  4.43it/s]
 99%|█████████▉| 181/182 [00:40<00:00,  4.42it/s]
100%|██████████| 182/182 [00:40<00:00,  4.44it/s]
存在的颜色: {0: tensor([0]), 57: tensor([1]), 133: tensor([2]), 220: tensor([3]), 147: tensor([4]), 19: tensor([5]), 113: tensor([6]), 34: tensor([7]), 109: tensor([8]), 52: tensor([9]), 90: tensor([10]), 128: tensor([11]), 15: tensor([12]), 53: tensor([13]), 38: tensor([14]), 76: tensor([15]), 94: tensor([16]), 72: tensor([17]), 75: tensor([18]), 151: tensor([19])}
结束

结束

结束

结束

结束

val Loss: 74056.8183 Acc: 69.1496
Mean IoU: 0.0336
Epoch 2/5
----------

  0%|          | 0/183 [00:00<?, ?it/s]
  1%|          | 1/183 [00:00<00:52,  3.47it/s]
  1%|          | 2/183 [00:00<00:52,  3.45it/s]
  2%|▏         | 3/183 [00:00<00:51,  3.47it/s]
  2%|▏         | 4/183 [00:01<00:51,  3.48it/s]
  3%|▎         | 5/183 [00:01<00:50,  3.50it/s]
  3%|▎         | 6/183 [00:01<00:50,  3.50it/s]
  4%|▍         | 7/183 [00:02<00:50,  3.49it/s]
  4%|▍         | 8/183 [00:02<00:50,  3.47it/s]
  5%|▍         | 9/183 [00:02<00:50,  3.46it/s]
  5%|▌         | 10/183 [00:02<00:49,  3.47it/s]
  6%|▌         | 11/183 [00:03<00:49,  3.48it/s]
  7%|▋         | 12/183 [00:03<00:48,  3.50it/s]
  7%|▋         | 13/183 [00:03<00:48,  3.51it/s]
  8%|▊         | 14/183 [00:04<00:48,  3.49it/s]
  8%|▊         | 15/183 [00:04<00:48,  3.46it/s]
  9%|▊         | 16/183 [00:04<00:48,  3.46it/s]
  9%|▉         | 17/183 [00:04<00:48,  3.45it/s]
 10%|▉         | 18/183 [00:05<00:47,  3.45it/s]
 10%|█         | 19/183 [00:05<00:47,  3.45it/s]
 11%|█         | 20/183 [00:05<00:47,  3.45it/s]
 11%|█▏        | 21/183 [00:06<00:46,  3.46it/s]
 12%|█▏        | 22/183 [00:06<00:46,  3.45it/s]
 13%|█▎        | 23/183 [00:06<00:46,  3.46it/s]
 13%|█▎        | 24/183 [00:06<00:45,  3.47it/s]
 14%|█▎        | 25/183 [00:07<00:45,  3.49it/s]
 14%|█▍        | 26/183 [00:07<00:45,  3.47it/s]
 15%|█▍        | 27/183 [00:07<00:45,  3.46it/s]
 15%|█▌        | 28/183 [00:08<00:44,  3.47it/s]
 16%|█▌        | 29/183 [00:08<00:44,  3.47it/s]
 16%|█▋        | 30/183 [00:08<00:43,  3.50it/s]
 17%|█▋        | 31/183 [00:08<00:43,  3.49it/s]
 17%|█▋        | 32/183 [00:09<00:43,  3.50it/s]
 18%|█▊        | 33/183 [00:09<00:42,  3.51it/s]
 19%|█▊        | 34/183 [00:09<00:42,  3.50it/s]
 19%|█▉        | 35/183 [00:10<00:42,  3.49it/s]
 20%|█▉        | 36/183 [00:10<00:42,  3.47it/s]
 20%|██        | 37/183 [00:10<00:42,  3.46it/s]
 21%|██        | 38/183 [00:10<00:41,  3.46it/s]
 21%|██▏       | 39/183 [00:11<00:41,  3.49it/s]
 22%|██▏       | 40/183 [00:11<00:41,  3.49it/s]
 22%|██▏       | 41/183 [00:11<00:40,  3.47it/s]
 23%|██▎       | 42/183 [00:12<00:40,  3.47it/s]
 23%|██▎       | 43/183 [00:12<00:40,  3.48it/s]
 24%|██▍       | 44/183 [00:12<00:39,  3.51it/s]
 25%|██▍       | 45/183 [00:12<00:39,  3.51it/s]
 25%|██▌       | 46/183 [00:13<00:39,  3.49it/s]
 26%|██▌       | 47/183 [00:13<00:39,  3.48it/s]
 26%|██▌       | 48/183 [00:13<00:38,  3.47it/s]
 27%|██▋       | 49/183 [00:14<00:38,  3.46it/s]
 27%|██▋       | 50/183 [00:14<00:38,  3.45it/s]
 28%|██▊       | 51/183 [00:14<00:38,  3.46it/s]
 28%|██▊       | 52/183 [00:14<00:37,  3.46it/s]
 29%|██▉       | 53/183 [00:15<00:37,  3.48it/s]
 30%|██▉       | 54/183 [00:15<00:37,  3.48it/s]
 30%|███       | 55/183 [00:15<00:36,  3.47it/s]
 31%|███       | 56/183 [00:16<00:36,  3.48it/s]
 31%|███       | 57/183 [00:16<00:36,  3.49it/s]
 32%|███▏      | 58/183 [00:16<00:35,  3.47it/s]
 32%|███▏      | 59/183 [00:16<00:35,  3.47it/s]
 33%|███▎      | 60/183 [00:17<00:35,  3.46it/s]
 33%|███▎      | 61/183 [00:17<00:35,  3.45it/s]
 34%|███▍      | 62/183 [00:17<00:35,  3.44it/s]
 34%|███▍      | 63/183 [00:18<00:34,  3.44it/s]
 35%|███▍      | 64/183 [00:18<00:34,  3.46it/s]
 36%|███▌      | 65/183 [00:18<00:34,  3.47it/s]
 36%|███▌      | 66/183 [00:19<00:33,  3.47it/s]
 37%|███▋      | 67/183 [00:19<00:33,  3.47it/s]
 37%|███▋      | 68/183 [00:19<00:32,  3.49it/s]
 38%|███▊      | 69/183 [00:19<00:32,  3.48it/s]
 38%|███▊      | 70/183 [00:20<00:32,  3.48it/s]
 39%|███▉      | 71/183 [00:20<00:32,  3.49it/s]
 39%|███▉      | 72/183 [00:20<00:31,  3.48it/s]
 40%|███▉      | 73/183 [00:21<00:31,  3.48it/s]
 40%|████      | 74/183 [00:21<00:31,  3.48it/s]
 41%|████      | 75/183 [00:21<00:31,  3.48it/s]
 42%|████▏     | 76/183 [00:21<00:30,  3.47it/s]
 42%|████▏     | 77/183 [00:22<00:30,  3.46it/s]
 43%|████▎     | 78/183 [00:22<00:30,  3.46it/s]
 43%|████▎     | 79/183 [00:22<00:29,  3.49it/s]
 44%|████▎     | 80/183 [00:23<00:29,  3.50it/s]
 44%|████▍     | 81/183 [00:23<00:29,  3.50it/s]
 45%|████▍     | 82/183 [00:23<00:28,  3.48it/s]
 45%|████▌     | 83/183 [00:23<00:28,  3.51it/s]
 46%|████▌     | 84/183 [00:24<00:28,  3.52it/s]
 46%|████▋     | 85/183 [00:24<00:27,  3.52it/s]
 47%|████▋     | 86/183 [00:24<00:27,  3.50it/s]
 48%|████▊     | 87/183 [00:25<00:27,  3.49it/s]
 48%|████▊     | 88/183 [00:25<00:27,  3.51it/s]
 49%|████▊     | 89/183 [00:25<00:26,  3.53it/s]
 49%|████▉     | 90/183 [00:25<00:26,  3.52it/s]
 50%|████▉     | 91/183 [00:26<00:26,  3.51it/s]
 50%|█████     | 92/183 [00:26<00:25,  3.51it/s]
 51%|█████     | 93/183 [00:26<00:25,  3.50it/s]
 51%|█████▏    | 94/183 [00:27<00:25,  3.50it/s]
 52%|█████▏    | 95/183 [00:27<00:25,  3.48it/s]
 52%|█████▏    | 96/183 [00:27<00:24,  3.49it/s]
 53%|█████▎    | 97/183 [00:27<00:24,  3.48it/s]
 54%|█████▎    | 98/183 [00:28<00:24,  3.50it/s]
 54%|█████▍    | 99/183 [00:28<00:24,  3.49it/s]
 55%|█████▍    | 100/183 [00:28<00:23,  3.49it/s]
 55%|█████▌    | 101/183 [00:29<00:23,  3.48it/s]
 56%|█████▌    | 102/183 [00:29<00:23,  3.47it/s]
 56%|█████▋    | 103/183 [00:29<00:22,  3.49it/s]
 57%|█████▋    | 104/183 [00:29<00:22,  3.50it/s]
 57%|█████▋    | 105/183 [00:30<00:22,  3.48it/s]
 58%|█████▊    | 106/183 [00:30<00:22,  3.46it/s]
 58%|█████▊    | 107/183 [00:30<00:21,  3.47it/s]
 59%|█████▉    | 108/183 [00:31<00:21,  3.48it/s]
 60%|█████▉    | 109/183 [00:31<00:21,  3.49it/s]
 60%|██████    | 110/183 [00:31<00:20,  3.49it/s]
 61%|██████    | 111/183 [00:31<00:20,  3.50it/s]
 61%|██████    | 112/183 [00:32<00:20,  3.47it/s]
 62%|██████▏   | 113/183 [00:32<00:20,  3.48it/s]
 62%|██████▏   | 114/183 [00:32<00:20,  3.42it/s]
 63%|██████▎   | 115/183 [00:33<00:19,  3.44it/s]
 63%|██████▎   | 116/183 [00:33<00:19,  3.45it/s]
 64%|██████▍   | 117/183 [00:33<00:19,  3.46it/s]
 64%|██████▍   | 118/183 [00:33<00:18,  3.48it/s]
 65%|██████▌   | 119/183 [00:34<00:18,  3.46it/s]
 66%|██████▌   | 120/183 [00:34<00:18,  3.47it/s]
 66%|██████▌   | 121/183 [00:34<00:17,  3.48it/s]
 67%|██████▋   | 122/183 [00:35<00:17,  3.49it/s]
 67%|██████▋   | 123/183 [00:35<00:17,  3.49it/s]
 68%|██████▊   | 124/183 [00:35<00:16,  3.50it/s]
 68%|██████▊   | 125/183 [00:35<00:16,  3.48it/s]
 69%|██████▉   | 126/183 [00:36<00:16,  3.49it/s]
 69%|██████▉   | 127/183 [00:36<00:16,  3.49it/s]
 70%|██████▉   | 128/183 [00:36<00:15,  3.47it/s]
 70%|███████   | 129/183 [00:37<00:15,  3.47it/s]
 71%|███████   | 130/183 [00:37<00:15,  3.49it/s]
 72%|███████▏  | 131/183 [00:37<00:14,  3.49it/s]
 72%|███████▏  | 132/183 [00:37<00:14,  3.52it/s]
 73%|███████▎  | 133/183 [00:38<00:14,  3.51it/s]
 73%|███████▎  | 134/183 [00:38<00:14,  3.48it/s]
 74%|███████▍  | 135/183 [00:38<00:13,  3.48it/s]
 74%|███████▍  | 136/183 [00:39<00:13,  3.48it/s]
 75%|███████▍  | 137/183 [00:39<00:13,  3.47it/s]
 75%|███████▌  | 138/183 [00:39<00:12,  3.48it/s]
 76%|███████▌  | 139/183 [00:39<00:12,  3.49it/s]
 77%|███████▋  | 140/183 [00:40<00:12,  3.49it/s]
 77%|███████▋  | 141/183 [00:40<00:12,  3.49it/s]
 78%|███████▊  | 142/183 [00:40<00:11,  3.48it/s]
 78%|███████▊  | 143/183 [00:41<00:11,  3.45it/s]
 79%|███████▊  | 144/183 [00:41<00:11,  3.45it/s]
 79%|███████▉  | 145/183 [00:41<00:11,  3.43it/s]
 80%|███████▉  | 146/183 [00:41<00:10,  3.41it/s]
 80%|████████  | 147/183 [00:42<00:10,  3.42it/s]
 81%|████████  | 148/183 [00:42<00:10,  3.45it/s]
 81%|████████▏ | 149/183 [00:42<00:09,  3.46it/s]
 82%|████████▏ | 150/183 [00:43<00:09,  3.45it/s]
 83%|████████▎ | 151/183 [00:43<00:09,  3.46it/s]
 83%|████████▎ | 152/183 [00:43<00:08,  3.46it/s]
 84%|████████▎ | 153/183 [00:44<00:08,  3.45it/s]
 84%|████████▍ | 154/183 [00:44<00:08,  3.44it/s]
 85%|████████▍ | 155/183 [00:44<00:08,  3.44it/s]
 85%|████████▌ | 156/183 [00:44<00:07,  3.43it/s]
 86%|████████▌ | 157/183 [00:45<00:07,  3.44it/s]
 86%|████████▋ | 158/183 [00:45<00:07,  3.44it/s]
 87%|████████▋ | 159/183 [00:45<00:06,  3.44it/s]
 87%|████████▋ | 160/183 [00:46<00:06,  3.45it/s]
 88%|████████▊ | 161/183 [00:46<00:06,  3.44it/s]
 89%|████████▊ | 162/183 [00:46<00:06,  3.42it/s]
 89%|████████▉ | 163/183 [00:46<00:05,  3.42it/s]
 90%|████████▉ | 164/183 [00:47<00:05,  3.41it/s]
 90%|█████████ | 165/183 [00:47<00:05,  3.41it/s]
 91%|█████████ | 166/183 [00:47<00:04,  3.44it/s]
 91%|█████████▏| 167/183 [00:48<00:04,  3.43it/s]
 92%|█████████▏| 168/183 [00:48<00:04,  3.43it/s]
 92%|█████████▏| 169/183 [00:48<00:04,  3.44it/s]
 93%|█████████▎| 170/183 [00:48<00:03,  3.43it/s]
 93%|█████████▎| 171/183 [00:49<00:03,  3.44it/s]
 94%|█████████▍| 172/183 [00:49<00:03,  3.45it/s]
 95%|█████████▍| 173/183 [00:49<00:02,  3.44it/s]
 95%|█████████▌| 174/183 [00:50<00:02,  3.43it/s]
 96%|█████████▌| 175/183 [00:50<00:02,  3.45it/s]
 96%|█████████▌| 176/183 [00:50<00:02,  3.44it/s]
 97%|█████████▋| 177/183 [00:50<00:01,  3.43it/s]
 97%|█████████▋| 178/183 [00:51<00:01,  3.44it/s]
 98%|█████████▊| 179/183 [00:51<00:01,  3.45it/s]
 98%|█████████▊| 180/183 [00:51<00:00,  3.44it/s]
 99%|█████████▉| 181/183 [00:52<00:00,  3.45it/s]
 99%|█████████▉| 182/183 [00:52<00:00,  3.44it/s]
100%|██████████| 183/183 [00:52<00:00,  3.43it/s]
100%|██████████| 183/183 [00:52<00:00,  3.47it/s]

  0%|          | 0/182 [00:00<?, ?it/s]
  1%|          | 1/182 [00:00<00:45,  4.01it/s]
  1%|          | 2/182 [00:00<00:44,  4.07it/s]
  2%|▏         | 3/182 [00:00<00:43,  4.07it/s]
  2%|▏         | 4/182 [00:00<00:43,  4.12it/s]
  3%|▎         | 5/182 [00:01<00:42,  4.16it/s]
  3%|▎         | 6/182 [00:01<00:42,  4.15it/s]
  4%|▍         | 7/182 [00:01<00:42,  4.11it/s]
  4%|▍         | 8/182 [00:01<00:42,  4.12it/s]
  5%|▍         | 9/182 [00:02<00:41,  4.14it/s]
  5%|▌         | 10/182 [00:02<00:41,  4.12it/s]
  6%|▌         | 11/182 [00:02<00:41,  4.11it/s]
  7%|▋         | 12/182 [00:02<00:41,  4.14it/s]
  7%|▋         | 13/182 [00:03<00:40,  4.13it/s]
  8%|▊         | 14/182 [00:03<00:40,  4.11it/s]
  8%|▊         | 15/182 [00:03<00:40,  4.11it/s]
  9%|▉         | 16/182 [00:03<00:40,  4.09it/s]
  9%|▉         | 17/182 [00:04<00:40,  4.10it/s]
 10%|▉         | 18/182 [00:04<00:40,  4.10it/s]
 10%|█         | 19/182 [00:04<00:39,  4.11it/s]
 11%|█         | 20/182 [00:04<00:39,  4.09it/s]
 12%|█▏        | 21/182 [00:05<00:39,  4.09it/s]
 12%|█▏        | 22/182 [00:05<00:39,  4.07it/s]
 13%|█▎        | 23/182 [00:05<00:39,  4.04it/s]
 13%|█▎        | 24/182 [00:05<00:38,  4.06it/s]
 14%|█▎        | 25/182 [00:06<00:38,  4.09it/s]
 14%|█▍        | 26/182 [00:06<00:38,  4.09it/s]
 15%|█▍        | 27/182 [00:06<00:38,  4.06it/s]
 15%|█▌        | 28/182 [00:06<00:38,  4.00it/s]
 16%|█▌        | 29/182 [00:07<00:37,  4.03it/s]
 16%|█▋        | 30/182 [00:07<00:37,  4.09it/s]
 17%|█▋        | 31/182 [00:07<00:36,  4.11it/s]
 18%|█▊        | 32/182 [00:07<00:36,  4.11it/s]
 18%|█▊        | 33/182 [00:08<00:36,  4.09it/s]
 19%|█▊        | 34/182 [00:08<00:35,  4.12it/s]
 19%|█▉        | 35/182 [00:08<00:35,  4.15it/s]
 20%|█▉        | 36/182 [00:08<00:35,  4.13it/s]
 20%|██        | 37/182 [00:09<00:34,  4.15it/s]
 21%|██        | 38/182 [00:09<00:34,  4.15it/s]
 21%|██▏       | 39/182 [00:09<00:34,  4.14it/s]
 22%|██▏       | 40/182 [00:09<00:34,  4.12it/s]
 23%|██▎       | 41/182 [00:09<00:34,  4.12it/s]
 23%|██▎       | 42/182 [00:10<00:33,  4.12it/s]
 24%|██▎       | 43/182 [00:10<00:33,  4.12it/s]
 24%|██▍       | 44/182 [00:10<00:33,  4.09it/s]
 25%|██▍       | 45/182 [00:10<00:33,  4.09it/s]
 25%|██▌       | 46/182 [00:11<00:33,  4.09it/s]
 26%|██▌       | 47/182 [00:11<00:33,  4.00it/s]
 26%|██▋       | 48/182 [00:11<00:33,  4.04it/s]
 27%|██▋       | 49/182 [00:11<00:32,  4.09it/s]
 27%|██▋       | 50/182 [00:12<00:32,  4.11it/s]
 28%|██▊       | 51/182 [00:12<00:31,  4.13it/s]
 29%|██▊       | 52/182 [00:12<00:31,  4.14it/s]
 29%|██▉       | 53/182 [00:12<00:31,  4.15it/s]
 30%|██▉       | 54/182 [00:13<00:30,  4.14it/s]
 30%|███       | 55/182 [00:13<00:30,  4.14it/s]
 31%|███       | 56/182 [00:13<00:30,  4.14it/s]
 31%|███▏      | 57/182 [00:13<00:30,  4.14it/s]
 32%|███▏      | 58/182 [00:14<00:30,  4.13it/s]
 32%|███▏      | 59/182 [00:14<00:29,  4.14it/s]
 33%|███▎      | 60/182 [00:14<00:29,  4.13it/s]
 34%|███▎      | 61/182 [00:14<00:29,  4.12it/s]
 34%|███▍      | 62/182 [00:15<00:29,  4.12it/s]
 35%|███▍      | 63/182 [00:15<00:29,  4.09it/s]
 35%|███▌      | 64/182 [00:15<00:28,  4.12it/s]
 36%|███▌      | 65/182 [00:15<00:28,  4.13it/s]
 36%|███▋      | 66/182 [00:16<00:28,  4.12it/s]
 37%|███▋      | 67/182 [00:16<00:27,  4.13it/s]
 37%|███▋      | 68/182 [00:16<00:27,  4.10it/s]
 38%|███▊      | 69/182 [00:16<00:27,  4.11it/s]
 38%|███▊      | 70/182 [00:17<00:27,  4.10it/s]
 39%|███▉      | 71/182 [00:17<00:27,  4.10it/s]
 40%|███▉      | 72/182 [00:17<00:26,  4.11it/s]
 40%|████      | 73/182 [00:17<00:26,  4.09it/s]
 41%|████      | 74/182 [00:18<00:26,  4.12it/s]
 41%|████      | 75/182 [00:18<00:25,  4.14it/s]
 42%|████▏     | 76/182 [00:18<00:25,  4.12it/s]
 42%|████▏     | 77/182 [00:18<00:25,  4.12it/s]
 43%|████▎     | 78/182 [00:18<00:25,  4.11it/s]
 43%|████▎     | 79/182 [00:19<00:25,  4.09it/s]
 44%|████▍     | 80/182 [00:19<00:24,  4.09it/s]
 45%|████▍     | 81/182 [00:19<00:24,  4.10it/s]
 45%|████▌     | 82/182 [00:19<00:24,  4.11it/s]
 46%|████▌     | 83/182 [00:20<00:24,  4.09it/s]
 46%|████▌     | 84/182 [00:20<00:23,  4.11it/s]
 47%|████▋     | 85/182 [00:20<00:23,  4.13it/s]
 47%|████▋     | 86/182 [00:20<00:23,  4.14it/s]
 48%|████▊     | 87/182 [00:21<00:22,  4.15it/s]
 48%|████▊     | 88/182 [00:21<00:22,  4.14it/s]
 49%|████▉     | 89/182 [00:21<00:22,  4.16it/s]
 49%|████▉     | 90/182 [00:21<00:22,  4.13it/s]
 50%|█████     | 91/182 [00:22<00:22,  4.11it/s]
 51%|█████     | 92/182 [00:22<00:21,  4.11it/s]
 51%|█████     | 93/182 [00:22<00:21,  4.10it/s]
 52%|█████▏    | 94/182 [00:22<00:21,  4.10it/s]
 52%|█████▏    | 95/182 [00:23<00:21,  4.08it/s]
 53%|█████▎    | 96/182 [00:23<00:21,  4.09it/s]
 53%|█████▎    | 97/182 [00:23<00:20,  4.08it/s]
 54%|█████▍    | 98/182 [00:23<00:20,  4.06it/s]
 54%|█████▍    | 99/182 [00:24<00:20,  4.09it/s]
 55%|█████▍    | 100/182 [00:24<00:20,  4.10it/s]
 55%|█████▌    | 101/182 [00:24<00:19,  4.12it/s]
 56%|█████▌    | 102/182 [00:24<00:19,  4.09it/s]
 57%|█████▋    | 103/182 [00:25<00:19,  4.09it/s]
 57%|█████▋    | 104/182 [00:25<00:19,  4.07it/s]
 58%|█████▊    | 105/182 [00:25<00:19,  4.03it/s]
 58%|█████▊    | 106/182 [00:25<00:18,  4.07it/s]
 59%|█████▉    | 107/182 [00:26<00:18,  4.06it/s]
 59%|█████▉    | 108/182 [00:26<00:18,  4.06it/s]
 60%|█████▉    | 109/182 [00:26<00:18,  4.05it/s]
 60%|██████    | 110/182 [00:26<00:17,  4.04it/s]
 61%|██████    | 111/182 [00:27<00:17,  4.08it/s]
 62%|██████▏   | 112/182 [00:27<00:17,  4.06it/s]
 62%|██████▏   | 113/182 [00:27<00:16,  4.09it/s]
 63%|██████▎   | 114/182 [00:27<00:16,  4.10it/s]
 63%|██████▎   | 115/182 [00:28<00:16,  4.08it/s]
 64%|██████▎   | 116/182 [00:28<00:16,  4.06it/s]
 64%|██████▍   | 117/182 [00:28<00:16,  4.05it/s]
 65%|██████▍   | 118/182 [00:28<00:15,  4.08it/s]
 65%|██████▌   | 119/182 [00:29<00:15,  4.09it/s]
 66%|██████▌   | 120/182 [00:29<00:15,  4.10it/s]
 66%|██████▋   | 121/182 [00:29<00:14,  4.08it/s]
 67%|██████▋   | 122/182 [00:29<00:14,  4.07it/s]
 68%|██████▊   | 123/182 [00:29<00:14,  4.11it/s]
 68%|██████▊   | 124/182 [00:30<00:14,  4.10it/s]
 69%|██████▊   | 125/182 [00:30<00:13,  4.09it/s]
 69%|██████▉   | 126/182 [00:30<00:13,  4.12it/s]
 70%|██████▉   | 127/182 [00:30<00:13,  4.13it/s]
 70%|███████   | 128/182 [00:31<00:13,  4.10it/s]
 71%|███████   | 129/182 [00:31<00:12,  4.11it/s]
 71%|███████▏  | 130/182 [00:31<00:12,  4.09it/s]
 72%|███████▏  | 131/182 [00:31<00:12,  4.10it/s]
 73%|███████▎  | 132/182 [00:32<00:12,  4.09it/s]
 73%|███████▎  | 133/182 [00:32<00:12,  4.08it/s]
 74%|███████▎  | 134/182 [00:32<00:11,  4.08it/s]
 74%|███████▍  | 135/182 [00:32<00:11,  4.06it/s]
 75%|███████▍  | 136/182 [00:33<00:11,  4.06it/s]
 75%|███████▌  | 137/182 [00:33<00:11,  4.07it/s]
 76%|███████▌  | 138/182 [00:33<00:10,  4.07it/s]
 76%|███████▋  | 139/182 [00:33<00:10,  4.07it/s]
 77%|███████▋  | 140/182 [00:34<00:10,  4.09it/s]
 77%|███████▋  | 141/182 [00:34<00:10,  4.06it/s]
 78%|███████▊  | 142/182 [00:34<00:09,  4.05it/s]
 79%|███████▊  | 143/182 [00:34<00:09,  4.07it/s]
 79%|███████▉  | 144/182 [00:35<00:09,  4.10it/s]
 80%|███████▉  | 145/182 [00:35<00:08,  4.12it/s]
 80%|████████  | 146/182 [00:35<00:08,  4.12it/s]
 81%|████████  | 147/182 [00:35<00:08,  4.11it/s]
 81%|████████▏ | 148/182 [00:36<00:08,  4.13it/s]
 82%|████████▏ | 149/182 [00:36<00:07,  4.16it/s]
 82%|████████▏ | 150/182 [00:36<00:07,  4.11it/s]
 83%|████████▎ | 151/182 [00:36<00:07,  4.10it/s]
 84%|████████▎ | 152/182 [00:37<00:07,  4.10it/s]
 84%|████████▍ | 153/182 [00:37<00:07,  4.12it/s]
 85%|████████▍ | 154/182 [00:37<00:06,  4.09it/s]
 85%|████████▌ | 155/182 [00:37<00:06,  4.09it/s]
 86%|████████▌ | 156/182 [00:38<00:06,  4.11it/s]
 86%|████████▋ | 157/182 [00:38<00:06,  4.11it/s]
 87%|████████▋ | 158/182 [00:38<00:05,  4.13it/s]
 87%|████████▋ | 159/182 [00:38<00:05,  4.10it/s]
 88%|████████▊ | 160/182 [00:39<00:05,  4.09it/s]
 88%|████████▊ | 161/182 [00:39<00:05,  4.12it/s]
 89%|████████▉ | 162/182 [00:39<00:04,  4.11it/s]
 90%|████████▉ | 163/182 [00:39<00:04,  4.11it/s]
 90%|█████████ | 164/182 [00:39<00:04,  4.09it/s]
 91%|█████████ | 165/182 [00:40<00:04,  4.11it/s]
 91%|█████████ | 166/182 [00:40<00:03,  4.12it/s]
 92%|█████████▏| 167/182 [00:40<00:03,  4.10it/s]
 92%|█████████▏| 168/182 [00:40<00:03,  4.12it/s]
 93%|█████████▎| 169/182 [00:41<00:03,  4.10it/s]
 93%|█████████▎| 170/182 [00:41<00:02,  4.09it/s]
 94%|█████████▍| 171/182 [00:41<00:02,  4.09it/s]
 95%|█████████▍| 172/182 [00:41<00:02,  4.10it/s]
 95%|█████████▌| 173/182 [00:42<00:02,  4.10it/s]
 96%|█████████▌| 174/182 [00:42<00:01,  4.07it/s]
 96%|█████████▌| 175/182 [00:42<00:01,  4.07it/s]
 97%|█████████▋| 176/182 [00:42<00:01,  4.07it/s]
 97%|█████████▋| 177/182 [00:43<00:01,  4.07it/s]
 98%|█████████▊| 178/182 [00:43<00:00,  4.09it/s]
 98%|█████████▊| 179/182 [00:43<00:00,  4.10it/s]
 99%|█████████▉| 180/182 [00:43<00:00,  4.11it/s]
 99%|█████████▉| 181/182 [00:44<00:00,  4.10it/s]
100%|██████████| 182/182 [00:44<00:00,  4.12it/s]
存在的颜色: {0: tensor([0]), 57: tensor([1]), 133: tensor([2]), 220: tensor([3]), 147: tensor([4]), 19: tensor([5]), 113: tensor([6]), 34: tensor([7]), 109: tensor([8]), 52: tensor([9]), 90: tensor([10]), 128: tensor([11]), 15: tensor([12]), 53: tensor([13]), 38: tensor([14]), 76: tensor([15]), 94: tensor([16]), 72: tensor([17]), 75: tensor([18]), 151: tensor([19])}
结束

结束

结束

结束

结束

val Loss: 66718.8095 Acc: 69.2207
Mean IoU: 0.0339
Epoch 3/5
----------

  0%|          | 0/183 [00:00<?, ?it/s]
  1%|          | 1/183 [00:00<00:52,  3.48it/s]
  1%|          | 2/183 [00:00<00:51,  3.50it/s]
  2%|▏         | 3/183 [00:00<00:51,  3.47it/s]
  2%|▏         | 4/183 [00:01<00:51,  3.48it/s]
  3%|▎         | 5/183 [00:01<00:51,  3.45it/s]
  3%|▎         | 6/183 [00:01<00:51,  3.45it/s]
  4%|▍         | 7/183 [00:02<00:51,  3.43it/s]
  4%|▍         | 8/183 [00:02<00:50,  3.44it/s]
  5%|▍         | 9/183 [00:02<00:50,  3.43it/s]
  5%|▌         | 10/183 [00:02<00:50,  3.45it/s]
  6%|▌         | 11/183 [00:03<00:49,  3.46it/s]
  7%|▋         | 12/183 [00:03<00:49,  3.46it/s]
  7%|▋         | 13/183 [00:03<00:48,  3.49it/s]
  8%|▊         | 14/183 [00:04<00:48,  3.49it/s]
  8%|▊         | 15/183 [00:04<00:48,  3.48it/s]
  9%|▊         | 16/183 [00:04<00:48,  3.46it/s]
  9%|▉         | 17/183 [00:04<00:48,  3.44it/s]
 10%|▉         | 18/183 [00:05<00:47,  3.46it/s]
 10%|█         | 19/183 [00:05<00:47,  3.46it/s]
 11%|█         | 20/183 [00:05<00:47,  3.47it/s]
 11%|█▏        | 21/183 [00:06<00:46,  3.47it/s]
 12%|█▏        | 22/183 [00:06<00:46,  3.49it/s]
 13%|█▎        | 23/183 [00:06<00:46,  3.47it/s]
 13%|█▎        | 24/183 [00:06<00:45,  3.48it/s]
 14%|█▎        | 25/183 [00:07<00:45,  3.46it/s]
 14%|█▍        | 26/183 [00:07<00:45,  3.47it/s]
 15%|█▍        | 27/183 [00:07<00:44,  3.50it/s]
 15%|█▌        | 28/183 [00:08<00:44,  3.48it/s]
 16%|█▌        | 29/183 [00:08<00:44,  3.49it/s]
 16%|█▋        | 30/183 [00:08<00:44,  3.47it/s]
 17%|█▋        | 31/183 [00:08<00:43,  3.46it/s]
 17%|█▋        | 32/183 [00:09<00:43,  3.45it/s]
 18%|█▊        | 33/183 [00:09<00:43,  3.46it/s]
 19%|█▊        | 34/183 [00:09<00:43,  3.46it/s]
 19%|█▉        | 35/183 [00:10<00:42,  3.46it/s]
 20%|█▉        | 36/183 [00:10<00:42,  3.45it/s]
 20%|██        | 37/183 [00:10<00:42,  3.44it/s]
 21%|██        | 38/183 [00:10<00:42,  3.44it/s]
 21%|██▏       | 39/183 [00:11<00:41,  3.45it/s]
 22%|██▏       | 40/183 [00:11<00:41,  3.47it/s]
 22%|██▏       | 41/183 [00:11<00:41,  3.46it/s]
 23%|██▎       | 42/183 [00:12<00:40,  3.44it/s]
 23%|██▎       | 43/183 [00:12<00:40,  3.46it/s]
 24%|██▍       | 44/183 [00:12<00:40,  3.47it/s]
 25%|██▍       | 45/183 [00:12<00:39,  3.46it/s]
 25%|██▌       | 46/183 [00:13<00:39,  3.46it/s]
 26%|██▌       | 47/183 [00:13<00:39,  3.45it/s]
 26%|██▌       | 48/183 [00:13<00:39,  3.46it/s]
 27%|██▋       | 49/183 [00:14<00:38,  3.45it/s]
 27%|██▋       | 50/183 [00:14<00:38,  3.46it/s]
 28%|██▊       | 51/183 [00:14<00:38,  3.46it/s]
 28%|██▊       | 52/183 [00:15<00:37,  3.47it/s]
 29%|██▉       | 53/183 [00:15<00:37,  3.46it/s]
 30%|██▉       | 54/183 [00:15<00:37,  3.46it/s]
 30%|███       | 55/183 [00:15<00:37,  3.45it/s]
 31%|███       | 56/183 [00:16<00:36,  3.45it/s]
 31%|███       | 57/183 [00:16<00:36,  3.46it/s]
 32%|███▏      | 58/183 [00:16<00:36,  3.47it/s]
 32%|███▏      | 59/183 [00:17<00:35,  3.49it/s]
 33%|███▎      | 60/183 [00:17<00:35,  3.48it/s]
 33%|███▎      | 61/183 [00:17<00:35,  3.48it/s]
 34%|███▍      | 62/183 [00:17<00:34,  3.47it/s]
 34%|███▍      | 63/183 [00:18<00:34,  3.48it/s]
 35%|███▍      | 64/183 [00:18<00:34,  3.49it/s]
 36%|███▌      | 65/183 [00:18<00:33,  3.48it/s]
 36%|███▌      | 66/183 [00:19<00:33,  3.48it/s]
 37%|███▋      | 67/183 [00:19<00:33,  3.46it/s]
 37%|███▋      | 68/183 [00:19<00:33,  3.47it/s]
 38%|███▊      | 69/183 [00:19<00:33,  3.45it/s]
 38%|███▊      | 70/183 [00:20<00:32,  3.48it/s]
 39%|███▉      | 71/183 [00:20<00:33,  3.36it/s]
 39%|███▉      | 72/183 [00:20<00:32,  3.38it/s]
 40%|███▉      | 73/183 [00:21<00:32,  3.41it/s]
 40%|████      | 74/183 [00:21<00:31,  3.43it/s]
 41%|████      | 75/183 [00:21<00:31,  3.44it/s]
 42%|████▏     | 76/183 [00:21<00:31,  3.43it/s]
 42%|████▏     | 77/183 [00:22<00:30,  3.44it/s]
 43%|████▎     | 78/183 [00:22<00:30,  3.43it/s]
 43%|████▎     | 79/183 [00:22<00:30,  3.44it/s]
 44%|████▎     | 80/183 [00:23<00:29,  3.45it/s]
 44%|████▍     | 81/183 [00:23<00:29,  3.47it/s]
 45%|████▍     | 82/183 [00:23<00:29,  3.46it/s]
 45%|████▌     | 83/183 [00:24<00:29,  3.44it/s]
 46%|████▌     | 84/183 [00:24<00:28,  3.47it/s]
 46%|████▋     | 85/183 [00:24<00:28,  3.48it/s]
 47%|████▋     | 86/183 [00:24<00:27,  3.46it/s]
 48%|████▊     | 87/183 [00:25<00:27,  3.49it/s]
 48%|████▊     | 88/183 [00:25<00:27,  3.50it/s]
 49%|████▊     | 89/183 [00:25<00:27,  3.47it/s]
 49%|████▉     | 90/183 [00:26<00:26,  3.49it/s]
 50%|████▉     | 91/183 [00:26<00:26,  3.46it/s]
 50%|█████     | 92/183 [00:26<00:26,  3.47it/s]
 51%|█████     | 93/183 [00:26<00:26,  3.45it/s]
 51%|█████▏    | 94/183 [00:27<00:25,  3.47it/s]
 52%|█████▏    | 95/183 [00:27<00:25,  3.45it/s]
 52%|█████▏    | 96/183 [00:27<00:25,  3.44it/s]
 53%|█████▎    | 97/183 [00:28<00:24,  3.45it/s]
 54%|█████▎    | 98/183 [00:28<00:24,  3.46it/s]
 54%|█████▍    | 99/183 [00:28<00:24,  3.45it/s]
 55%|█████▍    | 100/183 [00:28<00:24,  3.45it/s]
 55%|█████▌    | 101/183 [00:29<00:23,  3.46it/s]
 56%|█████▌    | 102/183 [00:29<00:23,  3.46it/s]
 56%|█████▋    | 103/183 [00:29<00:22,  3.48it/s]
 57%|█████▋    | 104/183 [00:30<00:22,  3.46it/s]
 57%|█████▋    | 105/183 [00:30<00:22,  3.45it/s]
 58%|█████▊    | 106/183 [00:30<00:22,  3.44it/s]
 58%|█████▊    | 107/183 [00:30<00:21,  3.46it/s]
 59%|█████▉    | 108/183 [00:31<00:21,  3.45it/s]
 60%|█████▉    | 109/183 [00:31<00:21,  3.45it/s]
 60%|██████    | 110/183 [00:31<00:21,  3.47it/s]
 61%|██████    | 111/183 [00:32<00:20,  3.47it/s]
 61%|██████    | 112/183 [00:32<00:20,  3.46it/s]
 62%|██████▏   | 113/183 [00:32<00:20,  3.47it/s]
 62%|██████▏   | 114/183 [00:32<00:19,  3.48it/s]
 63%|██████▎   | 115/183 [00:33<00:19,  3.47it/s]
 63%|██████▎   | 116/183 [00:33<00:19,  3.45it/s]
 64%|██████▍   | 117/183 [00:33<00:19,  3.46it/s]
 64%|██████▍   | 118/183 [00:34<00:18,  3.46it/s]
 65%|██████▌   | 119/183 [00:34<00:18,  3.47it/s]
 66%|██████▌   | 120/183 [00:34<00:18,  3.47it/s]
 66%|██████▌   | 121/183 [00:34<00:17,  3.47it/s]
 67%|██████▋   | 122/183 [00:35<00:17,  3.45it/s]
 67%|██████▋   | 123/183 [00:35<00:17,  3.45it/s]
 68%|██████▊   | 124/183 [00:35<00:17,  3.47it/s]
 68%|██████▊   | 125/183 [00:36<00:16,  3.46it/s]
 69%|██████▉   | 126/183 [00:36<00:16,  3.47it/s]
 69%|██████▉   | 127/183 [00:36<00:16,  3.46it/s]
 70%|██████▉   | 128/183 [00:37<00:16,  3.43it/s]
 70%|███████   | 129/183 [00:37<00:15,  3.42it/s]
 71%|███████   | 130/183 [00:37<00:15,  3.44it/s]
 72%|███████▏  | 131/183 [00:37<00:15,  3.44it/s]
 72%|███████▏  | 132/183 [00:38<00:14,  3.44it/s]
 73%|███████▎  | 133/183 [00:38<00:14,  3.44it/s]
 73%|███████▎  | 134/183 [00:38<00:14,  3.44it/s]
 74%|███████▍  | 135/183 [00:39<00:13,  3.45it/s]
 74%|███████▍  | 136/183 [00:39<00:13,  3.46it/s]
 75%|███████▍  | 137/183 [00:39<00:13,  3.44it/s]
 75%|███████▌  | 138/183 [00:39<00:13,  3.45it/s]
 76%|███████▌  | 139/183 [00:40<00:12,  3.46it/s]
 77%|███████▋  | 140/183 [00:40<00:12,  3.45it/s]
 77%|███████▋  | 141/183 [00:40<00:12,  3.44it/s]
 78%|███████▊  | 142/183 [00:41<00:11,  3.43it/s]
 78%|███████▊  | 143/183 [00:41<00:11,  3.44it/s]
 79%|███████▊  | 144/183 [00:41<00:11,  3.46it/s]
 79%|███████▉  | 145/183 [00:41<00:10,  3.46it/s]
 80%|███████▉  | 146/183 [00:42<00:10,  3.48it/s]
 80%|████████  | 147/183 [00:42<00:10,  3.47it/s]
 81%|████████  | 148/183 [00:42<00:10,  3.47it/s]
 81%|████████▏ | 149/183 [00:43<00:09,  3.45it/s]
 82%|████████▏ | 150/183 [00:43<00:09,  3.46it/s]
 83%|████████▎ | 151/183 [00:43<00:09,  3.48it/s]
 83%|████████▎ | 152/183 [00:43<00:08,  3.47it/s]
 84%|████████▎ | 153/183 [00:44<00:08,  3.45it/s]
 84%|████████▍ | 154/183 [00:44<00:08,  3.45it/s]
 85%|████████▍ | 155/183 [00:44<00:08,  3.43it/s]
 85%|████████▌ | 156/183 [00:45<00:07,  3.41it/s]
 86%|████████▌ | 157/183 [00:45<00:07,  3.44it/s]
 86%|████████▋ | 158/183 [00:45<00:07,  3.45it/s]
 87%|████████▋ | 159/183 [00:45<00:06,  3.45it/s]
 87%|████████▋ | 160/183 [00:46<00:06,  3.44it/s]
 88%|████████▊ | 161/183 [00:46<00:06,  3.48it/s]
 89%|████████▊ | 162/183 [00:46<00:06,  3.48it/s]
 89%|████████▉ | 163/183 [00:47<00:05,  3.50it/s]
 90%|████████▉ | 164/183 [00:47<00:05,  3.49it/s]
 90%|█████████ | 165/183 [00:47<00:05,  3.49it/s]
 91%|█████████ | 166/183 [00:47<00:04,  3.47it/s]
 91%|█████████▏| 167/183 [00:48<00:04,  3.44it/s]
 92%|█████████▏| 168/183 [00:48<00:04,  3.46it/s]
 92%|█████████▏| 169/183 [00:48<00:04,  3.45it/s]
 93%|█████████▎| 170/183 [00:49<00:03,  3.45it/s]
 93%|█████████▎| 171/183 [00:49<00:03,  3.47it/s]
 94%|█████████▍| 172/183 [00:49<00:03,  3.45it/s]
 95%|█████████▍| 173/183 [00:50<00:02,  3.45it/s]
 95%|█████████▌| 174/183 [00:50<00:02,  3.45it/s]
 96%|█████████▌| 175/183 [00:50<00:02,  3.47it/s]
 96%|█████████▌| 176/183 [00:50<00:02,  3.46it/s]
 97%|█████████▋| 177/183 [00:51<00:01,  3.46it/s]
 97%|█████████▋| 178/183 [00:51<00:01,  3.46it/s]
 98%|█████████▊| 179/183 [00:51<00:01,  3.47it/s]
 98%|█████████▊| 180/183 [00:52<00:00,  3.46it/s]
 99%|█████████▉| 181/183 [00:52<00:00,  3.47it/s]
 99%|█████████▉| 182/183 [00:52<00:00,  3.49it/s]
100%|██████████| 183/183 [00:52<00:00,  3.47it/s]
100%|██████████| 183/183 [00:52<00:00,  3.46it/s]

  0%|          | 0/182 [00:00<?, ?it/s]
  1%|          | 1/182 [00:00<00:44,  4.09it/s]
  1%|          | 2/182 [00:00<00:43,  4.16it/s]
  2%|▏         | 3/182 [00:00<00:43,  4.12it/s]
  2%|▏         | 4/182 [00:00<00:43,  4.13it/s]
  3%|▎         | 5/182 [00:01<00:42,  4.12it/s]
  3%|▎         | 6/182 [00:01<00:42,  4.12it/s]
  4%|▍         | 7/182 [00:01<00:42,  4.11it/s]
  4%|▍         | 8/182 [00:01<00:42,  4.09it/s]
  5%|▍         | 9/182 [00:02<00:41,  4.12it/s]
  5%|▌         | 10/182 [00:02<00:41,  4.10it/s]
  6%|▌         | 11/182 [00:02<00:41,  4.12it/s]
  7%|▋         | 12/182 [00:02<00:41,  4.10it/s]
  7%|▋         | 13/182 [00:03<00:41,  4.12it/s]
  8%|▊         | 14/182 [00:03<00:40,  4.14it/s]
  8%|▊         | 15/182 [00:03<00:40,  4.12it/s]
  9%|▉         | 16/182 [00:03<00:40,  4.11it/s]
  9%|▉         | 17/182 [00:04<00:40,  4.06it/s]
 10%|▉         | 18/182 [00:04<00:40,  4.07it/s]
 10%|█         | 19/182 [00:04<00:40,  4.07it/s]
 11%|█         | 20/182 [00:04<00:39,  4.09it/s]
 12%|█▏        | 21/182 [00:05<00:39,  4.11it/s]
 12%|█▏        | 22/182 [00:05<00:38,  4.11it/s]
 13%|█▎        | 23/182 [00:05<00:38,  4.12it/s]
 13%|█▎        | 24/182 [00:05<00:38,  4.14it/s]
 14%|█▎        | 25/182 [00:06<00:37,  4.14it/s]
 14%|█▍        | 26/182 [00:06<00:37,  4.13it/s]
 15%|█▍        | 27/182 [00:06<00:37,  4.15it/s]
 15%|█▌        | 28/182 [00:06<00:36,  4.16it/s]
 16%|█▌        | 29/182 [00:07<00:36,  4.16it/s]
 16%|█▋        | 30/182 [00:07<00:36,  4.13it/s]
 17%|█▋        | 31/182 [00:07<00:37,  4.08it/s]
 18%|█▊        | 32/182 [00:07<00:36,  4.07it/s]
 18%|█▊        | 33/182 [00:08<00:36,  4.06it/s]
 19%|█▊        | 34/182 [00:08<00:36,  4.09it/s]
 19%|█▉        | 35/182 [00:08<00:36,  4.07it/s]
 20%|█▉        | 36/182 [00:08<00:35,  4.10it/s]
 20%|██        | 37/182 [00:09<00:35,  4.09it/s]
 21%|██        | 38/182 [00:09<00:35,  4.08it/s]
 21%|██▏       | 39/182 [00:09<00:35,  4.07it/s]
 22%|██▏       | 40/182 [00:09<00:34,  4.07it/s]
 23%|██▎       | 41/182 [00:09<00:34,  4.08it/s]
 23%|██▎       | 42/182 [00:10<00:34,  4.05it/s]
 24%|██▎       | 43/182 [00:10<00:34,  4.06it/s]
 24%|██▍       | 44/182 [00:10<00:33,  4.10it/s]
 25%|██▍       | 45/182 [00:10<00:33,  4.09it/s]
 25%|██▌       | 46/182 [00:11<00:33,  4.07it/s]
 26%|██▌       | 47/182 [00:11<00:33,  4.07it/s]
 26%|██▋       | 48/182 [00:11<00:33,  4.03it/s]
 27%|██▋       | 49/182 [00:11<00:32,  4.06it/s]
 27%|██▋       | 50/182 [00:12<00:32,  4.05it/s]
 28%|██▊       | 51/182 [00:12<00:32,  4.08it/s]
 29%|██▊       | 52/182 [00:12<00:31,  4.08it/s]
 29%|██▉       | 53/182 [00:12<00:31,  4.05it/s]
 30%|██▉       | 54/182 [00:13<00:31,  4.06it/s]
 30%|███       | 55/182 [00:13<00:31,  4.06it/s]
 31%|███       | 56/182 [00:13<00:30,  4.08it/s]
 31%|███▏      | 57/182 [00:13<00:30,  4.06it/s]
 32%|███▏      | 58/182 [00:14<00:30,  4.06it/s]
 32%|███▏      | 59/182 [00:14<00:30,  4.07it/s]
 33%|███▎      | 60/182 [00:14<00:30,  4.07it/s]
 34%|███▎      | 61/182 [00:14<00:29,  4.09it/s]
 34%|███▍      | 62/182 [00:15<00:29,  4.07it/s]
 35%|███▍      | 63/182 [00:15<00:29,  4.07it/s]
 35%|███▌      | 64/182 [00:15<00:28,  4.07it/s]
 36%|███▌      | 65/182 [00:15<00:28,  4.05it/s]
 36%|███▋      | 66/182 [00:16<00:28,  4.08it/s]
 37%|███▋      | 67/182 [00:16<00:28,  4.09it/s]
 37%|███▋      | 68/182 [00:16<00:27,  4.09it/s]
 38%|███▊      | 69/182 [00:16<00:27,  4.09it/s]
 38%|███▊      | 70/182 [00:17<00:27,  4.08it/s]
 39%|███▉      | 71/182 [00:17<00:27,  4.09it/s]
 40%|███▉      | 72/182 [00:17<00:26,  4.08it/s]
 40%|████      | 73/182 [00:17<00:26,  4.08it/s]
 41%|████      | 74/182 [00:18<00:26,  4.09it/s]
 41%|████      | 75/182 [00:18<00:26,  4.09it/s]
 42%|████▏     | 76/182 [00:18<00:25,  4.10it/s]
 42%|████▏     | 77/182 [00:18<00:25,  4.08it/s]
 43%|████▎     | 78/182 [00:19<00:25,  4.09it/s]
 43%|████▎     | 79/182 [00:19<00:25,  4.10it/s]
 44%|████▍     | 80/182 [00:19<00:24,  4.10it/s]
 45%|████▍     | 81/182 [00:19<00:24,  4.12it/s]
 45%|████▌     | 82/182 [00:20<00:24,  4.11it/s]
 46%|████▌     | 83/182 [00:20<00:24,  4.12it/s]
 46%|████▌     | 84/182 [00:20<00:23,  4.10it/s]
 47%|████▋     | 85/182 [00:20<00:23,  4.09it/s]
 47%|████▋     | 86/182 [00:21<00:23,  4.08it/s]
 48%|████▊     | 87/182 [00:21<00:23,  4.09it/s]
 48%|████▊     | 88/182 [00:21<00:22,  4.10it/s]
 49%|████▉     | 89/182 [00:21<00:22,  4.07it/s]
 49%|████▉     | 90/182 [00:22<00:22,  4.07it/s]
 50%|█████     | 91/182 [00:22<00:22,  4.06it/s]
 51%|█████     | 92/182 [00:22<00:22,  4.06it/s]
 51%|█████     | 93/182 [00:22<00:21,  4.06it/s]
 52%|█████▏    | 94/182 [00:22<00:21,  4.05it/s]
 52%|█████▏    | 95/182 [00:23<00:21,  4.05it/s]
 53%|█████▎    | 96/182 [00:23<00:21,  4.06it/s]
 53%|█████▎    | 97/182 [00:23<00:20,  4.08it/s]
 54%|█████▍    | 98/182 [00:23<00:20,  4.06it/s]
 54%|█████▍    | 99/182 [00:24<00:20,  4.07it/s]
 55%|█████▍    | 100/182 [00:24<00:20,  4.08it/s]
 55%|█████▌    | 101/182 [00:24<00:19,  4.10it/s]
 56%|█████▌    | 102/182 [00:24<00:19,  4.10it/s]
 57%|█████▋    | 103/182 [00:25<00:19,  4.09it/s]
 57%|█████▋    | 104/182 [00:25<00:19,  4.07it/s]
 58%|█████▊    | 105/182 [00:25<00:18,  4.08it/s]
 58%|█████▊    | 106/182 [00:25<00:18,  4.09it/s]
 59%|█████▉    | 107/182 [00:26<00:18,  4.09it/s]
 59%|█████▉    | 108/182 [00:26<00:18,  4.08it/s]
 60%|█████▉    | 109/182 [00:26<00:17,  4.09it/s]
 60%|██████    | 110/182 [00:26<00:17,  4.09it/s]
 61%|██████    | 111/182 [00:27<00:17,  4.09it/s]
 62%|██████▏   | 112/182 [00:27<00:17,  4.06it/s]
 62%|██████▏   | 113/182 [00:27<00:17,  4.05it/s]
 63%|██████▎   | 114/182 [00:27<00:16,  4.06it/s]
 63%|██████▎   | 115/182 [00:28<00:16,  4.09it/s]
 64%|██████▎   | 116/182 [00:28<00:16,  4.08it/s]
 64%|██████▍   | 117/182 [00:28<00:15,  4.10it/s]
 65%|██████▍   | 118/182 [00:28<00:15,  4.09it/s]
 65%|██████▌   | 119/182 [00:29<00:15,  4.10it/s]
 66%|██████▌   | 120/182 [00:29<00:15,  4.07it/s]
 66%|██████▋   | 121/182 [00:29<00:15,  4.02it/s]
 67%|██████▋   | 122/182 [00:29<00:14,  4.05it/s]
 68%|██████▊   | 123/182 [00:30<00:14,  4.04it/s]
 68%|██████▊   | 124/182 [00:30<00:14,  4.05it/s]
 69%|██████▊   | 125/182 [00:30<00:13,  4.07it/s]
 69%|██████▉   | 126/182 [00:30<00:13,  4.07it/s]
 70%|██████▉   | 127/182 [00:31<00:13,  4.08it/s]
 70%|███████   | 128/182 [00:31<00:13,  4.07it/s]
 71%|███████   | 129/182 [00:31<00:13,  4.06it/s]
 71%|███████▏  | 130/182 [00:31<00:12,  4.08it/s]
 72%|███████▏  | 131/182 [00:32<00:12,  4.08it/s]
 73%|███████▎  | 132/182 [00:32<00:12,  4.09it/s]
 73%|███████▎  | 133/182 [00:32<00:11,  4.10it/s]
 74%|███████▎  | 134/182 [00:32<00:11,  4.10it/s]
 74%|███████▍  | 135/182 [00:33<00:11,  4.07it/s]
 75%|███████▍  | 136/182 [00:33<00:11,  4.07it/s]
 75%|███████▌  | 137/182 [00:33<00:11,  4.08it/s]
 76%|███████▌  | 138/182 [00:33<00:10,  4.06it/s]
 76%|███████▋  | 139/182 [00:34<00:10,  4.06it/s]
 77%|███████▋  | 140/182 [00:34<00:10,  4.05it/s]
 77%|███████▋  | 141/182 [00:34<00:10,  4.07it/s]
 78%|███████▊  | 142/182 [00:34<00:09,  4.09it/s]
 79%|███████▊  | 143/182 [00:35<00:09,  4.10it/s]
 79%|███████▉  | 144/182 [00:35<00:09,  4.09it/s]
 80%|███████▉  | 145/182 [00:35<00:09,  4.09it/s]
 80%|████████  | 146/182 [00:35<00:08,  4.09it/s]
 81%|████████  | 147/182 [00:35<00:08,  4.08it/s]
 81%|████████▏ | 148/182 [00:36<00:08,  4.10it/s]
 82%|████████▏ | 149/182 [00:36<00:08,  4.09it/s]
 82%|████████▏ | 150/182 [00:36<00:07,  4.08it/s]
 83%|████████▎ | 151/182 [00:36<00:07,  4.10it/s]
 84%|████████▎ | 152/182 [00:37<00:07,  4.10it/s]
 84%|████████▍ | 153/182 [00:37<00:07,  4.08it/s]
 85%|████████▍ | 154/182 [00:37<00:06,  4.07it/s]
 85%|████████▌ | 155/182 [00:37<00:06,  4.08it/s]
 86%|████████▌ | 156/182 [00:38<00:06,  4.10it/s]
 86%|████████▋ | 157/182 [00:38<00:06,  4.11it/s]
 87%|████████▋ | 158/182 [00:38<00:05,  4.11it/s]
 87%|████████▋ | 159/182 [00:38<00:05,  4.11it/s]
 88%|████████▊ | 160/182 [00:39<00:05,  4.12it/s]
 88%|████████▊ | 161/182 [00:39<00:05,  4.10it/s]
 89%|████████▉ | 162/182 [00:39<00:04,  4.10it/s]
 90%|████████▉ | 163/182 [00:39<00:04,  4.06it/s]
 90%|█████████ | 164/182 [00:40<00:04,  4.09it/s]
 91%|█████████ | 165/182 [00:40<00:04,  4.12it/s]
 91%|█████████ | 166/182 [00:40<00:03,  4.10it/s]
 92%|█████████▏| 167/182 [00:40<00:03,  4.12it/s]
 92%|█████████▏| 168/182 [00:41<00:03,  4.11it/s]
 93%|█████████▎| 169/182 [00:41<00:03,  4.06it/s]
 93%|█████████▎| 170/182 [00:41<00:02,  4.06it/s]
 94%|█████████▍| 171/182 [00:41<00:02,  4.05it/s]
 95%|█████████▍| 172/182 [00:42<00:02,  4.08it/s]
 95%|█████████▌| 173/182 [00:42<00:02,  4.09it/s]
 96%|█████████▌| 174/182 [00:42<00:01,  4.07it/s]
 96%|█████████▌| 175/182 [00:42<00:01,  4.08it/s]
 97%|█████████▋| 176/182 [00:43<00:01,  4.09it/s]
 97%|█████████▋| 177/182 [00:43<00:01,  4.11it/s]
 98%|█████████▊| 178/182 [00:43<00:00,  4.13it/s]
 98%|█████████▊| 179/182 [00:43<00:00,  4.12it/s]
 99%|█████████▉| 180/182 [00:44<00:00,  4.12it/s]
 99%|█████████▉| 181/182 [00:44<00:00,  4.11it/s]
100%|██████████| 182/182 [00:44<00:00,  4.11it/s]
存在的颜色: {0: tensor([0]), 57: tensor([1]), 133: tensor([2]), 220: tensor([3]), 147: tensor([4]), 19: tensor([5]), 113: tensor([6]), 34: tensor([7]), 109: tensor([8]), 52: tensor([9]), 90: tensor([10]), 128: tensor([11]), 15: tensor([12]), 53: tensor([13]), 38: tensor([14]), 76: tensor([15]), 94: tensor([16]), 72: tensor([17]), 75: tensor([18]), 151: tensor([19])}
结束

结束

结束

结束

结束

val Loss: 521104.7381 Acc: 68.9477
Mean IoU: 0.0395
Epoch 4/5
----------

  0%|          | 0/183 [00:00<?, ?it/s]
  1%|          | 1/183 [00:00<00:51,  3.51it/s]
  1%|          | 2/183 [00:00<00:51,  3.51it/s]
  2%|▏         | 3/183 [00:00<00:51,  3.48it/s]
  2%|▏         | 4/183 [00:01<00:51,  3.50it/s]
  3%|▎         | 5/183 [00:01<00:51,  3.48it/s]
  3%|▎         | 6/183 [00:01<00:50,  3.48it/s]
  4%|▍         | 7/183 [00:02<00:50,  3.48it/s]
  4%|▍         | 8/183 [00:02<00:50,  3.47it/s]
  5%|▍         | 9/183 [00:02<00:49,  3.50it/s]
  5%|▌         | 10/183 [00:02<00:49,  3.51it/s]
  6%|▌         | 11/183 [00:03<00:49,  3.51it/s]
  7%|▋         | 12/183 [00:03<00:48,  3.50it/s]
  7%|▋         | 13/183 [00:03<00:48,  3.51it/s]
  8%|▊         | 14/183 [00:04<00:48,  3.50it/s]
  8%|▊         | 15/183 [00:04<00:48,  3.49it/s]
  9%|▊         | 16/183 [00:04<00:47,  3.49it/s]
  9%|▉         | 17/183 [00:04<00:47,  3.50it/s]
 10%|▉         | 18/183 [00:05<00:46,  3.51it/s]
 10%|█         | 19/183 [00:05<00:46,  3.53it/s]
 11%|█         | 20/183 [00:05<00:46,  3.53it/s]
 11%|█▏        | 21/183 [00:05<00:45,  3.52it/s]
 12%|█▏        | 22/183 [00:06<00:45,  3.52it/s]
 13%|█▎        | 23/183 [00:06<00:45,  3.52it/s]
 13%|█▎        | 24/183 [00:06<00:45,  3.52it/s]
 14%|█▎        | 25/183 [00:07<00:45,  3.51it/s]
 14%|█▍        | 26/183 [00:07<00:44,  3.49it/s]
 15%|█▍        | 27/183 [00:07<00:44,  3.50it/s]
 15%|█▌        | 28/183 [00:07<00:44,  3.49it/s]
 16%|█▌        | 29/183 [00:08<00:44,  3.50it/s]
 16%|█▋        | 30/183 [00:08<00:43,  3.52it/s]
 17%|█▋        | 31/183 [00:08<00:43,  3.51it/s]
 17%|█▋        | 32/183 [00:09<00:43,  3.50it/s]
 18%|█▊        | 33/183 [00:09<00:43,  3.48it/s]
 19%|█▊        | 34/183 [00:09<00:42,  3.49it/s]
 19%|█▉        | 35/183 [00:09<00:42,  3.50it/s]
 20%|█▉        | 36/183 [00:10<00:41,  3.50it/s]
 20%|██        | 37/183 [00:10<00:41,  3.50it/s]
 21%|██        | 38/183 [00:10<00:41,  3.50it/s]
 21%|██▏       | 39/183 [00:11<00:41,  3.49it/s]
 22%|██▏       | 40/183 [00:11<00:40,  3.49it/s]
 22%|██▏       | 41/183 [00:11<00:40,  3.49it/s]
 23%|██▎       | 42/183 [00:12<00:40,  3.47it/s]
 23%|██▎       | 43/183 [00:12<00:40,  3.50it/s]
 24%|██▍       | 44/183 [00:12<00:39,  3.49it/s]
 25%|██▍       | 45/183 [00:12<00:39,  3.48it/s]
 25%|██▌       | 46/183 [00:13<00:39,  3.48it/s]
 26%|██▌       | 47/183 [00:13<00:39,  3.48it/s]
 26%|██▌       | 48/183 [00:13<00:38,  3.49it/s]
 27%|██▋       | 49/183 [00:14<00:38,  3.47it/s]
 27%|██▋       | 50/183 [00:14<00:38,  3.47it/s]
 28%|██▊       | 51/183 [00:14<00:38,  3.46it/s]
 28%|██▊       | 52/183 [00:14<00:37,  3.46it/s]
 29%|██▉       | 53/183 [00:15<00:37,  3.46it/s]
 30%|██▉       | 54/183 [00:15<00:37,  3.46it/s]
 30%|███       | 55/183 [00:15<00:36,  3.47it/s]
 31%|███       | 56/183 [00:16<00:36,  3.50it/s]
 31%|███       | 57/183 [00:16<00:36,  3.49it/s]
 32%|███▏      | 58/183 [00:16<00:35,  3.52it/s]
 32%|███▏      | 59/183 [00:16<00:35,  3.50it/s]
 33%|███▎      | 60/183 [00:17<00:35,  3.49it/s]
 33%|███▎      | 61/183 [00:17<00:35,  3.47it/s]
 34%|███▍      | 62/183 [00:17<00:34,  3.49it/s]
 34%|███▍      | 63/183 [00:18<00:34,  3.49it/s]
 35%|███▍      | 64/183 [00:18<00:34,  3.47it/s]
 36%|███▌      | 65/183 [00:18<00:33,  3.48it/s]
 36%|███▌      | 66/183 [00:18<00:34,  3.44it/s]
 37%|███▋      | 67/183 [00:19<00:33,  3.44it/s]
 37%|███▋      | 68/183 [00:19<00:33,  3.46it/s]
 38%|███▊      | 69/183 [00:19<00:32,  3.48it/s]
 38%|███▊      | 70/183 [00:20<00:32,  3.47it/s]
 39%|███▉      | 71/183 [00:20<00:32,  3.45it/s]
 39%|███▉      | 72/183 [00:20<00:32,  3.44it/s]
 40%|███▉      | 73/183 [00:20<00:32,  3.42it/s]
 40%|████      | 74/183 [00:21<00:31,  3.43it/s]
 41%|████      | 75/183 [00:21<00:31,  3.45it/s]
 42%|████▏     | 76/183 [00:21<00:31,  3.44it/s]
 42%|████▏     | 77/183 [00:22<00:30,  3.46it/s]
 43%|████▎     | 78/183 [00:22<00:30,  3.44it/s]
 43%|████▎     | 79/183 [00:22<00:30,  3.45it/s]
 44%|████▎     | 80/183 [00:22<00:29,  3.47it/s]
 44%|████▍     | 81/183 [00:23<00:29,  3.46it/s]
 45%|████▍     | 82/183 [00:23<00:29,  3.46it/s]
 45%|████▌     | 83/183 [00:23<00:28,  3.46it/s]
 46%|████▌     | 84/183 [00:24<00:28,  3.47it/s]
 46%|████▋     | 85/183 [00:24<00:28,  3.47it/s]
 47%|████▋     | 86/183 [00:24<00:28,  3.45it/s]
 48%|████▊     | 87/183 [00:24<00:27,  3.44it/s]
 48%|████▊     | 88/183 [00:25<00:27,  3.43it/s]
 49%|████▊     | 89/183 [00:25<00:27,  3.41it/s]
 49%|████▉     | 90/183 [00:25<00:27,  3.42it/s]
 50%|████▉     | 91/183 [00:26<00:26,  3.43it/s]
 50%|█████     | 92/183 [00:26<00:26,  3.41it/s]
 51%|█████     | 93/183 [00:26<00:26,  3.42it/s]
 51%|█████▏    | 94/183 [00:27<00:25,  3.44it/s]
 52%|█████▏    | 95/183 [00:27<00:25,  3.46it/s]
 52%|█████▏    | 96/183 [00:27<00:25,  3.45it/s]
 53%|█████▎    | 97/183 [00:27<00:25,  3.44it/s]
 54%|█████▎    | 98/183 [00:28<00:24,  3.43it/s]
 54%|█████▍    | 99/183 [00:28<00:24,  3.46it/s]
 55%|█████▍    | 100/183 [00:28<00:24,  3.44it/s]
 55%|█████▌    | 101/183 [00:29<00:23,  3.45it/s]
 56%|█████▌    | 102/183 [00:29<00:23,  3.44it/s]
 56%|█████▋    | 103/183 [00:29<00:23,  3.45it/s]
 57%|█████▋    | 104/183 [00:29<00:22,  3.45it/s]
 57%|█████▋    | 105/183 [00:30<00:22,  3.43it/s]
 58%|█████▊    | 106/183 [00:30<00:22,  3.43it/s]
 58%|█████▊    | 107/183 [00:30<00:22,  3.43it/s]
 59%|█████▉    | 108/183 [00:31<00:21,  3.43it/s]
 60%|█████▉    | 109/183 [00:31<00:21,  3.43it/s]
 60%|██████    | 110/183 [00:31<00:21,  3.43it/s]
 61%|██████    | 111/183 [00:31<00:21,  3.43it/s]
 61%|██████    | 112/183 [00:32<00:20,  3.42it/s]
 62%|██████▏   | 113/183 [00:32<00:20,  3.42it/s]
 62%|██████▏   | 114/183 [00:32<00:20,  3.43it/s]
 63%|██████▎   | 115/183 [00:33<00:19,  3.43it/s]
 63%|██████▎   | 116/183 [00:33<00:19,  3.45it/s]
 64%|██████▍   | 117/183 [00:33<00:19,  3.45it/s]
 64%|██████▍   | 118/183 [00:34<00:18,  3.45it/s]
 65%|██████▌   | 119/183 [00:34<00:18,  3.45it/s]
 66%|██████▌   | 120/183 [00:34<00:18,  3.47it/s]
 66%|██████▌   | 121/183 [00:34<00:17,  3.46it/s]
 67%|██████▋   | 122/183 [00:35<00:17,  3.44it/s]
 67%|██████▋   | 123/183 [00:35<00:17,  3.43it/s]
 68%|██████▊   | 124/183 [00:35<00:17,  3.42it/s]
 68%|██████▊   | 125/183 [00:36<00:16,  3.45it/s]
 69%|██████▉   | 126/183 [00:36<00:16,  3.45it/s]
 69%|██████▉   | 127/183 [00:36<00:16,  3.44it/s]
 70%|██████▉   | 128/183 [00:36<00:16,  3.43it/s]
 70%|███████   | 129/183 [00:37<00:15,  3.44it/s]
 71%|███████   | 130/183 [00:37<00:15,  3.44it/s]
 72%|███████▏  | 131/183 [00:37<00:15,  3.42it/s]
 72%|███████▏  | 132/183 [00:38<00:14,  3.44it/s]
 73%|███████▎  | 133/183 [00:38<00:14,  3.45it/s]
 73%|███████▎  | 134/183 [00:38<00:14,  3.45it/s]
 74%|███████▍  | 135/183 [00:38<00:13,  3.46it/s]
 74%|███████▍  | 136/183 [00:39<00:13,  3.45it/s]
 75%|███████▍  | 137/183 [00:39<00:13,  3.45it/s]
 75%|███████▌  | 138/183 [00:39<00:13,  3.44it/s]
 76%|███████▌  | 139/183 [00:40<00:12,  3.43it/s]
 77%|███████▋  | 140/183 [00:40<00:12,  3.45it/s]
 77%|███████▋  | 141/183 [00:40<00:12,  3.43it/s]
 78%|███████▊  | 142/183 [00:40<00:11,  3.43it/s]
 78%|███████▊  | 143/183 [00:41<00:11,  3.43it/s]
 79%|███████▊  | 144/183 [00:41<00:11,  3.42it/s]
 79%|███████▉  | 145/183 [00:41<00:11,  3.43it/s]
 80%|███████▉  | 146/183 [00:42<00:10,  3.42it/s]
 80%|████████  | 147/183 [00:42<00:10,  3.44it/s]
 81%|████████  | 148/183 [00:42<00:10,  3.43it/s]
 81%|████████▏ | 149/183 [00:43<00:09,  3.44it/s]
 82%|████████▏ | 150/183 [00:43<00:09,  3.44it/s]
 83%|████████▎ | 151/183 [00:43<00:09,  3.43it/s]
 83%|████████▎ | 152/183 [00:43<00:09,  3.44it/s]
 84%|████████▎ | 153/183 [00:44<00:08,  3.47it/s]
 84%|████████▍ | 154/183 [00:44<00:08,  3.49it/s]
 85%|████████▍ | 155/183 [00:44<00:08,  3.46it/s]
 85%|████████▌ | 156/183 [00:45<00:07,  3.47it/s]
 86%|████████▌ | 157/183 [00:45<00:07,  3.47it/s]
 86%|████████▋ | 158/183 [00:45<00:07,  3.45it/s]
 87%|████████▋ | 159/183 [00:45<00:06,  3.46it/s]
 87%|████████▋ | 160/183 [00:46<00:06,  3.45it/s]
 88%|████████▊ | 161/183 [00:46<00:06,  3.46it/s]
 89%|████████▊ | 162/183 [00:46<00:06,  3.45it/s]
 89%|████████▉ | 163/183 [00:47<00:05,  3.43it/s]
 90%|████████▉ | 164/183 [00:47<00:05,  3.42it/s]
 90%|█████████ | 165/183 [00:47<00:05,  3.42it/s]
 91%|█████████ | 166/183 [00:47<00:04,  3.42it/s]
 91%|█████████▏| 167/183 [00:48<00:04,  3.41it/s]
 92%|█████████▏| 168/183 [00:48<00:04,  3.43it/s]
 92%|█████████▏| 169/183 [00:48<00:04,  3.42it/s]
 93%|█████████▎| 170/183 [00:49<00:03,  3.42it/s]
 93%|█████████▎| 171/183 [00:49<00:03,  3.43it/s]
 94%|█████████▍| 172/183 [00:49<00:03,  3.44it/s]
 95%|█████████▍| 173/183 [00:49<00:02,  3.44it/s]
 95%|█████████▌| 174/183 [00:50<00:02,  3.46it/s]
 96%|█████████▌| 175/183 [00:50<00:02,  3.48it/s]
 96%|█████████▌| 176/183 [00:50<00:02,  3.46it/s]
 97%|█████████▋| 177/183 [00:51<00:01,  3.45it/s]
 97%|█████████▋| 178/183 [00:51<00:01,  3.45it/s]
 98%|█████████▊| 179/183 [00:51<00:01,  3.46it/s]
 98%|█████████▊| 180/183 [00:52<00:00,  3.44it/s]
 99%|█████████▉| 181/183 [00:52<00:00,  3.42it/s]
 99%|█████████▉| 182/183 [00:52<00:00,  3.43it/s]
100%|██████████| 183/183 [00:52<00:00,  3.43it/s]
100%|██████████| 183/183 [00:52<00:00,  3.46it/s]

  0%|          | 0/182 [00:00<?, ?it/s]
  1%|          | 1/182 [00:00<00:43,  4.12it/s]
  1%|          | 2/182 [00:00<00:43,  4.16it/s]
  2%|▏         | 3/182 [00:00<00:43,  4.16it/s]
  2%|▏         | 4/182 [00:00<00:42,  4.15it/s]
  3%|▎         | 5/182 [00:01<00:42,  4.17it/s]
  3%|▎         | 6/182 [00:01<00:42,  4.16it/s]
  4%|▍         | 7/182 [00:01<00:42,  4.15it/s]
  4%|▍         | 8/182 [00:01<00:42,  4.10it/s]
  5%|▍         | 9/182 [00:02<00:41,  4.16it/s]
  5%|▌         | 10/182 [00:02<00:41,  4.14it/s]
  6%|▌         | 11/182 [00:02<00:41,  4.14it/s]
  7%|▋         | 12/182 [00:02<00:41,  4.13it/s]
  7%|▋         | 13/182 [00:03<00:40,  4.14it/s]
  8%|▊         | 14/182 [00:03<00:40,  4.13it/s]
  8%|▊         | 15/182 [00:03<00:40,  4.12it/s]
  9%|▉         | 16/182 [00:03<00:40,  4.12it/s]
  9%|▉         | 17/182 [00:04<00:39,  4.13it/s]
 10%|▉         | 18/182 [00:04<00:39,  4.13it/s]
 10%|█         | 19/182 [00:04<00:39,  4.12it/s]
 11%|█         | 20/182 [00:04<00:39,  4.14it/s]
 12%|█▏        | 21/182 [00:05<00:38,  4.14it/s]
 12%|█▏        | 22/182 [00:05<00:38,  4.11it/s]
 13%|█▎        | 23/182 [00:05<00:38,  4.13it/s]
 13%|█▎        | 24/182 [00:05<00:38,  4.11it/s]
 14%|█▎        | 25/182 [00:06<00:38,  4.12it/s]
 14%|█▍        | 26/182 [00:06<00:37,  4.12it/s]
 15%|█▍        | 27/182 [00:06<00:37,  4.10it/s]
 15%|█▌        | 28/182 [00:06<00:37,  4.12it/s]
 16%|█▌        | 29/182 [00:07<00:37,  4.12it/s]
 16%|█▋        | 30/182 [00:07<00:36,  4.14it/s]
 17%|█▋        | 31/182 [00:07<00:36,  4.11it/s]
 18%|█▊        | 32/182 [00:07<00:36,  4.12it/s]
 18%|█▊        | 33/182 [00:07<00:35,  4.14it/s]
 19%|█▊        | 34/182 [00:08<00:35,  4.12it/s]
 19%|█▉        | 35/182 [00:08<00:35,  4.10it/s]
 20%|█▉        | 36/182 [00:08<00:35,  4.10it/s]
 20%|██        | 37/182 [00:08<00:35,  4.09it/s]
 21%|██        | 38/182 [00:09<00:35,  4.08it/s]
 21%|██▏       | 39/182 [00:09<00:34,  4.11it/s]
 22%|██▏       | 40/182 [00:09<00:34,  4.12it/s]
 23%|██▎       | 41/182 [00:09<00:34,  4.11it/s]
 23%|██▎       | 42/182 [00:10<00:33,  4.16it/s]
 24%|██▎       | 43/182 [00:10<00:33,  4.12it/s]
 24%|██▍       | 44/182 [00:10<00:33,  4.13it/s]
 25%|██▍       | 45/182 [00:10<00:33,  4.13it/s]
 25%|██▌       | 46/182 [00:11<00:32,  4.15it/s]
 26%|██▌       | 47/182 [00:11<00:32,  4.18it/s]
 26%|██▋       | 48/182 [00:11<00:32,  4.14it/s]
 27%|██▋       | 49/182 [00:11<00:32,  4.15it/s]
 27%|██▋       | 50/182 [00:12<00:31,  4.13it/s]
 28%|██▊       | 51/182 [00:12<00:31,  4.10it/s]
 29%|██▊       | 52/182 [00:12<00:31,  4.11it/s]
 29%|██▉       | 53/182 [00:12<00:31,  4.11it/s]
 30%|██▉       | 54/182 [00:13<00:31,  4.12it/s]
 30%|███       | 55/182 [00:13<00:30,  4.14it/s]
 31%|███       | 56/182 [00:13<00:30,  4.14it/s]
 31%|███▏      | 57/182 [00:13<00:30,  4.13it/s]
 32%|███▏      | 58/182 [00:14<00:30,  4.10it/s]
 32%|███▏      | 59/182 [00:14<00:29,  4.11it/s]
 33%|███▎      | 60/182 [00:14<00:29,  4.12it/s]
 34%|███▎      | 61/182 [00:14<00:29,  4.15it/s]
 34%|███▍      | 62/182 [00:15<00:29,  4.13it/s]
 35%|███▍      | 63/182 [00:15<00:28,  4.11it/s]
 35%|███▌      | 64/182 [00:15<00:28,  4.13it/s]
 36%|███▌      | 65/182 [00:15<00:28,  4.14it/s]
 36%|███▋      | 66/182 [00:15<00:28,  4.13it/s]
 37%|███▋      | 67/182 [00:16<00:27,  4.13it/s]
 37%|███▋      | 68/182 [00:16<00:27,  4.15it/s]
 38%|███▊      | 69/182 [00:16<00:27,  4.13it/s]
 38%|███▊      | 70/182 [00:16<00:27,  4.15it/s]
 39%|███▉      | 71/182 [00:17<00:26,  4.11it/s]
 40%|███▉      | 72/182 [00:17<00:26,  4.09it/s]
 40%|████      | 73/182 [00:17<00:26,  4.09it/s]
 41%|████      | 74/182 [00:17<00:26,  4.12it/s]
 41%|████      | 75/182 [00:18<00:26,  4.11it/s]
 42%|████▏     | 76/182 [00:18<00:25,  4.10it/s]
 42%|████▏     | 77/182 [00:18<00:25,  4.09it/s]
 43%|████▎     | 78/182 [00:18<00:25,  4.11it/s]
 43%|████▎     | 79/182 [00:19<00:25,  3.99it/s]
 44%|████▍     | 80/182 [00:19<00:25,  4.01it/s]
 45%|████▍     | 81/182 [00:19<00:25,  4.03it/s]
 45%|████▌     | 82/182 [00:19<00:24,  4.07it/s]
 46%|████▌     | 83/182 [00:20<00:24,  4.08it/s]
 46%|████▌     | 84/182 [00:20<00:24,  4.06it/s]
 47%|████▋     | 85/182 [00:20<00:23,  4.09it/s]
 47%|████▋     | 86/182 [00:20<00:23,  4.12it/s]
 48%|████▊     | 87/182 [00:21<00:23,  4.13it/s]
 48%|████▊     | 88/182 [00:21<00:22,  4.16it/s]
 49%|████▉     | 89/182 [00:21<00:22,  4.15it/s]
 49%|████▉     | 90/182 [00:21<00:22,  4.13it/s]
 50%|█████     | 91/182 [00:22<00:22,  4.13it/s]
 51%|█████     | 92/182 [00:22<00:21,  4.11it/s]
 51%|█████     | 93/182 [00:22<00:21,  4.12it/s]
 52%|█████▏    | 94/182 [00:22<00:21,  4.14it/s]
 52%|█████▏    | 95/182 [00:23<00:21,  4.13it/s]
 53%|█████▎    | 96/182 [00:23<00:20,  4.13it/s]
 53%|█████▎    | 97/182 [00:23<00:20,  4.13it/s]
 54%|█████▍    | 98/182 [00:23<00:20,  4.11it/s]
 54%|█████▍    | 99/182 [00:24<00:20,  4.10it/s]
 55%|█████▍    | 100/182 [00:24<00:19,  4.11it/s]
 55%|█████▌    | 101/182 [00:24<00:19,  4.07it/s]
 56%|█████▌    | 102/182 [00:24<00:19,  4.04it/s]
 57%|█████▋    | 103/182 [00:25<00:19,  4.10it/s]
 57%|█████▋    | 104/182 [00:25<00:19,  4.10it/s]
 58%|█████▊    | 105/182 [00:25<00:18,  4.11it/s]
 58%|█████▊    | 106/182 [00:25<00:18,  4.11it/s]
 59%|█████▉    | 107/182 [00:25<00:18,  4.11it/s]
 59%|█████▉    | 108/182 [00:26<00:17,  4.14it/s]
 60%|█████▉    | 109/182 [00:26<00:17,  4.14it/s]
 60%|██████    | 110/182 [00:26<00:17,  4.13it/s]
 61%|██████    | 111/182 [00:26<00:17,  4.13it/s]
 62%|██████▏   | 112/182 [00:27<00:16,  4.13it/s]
 62%|██████▏   | 113/182 [00:27<00:16,  4.16it/s]
 63%|██████▎   | 114/182 [00:27<00:16,  4.11it/s]
 63%|██████▎   | 115/182 [00:27<00:16,  4.11it/s]
 64%|██████▎   | 116/182 [00:28<00:16,  4.10it/s]
 64%|██████▍   | 117/182 [00:28<00:15,  4.09it/s]
 65%|██████▍   | 118/182 [00:28<00:15,  4.11it/s]
 65%|██████▌   | 119/182 [00:28<00:15,  4.08it/s]
 66%|██████▌   | 120/182 [00:29<00:15,  4.08it/s]
 66%|██████▋   | 121/182 [00:29<00:15,  4.04it/s]
 67%|██████▋   | 122/182 [00:29<00:14,  4.03it/s]
 68%|██████▊   | 123/182 [00:29<00:14,  4.06it/s]
 68%|██████▊   | 124/182 [00:30<00:14,  4.06it/s]
 69%|██████▊   | 125/182 [00:30<00:13,  4.07it/s]
 69%|██████▉   | 126/182 [00:30<00:13,  4.08it/s]
 70%|██████▉   | 127/182 [00:30<00:13,  4.08it/s]
 70%|███████   | 128/182 [00:31<00:13,  4.08it/s]
 71%|███████   | 129/182 [00:31<00:12,  4.09it/s]
 71%|███████▏  | 130/182 [00:31<00:12,  4.11it/s]
 72%|███████▏  | 131/182 [00:31<00:12,  4.09it/s]
 73%|███████▎  | 132/182 [00:32<00:12,  4.10it/s]
 73%|███████▎  | 133/182 [00:32<00:11,  4.10it/s]
 74%|███████▎  | 134/182 [00:32<00:11,  4.09it/s]
 74%|███████▍  | 135/182 [00:32<00:11,  4.09it/s]
 75%|███████▍  | 136/182 [00:33<00:11,  4.09it/s]
 75%|███████▌  | 137/182 [00:33<00:10,  4.11it/s]
 76%|███████▌  | 138/182 [00:33<00:10,  4.10it/s]
 76%|███████▋  | 139/182 [00:33<00:10,  4.09it/s]
 77%|███████▋  | 140/182 [00:34<00:10,  4.07it/s]
 77%|███████▋  | 141/182 [00:34<00:10,  4.08it/s]
 78%|███████▊  | 142/182 [00:34<00:09,  4.07it/s]
 79%|███████▊  | 143/182 [00:34<00:09,  4.08it/s]
 79%|███████▉  | 144/182 [00:35<00:09,  4.06it/s]
 80%|███████▉  | 145/182 [00:35<00:09,  4.07it/s]
 80%|████████  | 146/182 [00:35<00:08,  4.07it/s]
 81%|████████  | 147/182 [00:35<00:08,  4.07it/s]
 81%|████████▏ | 148/182 [00:36<00:08,  4.04it/s]
 82%|████████▏ | 149/182 [00:36<00:08,  4.08it/s]
 82%|████████▏ | 150/182 [00:36<00:07,  4.08it/s]
 83%|████████▎ | 151/182 [00:36<00:07,  4.05it/s]
 84%|████████▎ | 152/182 [00:37<00:07,  4.02it/s]
 84%|████████▍ | 153/182 [00:37<00:07,  4.04it/s]
 85%|████████▍ | 154/182 [00:37<00:06,  4.05it/s]
 85%|████████▌ | 155/182 [00:37<00:06,  4.08it/s]
 86%|████████▌ | 156/182 [00:37<00:06,  4.06it/s]
 86%|████████▋ | 157/182 [00:38<00:06,  4.05it/s]
 87%|████████▋ | 158/182 [00:38<00:05,  4.04it/s]
 87%|████████▋ | 159/182 [00:38<00:05,  4.07it/s]
 88%|████████▊ | 160/182 [00:38<00:05,  4.06it/s]
 88%|████████▊ | 161/182 [00:39<00:05,  4.07it/s]
 89%|████████▉ | 162/182 [00:39<00:04,  4.06it/s]
 90%|████████▉ | 163/182 [00:39<00:04,  4.07it/s]
 90%|█████████ | 164/182 [00:39<00:04,  4.09it/s]
 91%|█████████ | 165/182 [00:40<00:04,  4.14it/s]
 91%|█████████ | 166/182 [00:40<00:03,  4.13it/s]
 92%|█████████▏| 167/182 [00:40<00:03,  4.10it/s]
 92%|█████████▏| 168/182 [00:40<00:03,  4.12it/s]
 93%|█████████▎| 169/182 [00:41<00:03,  4.11it/s]
 93%|█████████▎| 170/182 [00:41<00:02,  4.09it/s]
 94%|█████████▍| 171/182 [00:41<00:02,  4.11it/s]
 95%|█████████▍| 172/182 [00:41<00:02,  4.07it/s]
 95%|█████████▌| 173/182 [00:42<00:02,  4.09it/s]
 96%|█████████▌| 174/182 [00:42<00:01,  4.08it/s]
 96%|█████████▌| 175/182 [00:42<00:01,  4.10it/s]
 97%|█████████▋| 176/182 [00:42<00:01,  4.11it/s]
 97%|█████████▋| 177/182 [00:43<00:01,  4.09it/s]
 98%|█████████▊| 178/182 [00:43<00:00,  4.09it/s]
 98%|█████████▊| 179/182 [00:43<00:00,  4.08it/s]
 99%|█████████▉| 180/182 [00:43<00:00,  4.05it/s]
 99%|█████████▉| 181/182 [00:44<00:00,  4.03it/s]
100%|██████████| 182/182 [00:44<00:00,  4.12it/s]
存在的颜色: {0: tensor([0]), 57: tensor([1]), 133: tensor([2]), 220: tensor([3]), 147: tensor([4]), 19: tensor([5]), 113: tensor([6]), 34: tensor([7]), 109: tensor([8]), 52: tensor([9]), 90: tensor([10]), 128: tensor([11]), 15: tensor([12]), 53: tensor([13]), 38: tensor([14]), 76: tensor([15]), 94: tensor([16]), 72: tensor([17]), 75: tensor([18]), 151: tensor([19])}
结束

结束

结束

结束

结束

val Loss: 65576.4696 Acc: 69.2782
Mean IoU: 0.0382
Epoch 5/5
----------

  0%|          | 0/183 [00:00<?, ?it/s]
  1%|          | 1/183 [00:00<00:52,  3.45it/s]
  1%|          | 2/183 [00:00<00:52,  3.45it/s]
  2%|▏         | 3/183 [00:00<00:51,  3.47it/s]
  2%|▏         | 4/183 [00:01<00:51,  3.45it/s]
  3%|▎         | 5/183 [00:01<00:51,  3.47it/s]
  3%|▎         | 6/183 [00:01<00:50,  3.48it/s]
  4%|▍         | 7/183 [00:02<00:50,  3.47it/s]
  4%|▍         | 8/183 [00:02<00:50,  3.46it/s]
  5%|▍         | 9/183 [00:02<00:50,  3.45it/s]
  5%|▌         | 10/183 [00:02<00:49,  3.47it/s]
  6%|▌         | 11/183 [00:03<00:49,  3.45it/s]
  7%|▋         | 12/183 [00:03<00:49,  3.47it/s]
  7%|▋         | 13/183 [00:03<00:48,  3.48it/s]
  8%|▊         | 14/183 [00:04<00:48,  3.45it/s]
  8%|▊         | 15/183 [00:04<00:48,  3.46it/s]
  9%|▊         | 16/183 [00:04<00:48,  3.48it/s]
  9%|▉         | 17/183 [00:04<00:47,  3.49it/s]
 10%|▉         | 18/183 [00:05<00:47,  3.49it/s]
 10%|█         | 19/183 [00:05<00:47,  3.48it/s]
 11%|█         | 20/183 [00:05<00:46,  3.48it/s]
 11%|█▏        | 21/183 [00:06<00:46,  3.50it/s]
 12%|█▏        | 22/183 [00:06<00:45,  3.51it/s]
 13%|█▎        | 23/183 [00:06<00:45,  3.51it/s]
 13%|█▎        | 24/183 [00:06<00:45,  3.50it/s]
 14%|█▎        | 25/183 [00:07<00:45,  3.49it/s]
 14%|█▍        | 26/183 [00:07<00:44,  3.50it/s]
 15%|█▍        | 27/183 [00:07<00:44,  3.51it/s]
 15%|█▌        | 28/183 [00:08<00:44,  3.52it/s]
 16%|█▌        | 29/183 [00:08<00:44,  3.49it/s]
 16%|█▋        | 30/183 [00:08<00:43,  3.49it/s]
 17%|█▋        | 31/183 [00:08<00:43,  3.48it/s]
 17%|█▋        | 32/183 [00:09<00:43,  3.50it/s]
 18%|█▊        | 33/183 [00:09<00:43,  3.49it/s]
 19%|█▊        | 34/183 [00:09<00:42,  3.49it/s]
 19%|█▉        | 35/183 [00:10<00:42,  3.49it/s]
 20%|█▉        | 36/183 [00:10<00:42,  3.49it/s]
 20%|██        | 37/183 [00:10<00:42,  3.47it/s]
 21%|██        | 38/183 [00:10<00:41,  3.47it/s]
 21%|██▏       | 39/183 [00:11<00:41,  3.45it/s]
 22%|██▏       | 40/183 [00:11<00:41,  3.46it/s]
 22%|██▏       | 41/183 [00:11<00:41,  3.46it/s]
 23%|██▎       | 42/183 [00:12<00:40,  3.46it/s]
 23%|██▎       | 43/183 [00:12<00:40,  3.45it/s]
 24%|██▍       | 44/183 [00:12<00:40,  3.46it/s]
 25%|██▍       | 45/183 [00:12<00:39,  3.47it/s]
 25%|██▌       | 46/183 [00:13<00:39,  3.47it/s]
 26%|██▌       | 47/183 [00:13<00:39,  3.46it/s]
 26%|██▌       | 48/183 [00:13<00:39,  3.45it/s]
 27%|██▋       | 49/183 [00:14<00:38,  3.46it/s]
 27%|██▋       | 50/183 [00:14<00:38,  3.48it/s]
 28%|██▊       | 51/183 [00:14<00:37,  3.50it/s]
 28%|██▊       | 52/183 [00:14<00:37,  3.50it/s]
 29%|██▉       | 53/183 [00:15<00:37,  3.51it/s]
 30%|██▉       | 54/183 [00:15<00:36,  3.50it/s]
 30%|███       | 55/183 [00:15<00:36,  3.50it/s]
 31%|███       | 56/183 [00:16<00:36,  3.49it/s]
 31%|███       | 57/183 [00:16<00:36,  3.49it/s]
 32%|███▏      | 58/183 [00:16<00:35,  3.49it/s]
 32%|███▏      | 59/183 [00:16<00:35,  3.48it/s]
 33%|███▎      | 60/183 [00:17<00:35,  3.47it/s]
 33%|███▎      | 61/183 [00:17<00:34,  3.49it/s]
 34%|███▍      | 62/183 [00:17<00:34,  3.48it/s]
 34%|███▍      | 63/183 [00:18<00:34,  3.49it/s]
 35%|███▍      | 64/183 [00:18<00:34,  3.48it/s]
 36%|███▌      | 65/183 [00:18<00:34,  3.46it/s]
 36%|███▌      | 66/183 [00:18<00:33,  3.46it/s]
 37%|███▋      | 67/183 [00:19<00:33,  3.48it/s]
 37%|███▋      | 68/183 [00:19<00:33,  3.47it/s]
 38%|███▊      | 69/183 [00:19<00:32,  3.48it/s]
 38%|███▊      | 70/183 [00:20<00:32,  3.49it/s]
 39%|███▉      | 71/183 [00:20<00:32,  3.50it/s]
 39%|███▉      | 72/183 [00:20<00:31,  3.49it/s]
 40%|███▉      | 73/183 [00:20<00:31,  3.50it/s]
 40%|████      | 74/183 [00:21<00:31,  3.48it/s]
 41%|████      | 75/183 [00:21<00:30,  3.48it/s]
 42%|████▏     | 76/183 [00:21<00:30,  3.49it/s]
 42%|████▏     | 77/183 [00:22<00:30,  3.49it/s]
 43%|████▎     | 78/183 [00:22<00:30,  3.48it/s]
 43%|████▎     | 79/183 [00:22<00:30,  3.46it/s]
 44%|████▎     | 80/183 [00:22<00:29,  3.47it/s]
 44%|████▍     | 81/183 [00:23<00:29,  3.48it/s]
 45%|████▍     | 82/183 [00:23<00:28,  3.49it/s]
 45%|████▌     | 83/183 [00:23<00:28,  3.49it/s]
 46%|████▌     | 84/183 [00:24<00:28,  3.50it/s]
 46%|████▋     | 85/183 [00:24<00:28,  3.49it/s]
 47%|████▋     | 86/183 [00:24<00:27,  3.49it/s]
 48%|████▊     | 87/183 [00:24<00:27,  3.50it/s]
 48%|████▊     | 88/183 [00:25<00:27,  3.48it/s]
 49%|████▊     | 89/183 [00:25<00:26,  3.49it/s]
 49%|████▉     | 90/183 [00:25<00:26,  3.48it/s]
 50%|████▉     | 91/183 [00:26<00:26,  3.45it/s]
 50%|█████     | 92/183 [00:26<00:26,  3.44it/s]
 51%|█████     | 93/183 [00:26<00:25,  3.46it/s]
 51%|█████▏    | 94/183 [00:27<00:25,  3.47it/s]
 52%|█████▏    | 95/183 [00:27<00:25,  3.47it/s]
 52%|█████▏    | 96/183 [00:27<00:25,  3.45it/s]
 53%|█████▎    | 97/183 [00:27<00:24,  3.47it/s]
 54%|█████▎    | 98/183 [00:28<00:24,  3.49it/s]
 54%|█████▍    | 99/183 [00:28<00:24,  3.48it/s]
 55%|█████▍    | 100/183 [00:28<00:23,  3.48it/s]
 55%|█████▌    | 101/183 [00:29<00:23,  3.47it/s]
 56%|█████▌    | 102/183 [00:29<00:23,  3.46it/s]
 56%|█████▋    | 103/183 [00:29<00:23,  3.46it/s]
 57%|█████▋    | 104/183 [00:29<00:22,  3.47it/s]
 57%|█████▋    | 105/183 [00:30<00:22,  3.46it/s]
 58%|█████▊    | 106/183 [00:30<00:22,  3.47it/s]
 58%|█████▊    | 107/183 [00:30<00:21,  3.47it/s]
 59%|█████▉    | 108/183 [00:31<00:21,  3.48it/s]
 60%|█████▉    | 109/183 [00:31<00:21,  3.47it/s]
 60%|██████    | 110/183 [00:31<00:20,  3.49it/s]
 61%|██████    | 111/183 [00:31<00:20,  3.51it/s]
 61%|██████    | 112/183 [00:32<00:20,  3.50it/s]
 62%|██████▏   | 113/183 [00:32<00:20,  3.48it/s]
 62%|██████▏   | 114/183 [00:32<00:19,  3.48it/s]
 63%|██████▎   | 115/183 [00:33<00:19,  3.47it/s]
 63%|██████▎   | 116/183 [00:33<00:19,  3.48it/s]
 64%|██████▍   | 117/183 [00:33<00:18,  3.49it/s]
 64%|██████▍   | 118/183 [00:33<00:18,  3.46it/s]
 65%|██████▌   | 119/183 [00:34<00:18,  3.46it/s]
 66%|██████▌   | 120/183 [00:34<00:18,  3.48it/s]
 66%|██████▌   | 121/183 [00:34<00:17,  3.49it/s]
 67%|██████▋   | 122/183 [00:35<00:17,  3.50it/s]
 67%|██████▋   | 123/183 [00:35<00:17,  3.49it/s]
 68%|██████▊   | 124/183 [00:35<00:16,  3.49it/s]
 68%|██████▊   | 125/183 [00:35<00:16,  3.50it/s]
 69%|██████▉   | 126/183 [00:36<00:16,  3.51it/s]
 69%|██████▉   | 127/183 [00:36<00:15,  3.50it/s]
 70%|██████▉   | 128/183 [00:36<00:15,  3.48it/s]
 70%|███████   | 129/183 [00:37<00:15,  3.48it/s]
 71%|███████   | 130/183 [00:37<00:15,  3.48it/s]
 72%|███████▏  | 131/183 [00:37<00:15,  3.46it/s]
 72%|███████▏  | 132/183 [00:37<00:14,  3.45it/s]
 73%|███████▎  | 133/183 [00:38<00:14,  3.44it/s]
 73%|███████▎  | 134/183 [00:38<00:14,  3.45it/s]
 74%|███████▍  | 135/183 [00:38<00:13,  3.48it/s]
 74%|███████▍  | 136/183 [00:39<00:13,  3.47it/s]
 75%|███████▍  | 137/183 [00:39<00:13,  3.45it/s]
 75%|███████▌  | 138/183 [00:39<00:13,  3.46it/s]
 76%|███████▌  | 139/183 [00:39<00:12,  3.46it/s]
 77%|███████▋  | 140/183 [00:40<00:12,  3.46it/s]
 77%|███████▋  | 141/183 [00:40<00:12,  3.46it/s]
 78%|███████▊  | 142/183 [00:40<00:11,  3.46it/s]
 78%|███████▊  | 143/183 [00:41<00:11,  3.45it/s]
 79%|███████▊  | 144/183 [00:41<00:11,  3.44it/s]
 79%|███████▉  | 145/183 [00:41<00:11,  3.44it/s]
 80%|███████▉  | 146/183 [00:41<00:10,  3.45it/s]
 80%|████████  | 147/183 [00:42<00:10,  3.44it/s]
 81%|████████  | 148/183 [00:42<00:10,  3.42it/s]
 81%|████████▏ | 149/183 [00:42<00:09,  3.42it/s]
 82%|████████▏ | 150/183 [00:43<00:09,  3.43it/s]
 83%|████████▎ | 151/183 [00:43<00:09,  3.44it/s]
 83%|████████▎ | 152/183 [00:43<00:09,  3.43it/s]
 84%|████████▎ | 153/183 [00:44<00:08,  3.42it/s]
 84%|████████▍ | 154/183 [00:44<00:08,  3.42it/s]
 85%|████████▍ | 155/183 [00:44<00:08,  3.42it/s]
 85%|████████▌ | 156/183 [00:44<00:07,  3.45it/s]
 86%|████████▌ | 157/183 [00:45<00:07,  3.44it/s]
 86%|████████▋ | 158/183 [00:45<00:07,  3.43it/s]
 87%|████████▋ | 159/183 [00:45<00:06,  3.44it/s]
 87%|████████▋ | 160/183 [00:46<00:06,  3.45it/s]
 88%|████████▊ | 161/183 [00:46<00:06,  3.44it/s]
 89%|████████▊ | 162/183 [00:46<00:06,  3.44it/s]
 89%|████████▉ | 163/183 [00:46<00:05,  3.44it/s]
 90%|████████▉ | 164/183 [00:47<00:05,  3.44it/s]
 90%|█████████ | 165/183 [00:47<00:05,  3.46it/s]
 91%|█████████ | 166/183 [00:47<00:04,  3.45it/s]
 91%|█████████▏| 167/183 [00:48<00:04,  3.44it/s]
 92%|█████████▏| 168/183 [00:48<00:04,  3.45it/s]
 92%|█████████▏| 169/183 [00:48<00:04,  3.46it/s]
 93%|█████████▎| 170/183 [00:48<00:03,  3.47it/s]
 93%|█████████▎| 171/183 [00:49<00:03,  3.46it/s]
 94%|█████████▍| 172/183 [00:49<00:03,  3.45it/s]
 95%|█████████▍| 173/183 [00:49<00:02,  3.45it/s]
 95%|█████████▌| 174/183 [00:50<00:02,  3.45it/s]
 96%|█████████▌| 175/183 [00:50<00:02,  3.46it/s]
 96%|█████████▌| 176/183 [00:50<00:02,  3.44it/s]
 97%|█████████▋| 177/183 [00:51<00:01,  3.44it/s]
 97%|█████████▋| 178/183 [00:51<00:01,  3.44it/s]
 98%|█████████▊| 179/183 [00:51<00:01,  3.45it/s]
 98%|█████████▊| 180/183 [00:51<00:00,  3.43it/s]
 99%|█████████▉| 181/183 [00:52<00:00,  3.47it/s]
 99%|█████████▉| 182/183 [00:52<00:00,  3.47it/s]
100%|██████████| 183/183 [00:52<00:00,  3.46it/s]
100%|██████████| 183/183 [00:52<00:00,  3.47it/s]

  0%|          | 0/182 [00:00<?, ?it/s]
  1%|          | 1/182 [00:00<00:44,  4.11it/s]
  1%|          | 2/182 [00:00<00:43,  4.15it/s]
  2%|▏         | 3/182 [00:00<00:43,  4.10it/s]
  2%|▏         | 4/182 [00:00<00:43,  4.10it/s]
  3%|▎         | 5/182 [00:01<00:43,  4.11it/s]
  3%|▎         | 6/182 [00:01<00:43,  4.06it/s]
  4%|▍         | 7/182 [00:01<00:43,  4.04it/s]
  4%|▍         | 8/182 [00:01<00:42,  4.07it/s]
  5%|▍         | 9/182 [00:02<00:42,  4.07it/s]
  5%|▌         | 10/182 [00:02<00:41,  4.10it/s]
  6%|▌         | 11/182 [00:02<00:41,  4.11it/s]
  7%|▋         | 12/182 [00:02<00:41,  4.11it/s]
  7%|▋         | 13/182 [00:03<00:41,  4.11it/s]
  8%|▊         | 14/182 [00:03<00:41,  4.09it/s]
  8%|▊         | 15/182 [00:03<00:40,  4.08it/s]
  9%|▉         | 16/182 [00:03<00:40,  4.10it/s]
  9%|▉         | 17/182 [00:04<00:40,  4.10it/s]
 10%|▉         | 18/182 [00:04<00:40,  4.09it/s]
 10%|█         | 19/182 [00:04<00:39,  4.08it/s]
 11%|█         | 20/182 [00:04<00:39,  4.12it/s]
 12%|█▏        | 21/182 [00:05<00:39,  4.11it/s]
 12%|█▏        | 22/182 [00:05<00:38,  4.11it/s]
 13%|█▎        | 23/182 [00:05<00:38,  4.11it/s]
 13%|█▎        | 24/182 [00:05<00:38,  4.13it/s]
 14%|█▎        | 25/182 [00:06<00:38,  4.10it/s]
 14%|█▍        | 26/182 [00:06<00:38,  4.10it/s]
 15%|█▍        | 27/182 [00:06<00:38,  4.06it/s]
 15%|█▌        | 28/182 [00:06<00:37,  4.07it/s]
 16%|█▌        | 29/182 [00:07<00:37,  4.07it/s]
 16%|█▋        | 30/182 [00:07<00:37,  4.09it/s]
 17%|█▋        | 31/182 [00:07<00:37,  4.08it/s]
 18%|█▊        | 32/182 [00:07<00:36,  4.07it/s]
 18%|█▊        | 33/182 [00:08<00:36,  4.09it/s]
 19%|█▊        | 34/182 [00:08<00:36,  4.11it/s]
 19%|█▉        | 35/182 [00:08<00:35,  4.10it/s]
 20%|█▉        | 36/182 [00:08<00:35,  4.11it/s]
 20%|██        | 37/182 [00:09<00:35,  4.13it/s]
 21%|██        | 38/182 [00:09<00:34,  4.15it/s]
 21%|██▏       | 39/182 [00:09<00:34,  4.14it/s]
 22%|██▏       | 40/182 [00:09<00:34,  4.11it/s]
 23%|██▎       | 41/182 [00:10<00:34,  4.12it/s]
 23%|██▎       | 42/182 [00:10<00:33,  4.15it/s]
 24%|██▎       | 43/182 [00:10<00:33,  4.14it/s]
 24%|██▍       | 44/182 [00:10<00:33,  4.13it/s]
 25%|██▍       | 45/182 [00:10<00:33,  4.12it/s]
 25%|██▌       | 46/182 [00:11<00:33,  4.12it/s]
 26%|██▌       | 47/182 [00:11<00:32,  4.11it/s]
 26%|██▋       | 48/182 [00:11<00:32,  4.08it/s]
 27%|██▋       | 49/182 [00:11<00:32,  4.06it/s]
 27%|██▋       | 50/182 [00:12<00:32,  4.08it/s]
 28%|██▊       | 51/182 [00:12<00:32,  4.06it/s]
 29%|██▊       | 52/182 [00:12<00:32,  4.04it/s]
 29%|██▉       | 53/182 [00:12<00:31,  4.05it/s]
 30%|██▉       | 54/182 [00:13<00:31,  4.05it/s]
 30%|███       | 55/182 [00:13<00:30,  4.11it/s]
 31%|███       | 56/182 [00:13<00:30,  4.11it/s]
 31%|███▏      | 57/182 [00:13<00:30,  4.08it/s]
 32%|███▏      | 58/182 [00:14<00:30,  4.07it/s]
 32%|███▏      | 59/182 [00:14<00:30,  4.08it/s]
 33%|███▎      | 60/182 [00:14<00:29,  4.11it/s]
 34%|███▎      | 61/182 [00:14<00:29,  4.08it/s]
 34%|███▍      | 62/182 [00:15<00:29,  4.08it/s]
 35%|███▍      | 63/182 [00:15<00:29,  4.10it/s]
 35%|███▌      | 64/182 [00:15<00:28,  4.08it/s]
 36%|███▌      | 65/182 [00:15<00:28,  4.07it/s]
 36%|███▋      | 66/182 [00:16<00:28,  4.09it/s]
 37%|███▋      | 67/182 [00:16<00:28,  4.06it/s]
 37%|███▋      | 68/182 [00:16<00:28,  4.05it/s]
 38%|███▊      | 69/182 [00:16<00:27,  4.06it/s]
 38%|███▊      | 70/182 [00:17<00:27,  4.08it/s]
 39%|███▉      | 71/182 [00:17<00:27,  4.08it/s]
 40%|███▉      | 72/182 [00:17<00:26,  4.11it/s]
 40%|████      | 73/182 [00:17<00:26,  4.10it/s]
 41%|████      | 74/182 [00:18<00:26,  4.10it/s]
 41%|████      | 75/182 [00:18<00:25,  4.13it/s]
 42%|████▏     | 76/182 [00:18<00:25,  4.14it/s]
 42%|████▏     | 77/182 [00:18<00:25,  4.11it/s]
 43%|████▎     | 78/182 [00:19<00:25,  4.12it/s]
 43%|████▎     | 79/182 [00:19<00:25,  4.10it/s]
 44%|████▍     | 80/182 [00:19<00:24,  4.11it/s]
 45%|████▍     | 81/182 [00:19<00:24,  4.04it/s]
 45%|████▌     | 82/182 [00:20<00:24,  4.06it/s]
 46%|████▌     | 83/182 [00:20<00:24,  4.08it/s]
 46%|████▌     | 84/182 [00:20<00:23,  4.10it/s]
 47%|████▋     | 85/182 [00:20<00:23,  4.09it/s]
 47%|████▋     | 86/182 [00:21<00:23,  4.08it/s]
 48%|████▊     | 87/182 [00:21<00:23,  4.12it/s]
 48%|████▊     | 88/182 [00:21<00:22,  4.11it/s]
 49%|████▉     | 89/182 [00:21<00:22,  4.11it/s]
 49%|████▉     | 90/182 [00:21<00:22,  4.09it/s]
 50%|█████     | 91/182 [00:22<00:22,  4.10it/s]
 51%|█████     | 92/182 [00:22<00:21,  4.10it/s]
 51%|█████     | 93/182 [00:22<00:21,  4.10it/s]
 52%|█████▏    | 94/182 [00:22<00:21,  4.08it/s]
 52%|█████▏    | 95/182 [00:23<00:21,  4.06it/s]
 53%|█████▎    | 96/182 [00:23<00:21,  4.06it/s]
 53%|█████▎    | 97/182 [00:23<00:20,  4.08it/s]
 54%|█████▍    | 98/182 [00:23<00:20,  4.10it/s]
 54%|█████▍    | 99/182 [00:24<00:20,  4.12it/s]
 55%|█████▍    | 100/182 [00:24<00:19,  4.10it/s]
 55%|█████▌    | 101/182 [00:24<00:19,  4.12it/s]
 56%|█████▌    | 102/182 [00:24<00:19,  4.11it/s]
 57%|█████▋    | 103/182 [00:25<00:19,  4.13it/s]
 57%|█████▋    | 104/182 [00:25<00:18,  4.14it/s]
 58%|█████▊    | 105/182 [00:25<00:18,  4.13it/s]
 58%|█████▊    | 106/182 [00:25<00:18,  4.12it/s]
 59%|█████▉    | 107/182 [00:26<00:18,  4.09it/s]
 59%|█████▉    | 108/182 [00:26<00:18,  4.08it/s]
 60%|█████▉    | 109/182 [00:26<00:17,  4.11it/s]
 60%|██████    | 110/182 [00:26<00:17,  4.11it/s]
 61%|██████    | 111/182 [00:27<00:17,  4.09it/s]
 62%|██████▏   | 112/182 [00:27<00:17,  4.09it/s]
 62%|██████▏   | 113/182 [00:27<00:16,  4.11it/s]
 63%|██████▎   | 114/182 [00:27<00:16,  4.15it/s]
 63%|██████▎   | 115/182 [00:28<00:16,  4.13it/s]
 64%|██████▎   | 116/182 [00:28<00:16,  4.12it/s]
 64%|██████▍   | 117/182 [00:28<00:15,  4.11it/s]
 65%|██████▍   | 118/182 [00:28<00:15,  4.11it/s]
 65%|██████▌   | 119/182 [00:29<00:15,  4.13it/s]
 66%|██████▌   | 120/182 [00:29<00:15,  4.10it/s]
 66%|██████▋   | 121/182 [00:29<00:14,  4.12it/s]
 67%|██████▋   | 122/182 [00:29<00:14,  4.12it/s]
 68%|██████▊   | 123/182 [00:30<00:14,  4.11it/s]
 68%|██████▊   | 124/182 [00:30<00:14,  4.14it/s]
 69%|██████▊   | 125/182 [00:30<00:13,  4.13it/s]
 69%|██████▉   | 126/182 [00:30<00:13,  4.13it/s]
 70%|██████▉   | 127/182 [00:30<00:13,  4.12it/s]
 70%|███████   | 128/182 [00:31<00:13,  4.13it/s]
 71%|███████   | 129/182 [00:31<00:12,  4.14it/s]
 71%|███████▏  | 130/182 [00:31<00:12,  4.13it/s]
 72%|███████▏  | 131/182 [00:31<00:12,  4.11it/s]
 73%|███████▎  | 132/182 [00:32<00:12,  4.13it/s]
 73%|███████▎  | 133/182 [00:32<00:11,  4.12it/s]
 74%|███████▎  | 134/182 [00:32<00:11,  4.15it/s]
 74%|███████▍  | 135/182 [00:32<00:11,  4.16it/s]
 75%|███████▍  | 136/182 [00:33<00:11,  4.13it/s]
 75%|███████▌  | 137/182 [00:33<00:10,  4.12it/s]
 76%|███████▌  | 138/182 [00:33<00:10,  4.12it/s]
 76%|███████▋  | 139/182 [00:33<00:10,  4.13it/s]
 77%|███████▋  | 140/182 [00:34<00:10,  4.14it/s]
 77%|███████▋  | 141/182 [00:34<00:09,  4.13it/s]
 78%|███████▊  | 142/182 [00:34<00:09,  4.13it/s]
 79%|███████▊  | 143/182 [00:34<00:09,  4.11it/s]
 79%|███████▉  | 144/182 [00:35<00:09,  4.08it/s]
 80%|███████▉  | 145/182 [00:35<00:09,  4.07it/s]
 80%|████████  | 146/182 [00:35<00:08,  4.09it/s]
 81%|████████  | 147/182 [00:35<00:08,  4.09it/s]
 81%|████████▏ | 148/182 [00:36<00:08,  4.12it/s]
 82%|████████▏ | 149/182 [00:36<00:08,  4.11it/s]
 82%|████████▏ | 150/182 [00:36<00:07,  4.12it/s]
 83%|████████▎ | 151/182 [00:36<00:07,  4.11it/s]
 84%|████████▎ | 152/182 [00:37<00:07,  4.10it/s]
 84%|████████▍ | 153/182 [00:37<00:07,  4.11it/s]
 85%|████████▍ | 154/182 [00:37<00:06,  4.10it/s]
 85%|████████▌ | 155/182 [00:37<00:06,  4.12it/s]
 86%|████████▌ | 156/182 [00:38<00:06,  4.11it/s]
 86%|████████▋ | 157/182 [00:38<00:06,  4.09it/s]
 87%|████████▋ | 158/182 [00:38<00:05,  4.09it/s]
 87%|████████▋ | 159/182 [00:38<00:05,  4.10it/s]
 88%|████████▊ | 160/182 [00:39<00:05,  4.09it/s]
 88%|████████▊ | 161/182 [00:39<00:05,  4.11it/s]
 89%|████████▉ | 162/182 [00:39<00:04,  4.12it/s]
 90%|████████▉ | 163/182 [00:39<00:04,  4.13it/s]
 90%|█████████ | 164/182 [00:39<00:04,  4.13it/s]
 91%|█████████ | 165/182 [00:40<00:04,  4.14it/s]
 91%|█████████ | 166/182 [00:40<00:03,  4.13it/s]
 92%|█████████▏| 167/182 [00:40<00:03,  4.10it/s]
 92%|█████████▏| 168/182 [00:40<00:03,  4.11it/s]
 93%|█████████▎| 169/182 [00:41<00:03,  4.09it/s]
 93%|█████████▎| 170/182 [00:41<00:02,  4.10it/s]
 94%|█████████▍| 171/182 [00:41<00:02,  4.12it/s]
 95%|█████████▍| 172/182 [00:41<00:02,  4.09it/s]
 95%|█████████▌| 173/182 [00:42<00:02,  4.09it/s]
 96%|█████████▌| 174/182 [00:42<00:01,  4.14it/s]
 96%|█████████▌| 175/182 [00:42<00:01,  4.11it/s]
 97%|█████████▋| 176/182 [00:42<00:01,  4.08it/s]
 97%|█████████▋| 177/182 [00:43<00:01,  4.06it/s]
 98%|█████████▊| 178/182 [00:43<00:00,  4.06it/s]
 98%|█████████▊| 179/182 [00:43<00:00,  4.08it/s]
 99%|█████████▉| 180/182 [00:43<00:00,  4.07it/s]
 99%|█████████▉| 181/182 [00:44<00:00,  4.08it/s]
100%|██████████| 182/182 [00:44<00:00,  4.12it/s]
存在的颜色: {0: tensor([0]), 57: tensor([1]), 133: tensor([2]), 220: tensor([3]), 147: tensor([4]), 19: tensor([5]), 113: tensor([6]), 34: tensor([7]), 109: tensor([8]), 52: tensor([9]), 90: tensor([10]), 128: tensor([11]), 15: tensor([12]), 53: tensor([13]), 38: tensor([14]), 76: tensor([15]), 94: tensor([16]), 72: tensor([17]), 75: tensor([18]), 151: tensor([19])}

val Loss: 69911.7541 Acc: 68.3043
Mean IoU: 0.0392
Best val Acc: 0.0000 at epoch 2
任务成功结束
