running with Ivan deep learning work
num_workers: 0
Using device: cuda
Using version: 2.2.1

Device name: Tesla P100-PCIE-16GB
Total memory: 15.8992919921875 GB
Allocated memory: 0.0 GB
Cached memory: 0.0 GB
Task name: unet
Epoch 1/1
----------
number of class: (array([  0,  52,  75, 220], dtype=uint8), 4)
number of class: (array([  0,  52,  75, 220], dtype=uint8), 4)
number of class: (array([  0, 128, 220], dtype=uint8), 3)
number of class: (array([  0, 128, 220], dtype=uint8), 3)
number of class: (array([  0, 113, 220], dtype=uint8), 3)
number of class: (array([  0, 113, 220], dtype=uint8), 3)
number of class: (array([  0, 113, 220], dtype=uint8), 3)
number of class: (array([  0, 113, 220], dtype=uint8), 3)
number of class: (array([  0,  72, 220], dtype=uint8), 3)
number of class: (array([  0,  72, 220], dtype=uint8), 3)
number of class: (array([  0,  19,  52,  57, 220], dtype=uint8), 5)
number of class: (array([  0,  19,  52,  57, 220], dtype=uint8), 5)
number of class: (array([  0,  75, 128, 147, 220], dtype=uint8), 5)
number of class: (array([  0,  75, 128, 147, 220], dtype=uint8), 5)
number of class: (array([  0,  94, 147, 220], dtype=uint8), 4)
number of class: (array([  0,  94, 147, 220], dtype=uint8), 4)
number of class: (array([  0,  34, 147, 220], dtype=uint8), 4)
number of class: (array([  0,  34, 147, 220], dtype=uint8), 4)
number of class: (array([  0,  53, 220], dtype=uint8), 3)
number of class: (array([  0,  53, 220], dtype=uint8), 3)
number of class: (array([  0,  19, 113, 220], dtype=uint8), 4)
number of class: (array([  0,  19, 113, 220], dtype=uint8), 4)
number of class: (array([  0,  57, 133, 147, 220], dtype=uint8), 5)
number of class: (array([  0,  57, 133, 147, 220], dtype=uint8), 5)
number of class: (array([  0,  15, 147, 220], dtype=uint8), 4)
number of class: (array([  0,  15, 147, 220], dtype=uint8), 4)
number of class: (array([  0,  34, 220], dtype=uint8), 3)
number of class: (array([  0,  34, 220], dtype=uint8), 3)
number of class: (array([  0,  57, 109, 113, 220], dtype=uint8), 5)
number of class: (array([  0,  57, 109, 113, 220], dtype=uint8), 5)
number of class: (array([  0,  76, 220], dtype=uint8), 3)
number of class: (array([  0,  76, 220], dtype=uint8), 3)
number of class: (array([  0, 113, 220], dtype=uint8), 3)
number of class: (array([  0, 113, 220], dtype=uint8), 3)
number of class: (array([  0, 128, 147, 220], dtype=uint8), 4)
number of class: (array([  0, 128, 147, 220], dtype=uint8), 4)
number of class: (array([  0, 151, 220], dtype=uint8), 3)
number of class: (array([  0, 151, 220], dtype=uint8), 3)
number of class: (array([  0, 128, 220], dtype=uint8), 3)
number of class: (array([  0, 128, 220], dtype=uint8), 3)
number of class: (array([  0,  76, 220], dtype=uint8), 3)
number of class: (array([  0,  76, 220], dtype=uint8), 3)
number of class: (array([  0,  52, 220], dtype=uint8), 3)
number of class: (array([  0,  52, 220], dtype=uint8), 3)
number of class: (array([  0,  34, 220], dtype=uint8), 3)
number of class: (array([  0,  34, 220], dtype=uint8), 3)
number of class: (array([  0,  94, 220], dtype=uint8), 3)
number of class: (array([  0,  94, 220], dtype=uint8), 3)
number of class: (array([  0, 151, 220], dtype=uint8), 3)
number of class: (array([  0, 151, 220], dtype=uint8), 3)
number of class: (array([  0,  53,  57, 133, 220], dtype=uint8), 5)
number of class: (array([  0,  53,  57, 133, 220], dtype=uint8), 5)
number of class: (array([  0,  53, 147, 220], dtype=uint8), 4)
number of class: (array([  0,  53, 147, 220], dtype=uint8), 4)
number of class: (array([  0,  15,  38,  57, 113, 220], dtype=uint8), 6)
number of class: (array([  0,  15,  38,  57, 113, 220], dtype=uint8), 6)
number of class: (array([  0,  76, 220], dtype=uint8), 3)
number of class: (array([  0,  76, 220], dtype=uint8), 3)
number of class: (array([  0, 113, 220], dtype=uint8), 3)
number of class: (array([  0, 113, 220], dtype=uint8), 3)
number of class: (array([  0, 133, 147, 220], dtype=uint8), 4)
number of class: (array([  0, 133, 147, 220], dtype=uint8), 4)
number of class: (array([  0, 128, 220], dtype=uint8), 3)
number of class: (array([  0, 128, 220], dtype=uint8), 3)
number of class: (array([  0, 147, 220], dtype=uint8), 3)
number of class: (array([  0, 147, 220], dtype=uint8), 3)
number of class: (array([  0,  19, 220], dtype=uint8), 3)
number of class: (array([  0,  19, 220], dtype=uint8), 3)
number of class: (array([  0,  19, 220], dtype=uint8), 3)
number of class: (array([  0,  19, 220], dtype=uint8), 3)
number of class: (array([  0,  53, 133, 220], dtype=uint8), 4)
number of class: (array([  0,  53, 133, 220], dtype=uint8), 4)
number of class: (array([  0,  53, 220], dtype=uint8), 3)
number of class: (array([  0,  53, 220], dtype=uint8), 3)
number of class: (array([  0,  19, 220], dtype=uint8), 3)
number of class: (array([  0,  19, 220], dtype=uint8), 3)
number of class: (array([  0,  94, 220], dtype=uint8), 3)
number of class: (array([  0,  94, 220], dtype=uint8), 3)
number of class: (array([  0,  94, 220], dtype=uint8), 3)
number of class: (array([  0,  94, 220], dtype=uint8), 3)
number of class: (array([  0,  38, 220], dtype=uint8), 3)
number of class: (array([  0,  38, 220], dtype=uint8), 3)
number of class: (array([  0,  34, 220], dtype=uint8), 3)
number of class: (array([  0,  34, 220], dtype=uint8), 3)
number of class: (array([  0,  15, 220], dtype=uint8), 3)
number of class: (array([  0,  15, 220], dtype=uint8), 3)
number of class: (array([  0,  34, 220], dtype=uint8), 3)
number of class: (array([  0,  34, 220], dtype=uint8), 3)
number of class: (array([  0,  94, 220], dtype=uint8), 3)
number of class: (array([  0,  94, 220], dtype=uint8), 3)
number of class: (array([  0,  38, 220], dtype=uint8), 3)
number of class: (array([  0,  38, 220], dtype=uint8), 3)
number of class: (array([  0,  72, 220], dtype=uint8), 3)
number of class: (array([  0,  72, 220], dtype=uint8), 3)
number of class: (array([  0,  38,  57, 113, 147, 220], dtype=uint8), 6)
number of class: (array([  0,  38,  57, 113, 147, 220], dtype=uint8), 6)
number of class: (array([  0,  34,  57, 147, 220], dtype=uint8), 5)
number of class: (array([  0,  34,  57, 147, 220], dtype=uint8), 5)
number of class: (array([  0,  15, 220], dtype=uint8), 3)
number of class: (array([  0,  15, 220], dtype=uint8), 3)
number of class: (array([  0,  34, 128, 220], dtype=uint8), 4)
number of class: (array([  0,  34, 128, 220], dtype=uint8), 4)
number of class: (array([  0,  34, 220], dtype=uint8), 3)
number of class: (array([  0,  34, 220], dtype=uint8), 3)
number of class: (array([  0,  19, 220], dtype=uint8), 3)
number of class: (array([  0,  19, 220], dtype=uint8), 3)
number of class: (array([  0,  75, 128, 147, 220], dtype=uint8), 5)
number of class: (array([  0,  75, 128, 147, 220], dtype=uint8), 5)
number of class: (array([  0,  57, 133, 220], dtype=uint8), 4)
number of class: (array([  0,  57, 133, 220], dtype=uint8), 4)
number of class: (array([  0,  52,  53, 220], dtype=uint8), 4)
number of class: (array([  0,  52,  53, 220], dtype=uint8), 4)
number of class: (array([  0,  90, 147, 220], dtype=uint8), 4)
number of class: (array([  0,  90, 147, 220], dtype=uint8), 4)
number of class: (array([  0,  94, 147, 220], dtype=uint8), 4)
number of class: (array([  0,  94, 147, 220], dtype=uint8), 4)
number of class: (array([  0, 133, 220], dtype=uint8), 3)
number of class: (array([  0, 133, 220], dtype=uint8), 3)
number of class: (array([  0,  38, 220], dtype=uint8), 3)
number of class: (array([  0,  38, 220], dtype=uint8), 3)
number of class: (array([  0, 109, 147, 220], dtype=uint8), 4)
number of class: (array([  0, 109, 147, 220], dtype=uint8), 4)
number of class: (array([  0, 109, 220], dtype=uint8), 3)
number of class: (array([  0, 109, 220], dtype=uint8), 3)
number of class: (array([  0,  94, 147, 220], dtype=uint8), 4)
number of class: (array([  0,  94, 147, 220], dtype=uint8), 4)
number of class: (array([  0, 113, 220], dtype=uint8), 3)
number of class: (array([  0, 113, 220], dtype=uint8), 3)
number of class: (array([  0,  75, 147, 220], dtype=uint8), 4)
number of class: (array([  0,  75, 147, 220], dtype=uint8), 4)
number of class: (array([  0,  38,  57, 147, 220], dtype=uint8), 5)
number of class: (array([  0,  38,  57, 147, 220], dtype=uint8), 5)
number of class: (array([  0, 147, 220], dtype=uint8), 3)
number of class: (array([  0, 147, 220], dtype=uint8), 3)
number of class: (array([  0,  34, 220], dtype=uint8), 3)
number of class: (array([  0,  34, 220], dtype=uint8), 3)
number of class: (array([  0, 133, 147, 220], dtype=uint8), 4)
number of class: (array([  0, 133, 147, 220], dtype=uint8), 4)
number of class: (array([  0, 147, 151, 220], dtype=uint8), 4)
number of class: (array([  0, 147, 151, 220], dtype=uint8), 4)
number of class: (array([  0,  57,  72, 220], dtype=uint8), 4)
number of class: (array([  0,  57,  72, 220], dtype=uint8), 4)
number of class: (array([  0,  34, 220], dtype=uint8), 3)
number of class: (array([  0,  34, 220], dtype=uint8), 3)
number of class: (array([  0, 128, 220], dtype=uint8), 3)
number of class: (array([  0, 128, 220], dtype=uint8), 3)
number of class: (array([  0,  34, 113, 147, 220], dtype=uint8), 5)
number of class: (array([  0,  34, 113, 147, 220], dtype=uint8), 5)
number of class: (array([  0, 147, 220], dtype=uint8), 3)
number of class: (array([  0, 147, 220], dtype=uint8), 3)
number of class: (array([  0,  53,  57, 133, 147, 220], dtype=uint8), 6)
number of class: (array([  0,  53,  57, 133, 147, 220], dtype=uint8), 6)
number of class: (array([  0,  38, 220], dtype=uint8), 3)
number of class: (array([  0,  38, 220], dtype=uint8), 3)
number of class: (array([  0,  34, 220], dtype=uint8), 3)
number of class: (array([  0,  34, 220], dtype=uint8), 3)
number of class: (array([  0,  52, 220], dtype=uint8), 3)
number of class: (array([  0,  52, 220], dtype=uint8), 3)
number of class: (array([  0,  38, 220], dtype=uint8), 3)
number of class: (array([  0,  38, 220], dtype=uint8), 3)
number of class: (array([  0,  76, 220], dtype=uint8), 3)
number of class: (array([  0,  76, 220], dtype=uint8), 3)
number of class: (array([  0,  38, 147, 220], dtype=uint8), 4)
number of class: (array([  0,  38, 147, 220], dtype=uint8), 4)
number of class: (array([  0,  19,  38, 220], dtype=uint8), 4)
number of class: (array([  0,  19,  38, 220], dtype=uint8), 4)
number of class: (array([  0, 151, 220], dtype=uint8), 3)
number of class: (array([  0, 151, 220], dtype=uint8), 3)
number of class: (array([  0,  57, 133, 147, 220], dtype=uint8), 5)
number of class: (array([  0,  57, 133, 147, 220], dtype=uint8), 5)
number of class: (array([  0,  53, 220], dtype=uint8), 3)
number of class: (array([  0,  53, 220], dtype=uint8), 3)
number of class: (array([  0,  76, 220], dtype=uint8), 3)
number of class: (array([  0,  76, 220], dtype=uint8), 3)
number of class: (array([  0,  72, 220], dtype=uint8), 3)
number of class: (array([  0,  72, 220], dtype=uint8), 3)
number of class: (array([  0,  53, 147, 220], dtype=uint8), 4)
number of class: (array([  0,  53, 147, 220], dtype=uint8), 4)
number of class: (array([  0,  52, 113, 220], dtype=uint8), 4)
number of class: (array([  0,  52, 113, 220], dtype=uint8), 4)
number of class: (array([  0,  53, 147, 220], dtype=uint8), 4)
number of class: (array([  0,  53, 147, 220], dtype=uint8), 4)
number of class: (array([  0,  72, 128, 147, 220], dtype=uint8), 5)
number of class: (array([  0,  72, 128, 147, 220], dtype=uint8), 5)
number of class: (array([  0,  57, 113, 133, 220], dtype=uint8), 5)
number of class: (array([  0,  57, 113, 133, 220], dtype=uint8), 5)
number of class: (array([  0, 109, 220], dtype=uint8), 3)
number of class: (array([  0, 109, 220], dtype=uint8), 3)
number of class: (array([  0,  53, 220], dtype=uint8), 3)
number of class: (array([  0,  53, 220], dtype=uint8), 3)
number of class: (array([  0,  19, 220], dtype=uint8), 3)
number of class: (array([  0,  19, 220], dtype=uint8), 3)
number of class: (array([  0,  90, 147, 220], dtype=uint8), 4)
number of class: (array([  0,  90, 147, 220], dtype=uint8), 4)
number of class: (array([  0, 151, 220], dtype=uint8), 3)
number of class: (array([  0, 151, 220], dtype=uint8), 3)
number of class: (array([  0,  57, 113, 220], dtype=uint8), 4)
number of class: (array([  0,  57, 113, 220], dtype=uint8), 4)
number of class: (array([  0,  76, 220], dtype=uint8), 3)
number of class: (array([  0,  76, 220], dtype=uint8), 3)
number of class: (array([  0,  72, 147, 220], dtype=uint8), 4)
number of class: (array([  0,  72, 147, 220], dtype=uint8), 4)
number of class: (array([  0,  57, 220], dtype=uint8), 3)
number of class: (array([  0,  57, 220], dtype=uint8), 3)
number of class: (array([  0,  72, 220], dtype=uint8), 3)
number of class: (array([  0,  72, 220], dtype=uint8), 3)
number of class: (array([  0,  19, 220], dtype=uint8), 3)
number of class: (array([  0,  19, 220], dtype=uint8), 3)
number of class: (array([  0, 113, 220], dtype=uint8), 3)
number of class: (array([  0, 113, 220], dtype=uint8), 3)
number of class: (array([  0, 113, 220], dtype=uint8), 3)
number of class: (array([  0, 113, 220], dtype=uint8), 3)
number of class: (array([  0,  90, 128, 147, 220], dtype=uint8), 5)
number of class: (array([  0,  90, 128, 147, 220], dtype=uint8), 5)
number of class: (array([  0,  90, 220], dtype=uint8), 3)
number of class: (array([  0,  90, 220], dtype=uint8), 3)
number of class: (array([  0,  19,  53, 147, 220], dtype=uint8), 5)
number of class: (array([  0,  19,  53, 147, 220], dtype=uint8), 5)
number of class: (array([  0,  38,  52, 113, 220], dtype=uint8), 5)
number of class: (array([  0,  38,  52, 113, 220], dtype=uint8), 5)
number of class: (array([  0,  34, 113, 220], dtype=uint8), 4)
number of class: (array([  0,  34, 113, 220], dtype=uint8), 4)
number of class: (array([  0,  76, 220], dtype=uint8), 3)
number of class: (array([  0,  76, 220], dtype=uint8), 3)
number of class: (array([  0,  76, 128, 147, 220], dtype=uint8), 5)
number of class: (array([  0,  76, 128, 147, 220], dtype=uint8), 5)
number of class: (array([  0,  15, 147, 220], dtype=uint8), 4)
number of class: (array([  0,  15, 147, 220], dtype=uint8), 4)
number of class: (array([  0,  38, 147, 220], dtype=uint8), 4)
number of class: (array([  0,  38, 147, 220], dtype=uint8), 4)
number of class: (array([  0, 151, 220], dtype=uint8), 3)
number of class: (array([  0, 151, 220], dtype=uint8), 3)
number of class: (array([  0,  94, 220], dtype=uint8), 3)
number of class: (array([  0,  94, 220], dtype=uint8), 3)
number of class: (array([  0, 151, 220], dtype=uint8), 3)
number of class: (array([  0, 151, 220], dtype=uint8), 3)
number of class: (array([  0,  72, 220], dtype=uint8), 3)
number of class: (array([  0,  72, 220], dtype=uint8), 3)
number of class: (array([  0,  52, 147, 220], dtype=uint8), 4)
number of class: (array([  0,  52, 147, 220], dtype=uint8), 4)
number of class: (array([  0,  19, 220], dtype=uint8), 3)
number of class: (array([  0,  19, 220], dtype=uint8), 3)
number of class: (array([  0,  19,  38, 220], dtype=uint8), 4)
number of class: (array([  0,  19,  38, 220], dtype=uint8), 4)
number of class: (array([  0, 109, 220], dtype=uint8), 3)
number of class: (array([  0, 109, 220], dtype=uint8), 3)
number of class: (array([  0, 113, 220], dtype=uint8), 3)
number of class: (array([  0, 113, 220], dtype=uint8), 3)
number of class: (array([  0,  90, 128, 220], dtype=uint8), 4)
number of class: (array([  0,  90, 128, 220], dtype=uint8), 4)
number of class: (array([  0,  76, 220], dtype=uint8), 3)
number of class: (array([  0,  76, 220], dtype=uint8), 3)
number of class: (array([  0,  75, 113, 220], dtype=uint8), 4)
number of class: (array([  0,  75, 113, 220], dtype=uint8), 4)
number of class: (array([  0, 147, 220], dtype=uint8), 3)
number of class: (array([  0, 147, 220], dtype=uint8), 3)
number of class: (array([  0, 151, 220], dtype=uint8), 3)
number of class: (array([  0, 151, 220], dtype=uint8), 3)
number of class: (array([  0, 147, 220], dtype=uint8), 3)
number of class: (array([  0, 147, 220], dtype=uint8), 3)
number of class: (array([  0, 147, 151, 220], dtype=uint8), 4)
number of class: (array([  0, 147, 151, 220], dtype=uint8), 4)
number of class: (array([  0,  38, 220], dtype=uint8), 3)
number of class: (array([  0,  38, 220], dtype=uint8), 3)
number of class: (array([  0,  53, 220], dtype=uint8), 3)
number of class: (array([  0,  53, 220], dtype=uint8), 3)
number of class: (array([  0,  19, 147, 220], dtype=uint8), 4)
number of class: (array([  0,  19, 147, 220], dtype=uint8), 4)
number of class: (array([  0,  57, 133, 220], dtype=uint8), 4)
number of class: (array([  0,  57, 133, 220], dtype=uint8), 4)
number of class: (array([  0,  72, 220], dtype=uint8), 3)
number of class: (array([  0,  72, 220], dtype=uint8), 3)
number of class: (array([  0,  52, 220], dtype=uint8), 3)
number of class: (array([  0,  52, 220], dtype=uint8), 3)
number of class: (array([  0,  38, 220], dtype=uint8), 3)
number of class: (array([  0,  38, 220], dtype=uint8), 3)
number of class: (array([  0, 147, 220], dtype=uint8), 3)
number of class: (array([  0, 147, 220], dtype=uint8), 3)
number of class: (array([  0,  19, 220], dtype=uint8), 3)
number of class: (array([  0,  19, 220], dtype=uint8), 3)
number of class: (array([  0,  90, 220], dtype=uint8), 3)
number of class: (array([  0,  90, 220], dtype=uint8), 3)
number of class: (array([  0,  90, 128, 220], dtype=uint8), 4)
number of class: (array([  0,  90, 128, 220], dtype=uint8), 4)
number of class: (array([  0,  76, 220], dtype=uint8), 3)
number of class: (array([  0,  76, 220], dtype=uint8), 3)
number of class: (array([  0,  19, 220], dtype=uint8), 3)
number of class: (array([  0,  19, 220], dtype=uint8), 3)
number of class: (array([  0,  57, 220], dtype=uint8), 3)
number of class: (array([  0,  57, 220], dtype=uint8), 3)
number of class: (array([  0, 151, 220], dtype=uint8), 3)
number of class: (array([  0, 151, 220], dtype=uint8), 3)
number of class: (array([  0, 113, 220], dtype=uint8), 3)
number of class: (array([  0, 113, 220], dtype=uint8), 3)
number of class: (array([  0,  15, 220], dtype=uint8), 3)
number of class: (array([  0,  15, 220], dtype=uint8), 3)
number of class: (array([ 19, 220], dtype=uint8), 2)
number of class: (array([ 19, 220], dtype=uint8), 2)
number of class: (array([  0, 128, 220], dtype=uint8), 3)
number of class: (array([  0, 128, 220], dtype=uint8), 3)
number of class: (array([  0,  34,  57, 220], dtype=uint8), 4)
number of class: (array([  0,  34,  57, 220], dtype=uint8), 4)
number of class: (array([  0,  72, 147, 220], dtype=uint8), 4)
number of class: (array([  0,  72, 147, 220], dtype=uint8), 4)
number of class: (array([  0, 128, 220], dtype=uint8), 3)
number of class: (array([  0, 128, 220], dtype=uint8), 3)
number of class: (array([  0,  72, 220], dtype=uint8), 3)
number of class: (array([  0,  72, 220], dtype=uint8), 3)
number of class: (array([  0,  38, 220], dtype=uint8), 3)
number of class: (array([  0,  38, 220], dtype=uint8), 3)
number of class: (array([  0, 113, 220], dtype=uint8), 3)
number of class: (array([  0, 113, 220], dtype=uint8), 3)
number of class: (array([  0, 128, 147, 220], dtype=uint8), 4)
number of class: (array([  0, 128, 147, 220], dtype=uint8), 4)
number of class: (array([  0,  52, 220], dtype=uint8), 3)
number of class: (array([  0,  52, 220], dtype=uint8), 3)
number of class: (array([  0,  15, 220], dtype=uint8), 3)
number of class: (array([  0,  15, 220], dtype=uint8), 3)
number of class: (array([  0,  19,  52, 133, 220], dtype=uint8), 5)
number of class: (array([  0,  19,  52, 133, 220], dtype=uint8), 5)
number of class: (array([  0,  15, 220], dtype=uint8), 3)
number of class: (array([  0,  15, 220], dtype=uint8), 3)
number of class: (array([  0, 109, 147, 220], dtype=uint8), 4)
number of class: (array([  0, 109, 147, 220], dtype=uint8), 4)
number of class: (array([  0,  38, 220], dtype=uint8), 3)
number of class: (array([  0,  38, 220], dtype=uint8), 3)
number of class: (array([  0, 147, 151, 220], dtype=uint8), 4)
number of class: (array([  0, 147, 151, 220], dtype=uint8), 4)
number of class: (array([  0,  38,  57, 113, 133, 220], dtype=uint8), 6)
number of class: (array([  0,  38,  57, 113, 133, 220], dtype=uint8), 6)
number of class: (array([  0,  90, 220], dtype=uint8), 3)
number of class: (array([  0,  90, 220], dtype=uint8), 3)
number of class: (array([  0,  53, 220], dtype=uint8), 3)
number of class: (array([  0,  53, 220], dtype=uint8), 3)
number of class: (array([  0, 151, 220], dtype=uint8), 3)
number of class: (array([  0, 151, 220], dtype=uint8), 3)
number of class: (array([  0,  52, 220], dtype=uint8), 3)
number of class: (array([  0,  52, 220], dtype=uint8), 3)
number of class: (array([  0,  34,  52,  57, 113, 133, 220], dtype=uint8), 7)
number of class: (array([  0,  34,  52,  57, 113, 133, 220], dtype=uint8), 7)
number of class: (array([  0,  90, 147, 220], dtype=uint8), 4)
number of class: (array([  0,  90, 147, 220], dtype=uint8), 4)
number of class: (array([  0,  38, 220], dtype=uint8), 3)
number of class: (array([  0,  38, 220], dtype=uint8), 3)
number of class: (array([  0,  38, 133, 147, 220], dtype=uint8), 5)
number of class: (array([  0,  38, 133, 147, 220], dtype=uint8), 5)
number of class: (array([  0, 113, 220], dtype=uint8), 3)
number of class: (array([  0, 113, 220], dtype=uint8), 3)
number of class: (array([  0,  76, 220], dtype=uint8), 3)
number of class: (array([  0,  76, 220], dtype=uint8), 3)
number of class: (array([  0,  90, 109, 128, 147, 220], dtype=uint8), 6)
number of class: (array([  0,  90, 109, 128, 147, 220], dtype=uint8), 6)
number of class: (array([  0,  38, 220], dtype=uint8), 3)
number of class: (array([  0,  38, 220], dtype=uint8), 3)
number of class: (array([  0,  90, 147, 220], dtype=uint8), 4)
number of class: (array([  0,  90, 147, 220], dtype=uint8), 4)
number of class: (array([  0,  75, 147, 220], dtype=uint8), 4)
number of class: (array([  0,  75, 147, 220], dtype=uint8), 4)
number of class: (array([  0,  94, 220], dtype=uint8), 3)
number of class: (array([  0,  94, 220], dtype=uint8), 3)
number of class: (array([  0,  38, 220], dtype=uint8), 3)
number of class: (array([  0,  38, 220], dtype=uint8), 3)
number of class: (array([  0, 113, 220], dtype=uint8), 3)
number of class: (array([  0, 113, 220], dtype=uint8), 3)
number of class: (array([  0, 147, 220], dtype=uint8), 3)
number of class: (array([  0, 147, 220], dtype=uint8), 3)
number of class: (array([  0, 128, 220], dtype=uint8), 3)
number of class: (array([  0, 128, 220], dtype=uint8), 3)
number of class: (array([  0,  72, 220], dtype=uint8), 3)
number of class: (array([  0,  72, 220], dtype=uint8), 3)
number of class: (array([  0,  38, 220], dtype=uint8), 3)
number of class: (array([  0,  38, 220], dtype=uint8), 3)
number of class: (array([  0, 113, 147, 220], dtype=uint8), 4)
number of class: (array([  0, 113, 147, 220], dtype=uint8), 4)
number of class: (array([  0,  19, 220], dtype=uint8), 3)
number of class: (array([  0,  19, 220], dtype=uint8), 3)
number of class: (array([  0, 109, 220], dtype=uint8), 3)
number of class: (array([  0, 109, 220], dtype=uint8), 3)
number of class: (array([  0,  53, 220], dtype=uint8), 3)
number of class: (array([  0,  53, 220], dtype=uint8), 3)
number of class: (array([  0,  57, 133, 220], dtype=uint8), 4)
number of class: (array([  0,  57, 133, 220], dtype=uint8), 4)
number of class: (array([  0, 147, 220], dtype=uint8), 3)
number of class: (array([  0, 147, 220], dtype=uint8), 3)
number of class: (array([  0, 128, 220], dtype=uint8), 3)
number of class: (array([  0, 128, 220], dtype=uint8), 3)
number of class: (array([  0,  52,  57,  75, 113, 220], dtype=uint8), 6)
number of class: (array([  0,  52,  57,  75, 113, 220], dtype=uint8), 6)
number of class: (array([  0,  72, 220], dtype=uint8), 3)
number of class: (array([  0,  72, 220], dtype=uint8), 3)
number of class: (array([  0,  72, 147, 220], dtype=uint8), 4)
number of class: (array([  0,  72, 147, 220], dtype=uint8), 4)
number of class: (array([  0, 109, 220], dtype=uint8), 3)
number of class: (array([  0, 109, 220], dtype=uint8), 3)
number of class: (array([  0,  38, 220], dtype=uint8), 3)
number of class: (array([  0,  38, 220], dtype=uint8), 3)
number of class: (array([  0,  38, 220], dtype=uint8), 3)
number of class: (array([  0,  38, 220], dtype=uint8), 3)
number of class: (array([  0,  75, 128, 147, 220], dtype=uint8), 5)
number of class: (array([  0,  75, 128, 147, 220], dtype=uint8), 5)
number of class: (array([  0, 128, 220], dtype=uint8), 3)
number of class: (array([  0, 128, 220], dtype=uint8), 3)
number of class: (array([  0, 151, 220], dtype=uint8), 3)
number of class: (array([  0, 151, 220], dtype=uint8), 3)
number of class: (array([  0,  57, 147, 220], dtype=uint8), 4)
number of class: (array([  0,  57, 147, 220], dtype=uint8), 4)
number of class: (array([  0,  34, 220], dtype=uint8), 3)
number of class: (array([  0,  34, 220], dtype=uint8), 3)
number of class: (array([  0, 113, 220], dtype=uint8), 3)
number of class: (array([  0, 113, 220], dtype=uint8), 3)
number of class: (array([  0, 151, 220], dtype=uint8), 3)
number of class: (array([  0, 151, 220], dtype=uint8), 3)
number of class: (array([  0, 109, 147, 220], dtype=uint8), 4)
number of class: (array([  0, 109, 147, 220], dtype=uint8), 4)
number of class: (array([  0, 151, 220], dtype=uint8), 3)
number of class: (array([  0, 151, 220], dtype=uint8), 3)
number of class: (array([  0,  15, 220], dtype=uint8), 3)
number of class: (array([  0,  15, 220], dtype=uint8), 3)
number of class: (array([  0,  15, 220], dtype=uint8), 3)
number of class: (array([  0,  15, 220], dtype=uint8), 3)
number of class: (array([  0,  38, 220], dtype=uint8), 3)
number of class: (array([  0,  38, 220], dtype=uint8), 3)
number of class: (array([  0,  34, 128, 147, 220], dtype=uint8), 5)
number of class: (array([  0,  34, 128, 147, 220], dtype=uint8), 5)
number of class: (array([  0, 109, 147, 220], dtype=uint8), 4)
number of class: (array([  0, 109, 147, 220], dtype=uint8), 4)
number of class: (array([  0,  19, 147, 220], dtype=uint8), 4)
number of class: (array([  0,  19, 147, 220], dtype=uint8), 4)
number of class: (array([  0,  76, 220], dtype=uint8), 3)
number of class: (array([  0,  76, 220], dtype=uint8), 3)
number of class: (array([  0,  38, 147, 220], dtype=uint8), 4)
number of class: (array([  0,  38, 147, 220], dtype=uint8), 4)
number of class: (array([  0,  75, 147, 220], dtype=uint8), 4)
number of class: (array([  0,  75, 147, 220], dtype=uint8), 4)
number of class: (array([  0,  34, 220], dtype=uint8), 3)
number of class: (array([  0,  34, 220], dtype=uint8), 3)
number of class: (array([  0,  38,  52, 147, 220], dtype=uint8), 5)
number of class: (array([  0,  38,  52, 147, 220], dtype=uint8), 5)
number of class: (array([  0,  53,  76, 147, 220], dtype=uint8), 5)
number of class: (array([  0,  53,  76, 147, 220], dtype=uint8), 5)
number of class: (array([  0, 113, 220], dtype=uint8), 3)
number of class: (array([  0, 113, 220], dtype=uint8), 3)
number of class: (array([  0,  15, 220], dtype=uint8), 3)
number of class: (array([  0,  15, 220], dtype=uint8), 3)
number of class: (array([  0,  15, 147, 220], dtype=uint8), 4)
number of class: (array([  0,  15, 147, 220], dtype=uint8), 4)
number of class: (array([  0,  15, 220], dtype=uint8), 3)
number of class: (array([  0,  15, 220], dtype=uint8), 3)
number of class: (array([  0, 151, 220], dtype=uint8), 3)
number of class: (array([  0, 151, 220], dtype=uint8), 3)
number of class: (array([  0,  53, 147, 220], dtype=uint8), 4)
number of class: (array([  0,  53, 147, 220], dtype=uint8), 4)
number of class: (array([  0,  38, 220], dtype=uint8), 3)
number of class: (array([  0,  38, 220], dtype=uint8), 3)
number of class: (array([  0,  53, 133, 147, 220], dtype=uint8), 5)
number of class: (array([  0,  53, 133, 147, 220], dtype=uint8), 5)
number of class: (array([  0,  52,  53, 113, 147, 220], dtype=uint8), 6)
number of class: (array([  0,  52,  53, 113, 147, 220], dtype=uint8), 6)
number of class: (array([  0,  38, 220], dtype=uint8), 3)
number of class: (array([  0,  38, 220], dtype=uint8), 3)
number of class: (array([  0,  52,  57, 220], dtype=uint8), 4)
number of class: (array([  0,  52,  57, 220], dtype=uint8), 4)
number of class: (array([  0, 147, 220], dtype=uint8), 3)
number of class: (array([  0, 147, 220], dtype=uint8), 3)
number of class: (array([  0,  19, 147, 220], dtype=uint8), 4)
number of class: (array([  0,  19, 147, 220], dtype=uint8), 4)
number of class: (array([  0,  38, 220], dtype=uint8), 3)
number of class: (array([  0,  38, 220], dtype=uint8), 3)
number of class: (array([  0,  34,  38, 220], dtype=uint8), 4)
number of class: (array([  0,  34,  38, 220], dtype=uint8), 4)
number of class: (array([  0,  15, 113, 147, 220], dtype=uint8), 5)
number of class: (array([  0,  15, 113, 147, 220], dtype=uint8), 5)
number of class: (array([  0, 113, 220], dtype=uint8), 3)
number of class: (array([  0, 113, 220], dtype=uint8), 3)
number of class: (array([  0,  34, 220], dtype=uint8), 3)
number of class: (array([  0,  34, 220], dtype=uint8), 3)
number of class: (array([  0,  90, 220], dtype=uint8), 3)
number of class: (array([  0,  90, 220], dtype=uint8), 3)
number of class: (array([  0, 113, 220], dtype=uint8), 3)
number of class: (array([  0, 113, 220], dtype=uint8), 3)
number of class: (array([  0, 113, 220], dtype=uint8), 3)
number of class: (array([  0, 113, 220], dtype=uint8), 3)
number of class: (array([  0, 113, 147, 220], dtype=uint8), 4)
number of class: (array([  0, 113, 147, 220], dtype=uint8), 4)
number of class: (array([  0,  38,  57, 133, 220], dtype=uint8), 5)
number of class: (array([  0,  38,  57, 133, 220], dtype=uint8), 5)
number of class: (array([  0,  19, 220], dtype=uint8), 3)
number of class: (array([  0,  19, 220], dtype=uint8), 3)
number of class: (array([  0,  38, 220], dtype=uint8), 3)
number of class: (array([  0,  38, 220], dtype=uint8), 3)
number of class: (array([  0, 147, 220], dtype=uint8), 3)
number of class: (array([  0, 147, 220], dtype=uint8), 3)
number of class: (array([  0,  15, 147, 220], dtype=uint8), 4)
number of class: (array([  0,  15, 147, 220], dtype=uint8), 4)
number of class: (array([  0,  52,  57, 147, 220], dtype=uint8), 5)
number of class: (array([  0,  52,  57, 147, 220], dtype=uint8), 5)
number of class: (array([  0,  38, 220], dtype=uint8), 3)
number of class: (array([  0,  38, 220], dtype=uint8), 3)
number of class: (array([  0, 151, 220], dtype=uint8), 3)
number of class: (array([  0, 151, 220], dtype=uint8), 3)
number of class: (array([  0, 113, 220], dtype=uint8), 3)
number of class: (array([  0, 113, 220], dtype=uint8), 3)
number of class: (array([  0,  34, 113, 220], dtype=uint8), 4)
number of class: (array([  0,  34, 113, 220], dtype=uint8), 4)
number of class: (array([  0,  72, 147, 220], dtype=uint8), 4)
number of class: (array([  0,  72, 147, 220], dtype=uint8), 4)
number of class: (array([  0,  75, 147, 220], dtype=uint8), 4)
number of class: (array([  0,  75, 147, 220], dtype=uint8), 4)
number of class: (array([  0,  15, 113, 147, 220], dtype=uint8), 5)
number of class: (array([  0,  15, 113, 147, 220], dtype=uint8), 5)
number of class: (array([  0, 151, 220], dtype=uint8), 3)
number of class: (array([  0, 151, 220], dtype=uint8), 3)
number of class: (array([  0,  38,  57, 133, 220], dtype=uint8), 5)
number of class: (array([  0,  38,  57, 133, 220], dtype=uint8), 5)
number of class: (array([  0,  52, 147, 220], dtype=uint8), 4)
number of class: (array([  0,  52, 147, 220], dtype=uint8), 4)
number of class: (array([  0,  53, 220], dtype=uint8), 3)
number of class: (array([  0,  53, 220], dtype=uint8), 3)
number of class: (array([  0, 109, 147, 220], dtype=uint8), 4)
number of class: (array([  0, 109, 147, 220], dtype=uint8), 4)
number of class: (array([  0, 128, 147, 220], dtype=uint8), 4)
number of class: (array([  0, 128, 147, 220], dtype=uint8), 4)
number of class: (array([  0,  19,  52, 220], dtype=uint8), 4)
number of class: (array([  0,  19,  52, 220], dtype=uint8), 4)
number of class: (array([  0, 113, 220], dtype=uint8), 3)
number of class: (array([  0, 113, 220], dtype=uint8), 3)
number of class: (array([  0,  19, 113, 220], dtype=uint8), 4)
number of class: (array([  0,  19, 113, 220], dtype=uint8), 4)
number of class: (array([  0, 109, 220], dtype=uint8), 3)
number of class: (array([  0, 109, 220], dtype=uint8), 3)
number of class: (array([  0, 151, 220], dtype=uint8), 3)
number of class: (array([  0, 151, 220], dtype=uint8), 3)
number of class: (array([  0,  57, 113, 147, 220], dtype=uint8), 5)
number of class: (array([  0,  57, 113, 147, 220], dtype=uint8), 5)
number of class: (array([  0,  19, 220], dtype=uint8), 3)
number of class: (array([  0,  19, 220], dtype=uint8), 3)
number of class: (array([  0,  94, 147, 220], dtype=uint8), 4)
srun: Job step aborted: Waiting up to 32 seconds for job step to finish.
slurmstepd: error: *** JOB 118329 ON c4130-2 CANCELLED AT 2024-04-06T11:30:46 ***
