running with Ivan deep learning work
SLURM job ID: 120903
dataset: ../../data/project2024/
预训练模型已经存在，无需下载。
预训练模型已经存在，无需下载。
missing_keys:  ['classifier.4.weight', 'classifier.4.bias']
unexpected_keys:  ['aux_classifier.0.weight', 'aux_classifier.1.weight', 'aux_classifier.1.bias', 'aux_classifier.1.running_mean', 'aux_classifier.1.running_var', 'aux_classifier.1.num_batches_tracked']
Task name: deeplab  num_workers: 4
Using device: cuda
Using version: 2.2.1

Device name: Tesla P100-PCIE-16GB
Total memory: 15.8992919921875 GB
Allocated memory: 0.0 GB
Cached memory: 0.0 GB
optimizer name: sgd
loss name:  focal
Epoch 1/30
----------
  0%|          | 0/550 [00:00<?, ?it/s]  0%|          | 0/550 [00:32<?, ?it/s]
Traceback (most recent call last):
  File "/home/Student/s4715365/testfolder/comp7840/deep_learning/segmentation/seg.py", line 435, in <module>
    train_model(model, device, 
    ^^^^^^^^^^^^^^^^^^^^^^^^^^
  File "/home/Student/s4715365/testfolder/comp7840/deep_learning/segmentation/seg.py", line 222, in train_model
    loss = criterion(outputs, labels)
           ^^^^^^^^^^^^^^^^^^^^^^^^^^
  File "/home/Student/s4715365/anaconda3/envs/venv/lib/python3.11/site-packages/torch/nn/modules/module.py", line 1511, in _wrapped_call_impl
    return self._call_impl(*args, **kwargs)
           ^^^^^^^^^^^^^^^^^^^^^^^^^^^^^^^^
  File "/home/Student/s4715365/anaconda3/envs/venv/lib/python3.11/site-packages/torch/nn/modules/module.py", line 1520, in _call_impl
    return forward_call(*args, **kwargs)
           ^^^^^^^^^^^^^^^^^^^^^^^^^^^^^
  File "/home/Student/s4715365/testfolder/comp7840/deep_learning/segmentation/../../deep_learning/loss.py", line 39, in forward
    probs = torch.sum(input_soft.transpose(2, 1) * target_onehot, -1).clamp(min=0.001, max=0.999)#此处一定要限制范围，否则会出现loss为Nan的现象。
                      ~~~~~~~~~~~~~~~~~~~~~~~~~~~^~~~~~~~~~~~~~~
RuntimeError: The size of tensor a (336) must match the size of tensor b (60) at non-singleton dimension 3
srun: error: c4130-2: task 0: Exited with exit code 1
任务失败或异常结束
