running with Ivan deep learning work
SLURM job ID: 121003
dataset: ../../data/project2024/
预训练模型已经存在，无需下载。
预训练模型已经存在，无需下载。
missing_keys:  ['classifier.4.weight', 'classifier.4.bias']
unexpected_keys:  ['aux_classifier.0.weight', 'aux_classifier.1.weight', 'aux_classifier.1.bias', 'aux_classifier.1.running_mean', 'aux_classifier.1.running_var', 'aux_classifier.1.num_batches_tracked']
Task name: deeplab  num_workers: 4
Using device: cuda
Using version: 2.2.1

Device name: Tesla P100-PCIE-16GB
Total memory: 15.8992919921875 GB
Allocated memory: 0.0 GB
Cached memory: 0.0 GB
optimizer name: sgd
loss name:  ce
Epoch 1/100
----------
[0, 1] {0: 0, 2: 1, 3: 2, 6: 3, 5: 4, 1: 5} [0 0 0 ... 0 0 0]
[0, 1] {0: 0, 2: 1, 3: 2, 6: 3, 5: 4, 1: 5} [0 0 0 ... 0 0 0]
[0, 1] {0: 0, 2: 1, 3: 2, 6: 3, 5: 4, 1: 5} [0 0 0 ... 0 0 0]
[0, 1] {0: 0, 2: 1, 3: 2, 6: 3, 5: 4, 1: 5} [0 0 0 ... 0 0 0]
[0, 1] {0: 0, 2: 1, 3: 2, 6: 3, 5: 4, 1: 5} [0 0 0 ... 0 0 0]
[0, 1] {0: 0, 2: 1, 3: 2, 6: 3, 5: 4, 1: 5} [0 0 0 ... 0 0 0]
[0, 1] {0: 0, 2: 1, 3: 2, 6: 3, 5: 4, 1: 5} [0 0 0 ... 0 0 0]
[0, 1] {0: 0, 2: 1, 3: 2, 6: 3, 5: 4, 1: 5} [0 0 0 ... 0 0 0]
[0, 1] {0: 0, 2: 1, 3: 2, 6: 3, 5: 4, 1: 5} [0 0 0 ... 0 0 0]
[0, 1] {0: 0, 2: 1, 3: 2, 6: 3, 5: 4, 1: 5} [0 0 0 ... 0 0 0]
[0, 1] {0: 0, 2: 1, 3: 2, 6: 3, 5: 4, 1: 5} [0 0 0 ... 0 0 0]
[0, 1] {0: 0, 2: 1, 3: 2, 6: 3, 5: 4, 1: 5} [0 0 0 ... 0 0 0]
[0, 1] {0: 0, 2: 1, 3: 2, 6: 3, 5: 4, 1: 5} [0 0 0 ... 0 0 0]
[0, 1] {0: 0, 2: 1, 3: 2, 6: 3, 5: 4, 1: 5} [0 0 0 ... 0 0 0]
[0, 1] {0: 0, 2: 1, 3: 2, 6: 3, 5: 4, 1: 5} [0 0 0 ... 0 0 0]
[0, 1] {0: 0, 2: 1, 3: 2, 6: 3, 5: 4, 1: 5} [0 0 0 ... 0 0 0]
[0, 1] {0: 0, 2: 1, 3: 2, 6: 3, 5: 4, 1: 5} [0 0 0 ... 0 0 0]
[0, 1] {0: 0, 2: 1, 3: 2, 6: 3, 5: 4, 1: 5} [0 0 0 ... 0 0 0]
[0, 1] {0: 0, 2: 1, 3: 2, 6: 3, 5: 4, 1: 5} [0 0 0 ... 0 0 0]
[0, 1] {0: 0, 2: 1, 3: 2, 6: 3, 5: 4, 1: 5} [0 0 0 ... 0 0 0]
[0, 1] {0: 0, 2: 1, 3: 2, 6: 3, 5: 4, 1: 5} [0 0 0 ... 0 0 0]
[0, 1] {0: 0, 2: 1, 3: 2, 6: 3, 5: 4, 1: 5} [0 0 0 ... 0 0 0]
[0, 1] {0: 0, 2: 1, 3: 2, 6: 3, 5: 4, 1: 5} [0 0 0 ... 0 0 0]
[0, 1] {0: 0, 2: 1, 3: 2, 6: 3, 5: 4, 1: 5} [0 0 0 ... 0 0 0]
[0, 1] {0: 0, 2: 1, 3: 2, 6: 3, 5: 4, 1: 5} [0 0 0 ... 0 0 0]
[0, 1] {0: 0, 2: 1, 3: 2, 6: 3, 5: 4, 1: 5} [0 0 0 ... 0 0 0]
[0, 1] {0: 0, 2: 1, 3: 2, 6: 3, 5: 4, 1: 5} [0 0 0 ... 0 0 0]
[0, 1] {0: 0, 2: 1, 3: 2, 6: 3, 5: 4, 1: 5} [0 0 0 ... 0 0 0]
[0, 1] {0: 0, 2: 1, 3: 2, 6: 3, 5: 4, 1: 5} [0 0 0 ... 0 0 0]
[0, 1] {0: 0, 2: 1, 3: 2, 6: 3, 5: 4, 1: 5} [0 0 0 ... 0 0 0]
[0, 1] {0: 0, 2: 1, 3: 2, 6: 3, 5: 4, 1: 5} [0 0 0 ... 0 0 0]
[0, 1] {0: 0, 2: 1, 3: 2, 6: 3, 5: 4, 1: 5} [0 0 0 ... 0 0 0]
[0, 2] {0: 0, 2: 1, 3: 2, 6: 3, 5: 4, 1: 5} [0 0 0 ... 0 0 0]
[0, 2] {0: 0, 2: 1, 3: 2, 6: 3, 5: 4, 1: 5} [0 0 0 ... 0 0 0]
[0, 2] {0: 0, 2: 1, 3: 2, 6: 3, 5: 4, 1: 5} [0 0 0 ... 0 0 0]
[0, 2] {0: 0, 2: 1, 3: 2, 6: 3, 5: 4, 1: 5} [0 0 0 ... 0 0 0]
[0, 2] {0: 0, 2: 1, 3: 2, 6: 3, 5: 4, 1: 5} [0 0 0 ... 0 0 0]
[0, 2] {0: 0, 2: 1, 3: 2, 6: 3, 5: 4, 1: 5} [0 0 0 ... 0 0 0]
[0, 2] {0: 0, 2: 1, 3: 2, 6: 3, 5: 4, 1: 5} [0 0 0 ... 0 0 0]
[0, 2] {0: 0, 2: 1, 3: 2, 6: 3, 5: 4, 1: 5} [0 0 0 ... 0 0 0]
[0, 2] {0: 0, 2: 1, 3: 2, 6: 3, 5: 4, 1: 5} [0 0 0 ... 0 0 0]
[0, 2] {0: 0, 2: 1, 3: 2, 6: 3, 5: 4, 1: 5} [0 0 0 ... 0 0 0]
[0, 2] {0: 0, 2: 1, 3: 2, 6: 3, 5: 4, 1: 5} [0 0 0 ... 0 0 0]
[0, 2] {0: 0, 2: 1, 3: 2, 6: 3, 5: 4, 1: 5} [0 0 0 ... 0 0 0]
[0, 2] {0: 0, 2: 1, 3: 2, 6: 3, 5: 4, 1: 5} [0 0 0 ... 0 0 0]
[0, 2] {0: 0, 2: 1, 3: 2, 6: 3, 5: 4, 1: 5} [0 0 0 ... 0 0 0]
[0, 2] {0: 0, 2: 1, 3: 2, 6: 3, 5: 4, 1: 5} [0 0 0 ... 0 0 0]
[0, 2] {0: 0, 2: 1, 3: 2, 6: 3, 5: 4, 1: 5} [0 0 0 ... 0 0 0]
[0, 2] {0: 0, 2: 1, 3: 2, 6: 3, 5: 4, 1: 5} [0 0 0 ... 0 0 0]
[0, 2] {0: 0, 2: 1, 3: 2, 6: 3, 5: 4, 1: 5} [0 1 1 ... 0 0 0]
[0, 2] {0: 0, 2: 1, 3: 2, 6: 3, 5: 4, 1: 5} [0 0 0 ... 0 0 0]
[0, 2] {0: 0, 2: 1, 3: 2, 6: 3, 5: 4, 1: 5} [0 0 0 ... 0 0 0]
[0, 2] {0: 0, 2: 1, 3: 2, 6: 3, 5: 4, 1: 5} [0 0 0 ... 0 0 0]
[0, 2] {0: 0, 2: 1, 3: 2, 6: 3, 5: 4, 1: 5} [0 0 0 ... 0 0 0]
[0, 2] {0: 0, 2: 1, 3: 2, 6: 3, 5: 4, 1: 5} [0 0 0 ... 0 0 0]
[0, 2] {0: 0, 2: 1, 3: 2, 6: 3, 5: 4, 1: 5} [0 0 0 ... 0 0 0]
[0, 2] {0: 0, 2: 1, 3: 2, 6: 3, 5: 4, 1: 5} [0 0 0 ... 0 0 0]
[0, 2] {0: 0, 2: 1, 3: 2, 6: 3, 5: 4, 1: 5} [0 0 0 ... 0 0 0]
[0, 2] {0: 0, 2: 1, 3: 2, 6: 3, 5: 4, 1: 5} [0 0 0 ... 0 0 0]
[0, 2] {0: 0, 2: 1, 3: 2, 6: 3, 5: 4, 1: 5} [0 0 0 ... 0 0 0]
[0, 2] {0: 0, 2: 1, 3: 2, 6: 3, 5: 4, 1: 5} [0 0 0 ... 0 0 0]
[0, 2] {0: 0, 2: 1, 3: 2, 6: 3, 5: 4, 1: 5} [0 0 0 ... 0 0 0]
[0, 2] {0: 0, 2: 1, 3: 2, 6: 3, 5: 4, 1: 5} [0 0 0 ... 0 0 0]
[0, 2] {0: 0, 2: 1, 3: 2, 6: 3, 5: 4, 1: 5} [0 0 0 ... 0 0 0]
[0, 2] {0: 0, 2: 1, 3: 2, 6: 3, 5: 4, 1: 5} [0 0 0 ... 0 0 0]
[0, 2] {0: 0, 2: 1, 3: 2, 6: 3, 5: 4, 1: 5} [0 0 0 ... 0 0 0]
[0, 2] {0: 0, 2: 1, 3: 2, 6: 3, 5: 4, 1: 5} [0 0 0 ... 0 0 0]
[0, 2] {0: 0, 2: 1, 3: 2, 6: 3, 5: 4, 1: 5} [0 0 0 ... 0 0 0]
[0, 2] {0: 0, 2: 1, 3: 2, 6: 3, 5: 4, 1: 5} [0 0 0 ... 0 0 0]
[0, 2] {0: 0, 2: 1, 3: 2, 6: 3, 5: 4, 1: 5} [0 0 0 ... 0 0 0]
[0, 2] {0: 0, 2: 1, 3: 2, 6: 3, 5: 4, 1: 5} [0 0 0 ... 0 0 0]
[0, 2] {0: 0, 2: 1, 3: 2, 6: 3, 5: 4, 1: 5} [0 0 0 ... 0 0 0]
[0, 2] {0: 0, 2: 1, 3: 2, 6: 3, 5: 4, 1: 5} [0 0 0 ... 0 0 0]
[0, 2] {0: 0, 2: 1, 3: 2, 6: 3, 5: 4, 1: 5} [0 0 0 ... 0 0 0]
[0, 2] {0: 0, 2: 1, 3: 2, 6: 3, 5: 4, 1: 5} [0 0 0 ... 0 0 0]
[0, 2] {0: 0, 2: 1, 3: 2, 6: 3, 5: 4, 1: 5} [0 0 0 ... 0 0 0]
[0, 2] {0: 0, 2: 1, 3: 2, 6: 3, 5: 4, 1: 5} [0 0 0 ... 0 0 0]
[0, 2] {0: 0, 2: 1, 3: 2, 6: 3, 5: 4, 1: 5} [0 0 0 ... 0 0 0]
[0, 2] {0: 0, 2: 1, 3: 2, 6: 3, 5: 4, 1: 5} [0 0 0 ... 0 0 0]
[0, 2] {0: 0, 2: 1, 3: 2, 6: 3, 5: 4, 1: 5} [0 0 0 ... 0 0 0]
[0, 2] {0: 0, 2: 1, 3: 2, 6: 3, 5: 4, 1: 5} [0 0 0 ... 0 0 0]
[0, 2] {0: 0, 2: 1, 3: 2, 6: 3, 5: 4, 1: 5} [0 0 0 ... 0 0 0]
[0, 2] {0: 0, 2: 1, 3: 2, 6: 3, 5: 4, 1: 5} [0 0 0 ... 0 0 0]
[0, 2] {0: 0, 2: 1, 3: 2, 6: 3, 5: 4, 1: 5} [0 0 0 ... 0 0 0]
[0, 2] {0: 0, 2: 1, 3: 2, 6: 3, 5: 4, 1: 5} [0 0 0 ... 0 0 0]
[0, 2] {0: 0, 2: 1, 3: 2, 6: 3, 5: 4, 1: 5} [0 0 0 ... 0 0 0]
[0, 2] {0: 0, 2: 1, 3: 2, 6: 3, 5: 4, 1: 5} [0 0 0 ... 0 0 0]
[0, 2] {0: 0, 2: 1, 3: 2, 6: 3, 5: 4, 1: 5} [0 0 0 ... 0 0 0]
[0, 2] {0: 0, 2: 1, 3: 2, 6: 3, 5: 4, 1: 5} [0 0 0 ... 0 0 0]
[0, 2] {0: 0, 2: 1, 3: 2, 6: 3, 5: 4, 1: 5} [0 0 0 ... 0 0 0]
[0, 2] {0: 0, 2: 1, 3: 2, 6: 3, 5: 4, 1: 5} [0 0 0 ... 0 0 0]
[0, 2] {0: 0, 2: 1, 3: 2, 6: 3, 5: 4, 1: 5} [0 0 0 ... 0 0 0]
[0, 2] {0: 0, 2: 1, 3: 2, 6: 3, 5: 4, 1: 5} [0 0 0 ... 0 0 0]
[0, 2] {0: 0, 2: 1, 3: 2, 6: 3, 5: 4, 1: 5} [0 0 0 ... 0 0 0]
[0, 2] {0: 0, 2: 1, 3: 2, 6: 3, 5: 4, 1: 5} [0 0 0 ... 0 0 0]
[0, 2] {0: 0, 2: 1, 3: 2, 6: 3, 5: 4, 1: 5} [0 0 0 ... 0 0 0]
[0, 2] {0: 0, 2: 1, 3: 2, 6: 3, 5: 4, 1: 5} [0 0 0 ... 0 0 0]
[0, 2] {0: 0, 2: 1, 3: 2, 6: 3, 5: 4, 1: 5} [0 0 0 ... 0 0 0]
[0, 2] {0: 0, 2: 1, 3: 2, 6: 3, 5: 4, 1: 5} [0 0 0 ... 0 0 0]
[0, 2] {0: 0, 2: 1, 3: 2, 6: 3, 5: 4, 1: 5} [0 0 0 ... 0 0 0]
[0, 2] {0: 0, 2: 1, 3: 2, 6: 3, 5: 4, 1: 5} [0 0 0 ... 0 0 0]
[0, 2] {0: 0, 2: 1, 3: 2, 6: 3, 5: 4, 1: 5} [0 0 0 ... 0 0 0]
[0, 2] {0: 0, 2: 1, 3: 2, 6: 3, 5: 4, 1: 5} [0 0 0 ... 0 0 0]
[0, 2] {0: 0, 2: 1, 3: 2, 6: 3, 5: 4, 1: 5} [0 0 0 ... 0 0 0]
[0, 2] {0: 0, 2: 1, 3: 2, 6: 3, 5: 4, 1: 5} [0 0 0 ... 0 0 0]
[0, 2] {0: 0, 2: 1, 3: 2, 6: 3, 5: 4, 1: 5} [0 0 0 ... 0 0 0]
[0, 2] {0: 0, 2: 1, 3: 2, 6: 3, 5: 4, 1: 5} [0 0 0 ... 0 0 0]
[0, 2] {0: 0, 2: 1, 3: 2, 6: 3, 5: 4, 1: 5} [0 0 0 ... 0 0 0]
[0, 2] {0: 0, 2: 1, 3: 2, 6: 3, 5: 4, 1: 5} [0 0 0 ... 0 0 0]
[0, 2] {0: 0, 2: 1, 3: 2, 6: 3, 5: 4, 1: 5} [0 0 0 ... 0 0 0]
[0, 2] {0: 0, 2: 1, 3: 2, 6: 3, 5: 4, 1: 5} [0 0 0 ... 0 0 0]
[0, 2] {0: 0, 2: 1, 3: 2, 6: 3, 5: 4, 1: 5} [0 0 0 ... 0 0 0]
[0, 2] {0: 0, 2: 1, 3: 2, 6: 3, 5: 4, 1: 5} [0 0 0 ... 0 0 0]
[0, 2] {0: 0, 2: 1, 3: 2, 6: 3, 5: 4, 1: 5} [0 0 0 ... 0 0 0]
[0, 2] {0: 0, 2: 1, 3: 2, 6: 3, 5: 4, 1: 5} [0 0 0 ... 0 0 0]
[0, 2] {0: 0, 2: 1, 3: 2, 6: 3, 5: 4, 1: 5} [0 0 0 ... 0 0 0]
[0, 2] {0: 0, 2: 1, 3: 2, 6: 3, 5: 4, 1: 5} [0 0 0 ... 0 0 0]
[0, 2] {0: 0, 2: 1, 3: 2, 6: 3, 5: 4, 1: 5} [0 0 0 ... 0 0 0]
[0, 2] {0: 0, 2: 1, 3: 2, 6: 3, 5: 4, 1: 5} [0 0 0 ... 0 0 0]
[0, 2] {0: 0, 2: 1, 3: 2, 6: 3, 5: 4, 1: 5} [0 0 0 ... 0 0 0]
[0, 2] {0: 0, 2: 1, 3: 2, 6: 3, 5: 4, 1: 5} [0 0 0 ... 0 0 0]
[0, 2] {0: 0, 2: 1, 3: 2, 6: 3, 5: 4, 1: 5} [0 0 0 ... 0 0 0]
[0, 2] {0: 0, 2: 1, 3: 2, 6: 3, 5: 4, 1: 5} [0 0 0 ... 0 0 0]
[0, 2] {0: 0, 2: 1, 3: 2, 6: 3, 5: 4, 1: 5} [0 0 0 ... 0 0 0]
[0, 2] {0: 0, 2: 1, 3: 2, 6: 3, 5: 4, 1: 5} [0 0 0 ... 0 0 0]
[0, 2] {0: 0, 2: 1, 3: 2, 6: 3, 5: 4, 1: 5} [0 0 0 ... 0 0 0]
[0, 2] {0: 0, 2: 1, 3: 2, 6: 3, 5: 4, 1: 5} [0 0 0 ... 0 0 0]
[0, 2] {0: 0, 2: 1, 3: 2, 6: 3, 5: 4, 1: 5} [0 0 0 ... 0 0 0]
[0, 3] {0: 0, 2: 1, 3: 2, 6: 3, 5: 4, 1: 5} [0 0 0 ... 0 0 0]
[0, 3] {0: 0, 2: 1, 3: 2, 6: 3, 5: 4, 1: 5} [0 0 0 ... 0 0 0]
[0, 3] {0: 0, 2: 1, 3: 2, 6: 3, 5: 4, 1: 5} [0 0 0 ... 0 0 0]
[0, 3] {0: 0, 2: 1, 3: 2, 6: 3, 5: 4, 1: 5} [0 0 0 ... 0 0 0]
[0, 3] [0, 1] {0: 0, 2: 1, 3: 2, 6: 3, 5: 4, 1: 5} [0 0 0 ... 0 0 0]
[0, 1] {0: 0, 2: 1, 3: 2, 6: 3, 5: 4, 1: 5} [0 0 0 ... 0 0 0]
[0, 1] {0: 0, 2: 1, 3: 2, 6: 3, 5: 4, 1: 5} [0 0 0 ... 0 0 0]
[0, 1] {0: 0, 2: 1, 3: 2, 6: 3, 5: 4, 1: 5} [0 0 0 ... 0 0 0]
[0, 1] {0: 0, 2: 1, 3: 2, 6: 3, 5: 4, 1: 5} [0 0 0 ... 0 0 0]
[0, 1] {0: 0, 2: 1, 3: 2, 6: 3, 5: 4, 1: 5} [0 0 0 ... 0 0 0]
[0, 1] {0: 0, 2: 1, 3: 2, 6: 3, 5: 4, 1: 5} [0 0 0 ... 0 0 0]
[0, 1] {0: 0, 2: 1, 3: 2, 6: 3, 5: 4, 1: 5} [0 0 0 ... 0 0 0]
[0, 1] {0: 0, 2: 1, 3: 2, 6: 3, 5: 4, 1: 5} [0 0 0 ... 0 0 0]
[0, 1] {0: 0, 2: 1, 3: 2, 6: 3, 5: 4, 1: 5} [0 0 0 ... 0 0 0]
[0, 1] {0: 0, 2: 1, 3: 2, 6: 3, 5: 4, 1: 5} [0 0 0 ... 0 0 0]
[0, 1] {0: 0, 2: 1, 3: 2, 6: 3, 5: 4, 1: 5} [0 0 0 ... 0 0 0]
[0, 1] {0: 0, 2: 1, 3: 2, 6: 3, 5: 4, 1: 5} [0 0 0 ... 0 0 0]
[0, 1] {0: 0, 2: 1, 3: 2, 6: 3, 5: 4, 1: 5} [0 0 0 ... 0 0 0]
[0, 1] {0: 0, 2: 1, 3: 2, 6: 3, 5: 4, 1: 5} [0 0 0 ... 0 0 0]
[0, 1] {0: 0, 2: 1, 3: 2, 6: 3, 5: 4, 1: 5} [0 0 0 ... 0 0 0]
[0, 1] {0: 0, 2: 1, 3: 2, 6: 3, 5: 4, 1: 5} [0 0 0 ... 0 0 0]
[0, 1] {0: 0, 2: 1, 3: 2, 6: 3, 5: 4, 1: 5} [0 0 0 ... 0 0 0]
[0, 1] {0: 0, 2: 1, 3: 2, 6: 3, 5: 4, 1: 5} [0 0 0 ... 0 0 0]
[0, 1] {0: 0, 2: 1, 3: 2, 6: 3, 5: 4, 1: 5} [0 0 0 ... 0 0 0]
[0, 1] {0: 0, 2: 1, 3: 2, 6: 3, 5: 4, 1: 5} [0 0 0 ... 0 0 0]
[0, 1] {0: 0, 2: 1, 3: 2, 6: 3, 5: 4, 1: 5} [0 0 0 ... 0 0 0]
[0, 1] {0: 0, 2: 1, 3: 2, 6: 3, 5: 4, 1: 5} [0 0 0 ... 0 0 0]
[0, 1] {0: 0, 2: 1, 3: 2, 6: 3, 5: 4, 1: 5} [0 0 0 ... 0 0 0]
[0, 1] {0: 0, 2: 1, 3: 2, 6: 3, 5: 4, 1: 5} [0 0 0 ... 0 0 0]
[0, 1] {0: 0, 2: 1, 3: 2, 6: 3, 5: 4, 1: 5} [0 0 0 ... 0 0 0]
[0, 1] {0: 0, 2: 1, 3: 2, 6: 3, 5: 4, 1: 5} [0 0 0 ... 0 0 0]
[0, 1] {0: 0, 2: 1, 3: 2, 6: 3, 5: 4, 1: 5} [0 0 0 ... 0 0 0]
[0, 1] {0: 0, 2: 1, 3: 2, 6: 3, 5: 4, 1: 5} [0 0 0 ... 0 0 0]
[0, 1] {0: 0, 2: 1, 3: 2, 6: 3, 5: 4, 1: 5} [0 0 0 ... 0 0 0]
[0, 1] {0: 0, 2: 1, 3: 2, 6: 3, 5: 4, 1: 5} [0 0 0 ... 0 0 0]
[0, 1] {0: 0, 2: 1, 3: 2, 6: 3, 5: 4, 1: 5} [0 0 0 ... 0 0 0]
[0, 2] {0: 0, 2: 1, 3: 2, 6: 3, 5: 4, 1: 5} [0 0 0 ... 0 0 0]
[0, 2] {0: 0, 2: 1, 3: 2, 6: 3, 5: 4, 1: 5} [0 0 0 ... 0 0 0]
[0, 2] {0: 0, 2: 1, 3: 2, 6: 3, 5: 4, 1: 5} [0 0 0 ... 0 0 0]
[0, 2] {0: 0, 2: 1, 3: 2, 6: 3, 5: 4, 1: 5} [0 0 0 ... 0 0 0]
[0, 2] {0: 0, 2: 1, 3: 2, 6: 3, 5: 4, 1: 5} [0 0 0 ... 0 0 0]
[0, 2] {0: 0, 2: 1, 3: 2, 6: 3, 5: 4, 1: 5} [0 0 0 ... 0 0 0]
[0, 2] {0: 0, 2: 1, 3: 2, 6: 3, 5: 4, 1: 5} [0 0 0 ... 0 0 0]
[0, 2] {0: 0, 2: 1, 3: 2, 6: 3, 5: 4, 1: 5} [0 0 0 ... 0 0 0]
[0, 2] {0: 0, 2: 1, 3: 2, 6: 3, 5: 4, 1: 5} [0 0 0 ... 0 0 0]
[0, 2] {0: 0, 2: 1, 3: 2, 6: 3, 5: 4, 1: 5} [0 0 0 ... 0 0 0]
[0, 2] {0: 0, 2: 1, 3: 2, 6: 3, 5: 4, 1: 5} [0 0 0 ... 0 0 0]
[0, 2] {0: 0, 2: 1, 3: 2, 6: 3, 5: 4, 1: 5} [0 0 0 ... 0 0 0]
[0, 2] {0: 0, 2: 1, 3: 2, 6: 3, 5: 4, 1: 5} [0 0 0 ... 0 0 0]
[0, 2] {0: 0, 2: 1, 3: 2, 6: 3, 5: 4, 1: 5} [0 0 0 ... 0 0 0]
[0, 2] {0: 0, 2: 1, 3: 2, 6: 3, 5: 4, 1: 5} [0 0 0 ... 0 0 0]
[0, 2] {0: 0, 2: 1, 3: 2, 6: 3, 5: 4, 1: 5} [0 0 0 ... 0 0 0]
[0, 2] {0: 0, 2: 1, 3: 2, 6: 3, 5: 4, 1: 5} [0 0 0 ... 0 0 0]
[0, 2] {0: 0, 2: 1, 3: 2, 6: 3, 5: 4, 1: 5} [0 0 0 ... 0 0 0]
[0, 2] {0: 0, 2: 1, 3: 2, 6: 3, 5: 4, 1: 5} [0 0 0 ... 0 0 0]
[0, 2] {0: 0, 2: 1, 3: 2, 6: 3, 5: 4, 1: 5} [0 0 0 ... 0 0 0]
[0, 2] {0: 0, 2: 1, 3: 2, 6: 3, 5: 4, 1: 5} [0 0 0 ... 0 0 0]
[0, 2] {0: 0, 2: 1, 3: 2, 6: 3, 5: 4, 1: 5} [0 0 0 ... 0 0 0]
[0, 2] {0: 0, 2: 1, 3: 2, 6: 3, 5: 4, 1: 5} [0 0 0 ... 0 0 0]
[0, 2] {0: 0, 2: 1, 3: 2, 6: 3, 5: 4, 1: 5} [0 0 0 ... 0 0 0]
[0, 2] {0: 0, 2: 1, 3: 2, 6: 3, 5: 4, 1: 5} [0 0 0 ... 0 0 0]
[0, 2] {0: 0, 2: 1, 3: 2, 6: 3, 5: 4, 1: 5} [0 0 0 ... 0 0 0]
[0, 2] {0: 0, 2: 1, 3: 2, 6: 3, 5: 4, 1: 5} [0 0 0 ... 0 0 0]
[0, 2] {0: 0, 2: 1, 3: 2, 6: 3, 5: 4, 1: 5} [0 0 0 ... 0 0 0]
[0, 2] {0: 0, 2: 1, 3: 2, 6: 3, 5: 4, 1: 5} [0 0 0 ... 0 0 0]
[0, 2] {0: 0, 2: 1, 3: 2, 6: 3, 5: 4, 1: 5} [0 0 0 ... 0 0 0]
[0, 2] {0: 0, 2: 1, 3: 2, 6: 3, 5: 4, 1: 5} [0 0 0 ... 0 0 0]
[0, 2] {0: 0, 2: 1, 3: 2, 6: 3, 5: 4, 1: 5} [0 0 0 ... 0 0 0]
[0, 2] {0: 0, 2: 1, 3: 2, 6: 3, 5: 4, 1: 5} [0 0 0 ... 0 0 0]
[0, 2] {0: 0, 2: 1, 3: 2, 6: 3, 5: 4, 1: 5} [0 0 0 ... 0 0 0]
[0, 2] {0: 0, 2: 1, 3: 2, 6: 3, 5: 4, 1: 5} [0 0 0 ... 0 0 0]
[0, 2] {0: 0, 2: 1, 3: 2, 6: 3, 5: 4, 1: 5} [0 0 0 ... 0 0 0]
[0, 2] {0: 0, 2: 1, 3: 2, 6: 3, 5: 4, 1: 5} [0 0 0 ... 0 0 0]
[0, 2] {0: 0, 2: 1, 3: 2, 6: 3, 5: 4, 1: 5} [0 0 0 ... 0 0 0]
[0, 2] {0: 0, 2: 1, 3: 2, 6: 3, 5: 4, 1: 5} [0 0 0 ... 0 0 0]
[0, 2] {0: 0, 2: 1, 3: 2, 6: 3, 5: 4, 1: 5} [0 0 0 ... 0 0 0]
[0, 2] {0: 0, 2: 1, 3: 2, 6: 3, 5: 4, 1: 5} [0 0 0 ... 0 0 0]
[0, 2] {0: 0, 2: 1, 3: 2, 6: 3, 5: 4, 1: 5} [0 0 0 ... 0 0 0]
[0, 2] {0: 0, 2: 1, 3: 2, 6: 3, 5: 4, 1: 5} [0 0 0 ... 0 0 0]
[0, 2] {0: 0, 2: 1, 3: 2, 6: 3, 5: 4, 1: 5} [0 0 0 ... 0 0 0]
[0, 2] {0: 0, 2: 1, 3: 2, 6: 3, 5: 4, 1: 5} [0 0 0 ... 0 0 0]
[0, 2] {0: 0, 2: 1, 3: 2, 6: 3, 5: 4, 1: 5} [0 0 0 ... 0 0 0]
[0, 2] {0: 0, 2: 1, 3: 2, 6: 3, 5: 4, 1: 5} [0 0 0 ... 0 0 0]
[0, 2] {0: 0, 2: 1, 3: 2, 6: 3, 5: 4, 1: 5} [0 0 0 ... 0 0 0]
[0, 2] {0: 0, 2: 1, 3: 2, 6: 3, 5: 4, 1: 5} [0 0 0 ... 0 0 0]
[0, 2] {0: 0, 2: 1, 3: 2, 6: 3, 5: 4, 1: 5} [0 0 0 ... 0 0 0]
[0, 2] {0: 0, 2: 1, 3: 2, 6: 3, 5: 4, 1: 5} [0 0 0 ... 0 0 0]
[0, 2] {0: 0, 2: 1, 3: 2, 6: 3, 5: 4, 1: 5} [0 0 0 ... 0 0 0]
[0, 2] {0: 0, 2: 1, 3: 2, 6: 3, 5: 4, 1: 5} [0 0 0 ... 0 0 0]
[0, 2] {0: 0, 2: 1, 3: 2, 6: 3, 5: 4, 1: 5} [0 0 0 ... 0 0 0]
[0, 2] {0: 0, 2: 1, 3: 2, 6: 3, 5: 4, 1: 5} [0 0 0 ... 0 0 0]
[0, 2] {0: 0, 2: 1, 3: 2, 6: 3, 5: 4, 1: 5} [0 0 0 ... 0 0 0]
[0, 2] {0: 0, 2: 1, 3: 2, 6: 3, 5: 4, 1: 5} [0 0 0 ... 0 0 0]
[0, 2] {0: 0, 2: 1, 3: 2, 6: 3, 5: 4, 1: 5} [0 0 0 ... 0 0 0]
[0, 2] {0: 0, 2: 1, 3: 2, 6: 3, 5: 4, 1: 5} [0 0 0 ... 0 0 0]
[0, 2] {0: 0, 2: 1, 3: 2, 6: 3, 5: 4, 1: 5} [0 0 0 ... 0 0 0]
[0, 2] {0: 0, 2: 1, 3: 2, 6: 3, 5: 4, 1: 5} [0 0 0 ... 0 0 0]
[0, 2] {0: 0, 2: 1, 3: 2, 6: 3, 5: 4, 1: 5} [0 0 0 ... 0 0 0]
[0, 2] {0: 0, 2: 1, 3: 2, 6: 3, 5: 4, 1: 5} [0 0 0 ... 0 0 0]
[0, 2] {0: 0, 2: 1, 3: 2, 6: 3, 5: 4, 1: 5} [0 0 0 ... 0 0 0]
[0, 2] {0: 0, 2: 1, 3: 2, 6: 3, 5: 4, 1: 5} [0 0 0 ... 0 0 0]
[0, 2] {0: 0, 2: 1, 3: 2, 6: 3, 5: 4, 1: 5} [0 0 0 ... 0 0 0]
[0, 2] {0: 0, 2: 1, 3: 2, 6: 3, 5: 4, 1: 5} [0 0 0 ... 0 0 0]
[0, 2] {0: 0, 2: 1, 3: 2, 6: 3, 5: 4, 1: 5} [0 0 0 ... 0 0 0]
[0, 2] {0: 0, 2: 1, 3: 2, 6: 3, 5: 4, 1: 5} [0 0 0 ... 0 0 0]
[0, 2] {0: 0, 2: 1, 3: 2, 6: 3, 5: 4, 1: 5} [0 0 0 ... 0 0 0]
[0, 2] {0: 0, 2: 1, 3: 2, 6: 3, 5: 4, 1: 5} [0 0 0 ... 0 0 0]
[0, 2] {0: 0, 2: 1, 3: 2, 6: 3, 5: 4, 1: 5} [0 0 0 ... 0 0 0]
[0, 2] {0: 0, 2: 1, 3: 2, 6: 3, 5: 4, 1: 5} [0 0 0 ... 0 0 0]
[0, 2] {0: 0, 2: 1, 3: 2, 6: 3, 5: 4, 1: 5} [0 0 0 ... 0 0 0]
[0, 2] {0: 0, 2: 1, 3: 2, 6: 3, 5: 4, 1: 5} [0 0 0 ... 0 0 0]
[0, 2] {0: 0, 2: 1, 3: 2, 6: 3, 5: 4, 1: 5} [0 0 0 ... 0 0 0]
[0, 2] {0: 0, 2: 1, 3: 2, 6: 3, 5: 4, 1: 5} [0 0 0 ... 0 0 0]
[0, 2] {0: 0, 2: 1, 3: 2, 6: 3, 5: 4, 1: 5} [0 0 0 ... 0 0 0]
[0, 2] {0: 0, 2: 1, 3: 2, 6: 3, 5: 4, 1: 5} [0 0 0 ... 0 0 0]
[0, 2] {0: 0, 2: 1, 3: 2, 6: 3, 5: 4, 1: 5} [0 0 0 ... 0 0 0]
[0, 2] {0: 0, 2: 1, 3: 2, 6: 3, 5: 4, 1: 5} [0 0 0 ... 0 0 0]
[0, 2] {0: 0, 2: 1, 3: 2, 6: 3, 5: 4, 1: 5} [0 0 0 ... 0 0 0]
[0, 2] {0: 0, 2: 1, 3: 2, 6: 3, 5: 4, 1: 5} [0 0 0 ... 0 0 0]
[0, 2] {0: 0, 2: 1, 3: 2, 6: 3, 5: 4, 1: 5} [0 0 0 ... 0 0 0]
[0, 2] {0: 0, 2: 1, 3: 2, 6: 3, 5: 4, 1: 5} [0 0 0 ... 0 0 0]
[0, 2] {0: 0, 2: 1, 3: 2, 6: 3, 5: 4, 1: 5} [0 0 0 ... 0 0 0]
[0, 2] {0: 0, 2: 1, 3: 2, 6: 3, 5: 4, 1: 5} [0 0 0 ... 0 0 0]
[0, 2] {0: 0, 2: 1, 3: 2, 6: 3, 5: 4, 1: 5} [0 0 0 ... 0 0 0]
[0, 2] {0: 0, 2: 1, 3: 2, 6: 3, 5: 4, 1: 5} [0 0 0 ... 0 0 0]
[0, 2] {0: 0, 2: 1, 3: 2, 6: 3, 5: 4, 1: 5} [0 0 0 ... 0 0 0]
[0, 2] {0: 0, 2: 1, 3: 2, 6: 3, 5: 4, 1: 5} [0 0 0 ... 0 0 0]
[0, 2] {0: 0, 2: 1, 3: 2, 6: 3, 5: 4, 1: 5} [0 0 0 ... 0 0 0]
[0, 2] {0: 0, 2: 1, 3: 2, 6: 3, 5: 4, 1: 5} [0 0 0 ... 0 0 0]
[0, 2] {0: 0, 2: 1, 3: 2, 6: 3, 5: 4, 1: 5} [0 0 0 ... 0 0 0]
[0, 2] {0: 0, 2: 1, 3: 2, 6: 3, 5: 4, 1: 5} [0 0 0 ... 0 0 0]
[0, 2] {0: 0, 2: 1, 3: 2, 6: 3, 5: 4, 1: 5} [0 0 0 ... 0 0 0]
[0, 3] {0: 0, 2: 1, 3: 2, 6: 3, 5: 4, 1: 5} [0 0 0 ... 0 0 0]
[0, 3] {0: 0, 2: 1, 3: 2, 6: 3, 5: 4, 1: 5} [0 0 0 ... 0 0 0]
[0, 3] {0: 0, 2: 1, 3: 2, 6: 3, 5: 4, 1: 5} [0 0 0 ... 0 0 0]
[0, 3] {0: 0, 2: 1, 3: 2, 6: 3, 5: 4, 1: 5} [0 0 0 ... 0 0 0]
[0, 3] [0, 1] {0: 0, 2: 1, 3: 2, 6: 3, 5: 4, 1: 5} [0 0 0 ... 0 0 0]
[0, 1] {0: 0, 2: 1, 3: 2, 6: 3, 5: 4, 1: 5} [0 0 0 ... 0 0 0]
[0, 1] {0: 0, 2: 1, 3: 2, 6: 3, 5: 4, 1: 5} [0 0 0 ... 0 0 0]
[0, 1] {0: 0, 2: 1, 3: 2, 6: 3, 5: 4, 1: 5} [0 0 0 ... 0 0 0]
[0, 1] {0: 0, 2: 1, 3: 2, 6: 3, 5: 4, 1: 5} [0 0 0 ... 0 0 0]
[0, 1] {0: 0, 2: 1, 3: 2, 6: 3, 5: 4, 1: 5} [0 0 0 ... 0 0 0]
[0, 1] {0: 0, 2: 1, 3: 2, 6: 3, 5: 4, 1: 5} [0 0 0 ... 0 0 0]
[0, 1] {0: 0, 2: 1, 3: 2, 6: 3, 5: 4, 1: 5} [0 0 0 ... 0 0 0]
[0, 1] {0: 0, 2: 1, 3: 2, 6: 3, 5: 4, 1: 5} [0 0 0 ... 0 0 0]
[0, 1] {0: 0, 2: 1, 3: 2, 6: 3, 5: 4, 1: 5} [0 0 0 ... 0 0 0]
[0, 1] {0: 0, 2: 1, 3: 2, 6: 3, 5: 4, 1: 5} [0 0 0 ... 0 0 0]
[0, 1] {0: 0, 2: 1, 3: 2, 6: 3, 5: 4, 1: 5} [0 0 0 ... 0 0 0]
[0, 1] {0: 0, 2: 1, 3: 2, 6: 3, 5: 4, 1: 5} [0 0 0 ... 0 0 0]
[0, 1] {0: 0, 2: 1, 3: 2, 6: 3, 5: 4, 1: 5} [0 0 0 ... 0 0 0]
[0, 1] {0: 0, 2: 1, 3: 2, 6: 3, 5: 4, 1: 5} [0 0 0 ... 0 0 0]
[0, 1] {0: 0, 2: 1, 3: 2, 6: 3, 5: 4, 1: 5} [0 0 0 ... 0 0 0]
[0, 1] {0: 0, 2: 1, 3: 2, 6: 3, 5: 4, 1: 5} [0 0 0 ... 0 0 0]
[0, 1] {0: 0, 2: 1, 3: 2, 6: 3, 5: 4, 1: 5} [0 0 0 ... 0 0 0]
[0, 1] {0: 0, 2: 1, 3: 2, 6: 3, 5: 4, 1: 5} [0 0 0 ... 0 0 0]
[0, 1] {0: 0, 2: 1, 3: 2, 6: 3, 5: 4, 1: 5} [0 0 0 ... 0 0 0]
[0, 1] {0: 0, 2: 1, 3: 2, 6: 3, 5: 4, 1: 5} [0 0 0 ... 0 0 0]
[0, 1] {0: 0, 2: 1, 3: 2, 6: 3, 5: 4, 1: 5} [0 0 0 ... 0 0 0]
[0, 1] {0: 0, 2: 1, 3: 2, 6: 3, 5: 4, 1: 5} [0 0 0 ... 0 0 0]
[0, 1] {0: 0, 2: 1, 3: 2, 6: 3, 5: 4, 1: 5} [0 0 0 ... 0 0 0]
[0, 1] {0: 0, 2: 1, 3: 2, 6: 3, 5: 4, 1: 5} [0 0 0 ... 0 0 0]
[0, 1] {0: 0, 2: 1, 3: 2, 6: 3, 5: 4, 1: 5} [0 0 0 ... 0 0 0]
[0, 1] {0: 0, 2: 1, 3: 2, 6: 3, 5: 4, 1: 5} [0 0 0 ... 0 0 0]
[0, 1] {0: 0, 2: 1, 3: 2, 6: 3, 5: 4, 1: 5} [0 0 0 ... 0 0 0]
[0, 1] {0: 0, 2: 1, 3: 2, 6: 3, 5: 4, 1: 5} [0 0 0 ... 0 0 0]
[0, 1] {0: 0, 2: 1, 3: 2, 6: 3, 5: 4, 1: 5} [0 0 0 ... 0 0 0]
[0, 1] {0: 0, 2: 1, 3: 2, 6: 3, 5: 4, 1: 5} [0 0 0 ... 0 0 0]
[0, 1] {0: 0, 2: 1, 3: 2, 6: 3, 5: 4, 1: 5} [0 0 0 ... 0 0 0]
[0, 2] {0: 0, 2: 1, 3: 2, 6: 3, 5: 4, 1: 5} [0 0 0 ... 0 0 0]
[0, 2] {0: 0, 2: 1, 3: 2, 6: 3, 5: 4, 1: 5} [0 0 0 ... 0 0 0]
[0, 2] {0: 0, 2: 1, 3: 2, 6: 3, 5: 4, 1: 5} [0 0 0 ... 0 0 0]
[0, 2] {0: 0, 2: 1, 3: 2, 6: 3, 5: 4, 1: 5} [0 0 0 ... 0 0 0]
[0, 2] {0: 0, 2: 1, 3: 2, 6: 3, 5: 4, 1: 5} [0 0 0 ... 0 0 0]
[0, 2] {0: 0, 2: 1, 3: 2, 6: 3, 5: 4, 1: 5} [0 0 0 ... 0 0 0]
[0, 2] {0: 0, 2: 1, 3: 2, 6: 3, 5: 4, 1: 5} [0 0 0 ... 0 0 0]
[0, 2] {0: 0, 2: 1, 3: 2, 6: 3, 5: 4, 1: 5} [0 0 0 ... 0 0 0]
[0, 2] {0: 0, 2: 1, 3: 2, 6: 3, 5: 4, 1: 5} [0 0 0 ... 0 0 0]
[0, 2] {0: 0, 2: 1, 3: 2, 6: 3, 5: 4, 1: 5} [0 0 0 ... 0 0 0]
[0, 2] {0: 0, 2: 1, 3: 2, 6: 3, 5: 4, 1: 5} [0 0 0 ... 0 0 0]
[0, 2] {0: 0, 2: 1, 3: 2, 6: 3, 5: 4, 1: 5} [0 0 0 ... 0 0 0]
[0, 2] {0: 0, 2: 1, 3: 2, 6: 3, 5: 4, 1: 5} [0 0 0 ... 0 0 0]
[0, 2] {0: 0, 2: 1, 3: 2, 6: 3, 5: 4, 1: 5} [0 0 0 ... 0 0 0]
[0, 2] {0: 0, 2: 1, 3: 2, 6: 3, 5: 4, 1: 5} [0 0 0 ... 0 0 0]
[0, 2] {0: 0, 2: 1, 3: 2, 6: 3, 5: 4, 1: 5} [0 0 0 ... 0 0 0]
[0, 2] {0: 0, 2: 1, 3: 2, 6: 3, 5: 4, 1: 5} [0 0 0 ... 0 0 0]
[0, 2] {0: 0, 2: 1, 3: 2, 6: 3, 5: 4, 1: 5} [0 0 0 ... 0 0 0]
[0, 2] {0: 0, 2: 1, 3: 2, 6: 3, 5: 4, 1: 5} [0 0 0 ... 0 0 0]
[0, 2] {0: 0, 2: 1, 3: 2, 6: 3, 5: 4, 1: 5} [0 0 0 ... 0 0 0]
[0, 2] {0: 0, 2: 1, 3: 2, 6: 3, 5: 4, 1: 5} [0 0 0 ... 0 0 0]
[0, 2] {0: 0, 2: 1, 3: 2, 6: 3, 5: 4, 1: 5} [0 0 0 ... 0 0 0]
[0, 2] {0: 0, 2: 1, 3: 2, 6: 3, 5: 4, 1: 5} [0 0 0 ... 0 0 0]
[0, 2] {0: 0, 2: 1, 3: 2, 6: 3, 5: 4, 1: 5} [0 0 0 ... 0 0 0]
[0, 2] {0: 0, 2: 1, 3: 2, 6: 3, 5: 4, 1: 5} [0 0 0 ... 0 0 0]
[0, 2] {0: 0, 2: 1, 3: 2, 6: 3, 5: 4, 1: 5} [0 0 0 ... 0 0 0]
[0, 2] {0: 0, 2: 1, 3: 2, 6: 3, 5: 4, 1: 5} [0 0 0 ... 0 0 0]
[0, 2] {0: 0, 2: 1, 3: 2, 6: 3, 5: 4, 1: 5} [0 0 0 ... 0 0 0]
[0, 2] {0: 0, 2: 1, 3: 2, 6: 3, 5: 4, 1: 5} [0 0 0 ... 0 0 0]
[0, 2] {0: 0, 2: 1, 3: 2, 6: 3, 5: 4, 1: 5} [0 0 0 ... 0 0 0]
[0, 2] {0: 0, 2: 1, 3: 2, 6: 3, 5: 4, 1: 5} [0 0 0 ... 0 0 0]
[0, 2] {0: 0, 2: 1, 3: 2, 6: 3, 5: 4, 1: 5} [0 0 0 ... 0 0 0]
[0, 2] {0: 0, 2: 1, 3: 2, 6: 3, 5: 4, 1: 5} [0 0 0 ... 0 0 0]
[0, 2] {0: 0, 2: 1, 3: 2, 6: 3, 5: 4, 1: 5} [0 0 0 ... 0 0 0]
[0, 2] {0: 0, 2: 1, 3: 2, 6: 3, 5: 4, 1: 5} [0 0 0 ... 0 0 0]
[0, 2] {0: 0, 2: 1, 3: 2, 6: 3, 5: 4, 1: 5} [0 0 0 ... 0 0 0]
[0, 2] {0: 0, 2: 1, 3: 2, 6: 3, 5: 4, 1: 5} [0 0 0 ... 0 0 0]
[0, 2] {0: 0, 2: 1, 3: 2, 6: 3, 5: 4, 1: 5} [0 0 0 ... 0 0 0]
[0, 2] {0: 0, 2: 1, 3: 2, 6: 3, 5: 4, 1: 5} [0 0 0 ... 0 0 0]
[0, 2] {0: 0, 2: 1, 3: 2, 6: 3, 5: 4, 1: 5} [0 0 0 ... 0 0 0]
[0, 2] {0: 0, 2: 1, 3: 2, 6: 3, 5: 4, 1: 5} [0 0 0 ... 0 0 0]
[0, 2] {0: 0, 2: 1, 3: 2, 6: 3, 5: 4, 1: 5} [0 0 0 ... 0 0 0]
[0, 2] {0: 0, 2: 1, 3: 2, 6: 3, 5: 4, 1: 5} [0 0 0 ... 0 0 0]
[0, 2] {0: 0, 2: 1, 3: 2, 6: 3, 5: 4, 1: 5} [0 0 0 ... 0 0 0]
[0, 2] {0: 0, 2: 1, 3: 2, 6: 3, 5: 4, 1: 5} [0 0 0 ... 0 0 0]
[0, 2] {0: 0, 2: 1, 3: 2, 6: 3, 5: 4, 1: 5} [0 0 0 ... 0 0 0]
[0, 2] {0: 0, 2: 1, 3: 2, 6: 3, 5: 4, 1: 5} [0 0 0 ... 0 0 0]
[0, 2] {0: 0, 2: 1, 3: 2, 6: 3, 5: 4, 1: 5} [0 0 0 ... 0 0 0]
[0, 2] {0: 0, 2: 1, 3: 2, 6: 3, 5: 4, 1: 5} [0 0 0 ... 0 0 0]
[0, 2] {0: 0, 2: 1, 3: 2, 6: 3, 5: 4, 1: 5} [0 0 0 ... 0 0 0]
[0, 2] {0: 0, 2: 1, 3: 2, 6: 3, 5: 4, 1: 5} [0 0 0 ... 0 0 0]
[0, 2] {0: 0, 2: 1, 3: 2, 6: 3, 5: 4, 1: 5} [0 0 0 ... 0 0 0]
[0, 2] {0: 0, 2: 1, 3: 2, 6: 3, 5: 4, 1: 5} [0 0 0 ... 0 0 0]
[0, 2] {0: 0, 2: 1, 3: 2, 6: 3, 5: 4, 1: 5} [0 0 0 ... 0 0 0]
[0, 2] {0: 0, 2: 1, 3: 2, 6: 3, 5: 4, 1: 5} [0 0 0 ... 0 0 0]
[0, 2] {0: 0, 2: 1, 3: 2, 6: 3, 5: 4, 1: 5} [0 0 0 ... 0 0 0]
[0, 2] {0: 0, 2: 1, 3: 2, 6: 3, 5: 4, 1: 5} [0 0 0 ... 0 0 0]
[0, 2] {0: 0, 2: 1, 3: 2, 6: 3, 5: 4, 1: 5} [0 0 0 ... 0 0 0]
[0, 2] {0: 0, 2: 1, 3: 2, 6: 3, 5: 4, 1: 5} [0 0 0 ... 0 0 0]
[0, 2] {0: 0, 2: 1, 3: 2, 6: 3, 5: 4, 1: 5} [0 0 0 ... 0 0 0]
[0, 2] {0: 0, 2: 1, 3: 2, 6: 3, 5: 4, 1: 5} [0 0 0 ... 0 0 0]
[0, 2] {0: 0, 2: 1, 3: 2, 6: 3, 5: 4, 1: 5} [0 0 0 ... 0 0 0]
[0, 2] {0: 0, 2: 1, 3: 2, 6: 3, 5: 4, 1: 5} [0 0 0 ... 0 0 0]
[0, 2] {0: 0, 2: 1, 3: 2, 6: 3, 5: 4, 1: 5} [0 0 0 ... 0 0 0]
[0, 2] {0: 0, 2: 1, 3: 2, 6: 3, 5: 4, 1: 5} [0 0 0 ... 0 0 0]
[0, 2] {0: 0, 2: 1, 3: 2, 6: 3, 5: 4, 1: 5} [0 0 0 ... 0 0 0]
[0, 2] {0: 0, 2: 1, 3: 2, 6: 3, 5: 4, 1: 5} [0 0 0 ... 0 0 0]
[0, 2] {0: 0, 2: 1, 3: 2, 6: 3, 5: 4, 1: 5} [0 0 0 ... 0 0 0]
[0, 2] {0: 0, 2: 1, 3: 2, 6: 3, 5: 4, 1: 5} [0 0 0 ... 0 0 0]
[0, 2] {0: 0, 2: 1, 3: 2, 6: 3, 5: 4, 1: 5} [0 0 0 ... 0 0 0]
[0, 2] {0: 0, 2: 1, 3: 2, 6: 3, 5: 4, 1: 5} [0 0 0 ... 0 0 0]
[0, 2] {0: 0, 2: 1, 3: 2, 6: 3, 5: 4, 1: 5} [0 0 0 ... 0 0 0]
[0, 2] {0: 0, 2: 1, 3: 2, 6: 3, 5: 4, 1: 5} [0 0 0 ... 0 0 0]
[0, 2] {0: 0, 2: 1, 3: 2, 6: 3, 5: 4, 1: 5} [0 0 0 ... 0 0 0]
[0, 2] {0: 0, 2: 1, 3: 2, 6: 3, 5: 4, 1: 5} [0 0 0 ... 0 0 0]
[0, 2] {0: 0, 2: 1, 3: 2, 6: 3, 5: 4, 1: 5} [0 0 0 ... 0 0 0]
[0, 2] {0: 0, 2: 1, 3: 2, 6: 3, 5: 4, 1: 5} [0 0 0 ... 0 0 0]
[0, 2] {0: 0, 2: 1, 3: 2, 6: 3, 5: 4, 1: 5} [0 0 0 ... 0 0 0]
[0, 2] {0: 0, 2: 1, 3: 2, 6: 3, 5: 4, 1: 5} [0 0 0 ... 0 0 0]
[0, 2] {0: 0, 2: 1, 3: 2, 6: 3, 5: 4, 1: 5} [0 0 0 ... 0 0 0]
[0, 2] {0: 0, 2: 1, 3: 2, 6: 3, 5: 4, 1: 5} [0 0 0 ... 0 0 0]
[0, 2] {0: 0, 2: 1, 3: 2, 6: 3, 5: 4, 1: 5} [0 0 0 ... 0 0 0]
[0, 2] {0: 0, 2: 1, 3: 2, 6: 3, 5: 4, 1: 5} [0 0 0 ... 0 0 0]
[0, 2] {0: 0, 2: 1, 3: 2, 6: 3, 5: 4, 1: 5} [0 0 0 ... 0 0 0]
[0, 2] {0: 0, 2: 1, 3: 2, 6: 3, 5: 4, 1: 5} [0 0 0 ... 0 0 0]
[0, 2] {0: 0, 2: 1, 3: 2, 6: 3, 5: 4, 1: 5} [0 0 0 ... 0 0 0]
[0, 2] {0: 0, 2: 1, 3: 2, 6: 3, 5: 4, 1: 5} [0 0 0 ... 0 0 0]
[0, 2] {0: 0, 2: 1, 3: 2, 6: 3, 5: 4, 1: 5} [0 0 0 ... 0 0 0]
[0, 2] {0: 0, 2: 1, 3: 2, 6: 3, 5: 4, 1: 5} [0 0 0 ... 0 0 0]
[0, 2] {0: 0, 2: 1, 3: 2, 6: 3, 5: 4, 1: 5} [0 0 0 ... 0 0 0]
[0, 2] {0: 0, 2: 1, 3: 2, 6: 3, 5: 4, 1: 5} [0 0 0 ... 0 0 0]
[0, 2] {0: 0, 2: 1, 3: 2, 6: 3, 5: 4, 1: 5} [0 0 0 ... 0 0 0]
[0, 2] {0: 0, 2: 1, 3: 2, 6: 3, 5: 4, 1: 5} [0 0 0 ... 0 0 0]
[0, 2] {0: 0, 2: 1, 3: 2, 6: 3, 5: 4, 1: 5} [0 0 0 ... 0 0 0]
[0, 2] {0: 0, 2: 1, 3: 2, 6: 3, 5: 4, 1: 5} [0 0 0 ... 0 0 0]
[0, 2] {0: 0, 2: 1, 3: 2, 6: 3, 5: 4, 1: 5} [0 0 0 ... 0 0 0]
[0, 3] {0: 0, 2: 1, 3: 2, 6: 3, 5: 4, 1: 5} [0 0 0 ... 0 0 0]
[0, 3] {0: 0, 2: 1, 3: 2, 6: 3, 5: 4, 1: 5} [0 0 0 ... 0 0 0]
[0, 3] {0: 0, 2: 1, 3: 2, 6: 3, 5: 4, 1: 5} [0 0 0 ... 0 0 0]
[0, 3] {0: 0, 2: 1, 3: 2, 6: 3, 5: 4, 1: 5} [0 0 0 ... 0 0 0]
[0, 3] [0, 1] {0: 0, 2: 1, 3: 2, 6: 3, 5: 4, 1: 5} [0 0 0 ... 0 0 0]
[0, 1] {0: 0, 2: 1, 3: 2, 6: 3, 5: 4, 1: 5} [0 0 0 ... 0 0 0]
[0, 1] {0: 0, 2: 1, 3: 2, 6: 3, 5: 4, 1: 5} [0 0 0 ... 0 0 0]
[0, 1] {0: 0, 2: 1, 3: 2, 6: 3, 5: 4, 1: 5} [0 0 0 ... 0 0 0]
[0, 1] {0: 0, 2: 1, 3: 2, 6: 3, 5: 4, 1: 5} [0 0 0 ... 0 0 0]
[0, 1] {0: 0, 2: 1, 3: 2, 6: 3, 5: 4, 1: 5} [0 0 0 ... 0 0 0]
[0, 1] {0: 0, 2: 1, 3: 2, 6: 3, 5: 4, 1: 5} [0 0 0 ... 0 0 0]
[0, 1] {0: 0, 2: 1, 3: 2, 6: 3, 5: 4, 1: 5} [0 0 0 ... 0 0 0]
[0, 1] {0: 0, 2: 1, 3: 2, 6: 3, 5: 4, 1: 5} [0 0 0 ... 0 0 0]
[0, 1] {0: 0, 2: 1, 3: 2, 6: 3, 5: 4, 1: 5} [0 0 0 ... 0 0 0]
[0, 1] {0: 0, 2: 1, 3: 2, 6: 3, 5: 4, 1: 5} [0 0 0 ... 0 0 0]
[0, 1] {0: 0, 2: 1, 3: 2, 6: 3, 5: 4, 1: 5} [0 0 0 ... 0 0 0]
[0, 1] {0: 0, 2: 1, 3: 2, 6: 3, 5: 4, 1: 5} [0 0 0 ... 0 0 0]
[0, 1] {0: 0, 2: 1, 3: 2, 6: 3, 5: 4, 1: 5} [0 0 0 ... 0 0 0]
[0, 1] {0: 0, 2: 1, 3: 2, 6: 3, 5: 4, 1: 5} [0 0 0 ... 0 0 0]
[0, 1] {0: 0, 2: 1, 3: 2, 6: 3, 5: 4, 1: 5} [0 0 0 ... 0 0 0]
[0, 1] {0: 0, 2: 1, 3: 2, 6: 3, 5: 4, 1: 5} [0 0 0 ... 0 0 0]
[0, 1] {0: 0, 2: 1, 3: 2, 6: 3, 5: 4, 1: 5} [0 0 0 ... 0 0 0]
[0, 1] {0: 0, 2: 1, 3: 2, 6: 3, 5: 4, 1: 5} [0 0 0 ... 0 0 0]
[0, 1] {0: 0, 2: 1, 3: 2, 6: 3, 5: 4, 1: 5} [0 0 0 ... 0 0 0]
[0, 1] {0: 0, 2: 1, 3: 2, 6: 3, 5: 4, 1: 5} [0 0 0 ... 0 0 0]
[0, 1] {0: 0, 2: 1, 3: 2, 6: 3, 5: 4, 1: 5} [0 0 0 ... 0 0 0]
[0, 1] {0: 0, 2: 1, 3: 2, 6: 3, 5: 4, 1: 5} [0 0 0 ... 0 0 0]
[0, 1] {0: 0, 2: 1, 3: 2, 6: 3, 5: 4, 1: 5} [0 0 0 ... 0 0 0]
[0, 1] {0: 0, 2: 1, 3: 2, 6: 3, 5: 4, 1: 5} [0 0 0 ... 0 0 0]
[0, 2] {0: 0, 2: 1, 3: 2, 6: 3, 5: 4, 1: 5} [0 0 0 ... 0 0 0]
[0, 2] {0: 0, 2: 1, 3: 2, 6: 3, 5: 4, 1: 5} [0 0 0 ... 0 0 0]
[0, 2] {0: 0, 2: 1, 3: 2, 6: 3, 5: 4, 1: 5} [0 0 0 ... 0 0 0]
[0, 2] {0: 0, 2: 1, 3: 2, 6: 3, 5: 4, 1: 5} [0 0 0 ... 0 0 0]
[0, 2] {0: 0, 2: 1, 3: 2, 6: 3, 5: 4, 1: 5} [0 0 0 ... 0 0 0]
[0, 2] {0: 0, 2: 1, 3: 2, 6: 3, 5: 4, 1: 5} [0 0 0 ... 0 0 0]
[0, 2] {0: 0, 2: 1, 3: 2, 6: 3, 5: 4, 1: 5} [0 0 0 ... 0 0 0]
[0, 2] {0: 0, 2: 1, 3: 2, 6: 3, 5: 4, 1: 5} [0 0 0 ... 0 0 0]
[0, 2] {0: 0, 2: 1, 3: 2, 6: 3, 5: 4, 1: 5} [0 0 0 ... 0 0 0]
[0, 2] {0: 0, 2: 1, 3: 2, 6: 3, 5: 4, 1: 5} [0 0 0 ... 0 0 0]
[0, 2] {0: 0, 2: 1, 3: 2, 6: 3, 5: 4, 1: 5} [0 0 0 ... 0 0 0]
[0, 2] {0: 0, 2: 1, 3: 2, 6: 3, 5: 4, 1: 5} [0 0 0 ... 0 0 0]
[0, 2] {0: 0, 2: 1, 3: 2, 6: 3, 5: 4, 1: 5} [0 0 0 ... 0 0 0]
[0, 2] {0: 0, 2: 1, 3: 2, 6: 3, 5: 4, 1: 5} [0 0 0 ... 0 0 0]
[0, 2] {0: 0, 2: 1, 3: 2, 6: 3, 5: 4, 1: 5} [0 0 0 ... 0 0 0]
[0, 2] {0: 0, 2: 1, 3: 2, 6: 3, 5: 4, 1: 5} [0 0 0 ... 0 0 0]
[0, 2] {0: 0, 2: 1, 3: 2, 6: 3, 5: 4, 1: 5} [0 0 0 ... 0 0 0]
[0, 2] {0: 0, 2: 1, 3: 2, 6: 3, 5: 4, 1: 5} [0 0 0 ... 0 0 0]
[0, 2] {0: 0, 2: 1, 3: 2, 6: 3, 5: 4, 1: 5} [0 0 0 ... 0 0 0]
[0, 2] {0: 0, 2: 1, 3: 2, 6: 3, 5: 4, 1: 5} [0 0 0 ... 0 0 0]
[0, 2] {0: 0, 2: 1, 3: 2, 6: 3, 5: 4, 1: 5} [0 0 0 ... 0 0 0]
[0, 2] {0: 0, 2: 1, 3: 2, 6: 3, 5: 4, 1: 5} [0 0 0 ... 0 0 0]
[0, 2] {0: 0, 2: 1, 3: 2, 6: 3, 5: 4, 1: 5} [0 0 0 ... 0 0 0]
[0, 2] {0: 0, 2: 1, 3: 2, 6: 3, 5: 4, 1: 5} [0 0 0 ... 0 0 0]
[0, 2] {0: 0, 2: 1, 3: 2, 6: 3, 5: 4, 1: 5} [0 0 0 ... 0 0 0]
[0, 2] {0: 0, 2: 1, 3: 2, 6: 3, 5: 4, 1: 5} [0 0 0 ... 0 0 0]
[0, 2] {0: 0, 2: 1, 3: 2, 6: 3, 5: 4, 1: 5} [0 0 0 ... 0 0 0]
[0, 2] {0: 0, 2: 1, 3: 2, 6: 3, 5: 4, 1: 5} [0 0 0 ... 0 0 0]
[0, 2] {0: 0, 2: 1, 3: 2, 6: 3, 5: 4, 1: 5} [0 0 0 ... 0 0 0]
[0, 2] {0: 0, 2: 1, 3: 2, 6: 3, 5: 4, 1: 5} [0 0 0 ... 0 0 0]
[0, 2] {0: 0, 2: 1, 3: 2, 6: 3, 5: 4, 1: 5} [0 0 0 ... 0 0 0]
[0, 2] {0: 0, 2: 1, 3: 2, 6: 3, 5: 4, 1: 5} [0 0 0 ... 0 0 0]
[0, 2] {0: 0, 2: 1, 3: 2, 6: 3, 5: 4, 1: 5} [0 0 0 ... 0 0 0]
[0, 2] {0: 0, 2: 1, 3: 2, 6: 3, 5: 4, 1: 5} [0 0 0 ... 0 0 0]
[0, 2] {0: 0, 2: 1, 3: 2, 6: 3, 5: 4, 1: 5} [0 0 0 ... 0 0 0]
[0, 2] {0: 0, 2: 1, 3: 2, 6: 3, 5: 4, 1: 5} [0 0 0 ... 0 0 0]
[0, 2] {0: 0, 2: 1, 3: 2, 6: 3, 5: 4, 1: 5} [0 0 0 ... 0 0 0]
[0, 2] {0: 0, 2: 1, 3: 2, 6: 3, 5: 4, 1: 5} [0 0 0 ... 0 0 0]
[0, 2] {0: 0, 2: 1, 3: 2, 6: 3, 5: 4, 1: 5} [0 0 0 ... 0 0 0]
[0, 2] {0: 0, 2: 1, 3: 2, 6: 3, 5: 4, 1: 5} [0 0 0 ... 0 0 0]
[0, 2] {0: 0, 2: 1, 3: 2, 6: 3, 5: 4, 1: 5} [0 0 0 ... 0 0 0]
[0, 2] {0: 0, 2: 1, 3: 2, 6: 3, 5: 4, 1: 5} [0 0 0 ... 0 0 0]
[0, 2] {0: 0, 2: 1, 3: 2, 6: 3, 5: 4, 1: 5} [0 0 0 ... 0 0 0]
[0, 2] {0: 0, 2: 1, 3: 2, 6: 3, 5: 4, 1: 5} [0 0 0 ... 0 0 0]
[0, 2] {0: 0, 2: 1, 3: 2, 6: 3, 5: 4, 1: 5} [0 0 0 ... 0 0 0]
[0, 2] {0: 0, 2: 1, 3: 2, 6: 3, 5: 4, 1: 5} [0 0 0 ... 0 0 0]
[0, 2] {0: 0, 2: 1, 3: 2, 6: 3, 5: 4, 1: 5} [0 0 0 ... 0 0 0]
[0, 2] {0: 0, 2: 1, 3: 2, 6: 3, 5: 4, 1: 5} [0 0 0 ... 0 0 0]
[0, 2] {0: 0, 2: 1, 3: 2, 6: 3, 5: 4, 1: 5} [0 0 0 ... 0 0 0]
[0, 2] {0: 0, 2: 1, 3: 2, 6: 3, 5: 4, 1: 5} [0 0 0 ... 0 0 0]
[0, 2] {0: 0, 2: 1, 3: 2, 6: 3, 5: 4, 1: 5} [0 0 0 ... 0 0 0]
[0, 2] {0: 0, 2: 1, 3: 2, 6: 3, 5: 4, 1: 5} [0 0 0 ... 0 0 0]
[0, 2] {0: 0, 2: 1, 3: 2, 6: 3, 5: 4, 1: 5} [0 0 0 ... 0 0 0]
[0, 2] {0: 0, 2: 1, 3: 2, 6: 3, 5: 4, 1: 5} [0 0 0 ... 0 0 0]
[0, 2] {0: 0, 2: 1, 3: 2, 6: 3, 5: 4, 1: 5} [0 0 0 ... 0 0 0]
[0, 2] {0: 0, 2: 1, 3: 2, 6: 3, 5: 4, 1: 5} [0 0 0 ... 0 0 0]
[0, 2] {0: 0, 2: 1, 3: 2, 6: 3, 5: 4, 1: 5} [0 0 0 ... 0 0 0]
[0, 2] {0: 0, 2: 1, 3: 2, 6: 3, 5: 4, 1: 5} [0 0 0 ... 0 0 0]
[0, 2] {0: 0, 2: 1, 3: 2, 6: 3, 5: 4, 1: 5} [0 0 0 ... 0 0 0]
[0, 2] {0: 0, 2: 1, 3: 2, 6: 3, 5: 4, 1: 5} [0 0 0 ... 0 0 0]
[0, 2] {0: 0, 2: 1, 3: 2, 6: 3, 5: 4, 1: 5} [0 0 0 ... 0 0 0]
[0, 2] {0: 0, 2: 1, 3: 2, 6: 3, 5: 4, 1: 5} [0 0 0 ... 0 0 0]
[0, 2] {0: 0, 2: 1, 3: 2, 6: 3, 5: 4, 1: 5} [0 0 0 ... 0 0 0]
[0, 2] {0: 0, 2: 1, 3: 2, 6: 3, 5: 4, 1: 5} [0 0 0 ... 0 0 0]
[0, 2] {0: 0, 2: 1, 3: 2, 6: 3, 5: 4, 1: 5} [0 0 0 ... 0 0 0]
[0, 2] {0: 0, 2: 1, 3: 2, 6: 3, 5: 4, 1: 5} [0 0 0 ... 0 0 0]
[0, 2] {0: 0, 2: 1, 3: 2, 6: 3, 5: 4, 1: 5} [0 0 0 ... 0 0 0]
[0, 2] {0: 0, 2: 1, 3: 2, 6: 3, 5: 4, 1: 5} [0 0 0 ... 0 0 0]
[0, 2] {0: 0, 2: 1, 3: 2, 6: 3, 5: 4, 1: 5} [0 0 0 ... 0 0 0]
[0, 2] {0: 0, 2: 1, 3: 2, 6: 3, 5: 4, 1: 5} [0 0 0 ... 0 0 0]
[0, 2] {0: 0, 2: 1, 3: 2, 6: 3, 5: 4, 1: 5} [0 0 0 ... 0 0 0]
[0, 2] {0: 0, 2: 1, 3: 2, 6: 3, 5: 4, 1: 5} [0 0 0 ... 0 0 0]
[0, 2] {0: 0, 2: 1, 3: 2, 6: 3, 5: 4, 1: 5} [0 0 0 ... 0 0 0]
[0, 2] {0: 0, 2: 1, 3: 2, 6: 3, 5: 4, 1: 5} [0 0 0 ... 0 0 0]
[0, 2] {0: 0, 2: 1, 3: 2, 6: 3, 5: 4, 1: 5} [0 0 0 ... 0 0 0]
[0, 2] {0: 0, 2: 1, 3: 2, 6: 3, 5: 4, 1: 5} [0 0 0 ... 0 0 0]
[0, 2] {0: 0, 2: 1, 3: 2, 6: 3, 5: 4, 1: 5} [0 0 0 ... 0 0 0]
[0, 2] {0: 0, 2: 1, 3: 2, 6: 3, 5: 4, 1: 5} [0 0 0 ... 0 0 0]
[0, 2] {0: 0, 2: 1, 3: 2, 6: 3, 5: 4, 1: 5} [0 0 0 ... 0 0 0]
[0, 2] {0: 0, 2: 1, 3: 2, 6: 3, 5: 4, 1: 5} [0 0 0 ... 0 0 0]
[0, 2] {0: 0, 2: 1, 3: 2, 6: 3, 5: 4, 1: 5} [0 0 0 ... 0 0 0]
[0, 2] {0: 0, 2: 1, 3: 2, 6: 3, 5: 4, 1: 5} [0 0 0 ... 0 0 0]
[0, 2] {0: 0, 2: 1, 3: 2, 6: 3, 5: 4, 1: 5} [0 0 0 ... 0 0 0]
[0, 2] {0: 0, 2: 1, 3: 2, 6: 3, 5: 4, 1: 5} [0 0 0 ... 0 0 0]
[0, 2] {0: 0, 2: 1, 3: 2, 6: 3, 5: 4, 1: 5} [0 0 0 ... 0 0 0]
[0, 2] {0: 0, 2: 1, 3: 2, 6: 3, 5: 4, 1: 5} [0 0 0 ... 0 0 0]
[0, 2] {0: 0, 2: 1, 3: 2, 6: 3, 5: 4, 1: 5} [0 0 0 ... 0 0 0]
[0, 2] {0: 0, 2: 1, 3: 2, 6: 3, 5: 4, 1: 5} [0 0 0 ... 0 0 0]
[0, 3] {0: 0, 2: 1, 3: 2, 6: 3, 5: 4, 1: 5} [0 0 0 ... 0 0 0]
[0, 3] {0: 0, 2: 1, 3: 2, 6: 3, 5: 4, 1: 5} [0 0 0 ... 0 0 0]
[0, 3] {0: 0, 2: 1, 3: 2, 6: 3, 5: 4, 1: 5} [0 0 0 ... 0 0 0]
[0, 3] {0: 0, 2: 1, 3: 2, 6: 3, 5: 4, 1: 5} [0 0 0 ... 0 0 0]
[0, 3] {0: 0, 2: 1, 3: 2, 6: 3, 5: 4, 1: 5} [0 0 0 ... 0 0 0]
[0, 3] {0: 0, 2: 1, 3: 2, 6: 3, 5: 4, 1: 5} [0 0 0 ... 0 0 0]
[0, 3] {0: 0, 2: 1, 3: 2, 6: 3, 5: 4, 1: 5} [0 0 0 ... 0 0 0]
[0, 3] {0: 0, 2: 1, 3: 2, 6: 3, 5: 4, 1: 5} [0 0 0 ... 0 0 0]
[0, 3] {0: 0, 2: 1, 3: 2, 6: 3, 5: 4, 1: 5} [0 0 0 ... 0 0 0]
[0, 3] {0: 0, 2: 1, 3: 2, 6: 3, 5: 4, 1: 5} [0 0 0 ... 0 0 0]
[0, 3] {0: 0, 2: 1, 3: 2, 6: 3, 5: 4, 1: 5} [0 0 0 ... 0 0 0]
[0, 3] {0: 0, 2: 1, 3: 2, 6: 3, 5: 4, 1: 5} [0 0 0 ... 0 0 0]
[0, 3] {0: 0, 2: 1, 3: 2, 6: 3, 5: 4, 1: 5} [0 0 0 ... 0 0 0]
[0, 3] {0: 0, 2: 1, 3: 2, 6: 3, 5: 4, 1: 5} [0 0 0 ... 0 0 0]
[0, 3] {0: 0, 2: 1, 3: 2, 6: 3, 5: 4, 1: 5} [0 0 0 ... 0 0 0]
[0, 3] {0: 0, 2: 1, 3: 2, 6: 3, 5: 4, 1: 5} [0 0 0 ... 0 0 0]
[0, 3] {0: 0, 2: 1, 3: 2, 6: 3, 5: 4, 1: 5} [0 0 0 ... 0 0 0]
[0, 3] {0: 0, 2: 1, 3: 2, 6: 3, 5: 4, 1: 5} [0 0 0 ... 0 0 0]
[0, 4] {0: 0, 2: 1, 3: 2, 6: 3, 5: 4, 1: 5} [0 0 0 ... 0 0 0]
  0%|          | 0/51 [00:00<?, ?it/s]  2%|▏         | 1/51 [00:22<18:25, 22.11s/it] 10%|▉         | 5/51 [00:33<04:20,  5.66s/it] 10%|▉         | 5/51 [00:50<04:20,  5.66s/it] 18%|█▊        | 9/51 [00:53<03:41,  5.29s/it] 25%|██▌       | 13/51 [00:58<02:14,  3.53s/it] 25%|██▌       | 13/51 [01:10<02:14,  3.53s/it] 31%|███▏      | 16/51 [01:16<02:30,  4.30s/it] 39%|███▉      | 20/51 [01:23<01:44,  3.38s/it] 47%|████▋     | 24/51 [01:29<01:12,  2.68s/it] 47%|████▋     | 24/51 [01:40<01:12,  2.68s/it] 55%|█████▍    | 28/51 [01:47<01:15,  3.30s/it] 61%|██████    | 31/51 [01:53<00:58,  2.94s/it] 69%|██████▊   | 35/51 [02:02<00:44,  2.76s/it] 69%|██████▊   | 35/51 [02:02<00:56,  3.51s/it]
Traceback (most recent call last):
  File "/home/Student/s4715365/testfolder/comp7840/deep_learning/segmentation/seg.py", line 433, in <module>
    train_model(model, device, 
    ^^^^^^^^^^^^^^^^^^^^^^^^^^
  File "/home/Student/s4715365/testfolder/comp7840/deep_learning/segmentation/seg.py", line 211, in train_model
    for i, data in enumerate(tqdm(dataloader, mininterval=5)):
  File "/home/Student/s4715365/anaconda3/envs/venv/lib/python3.11/site-packages/tqdm/std.py", line 1181, in __iter__
    for obj in iterable:
  File "/home/Student/s4715365/anaconda3/envs/venv/lib/python3.11/site-packages/torch/utils/data/dataloader.py", line 631, in __next__
    data = self._next_data()
           ^^^^^^^^^^^^^^^^^
  File "/home/Student/s4715365/anaconda3/envs/venv/lib/python3.11/site-packages/torch/utils/data/dataloader.py", line 1326, in _next_data
    return self._process_data(data)
           ^^^^^^^^^^^^^^^^^^^^^^^^
  File "/home/Student/s4715365/anaconda3/envs/venv/lib/python3.11/site-packages/torch/utils/data/dataloader.py", line 1372, in _process_data
    data.reraise()
  File "/home/Student/s4715365/anaconda3/envs/venv/lib/python3.11/site-packages/torch/_utils.py", line 722, in reraise
    raise exception
ValueError: Caught ValueError in DataLoader worker process 3.
Original Traceback (most recent call last):
  File "/home/Student/s4715365/anaconda3/envs/venv/lib/python3.11/site-packages/torch/utils/data/_utils/worker.py", line 308, in _worker_loop
    data = fetcher.fetch(index)
           ^^^^^^^^^^^^^^^^^^^^
  File "/home/Student/s4715365/anaconda3/envs/venv/lib/python3.11/site-packages/torch/utils/data/_utils/fetch.py", line 51, in fetch
    data = [self.dataset[idx] for idx in possibly_batched_index]
           ^^^^^^^^^^^^^^^^^^^^^^^^^^^^^^^^^^^^^^^^^^^^^^^^^^^^^
  File "/home/Student/s4715365/anaconda3/envs/venv/lib/python3.11/site-packages/torch/utils/data/_utils/fetch.py", line 51, in <listcomp>
    data = [self.dataset[idx] for idx in possibly_batched_index]
            ~~~~~~~~~~~~^^^^^
  File "/home/Student/s4715365/testfolder/comp7840/deep_learning/segmentation/seg.py", line 93, in __getitem__
    mask_np_array, _ = image_color_mapping(np.array(mask), self.color_map)
                       ^^^^^^^^^^^^^^^^^^^^^^^^^^^^^^^^^^^^^^^^^^^^^^^^^^^
  File "/home/Student/s4715365/testfolder/comp7840/deep_learning/segmentation/../../other/image_handle.py", line 120, in image_color_mapping
    raise ValueError("image_color_mapping中不应该生成新的颜色")
ValueError: image_color_mapping中不应该生成新的颜色

[0, 4] srun: error: c4130-2: task 0: Exited with exit code 1
任务失败或异常结束
